[2024-10-10T16:20:33.544+0000] {processor.py:186} INFO - Started process (PID=79) to work on /home/airflow/.local/lib/python3.12/site-packages/airflow/example_dags/example_skip_dag.py
[2024-10-10T16:20:33.545+0000] {processor.py:914} INFO - Processing file /home/airflow/.local/lib/python3.12/site-packages/airflow/example_dags/example_skip_dag.py for tasks to queue
[2024-10-10T16:20:33.546+0000] {logging_mixin.py:190} INFO - [2024-10-10T16:20:33.546+0000] {dagbag.py:588} INFO - Filling up the DagBag from /home/airflow/.local/lib/python3.12/site-packages/airflow/example_dags/example_skip_dag.py
[2024-10-10T16:20:33.555+0000] {processor.py:925} INFO - DAG(s) 'example_skip_dag' retrieved from /home/airflow/.local/lib/python3.12/site-packages/airflow/example_dags/example_skip_dag.py
[2024-10-10T16:20:33.608+0000] {logging_mixin.py:190} INFO - [2024-10-10T16:20:33.608+0000] {override.py:1900} INFO - Created Permission View: can edit on DAG:example_skip_dag
[2024-10-10T16:20:33.619+0000] {logging_mixin.py:190} INFO - [2024-10-10T16:20:33.619+0000] {override.py:1900} INFO - Created Permission View: can read on DAG:example_skip_dag
[2024-10-10T16:20:33.626+0000] {logging_mixin.py:190} INFO - [2024-10-10T16:20:33.626+0000] {override.py:1900} INFO - Created Permission View: can delete on DAG:example_skip_dag
[2024-10-10T16:20:33.631+0000] {logging_mixin.py:190} INFO - [2024-10-10T16:20:33.631+0000] {override.py:1900} INFO - Created Permission View: menu access on DAG Run:example_skip_dag
[2024-10-10T16:20:33.634+0000] {logging_mixin.py:190} INFO - [2024-10-10T16:20:33.634+0000] {override.py:1900} INFO - Created Permission View: can create on DAG Run:example_skip_dag
[2024-10-10T16:20:33.637+0000] {logging_mixin.py:190} INFO - [2024-10-10T16:20:33.637+0000] {override.py:1900} INFO - Created Permission View: can read on DAG Run:example_skip_dag
[2024-10-10T16:20:33.639+0000] {logging_mixin.py:190} INFO - [2024-10-10T16:20:33.639+0000] {override.py:1900} INFO - Created Permission View: can delete on DAG Run:example_skip_dag
[2024-10-10T16:20:33.640+0000] {logging_mixin.py:190} INFO - [2024-10-10T16:20:33.640+0000] {dag.py:3239} INFO - Sync 1 DAGs
[2024-10-10T16:20:33.647+0000] {logging_mixin.py:190} INFO - [2024-10-10T16:20:33.647+0000] {dag.py:3262} INFO - Creating ORM DAG for example_skip_dag
[2024-10-10T16:20:33.654+0000] {logging_mixin.py:190} INFO - [2024-10-10T16:20:33.653+0000] {dag.py:4180} INFO - Setting next_dagrun for example_skip_dag to 2024-10-09 00:00:00+00:00, run_after=2024-10-10 00:00:00+00:00
[2024-10-10T16:20:33.663+0000] {processor.py:208} INFO - Processing /home/airflow/.local/lib/python3.12/site-packages/airflow/example_dags/example_skip_dag.py took 0.122 seconds
[2024-10-10T16:21:03.818+0000] {processor.py:186} INFO - Started process (PID=142) to work on /home/airflow/.local/lib/python3.12/site-packages/airflow/example_dags/example_skip_dag.py
[2024-10-10T16:21:03.819+0000] {processor.py:914} INFO - Processing file /home/airflow/.local/lib/python3.12/site-packages/airflow/example_dags/example_skip_dag.py for tasks to queue
[2024-10-10T16:21:03.821+0000] {logging_mixin.py:190} INFO - [2024-10-10T16:21:03.821+0000] {dagbag.py:588} INFO - Filling up the DagBag from /home/airflow/.local/lib/python3.12/site-packages/airflow/example_dags/example_skip_dag.py
[2024-10-10T16:21:03.825+0000] {processor.py:925} INFO - DAG(s) 'example_skip_dag' retrieved from /home/airflow/.local/lib/python3.12/site-packages/airflow/example_dags/example_skip_dag.py
[2024-10-10T16:21:03.835+0000] {logging_mixin.py:190} INFO - [2024-10-10T16:21:03.835+0000] {dag.py:3239} INFO - Sync 1 DAGs
[2024-10-10T16:21:03.846+0000] {logging_mixin.py:190} INFO - [2024-10-10T16:21:03.846+0000] {dag.py:4180} INFO - Setting next_dagrun for example_skip_dag to 2024-10-09 00:00:00+00:00, run_after=2024-10-10 00:00:00+00:00
[2024-10-10T16:21:03.856+0000] {processor.py:208} INFO - Processing /home/airflow/.local/lib/python3.12/site-packages/airflow/example_dags/example_skip_dag.py took 0.041 seconds
[2024-10-10T16:21:34.035+0000] {processor.py:186} INFO - Started process (PID=205) to work on /home/airflow/.local/lib/python3.12/site-packages/airflow/example_dags/example_skip_dag.py
[2024-10-10T16:21:34.036+0000] {processor.py:914} INFO - Processing file /home/airflow/.local/lib/python3.12/site-packages/airflow/example_dags/example_skip_dag.py for tasks to queue
[2024-10-10T16:21:34.038+0000] {logging_mixin.py:190} INFO - [2024-10-10T16:21:34.038+0000] {dagbag.py:588} INFO - Filling up the DagBag from /home/airflow/.local/lib/python3.12/site-packages/airflow/example_dags/example_skip_dag.py
[2024-10-10T16:21:34.042+0000] {processor.py:925} INFO - DAG(s) 'example_skip_dag' retrieved from /home/airflow/.local/lib/python3.12/site-packages/airflow/example_dags/example_skip_dag.py
[2024-10-10T16:21:34.054+0000] {logging_mixin.py:190} INFO - [2024-10-10T16:21:34.054+0000] {dag.py:3239} INFO - Sync 1 DAGs
[2024-10-10T16:21:34.070+0000] {logging_mixin.py:190} INFO - [2024-10-10T16:21:34.070+0000] {dag.py:4180} INFO - Setting next_dagrun for example_skip_dag to 2024-10-09 00:00:00+00:00, run_after=2024-10-10 00:00:00+00:00
[2024-10-10T16:21:34.082+0000] {processor.py:208} INFO - Processing /home/airflow/.local/lib/python3.12/site-packages/airflow/example_dags/example_skip_dag.py took 0.051 seconds
[2024-10-10T16:22:04.342+0000] {processor.py:186} INFO - Started process (PID=268) to work on /home/airflow/.local/lib/python3.12/site-packages/airflow/example_dags/example_skip_dag.py
[2024-10-10T16:22:04.343+0000] {processor.py:914} INFO - Processing file /home/airflow/.local/lib/python3.12/site-packages/airflow/example_dags/example_skip_dag.py for tasks to queue
[2024-10-10T16:22:04.344+0000] {logging_mixin.py:190} INFO - [2024-10-10T16:22:04.344+0000] {dagbag.py:588} INFO - Filling up the DagBag from /home/airflow/.local/lib/python3.12/site-packages/airflow/example_dags/example_skip_dag.py
[2024-10-10T16:22:04.348+0000] {processor.py:925} INFO - DAG(s) 'example_skip_dag' retrieved from /home/airflow/.local/lib/python3.12/site-packages/airflow/example_dags/example_skip_dag.py
[2024-10-10T16:22:04.359+0000] {logging_mixin.py:190} INFO - [2024-10-10T16:22:04.359+0000] {dag.py:3239} INFO - Sync 1 DAGs
[2024-10-10T16:22:04.373+0000] {logging_mixin.py:190} INFO - [2024-10-10T16:22:04.373+0000] {dag.py:4180} INFO - Setting next_dagrun for example_skip_dag to 2024-10-09 00:00:00+00:00, run_after=2024-10-10 00:00:00+00:00
[2024-10-10T16:22:04.382+0000] {processor.py:208} INFO - Processing /home/airflow/.local/lib/python3.12/site-packages/airflow/example_dags/example_skip_dag.py took 0.043 seconds
[2024-10-10T16:22:34.928+0000] {processor.py:186} INFO - Started process (PID=331) to work on /home/airflow/.local/lib/python3.12/site-packages/airflow/example_dags/example_skip_dag.py
[2024-10-10T16:22:34.930+0000] {processor.py:914} INFO - Processing file /home/airflow/.local/lib/python3.12/site-packages/airflow/example_dags/example_skip_dag.py for tasks to queue
[2024-10-10T16:22:34.932+0000] {logging_mixin.py:190} INFO - [2024-10-10T16:22:34.932+0000] {dagbag.py:588} INFO - Filling up the DagBag from /home/airflow/.local/lib/python3.12/site-packages/airflow/example_dags/example_skip_dag.py
[2024-10-10T16:22:34.937+0000] {processor.py:925} INFO - DAG(s) 'example_skip_dag' retrieved from /home/airflow/.local/lib/python3.12/site-packages/airflow/example_dags/example_skip_dag.py
[2024-10-10T16:22:34.948+0000] {logging_mixin.py:190} INFO - [2024-10-10T16:22:34.948+0000] {dag.py:3239} INFO - Sync 1 DAGs
[2024-10-10T16:22:34.959+0000] {logging_mixin.py:190} INFO - [2024-10-10T16:22:34.959+0000] {dag.py:4180} INFO - Setting next_dagrun for example_skip_dag to 2024-10-09 00:00:00+00:00, run_after=2024-10-10 00:00:00+00:00
[2024-10-10T16:22:34.968+0000] {processor.py:208} INFO - Processing /home/airflow/.local/lib/python3.12/site-packages/airflow/example_dags/example_skip_dag.py took 0.043 seconds
[2024-10-10T16:23:05.159+0000] {processor.py:186} INFO - Started process (PID=394) to work on /home/airflow/.local/lib/python3.12/site-packages/airflow/example_dags/example_skip_dag.py
[2024-10-10T16:23:05.160+0000] {processor.py:914} INFO - Processing file /home/airflow/.local/lib/python3.12/site-packages/airflow/example_dags/example_skip_dag.py for tasks to queue
[2024-10-10T16:23:05.162+0000] {logging_mixin.py:190} INFO - [2024-10-10T16:23:05.162+0000] {dagbag.py:588} INFO - Filling up the DagBag from /home/airflow/.local/lib/python3.12/site-packages/airflow/example_dags/example_skip_dag.py
[2024-10-10T16:23:05.165+0000] {processor.py:925} INFO - DAG(s) 'example_skip_dag' retrieved from /home/airflow/.local/lib/python3.12/site-packages/airflow/example_dags/example_skip_dag.py
[2024-10-10T16:23:05.178+0000] {logging_mixin.py:190} INFO - [2024-10-10T16:23:05.178+0000] {dag.py:3239} INFO - Sync 1 DAGs
[2024-10-10T16:23:05.189+0000] {logging_mixin.py:190} INFO - [2024-10-10T16:23:05.189+0000] {dag.py:4180} INFO - Setting next_dagrun for example_skip_dag to 2024-10-09 00:00:00+00:00, run_after=2024-10-10 00:00:00+00:00
[2024-10-10T16:23:05.201+0000] {processor.py:208} INFO - Processing /home/airflow/.local/lib/python3.12/site-packages/airflow/example_dags/example_skip_dag.py took 0.045 seconds
[2024-10-10T16:23:35.556+0000] {processor.py:186} INFO - Started process (PID=457) to work on /home/airflow/.local/lib/python3.12/site-packages/airflow/example_dags/example_skip_dag.py
[2024-10-10T16:23:35.557+0000] {processor.py:914} INFO - Processing file /home/airflow/.local/lib/python3.12/site-packages/airflow/example_dags/example_skip_dag.py for tasks to queue
[2024-10-10T16:23:35.558+0000] {logging_mixin.py:190} INFO - [2024-10-10T16:23:35.558+0000] {dagbag.py:588} INFO - Filling up the DagBag from /home/airflow/.local/lib/python3.12/site-packages/airflow/example_dags/example_skip_dag.py
[2024-10-10T16:23:35.563+0000] {processor.py:925} INFO - DAG(s) 'example_skip_dag' retrieved from /home/airflow/.local/lib/python3.12/site-packages/airflow/example_dags/example_skip_dag.py
[2024-10-10T16:23:35.577+0000] {logging_mixin.py:190} INFO - [2024-10-10T16:23:35.577+0000] {dag.py:3239} INFO - Sync 1 DAGs
[2024-10-10T16:23:35.590+0000] {logging_mixin.py:190} INFO - [2024-10-10T16:23:35.590+0000] {dag.py:4180} INFO - Setting next_dagrun for example_skip_dag to 2024-10-09 00:00:00+00:00, run_after=2024-10-10 00:00:00+00:00
[2024-10-10T16:23:35.600+0000] {processor.py:208} INFO - Processing /home/airflow/.local/lib/python3.12/site-packages/airflow/example_dags/example_skip_dag.py took 0.047 seconds
