[2024-10-10T16:20:34.096+0000] {processor.py:186} INFO - Started process (PID=87) to work on /home/airflow/.local/lib/python3.12/site-packages/airflow/example_dags/example_bash_operator.py
[2024-10-10T16:20:34.098+0000] {processor.py:914} INFO - Processing file /home/airflow/.local/lib/python3.12/site-packages/airflow/example_dags/example_bash_operator.py for tasks to queue
[2024-10-10T16:20:34.099+0000] {logging_mixin.py:190} INFO - [2024-10-10T16:20:34.099+0000] {dagbag.py:588} INFO - Filling up the DagBag from /home/airflow/.local/lib/python3.12/site-packages/airflow/example_dags/example_bash_operator.py
[2024-10-10T16:20:34.106+0000] {processor.py:925} INFO - DAG(s) 'example_bash_operator' retrieved from /home/airflow/.local/lib/python3.12/site-packages/airflow/example_dags/example_bash_operator.py
[2024-10-10T16:20:34.162+0000] {logging_mixin.py:190} INFO - [2024-10-10T16:20:34.162+0000] {override.py:1900} INFO - Created Permission View: can edit on DAG:example_bash_operator
[2024-10-10T16:20:34.169+0000] {logging_mixin.py:190} INFO - [2024-10-10T16:20:34.169+0000] {override.py:1900} INFO - Created Permission View: can read on DAG:example_bash_operator
[2024-10-10T16:20:34.175+0000] {logging_mixin.py:190} INFO - [2024-10-10T16:20:34.175+0000] {override.py:1900} INFO - Created Permission View: can delete on DAG:example_bash_operator
[2024-10-10T16:20:34.180+0000] {logging_mixin.py:190} INFO - [2024-10-10T16:20:34.180+0000] {override.py:1900} INFO - Created Permission View: menu access on DAG Run:example_bash_operator
[2024-10-10T16:20:34.185+0000] {logging_mixin.py:190} INFO - [2024-10-10T16:20:34.184+0000] {override.py:1900} INFO - Created Permission View: can create on DAG Run:example_bash_operator
[2024-10-10T16:20:34.194+0000] {logging_mixin.py:190} INFO - [2024-10-10T16:20:34.194+0000] {override.py:1900} INFO - Created Permission View: can read on DAG Run:example_bash_operator
[2024-10-10T16:20:34.204+0000] {logging_mixin.py:190} INFO - [2024-10-10T16:20:34.204+0000] {override.py:1900} INFO - Created Permission View: can delete on DAG Run:example_bash_operator
[2024-10-10T16:20:34.206+0000] {logging_mixin.py:190} INFO - [2024-10-10T16:20:34.206+0000] {dag.py:3239} INFO - Sync 1 DAGs
[2024-10-10T16:20:34.213+0000] {logging_mixin.py:190} INFO - [2024-10-10T16:20:34.213+0000] {dag.py:3262} INFO - Creating ORM DAG for example_bash_operator
[2024-10-10T16:20:34.218+0000] {logging_mixin.py:190} INFO - [2024-10-10T16:20:34.218+0000] {dag.py:4180} INFO - Setting next_dagrun for example_bash_operator to 2024-10-09 00:00:00+00:00, run_after=2024-10-10 00:00:00+00:00
[2024-10-10T16:20:34.228+0000] {processor.py:208} INFO - Processing /home/airflow/.local/lib/python3.12/site-packages/airflow/example_dags/example_bash_operator.py took 0.135 seconds
[2024-10-10T16:21:05.113+0000] {processor.py:186} INFO - Started process (PID=150) to work on /home/airflow/.local/lib/python3.12/site-packages/airflow/example_dags/example_bash_operator.py
[2024-10-10T16:21:05.114+0000] {processor.py:914} INFO - Processing file /home/airflow/.local/lib/python3.12/site-packages/airflow/example_dags/example_bash_operator.py for tasks to queue
[2024-10-10T16:21:05.115+0000] {logging_mixin.py:190} INFO - [2024-10-10T16:21:05.115+0000] {dagbag.py:588} INFO - Filling up the DagBag from /home/airflow/.local/lib/python3.12/site-packages/airflow/example_dags/example_bash_operator.py
[2024-10-10T16:21:05.121+0000] {processor.py:925} INFO - DAG(s) 'example_bash_operator' retrieved from /home/airflow/.local/lib/python3.12/site-packages/airflow/example_dags/example_bash_operator.py
[2024-10-10T16:21:05.136+0000] {logging_mixin.py:190} INFO - [2024-10-10T16:21:05.136+0000] {dag.py:3239} INFO - Sync 1 DAGs
[2024-10-10T16:21:05.149+0000] {logging_mixin.py:190} INFO - [2024-10-10T16:21:05.149+0000] {dag.py:4180} INFO - Setting next_dagrun for example_bash_operator to 2024-10-09 00:00:00+00:00, run_after=2024-10-10 00:00:00+00:00
[2024-10-10T16:21:05.159+0000] {processor.py:208} INFO - Processing /home/airflow/.local/lib/python3.12/site-packages/airflow/example_dags/example_bash_operator.py took 0.048 seconds
[2024-10-10T16:21:35.299+0000] {processor.py:186} INFO - Started process (PID=213) to work on /home/airflow/.local/lib/python3.12/site-packages/airflow/example_dags/example_bash_operator.py
[2024-10-10T16:21:35.300+0000] {processor.py:914} INFO - Processing file /home/airflow/.local/lib/python3.12/site-packages/airflow/example_dags/example_bash_operator.py for tasks to queue
[2024-10-10T16:21:35.301+0000] {logging_mixin.py:190} INFO - [2024-10-10T16:21:35.301+0000] {dagbag.py:588} INFO - Filling up the DagBag from /home/airflow/.local/lib/python3.12/site-packages/airflow/example_dags/example_bash_operator.py
[2024-10-10T16:21:35.308+0000] {processor.py:925} INFO - DAG(s) 'example_bash_operator' retrieved from /home/airflow/.local/lib/python3.12/site-packages/airflow/example_dags/example_bash_operator.py
[2024-10-10T16:21:35.323+0000] {logging_mixin.py:190} INFO - [2024-10-10T16:21:35.323+0000] {dag.py:3239} INFO - Sync 1 DAGs
[2024-10-10T16:21:35.333+0000] {logging_mixin.py:190} INFO - [2024-10-10T16:21:35.333+0000] {dag.py:4180} INFO - Setting next_dagrun for example_bash_operator to 2024-10-09 00:00:00+00:00, run_after=2024-10-10 00:00:00+00:00
[2024-10-10T16:21:35.347+0000] {processor.py:208} INFO - Processing /home/airflow/.local/lib/python3.12/site-packages/airflow/example_dags/example_bash_operator.py took 0.050 seconds
[2024-10-10T16:22:05.642+0000] {processor.py:186} INFO - Started process (PID=276) to work on /home/airflow/.local/lib/python3.12/site-packages/airflow/example_dags/example_bash_operator.py
[2024-10-10T16:22:05.643+0000] {processor.py:914} INFO - Processing file /home/airflow/.local/lib/python3.12/site-packages/airflow/example_dags/example_bash_operator.py for tasks to queue
[2024-10-10T16:22:05.645+0000] {logging_mixin.py:190} INFO - [2024-10-10T16:22:05.645+0000] {dagbag.py:588} INFO - Filling up the DagBag from /home/airflow/.local/lib/python3.12/site-packages/airflow/example_dags/example_bash_operator.py
[2024-10-10T16:22:05.653+0000] {processor.py:925} INFO - DAG(s) 'example_bash_operator' retrieved from /home/airflow/.local/lib/python3.12/site-packages/airflow/example_dags/example_bash_operator.py
[2024-10-10T16:22:05.677+0000] {logging_mixin.py:190} INFO - [2024-10-10T16:22:05.676+0000] {dag.py:3239} INFO - Sync 1 DAGs
[2024-10-10T16:22:05.702+0000] {logging_mixin.py:190} INFO - [2024-10-10T16:22:05.702+0000] {dag.py:4180} INFO - Setting next_dagrun for example_bash_operator to 2024-10-09 00:00:00+00:00, run_after=2024-10-10 00:00:00+00:00
[2024-10-10T16:22:05.717+0000] {processor.py:208} INFO - Processing /home/airflow/.local/lib/python3.12/site-packages/airflow/example_dags/example_bash_operator.py took 0.098 seconds
[2024-10-10T16:22:36.202+0000] {processor.py:186} INFO - Started process (PID=339) to work on /home/airflow/.local/lib/python3.12/site-packages/airflow/example_dags/example_bash_operator.py
[2024-10-10T16:22:36.202+0000] {processor.py:914} INFO - Processing file /home/airflow/.local/lib/python3.12/site-packages/airflow/example_dags/example_bash_operator.py for tasks to queue
[2024-10-10T16:22:36.203+0000] {logging_mixin.py:190} INFO - [2024-10-10T16:22:36.203+0000] {dagbag.py:588} INFO - Filling up the DagBag from /home/airflow/.local/lib/python3.12/site-packages/airflow/example_dags/example_bash_operator.py
[2024-10-10T16:22:36.210+0000] {processor.py:925} INFO - DAG(s) 'example_bash_operator' retrieved from /home/airflow/.local/lib/python3.12/site-packages/airflow/example_dags/example_bash_operator.py
[2024-10-10T16:22:36.225+0000] {logging_mixin.py:190} INFO - [2024-10-10T16:22:36.225+0000] {dag.py:3239} INFO - Sync 1 DAGs
[2024-10-10T16:22:36.239+0000] {logging_mixin.py:190} INFO - [2024-10-10T16:22:36.239+0000] {dag.py:4180} INFO - Setting next_dagrun for example_bash_operator to 2024-10-09 00:00:00+00:00, run_after=2024-10-10 00:00:00+00:00
[2024-10-10T16:22:36.249+0000] {processor.py:208} INFO - Processing /home/airflow/.local/lib/python3.12/site-packages/airflow/example_dags/example_bash_operator.py took 0.050 seconds
[2024-10-10T16:23:06.400+0000] {processor.py:186} INFO - Started process (PID=402) to work on /home/airflow/.local/lib/python3.12/site-packages/airflow/example_dags/example_bash_operator.py
[2024-10-10T16:23:06.404+0000] {processor.py:914} INFO - Processing file /home/airflow/.local/lib/python3.12/site-packages/airflow/example_dags/example_bash_operator.py for tasks to queue
[2024-10-10T16:23:06.405+0000] {logging_mixin.py:190} INFO - [2024-10-10T16:23:06.405+0000] {dagbag.py:588} INFO - Filling up the DagBag from /home/airflow/.local/lib/python3.12/site-packages/airflow/example_dags/example_bash_operator.py
[2024-10-10T16:23:06.411+0000] {processor.py:925} INFO - DAG(s) 'example_bash_operator' retrieved from /home/airflow/.local/lib/python3.12/site-packages/airflow/example_dags/example_bash_operator.py
[2024-10-10T16:23:06.432+0000] {logging_mixin.py:190} INFO - [2024-10-10T16:23:06.431+0000] {dag.py:3239} INFO - Sync 1 DAGs
[2024-10-10T16:23:06.446+0000] {logging_mixin.py:190} INFO - [2024-10-10T16:23:06.446+0000] {dag.py:4180} INFO - Setting next_dagrun for example_bash_operator to 2024-10-09 00:00:00+00:00, run_after=2024-10-10 00:00:00+00:00
[2024-10-10T16:23:06.454+0000] {processor.py:208} INFO - Processing /home/airflow/.local/lib/python3.12/site-packages/airflow/example_dags/example_bash_operator.py took 0.058 seconds
