[2024-10-10T16:20:35.058+0000] {processor.py:186} INFO - Started process (PID=99) to work on /home/airflow/.local/lib/python3.12/site-packages/airflow/example_dags/example_inlet_event_extra.py
[2024-10-10T16:20:35.059+0000] {processor.py:914} INFO - Processing file /home/airflow/.local/lib/python3.12/site-packages/airflow/example_dags/example_inlet_event_extra.py for tasks to queue
[2024-10-10T16:20:35.060+0000] {logging_mixin.py:190} INFO - [2024-10-10T16:20:35.060+0000] {dagbag.py:588} INFO - Filling up the DagBag from /home/airflow/.local/lib/python3.12/site-packages/airflow/example_dags/example_inlet_event_extra.py
[2024-10-10T16:20:35.140+0000] {processor.py:925} INFO - DAG(s) 'read_dataset_event_from_classic', 'read_dataset_event' retrieved from /home/airflow/.local/lib/python3.12/site-packages/airflow/example_dags/example_inlet_event_extra.py
[2024-10-10T16:20:35.204+0000] {logging_mixin.py:190} INFO - [2024-10-10T16:20:35.204+0000] {override.py:1900} INFO - Created Permission View: can edit on DAG:read_dataset_event_from_classic
[2024-10-10T16:20:35.215+0000] {logging_mixin.py:190} INFO - [2024-10-10T16:20:35.214+0000] {override.py:1900} INFO - Created Permission View: can read on DAG:read_dataset_event_from_classic
[2024-10-10T16:20:35.219+0000] {logging_mixin.py:190} INFO - [2024-10-10T16:20:35.219+0000] {override.py:1900} INFO - Created Permission View: can delete on DAG:read_dataset_event_from_classic
[2024-10-10T16:20:35.224+0000] {logging_mixin.py:190} INFO - [2024-10-10T16:20:35.224+0000] {override.py:1900} INFO - Created Permission View: menu access on DAG Run:read_dataset_event_from_classic
[2024-10-10T16:20:35.228+0000] {logging_mixin.py:190} INFO - [2024-10-10T16:20:35.228+0000] {override.py:1900} INFO - Created Permission View: can create on DAG Run:read_dataset_event_from_classic
[2024-10-10T16:20:35.232+0000] {logging_mixin.py:190} INFO - [2024-10-10T16:20:35.232+0000] {override.py:1900} INFO - Created Permission View: can read on DAG Run:read_dataset_event_from_classic
[2024-10-10T16:20:35.236+0000] {logging_mixin.py:190} INFO - [2024-10-10T16:20:35.236+0000] {override.py:1900} INFO - Created Permission View: can delete on DAG Run:read_dataset_event_from_classic
[2024-10-10T16:20:35.244+0000] {logging_mixin.py:190} INFO - [2024-10-10T16:20:35.244+0000] {override.py:1900} INFO - Created Permission View: can edit on DAG:read_dataset_event
[2024-10-10T16:20:35.249+0000] {logging_mixin.py:190} INFO - [2024-10-10T16:20:35.249+0000] {override.py:1900} INFO - Created Permission View: can read on DAG:read_dataset_event
[2024-10-10T16:20:35.257+0000] {logging_mixin.py:190} INFO - [2024-10-10T16:20:35.257+0000] {override.py:1900} INFO - Created Permission View: can delete on DAG:read_dataset_event
[2024-10-10T16:20:35.267+0000] {logging_mixin.py:190} INFO - [2024-10-10T16:20:35.266+0000] {override.py:1900} INFO - Created Permission View: menu access on DAG Run:read_dataset_event
[2024-10-10T16:20:35.273+0000] {logging_mixin.py:190} INFO - [2024-10-10T16:20:35.272+0000] {override.py:1900} INFO - Created Permission View: can create on DAG Run:read_dataset_event
[2024-10-10T16:20:35.281+0000] {logging_mixin.py:190} INFO - [2024-10-10T16:20:35.281+0000] {override.py:1900} INFO - Created Permission View: can read on DAG Run:read_dataset_event
[2024-10-10T16:20:35.286+0000] {logging_mixin.py:190} INFO - [2024-10-10T16:20:35.286+0000] {override.py:1900} INFO - Created Permission View: can delete on DAG Run:read_dataset_event
[2024-10-10T16:20:35.286+0000] {logging_mixin.py:190} INFO - [2024-10-10T16:20:35.286+0000] {dag.py:3239} INFO - Sync 2 DAGs
[2024-10-10T16:20:35.296+0000] {logging_mixin.py:190} INFO - [2024-10-10T16:20:35.296+0000] {dag.py:3262} INFO - Creating ORM DAG for read_dataset_event_from_classic
[2024-10-10T16:20:35.297+0000] {logging_mixin.py:190} INFO - [2024-10-10T16:20:35.297+0000] {dag.py:3262} INFO - Creating ORM DAG for read_dataset_event
[2024-10-10T16:20:35.304+0000] {logging_mixin.py:190} INFO - [2024-10-10T16:20:35.304+0000] {dag.py:4180} INFO - Setting next_dagrun for read_dataset_event to 2024-10-09 00:00:00+00:00, run_after=2024-10-10 00:00:00+00:00
[2024-10-10T16:20:35.306+0000] {logging_mixin.py:190} INFO - [2024-10-10T16:20:35.305+0000] {dag.py:4180} INFO - Setting next_dagrun for read_dataset_event_from_classic to 2024-10-09 00:00:00+00:00, run_after=2024-10-10 00:00:00+00:00
[2024-10-10T16:20:35.318+0000] {processor.py:208} INFO - Processing /home/airflow/.local/lib/python3.12/site-packages/airflow/example_dags/example_inlet_event_extra.py took 0.263 seconds
[2024-10-10T16:21:05.506+0000] {processor.py:186} INFO - Started process (PID=162) to work on /home/airflow/.local/lib/python3.12/site-packages/airflow/example_dags/example_inlet_event_extra.py
[2024-10-10T16:21:05.507+0000] {processor.py:914} INFO - Processing file /home/airflow/.local/lib/python3.12/site-packages/airflow/example_dags/example_inlet_event_extra.py for tasks to queue
[2024-10-10T16:21:05.509+0000] {logging_mixin.py:190} INFO - [2024-10-10T16:21:05.509+0000] {dagbag.py:588} INFO - Filling up the DagBag from /home/airflow/.local/lib/python3.12/site-packages/airflow/example_dags/example_inlet_event_extra.py
[2024-10-10T16:21:05.580+0000] {processor.py:925} INFO - DAG(s) 'read_dataset_event_from_classic', 'read_dataset_event' retrieved from /home/airflow/.local/lib/python3.12/site-packages/airflow/example_dags/example_inlet_event_extra.py
[2024-10-10T16:21:05.596+0000] {logging_mixin.py:190} INFO - [2024-10-10T16:21:05.596+0000] {dag.py:3239} INFO - Sync 2 DAGs
[2024-10-10T16:21:05.607+0000] {logging_mixin.py:190} INFO - [2024-10-10T16:21:05.607+0000] {dag.py:4180} INFO - Setting next_dagrun for read_dataset_event to 2024-10-09 00:00:00+00:00, run_after=2024-10-10 00:00:00+00:00
[2024-10-10T16:21:05.611+0000] {logging_mixin.py:190} INFO - [2024-10-10T16:21:05.610+0000] {dag.py:4180} INFO - Setting next_dagrun for read_dataset_event_from_classic to 2024-10-09 00:00:00+00:00, run_after=2024-10-10 00:00:00+00:00
[2024-10-10T16:21:05.620+0000] {processor.py:208} INFO - Processing /home/airflow/.local/lib/python3.12/site-packages/airflow/example_dags/example_inlet_event_extra.py took 0.118 seconds
[2024-10-10T16:21:35.719+0000] {processor.py:186} INFO - Started process (PID=225) to work on /home/airflow/.local/lib/python3.12/site-packages/airflow/example_dags/example_inlet_event_extra.py
[2024-10-10T16:21:35.720+0000] {processor.py:914} INFO - Processing file /home/airflow/.local/lib/python3.12/site-packages/airflow/example_dags/example_inlet_event_extra.py for tasks to queue
[2024-10-10T16:21:35.721+0000] {logging_mixin.py:190} INFO - [2024-10-10T16:21:35.721+0000] {dagbag.py:588} INFO - Filling up the DagBag from /home/airflow/.local/lib/python3.12/site-packages/airflow/example_dags/example_inlet_event_extra.py
[2024-10-10T16:21:35.798+0000] {processor.py:925} INFO - DAG(s) 'read_dataset_event', 'read_dataset_event_from_classic' retrieved from /home/airflow/.local/lib/python3.12/site-packages/airflow/example_dags/example_inlet_event_extra.py
[2024-10-10T16:21:35.807+0000] {logging_mixin.py:190} INFO - [2024-10-10T16:21:35.807+0000] {dag.py:3239} INFO - Sync 2 DAGs
[2024-10-10T16:21:35.819+0000] {logging_mixin.py:190} INFO - [2024-10-10T16:21:35.819+0000] {dag.py:4180} INFO - Setting next_dagrun for read_dataset_event to 2024-10-09 00:00:00+00:00, run_after=2024-10-10 00:00:00+00:00
[2024-10-10T16:21:35.822+0000] {logging_mixin.py:190} INFO - [2024-10-10T16:21:35.822+0000] {dag.py:4180} INFO - Setting next_dagrun for read_dataset_event_from_classic to 2024-10-09 00:00:00+00:00, run_after=2024-10-10 00:00:00+00:00
[2024-10-10T16:21:35.830+0000] {processor.py:208} INFO - Processing /home/airflow/.local/lib/python3.12/site-packages/airflow/example_dags/example_inlet_event_extra.py took 0.114 seconds
[2024-10-10T16:22:06.218+0000] {processor.py:186} INFO - Started process (PID=288) to work on /home/airflow/.local/lib/python3.12/site-packages/airflow/example_dags/example_inlet_event_extra.py
[2024-10-10T16:22:06.219+0000] {processor.py:914} INFO - Processing file /home/airflow/.local/lib/python3.12/site-packages/airflow/example_dags/example_inlet_event_extra.py for tasks to queue
[2024-10-10T16:22:06.220+0000] {logging_mixin.py:190} INFO - [2024-10-10T16:22:06.220+0000] {dagbag.py:588} INFO - Filling up the DagBag from /home/airflow/.local/lib/python3.12/site-packages/airflow/example_dags/example_inlet_event_extra.py
[2024-10-10T16:22:06.319+0000] {processor.py:925} INFO - DAG(s) 'read_dataset_event_from_classic', 'read_dataset_event' retrieved from /home/airflow/.local/lib/python3.12/site-packages/airflow/example_dags/example_inlet_event_extra.py
[2024-10-10T16:22:06.333+0000] {logging_mixin.py:190} INFO - [2024-10-10T16:22:06.333+0000] {dag.py:3239} INFO - Sync 2 DAGs
[2024-10-10T16:22:06.356+0000] {logging_mixin.py:190} INFO - [2024-10-10T16:22:06.356+0000] {dag.py:4180} INFO - Setting next_dagrun for read_dataset_event to 2024-10-09 00:00:00+00:00, run_after=2024-10-10 00:00:00+00:00
[2024-10-10T16:22:06.363+0000] {logging_mixin.py:190} INFO - [2024-10-10T16:22:06.362+0000] {dag.py:4180} INFO - Setting next_dagrun for read_dataset_event_from_classic to 2024-10-09 00:00:00+00:00, run_after=2024-10-10 00:00:00+00:00
[2024-10-10T16:22:06.390+0000] {processor.py:208} INFO - Processing /home/airflow/.local/lib/python3.12/site-packages/airflow/example_dags/example_inlet_event_extra.py took 0.175 seconds
[2024-10-10T16:22:36.610+0000] {processor.py:186} INFO - Started process (PID=351) to work on /home/airflow/.local/lib/python3.12/site-packages/airflow/example_dags/example_inlet_event_extra.py
[2024-10-10T16:22:36.610+0000] {processor.py:914} INFO - Processing file /home/airflow/.local/lib/python3.12/site-packages/airflow/example_dags/example_inlet_event_extra.py for tasks to queue
[2024-10-10T16:22:36.612+0000] {logging_mixin.py:190} INFO - [2024-10-10T16:22:36.611+0000] {dagbag.py:588} INFO - Filling up the DagBag from /home/airflow/.local/lib/python3.12/site-packages/airflow/example_dags/example_inlet_event_extra.py
[2024-10-10T16:22:36.687+0000] {processor.py:925} INFO - DAG(s) 'read_dataset_event_from_classic', 'read_dataset_event' retrieved from /home/airflow/.local/lib/python3.12/site-packages/airflow/example_dags/example_inlet_event_extra.py
[2024-10-10T16:22:36.697+0000] {logging_mixin.py:190} INFO - [2024-10-10T16:22:36.697+0000] {dag.py:3239} INFO - Sync 2 DAGs
[2024-10-10T16:22:36.709+0000] {logging_mixin.py:190} INFO - [2024-10-10T16:22:36.709+0000] {dag.py:4180} INFO - Setting next_dagrun for read_dataset_event to 2024-10-09 00:00:00+00:00, run_after=2024-10-10 00:00:00+00:00
[2024-10-10T16:22:36.711+0000] {logging_mixin.py:190} INFO - [2024-10-10T16:22:36.711+0000] {dag.py:4180} INFO - Setting next_dagrun for read_dataset_event_from_classic to 2024-10-09 00:00:00+00:00, run_after=2024-10-10 00:00:00+00:00
[2024-10-10T16:22:36.722+0000] {processor.py:208} INFO - Processing /home/airflow/.local/lib/python3.12/site-packages/airflow/example_dags/example_inlet_event_extra.py took 0.115 seconds
[2024-10-10T16:23:06.868+0000] {processor.py:186} INFO - Started process (PID=415) to work on /home/airflow/.local/lib/python3.12/site-packages/airflow/example_dags/example_inlet_event_extra.py
[2024-10-10T16:23:06.869+0000] {processor.py:914} INFO - Processing file /home/airflow/.local/lib/python3.12/site-packages/airflow/example_dags/example_inlet_event_extra.py for tasks to queue
[2024-10-10T16:23:06.871+0000] {logging_mixin.py:190} INFO - [2024-10-10T16:23:06.871+0000] {dagbag.py:588} INFO - Filling up the DagBag from /home/airflow/.local/lib/python3.12/site-packages/airflow/example_dags/example_inlet_event_extra.py
[2024-10-10T16:23:06.943+0000] {processor.py:925} INFO - DAG(s) 'read_dataset_event_from_classic', 'read_dataset_event' retrieved from /home/airflow/.local/lib/python3.12/site-packages/airflow/example_dags/example_inlet_event_extra.py
[2024-10-10T16:23:06.956+0000] {logging_mixin.py:190} INFO - [2024-10-10T16:23:06.955+0000] {dag.py:3239} INFO - Sync 2 DAGs
[2024-10-10T16:23:06.967+0000] {logging_mixin.py:190} INFO - [2024-10-10T16:23:06.967+0000] {dag.py:4180} INFO - Setting next_dagrun for read_dataset_event to 2024-10-09 00:00:00+00:00, run_after=2024-10-10 00:00:00+00:00
[2024-10-10T16:23:06.969+0000] {logging_mixin.py:190} INFO - [2024-10-10T16:23:06.969+0000] {dag.py:4180} INFO - Setting next_dagrun for read_dataset_event_from_classic to 2024-10-09 00:00:00+00:00, run_after=2024-10-10 00:00:00+00:00
[2024-10-10T16:23:06.978+0000] {processor.py:208} INFO - Processing /home/airflow/.local/lib/python3.12/site-packages/airflow/example_dags/example_inlet_event_extra.py took 0.113 seconds
