[2024-10-10T16:20:32.524+0000] {processor.py:186} INFO - Started process (PID=63) to work on /home/airflow/.local/lib/python3.12/site-packages/airflow/example_dags/example_bash_decorator.py
[2024-10-10T16:20:32.525+0000] {processor.py:914} INFO - Processing file /home/airflow/.local/lib/python3.12/site-packages/airflow/example_dags/example_bash_decorator.py for tasks to queue
[2024-10-10T16:20:32.526+0000] {logging_mixin.py:190} INFO - [2024-10-10T16:20:32.526+0000] {dagbag.py:588} INFO - Filling up the DagBag from /home/airflow/.local/lib/python3.12/site-packages/airflow/example_dags/example_bash_decorator.py
[2024-10-10T16:20:32.535+0000] {processor.py:925} INFO - DAG(s) 'example_bash_decorator' retrieved from /home/airflow/.local/lib/python3.12/site-packages/airflow/example_dags/example_bash_decorator.py
[2024-10-10T16:20:32.600+0000] {logging_mixin.py:190} INFO - [2024-10-10T16:20:32.599+0000] {override.py:1900} INFO - Created Permission View: can edit on DAG:example_bash_decorator
[2024-10-10T16:20:32.605+0000] {logging_mixin.py:190} INFO - [2024-10-10T16:20:32.605+0000] {override.py:1900} INFO - Created Permission View: can read on DAG:example_bash_decorator
[2024-10-10T16:20:32.609+0000] {logging_mixin.py:190} INFO - [2024-10-10T16:20:32.609+0000] {override.py:1900} INFO - Created Permission View: can delete on DAG:example_bash_decorator
[2024-10-10T16:20:32.612+0000] {logging_mixin.py:190} INFO - [2024-10-10T16:20:32.612+0000] {override.py:1900} INFO - Created Permission View: menu access on DAG Run:example_bash_decorator
[2024-10-10T16:20:32.615+0000] {logging_mixin.py:190} INFO - [2024-10-10T16:20:32.615+0000] {override.py:1900} INFO - Created Permission View: can create on DAG Run:example_bash_decorator
[2024-10-10T16:20:32.619+0000] {logging_mixin.py:190} INFO - [2024-10-10T16:20:32.619+0000] {override.py:1900} INFO - Created Permission View: can read on DAG Run:example_bash_decorator
[2024-10-10T16:20:32.623+0000] {logging_mixin.py:190} INFO - [2024-10-10T16:20:32.622+0000] {override.py:1900} INFO - Created Permission View: can delete on DAG Run:example_bash_decorator
[2024-10-10T16:20:32.623+0000] {logging_mixin.py:190} INFO - [2024-10-10T16:20:32.623+0000] {dag.py:3239} INFO - Sync 1 DAGs
[2024-10-10T16:20:32.630+0000] {logging_mixin.py:190} INFO - [2024-10-10T16:20:32.630+0000] {dag.py:3262} INFO - Creating ORM DAG for example_bash_decorator
[2024-10-10T16:20:32.631+0000] {logging_mixin.py:190} INFO - [2024-10-10T16:20:32.631+0000] {dag.py:4180} INFO - Setting next_dagrun for example_bash_decorator to None, run_after=None
[2024-10-10T16:20:32.641+0000] {processor.py:208} INFO - Processing /home/airflow/.local/lib/python3.12/site-packages/airflow/example_dags/example_bash_decorator.py took 0.120 seconds
[2024-10-10T16:21:03.493+0000] {processor.py:186} INFO - Started process (PID=133) to work on /home/airflow/.local/lib/python3.12/site-packages/airflow/example_dags/example_bash_decorator.py
[2024-10-10T16:21:03.494+0000] {processor.py:914} INFO - Processing file /home/airflow/.local/lib/python3.12/site-packages/airflow/example_dags/example_bash_decorator.py for tasks to queue
[2024-10-10T16:21:03.495+0000] {logging_mixin.py:190} INFO - [2024-10-10T16:21:03.495+0000] {dagbag.py:588} INFO - Filling up the DagBag from /home/airflow/.local/lib/python3.12/site-packages/airflow/example_dags/example_bash_decorator.py
[2024-10-10T16:21:03.502+0000] {processor.py:925} INFO - DAG(s) 'example_bash_decorator' retrieved from /home/airflow/.local/lib/python3.12/site-packages/airflow/example_dags/example_bash_decorator.py
[2024-10-10T16:21:03.515+0000] {logging_mixin.py:190} INFO - [2024-10-10T16:21:03.515+0000] {dag.py:3239} INFO - Sync 1 DAGs
[2024-10-10T16:21:03.521+0000] {logging_mixin.py:190} INFO - [2024-10-10T16:21:03.521+0000] {dag.py:4180} INFO - Setting next_dagrun for example_bash_decorator to None, run_after=None
[2024-10-10T16:21:03.531+0000] {processor.py:208} INFO - Processing /home/airflow/.local/lib/python3.12/site-packages/airflow/example_dags/example_bash_decorator.py took 0.041 seconds
[2024-10-10T16:21:33.683+0000] {processor.py:186} INFO - Started process (PID=196) to work on /home/airflow/.local/lib/python3.12/site-packages/airflow/example_dags/example_bash_decorator.py
[2024-10-10T16:21:33.684+0000] {processor.py:914} INFO - Processing file /home/airflow/.local/lib/python3.12/site-packages/airflow/example_dags/example_bash_decorator.py for tasks to queue
[2024-10-10T16:21:33.685+0000] {logging_mixin.py:190} INFO - [2024-10-10T16:21:33.685+0000] {dagbag.py:588} INFO - Filling up the DagBag from /home/airflow/.local/lib/python3.12/site-packages/airflow/example_dags/example_bash_decorator.py
[2024-10-10T16:21:33.692+0000] {processor.py:925} INFO - DAG(s) 'example_bash_decorator' retrieved from /home/airflow/.local/lib/python3.12/site-packages/airflow/example_dags/example_bash_decorator.py
[2024-10-10T16:21:33.704+0000] {logging_mixin.py:190} INFO - [2024-10-10T16:21:33.704+0000] {dag.py:3239} INFO - Sync 1 DAGs
[2024-10-10T16:21:33.711+0000] {logging_mixin.py:190} INFO - [2024-10-10T16:21:33.711+0000] {dag.py:4180} INFO - Setting next_dagrun for example_bash_decorator to None, run_after=None
[2024-10-10T16:21:33.722+0000] {processor.py:208} INFO - Processing /home/airflow/.local/lib/python3.12/site-packages/airflow/example_dags/example_bash_decorator.py took 0.042 seconds
[2024-10-10T16:22:03.954+0000] {processor.py:186} INFO - Started process (PID=259) to work on /home/airflow/.local/lib/python3.12/site-packages/airflow/example_dags/example_bash_decorator.py
[2024-10-10T16:22:03.956+0000] {processor.py:914} INFO - Processing file /home/airflow/.local/lib/python3.12/site-packages/airflow/example_dags/example_bash_decorator.py for tasks to queue
[2024-10-10T16:22:03.958+0000] {logging_mixin.py:190} INFO - [2024-10-10T16:22:03.958+0000] {dagbag.py:588} INFO - Filling up the DagBag from /home/airflow/.local/lib/python3.12/site-packages/airflow/example_dags/example_bash_decorator.py
[2024-10-10T16:22:03.965+0000] {processor.py:925} INFO - DAG(s) 'example_bash_decorator' retrieved from /home/airflow/.local/lib/python3.12/site-packages/airflow/example_dags/example_bash_decorator.py
[2024-10-10T16:22:03.977+0000] {logging_mixin.py:190} INFO - [2024-10-10T16:22:03.977+0000] {dag.py:3239} INFO - Sync 1 DAGs
[2024-10-10T16:22:03.984+0000] {logging_mixin.py:190} INFO - [2024-10-10T16:22:03.984+0000] {dag.py:4180} INFO - Setting next_dagrun for example_bash_decorator to None, run_after=None
[2024-10-10T16:22:03.998+0000] {processor.py:208} INFO - Processing /home/airflow/.local/lib/python3.12/site-packages/airflow/example_dags/example_bash_decorator.py took 0.047 seconds
[2024-10-10T16:22:34.599+0000] {processor.py:186} INFO - Started process (PID=322) to work on /home/airflow/.local/lib/python3.12/site-packages/airflow/example_dags/example_bash_decorator.py
[2024-10-10T16:22:34.599+0000] {processor.py:914} INFO - Processing file /home/airflow/.local/lib/python3.12/site-packages/airflow/example_dags/example_bash_decorator.py for tasks to queue
[2024-10-10T16:22:34.600+0000] {logging_mixin.py:190} INFO - [2024-10-10T16:22:34.600+0000] {dagbag.py:588} INFO - Filling up the DagBag from /home/airflow/.local/lib/python3.12/site-packages/airflow/example_dags/example_bash_decorator.py
[2024-10-10T16:22:34.607+0000] {processor.py:925} INFO - DAG(s) 'example_bash_decorator' retrieved from /home/airflow/.local/lib/python3.12/site-packages/airflow/example_dags/example_bash_decorator.py
[2024-10-10T16:22:34.618+0000] {logging_mixin.py:190} INFO - [2024-10-10T16:22:34.618+0000] {dag.py:3239} INFO - Sync 1 DAGs
[2024-10-10T16:22:34.625+0000] {logging_mixin.py:190} INFO - [2024-10-10T16:22:34.625+0000] {dag.py:4180} INFO - Setting next_dagrun for example_bash_decorator to None, run_after=None
[2024-10-10T16:22:34.639+0000] {processor.py:208} INFO - Processing /home/airflow/.local/lib/python3.12/site-packages/airflow/example_dags/example_bash_decorator.py took 0.043 seconds
[2024-10-10T16:23:04.835+0000] {processor.py:186} INFO - Started process (PID=385) to work on /home/airflow/.local/lib/python3.12/site-packages/airflow/example_dags/example_bash_decorator.py
[2024-10-10T16:23:04.838+0000] {processor.py:914} INFO - Processing file /home/airflow/.local/lib/python3.12/site-packages/airflow/example_dags/example_bash_decorator.py for tasks to queue
[2024-10-10T16:23:04.839+0000] {logging_mixin.py:190} INFO - [2024-10-10T16:23:04.839+0000] {dagbag.py:588} INFO - Filling up the DagBag from /home/airflow/.local/lib/python3.12/site-packages/airflow/example_dags/example_bash_decorator.py
[2024-10-10T16:23:04.846+0000] {processor.py:925} INFO - DAG(s) 'example_bash_decorator' retrieved from /home/airflow/.local/lib/python3.12/site-packages/airflow/example_dags/example_bash_decorator.py
[2024-10-10T16:23:04.858+0000] {logging_mixin.py:190} INFO - [2024-10-10T16:23:04.858+0000] {dag.py:3239} INFO - Sync 1 DAGs
[2024-10-10T16:23:04.864+0000] {logging_mixin.py:190} INFO - [2024-10-10T16:23:04.864+0000] {dag.py:4180} INFO - Setting next_dagrun for example_bash_decorator to None, run_after=None
[2024-10-10T16:23:04.873+0000] {processor.py:208} INFO - Processing /home/airflow/.local/lib/python3.12/site-packages/airflow/example_dags/example_bash_decorator.py took 0.041 seconds
[2024-10-10T16:23:35.213+0000] {processor.py:186} INFO - Started process (PID=448) to work on /home/airflow/.local/lib/python3.12/site-packages/airflow/example_dags/example_bash_decorator.py
[2024-10-10T16:23:35.214+0000] {processor.py:914} INFO - Processing file /home/airflow/.local/lib/python3.12/site-packages/airflow/example_dags/example_bash_decorator.py for tasks to queue
[2024-10-10T16:23:35.215+0000] {logging_mixin.py:190} INFO - [2024-10-10T16:23:35.215+0000] {dagbag.py:588} INFO - Filling up the DagBag from /home/airflow/.local/lib/python3.12/site-packages/airflow/example_dags/example_bash_decorator.py
[2024-10-10T16:23:35.222+0000] {processor.py:925} INFO - DAG(s) 'example_bash_decorator' retrieved from /home/airflow/.local/lib/python3.12/site-packages/airflow/example_dags/example_bash_decorator.py
[2024-10-10T16:23:35.236+0000] {logging_mixin.py:190} INFO - [2024-10-10T16:23:35.236+0000] {dag.py:3239} INFO - Sync 1 DAGs
[2024-10-10T16:23:35.243+0000] {logging_mixin.py:190} INFO - [2024-10-10T16:23:35.243+0000] {dag.py:4180} INFO - Setting next_dagrun for example_bash_decorator to None, run_after=None
[2024-10-10T16:23:35.258+0000] {processor.py:208} INFO - Processing /home/airflow/.local/lib/python3.12/site-packages/airflow/example_dags/example_bash_decorator.py took 0.049 seconds
