[2024-10-10T16:20:33.429+0000] {processor.py:186} INFO - Started process (PID=78) to work on /home/airflow/.local/lib/python3.12/site-packages/airflow/example_dags/example_xcom.py
[2024-10-10T16:20:33.430+0000] {processor.py:914} INFO - Processing file /home/airflow/.local/lib/python3.12/site-packages/airflow/example_dags/example_xcom.py for tasks to queue
[2024-10-10T16:20:33.434+0000] {logging_mixin.py:190} INFO - [2024-10-10T16:20:33.434+0000] {dagbag.py:588} INFO - Filling up the DagBag from /home/airflow/.local/lib/python3.12/site-packages/airflow/example_dags/example_xcom.py
[2024-10-10T16:20:33.440+0000] {processor.py:925} INFO - DAG(s) 'example_xcom' retrieved from /home/airflow/.local/lib/python3.12/site-packages/airflow/example_dags/example_xcom.py
[2024-10-10T16:20:33.502+0000] {logging_mixin.py:190} INFO - [2024-10-10T16:20:33.502+0000] {override.py:1900} INFO - Created Permission View: can edit on DAG:example_xcom
[2024-10-10T16:20:33.507+0000] {logging_mixin.py:190} INFO - [2024-10-10T16:20:33.507+0000] {override.py:1900} INFO - Created Permission View: can read on DAG:example_xcom
[2024-10-10T16:20:33.514+0000] {logging_mixin.py:190} INFO - [2024-10-10T16:20:33.513+0000] {override.py:1900} INFO - Created Permission View: can delete on DAG:example_xcom
[2024-10-10T16:20:33.516+0000] {logging_mixin.py:190} INFO - [2024-10-10T16:20:33.516+0000] {override.py:1900} INFO - Created Permission View: menu access on DAG Run:example_xcom
[2024-10-10T16:20:33.520+0000] {logging_mixin.py:190} INFO - [2024-10-10T16:20:33.520+0000] {override.py:1900} INFO - Created Permission View: can create on DAG Run:example_xcom
[2024-10-10T16:20:33.523+0000] {logging_mixin.py:190} INFO - [2024-10-10T16:20:33.523+0000] {override.py:1900} INFO - Created Permission View: can read on DAG Run:example_xcom
[2024-10-10T16:20:33.528+0000] {logging_mixin.py:190} INFO - [2024-10-10T16:20:33.527+0000] {override.py:1900} INFO - Created Permission View: can delete on DAG Run:example_xcom
[2024-10-10T16:20:33.528+0000] {logging_mixin.py:190} INFO - [2024-10-10T16:20:33.528+0000] {dag.py:3239} INFO - Sync 1 DAGs
[2024-10-10T16:20:33.535+0000] {logging_mixin.py:190} INFO - [2024-10-10T16:20:33.535+0000] {dag.py:3262} INFO - Creating ORM DAG for example_xcom
[2024-10-10T16:20:33.541+0000] {logging_mixin.py:190} INFO - [2024-10-10T16:20:33.540+0000] {dag.py:4180} INFO - Setting next_dagrun for example_xcom to 2021-01-01 00:00:00+00:00, run_after=2021-01-01 00:00:00+00:00
[2024-10-10T16:20:33.553+0000] {processor.py:208} INFO - Processing /home/airflow/.local/lib/python3.12/site-packages/airflow/example_dags/example_xcom.py took 0.127 seconds
[2024-10-10T16:21:03.805+0000] {processor.py:186} INFO - Started process (PID=141) to work on /home/airflow/.local/lib/python3.12/site-packages/airflow/example_dags/example_xcom.py
[2024-10-10T16:21:03.808+0000] {processor.py:914} INFO - Processing file /home/airflow/.local/lib/python3.12/site-packages/airflow/example_dags/example_xcom.py for tasks to queue
[2024-10-10T16:21:03.810+0000] {logging_mixin.py:190} INFO - [2024-10-10T16:21:03.809+0000] {dagbag.py:588} INFO - Filling up the DagBag from /home/airflow/.local/lib/python3.12/site-packages/airflow/example_dags/example_xcom.py
[2024-10-10T16:21:03.814+0000] {processor.py:925} INFO - DAG(s) 'example_xcom' retrieved from /home/airflow/.local/lib/python3.12/site-packages/airflow/example_dags/example_xcom.py
[2024-10-10T16:21:03.825+0000] {logging_mixin.py:190} INFO - [2024-10-10T16:21:03.825+0000] {dag.py:3239} INFO - Sync 1 DAGs
[2024-10-10T16:21:03.836+0000] {logging_mixin.py:190} INFO - [2024-10-10T16:21:03.836+0000] {dag.py:4180} INFO - Setting next_dagrun for example_xcom to 2021-01-01 00:00:00+00:00, run_after=2021-01-01 00:00:00+00:00
[2024-10-10T16:21:03.849+0000] {processor.py:208} INFO - Processing /home/airflow/.local/lib/python3.12/site-packages/airflow/example_dags/example_xcom.py took 0.047 seconds
[2024-10-10T16:21:34.010+0000] {processor.py:186} INFO - Started process (PID=204) to work on /home/airflow/.local/lib/python3.12/site-packages/airflow/example_dags/example_xcom.py
[2024-10-10T16:21:34.011+0000] {processor.py:914} INFO - Processing file /home/airflow/.local/lib/python3.12/site-packages/airflow/example_dags/example_xcom.py for tasks to queue
[2024-10-10T16:21:34.013+0000] {logging_mixin.py:190} INFO - [2024-10-10T16:21:34.012+0000] {dagbag.py:588} INFO - Filling up the DagBag from /home/airflow/.local/lib/python3.12/site-packages/airflow/example_dags/example_xcom.py
[2024-10-10T16:21:34.019+0000] {processor.py:925} INFO - DAG(s) 'example_xcom' retrieved from /home/airflow/.local/lib/python3.12/site-packages/airflow/example_dags/example_xcom.py
[2024-10-10T16:21:34.031+0000] {logging_mixin.py:190} INFO - [2024-10-10T16:21:34.030+0000] {dag.py:3239} INFO - Sync 1 DAGs
[2024-10-10T16:21:34.045+0000] {logging_mixin.py:190} INFO - [2024-10-10T16:21:34.044+0000] {dag.py:4180} INFO - Setting next_dagrun for example_xcom to 2021-01-01 00:00:00+00:00, run_after=2021-01-01 00:00:00+00:00
[2024-10-10T16:21:34.054+0000] {processor.py:208} INFO - Processing /home/airflow/.local/lib/python3.12/site-packages/airflow/example_dags/example_xcom.py took 0.047 seconds
[2024-10-10T16:22:04.322+0000] {processor.py:186} INFO - Started process (PID=267) to work on /home/airflow/.local/lib/python3.12/site-packages/airflow/example_dags/example_xcom.py
[2024-10-10T16:22:04.323+0000] {processor.py:914} INFO - Processing file /home/airflow/.local/lib/python3.12/site-packages/airflow/example_dags/example_xcom.py for tasks to queue
[2024-10-10T16:22:04.324+0000] {logging_mixin.py:190} INFO - [2024-10-10T16:22:04.324+0000] {dagbag.py:588} INFO - Filling up the DagBag from /home/airflow/.local/lib/python3.12/site-packages/airflow/example_dags/example_xcom.py
[2024-10-10T16:22:04.329+0000] {processor.py:925} INFO - DAG(s) 'example_xcom' retrieved from /home/airflow/.local/lib/python3.12/site-packages/airflow/example_dags/example_xcom.py
[2024-10-10T16:22:04.339+0000] {logging_mixin.py:190} INFO - [2024-10-10T16:22:04.339+0000] {dag.py:3239} INFO - Sync 1 DAGs
[2024-10-10T16:22:04.350+0000] {logging_mixin.py:190} INFO - [2024-10-10T16:22:04.350+0000] {dag.py:4180} INFO - Setting next_dagrun for example_xcom to 2021-01-01 00:00:00+00:00, run_after=2021-01-01 00:00:00+00:00
[2024-10-10T16:22:04.358+0000] {processor.py:208} INFO - Processing /home/airflow/.local/lib/python3.12/site-packages/airflow/example_dags/example_xcom.py took 0.039 seconds
[2024-10-10T16:22:34.893+0000] {processor.py:186} INFO - Started process (PID=330) to work on /home/airflow/.local/lib/python3.12/site-packages/airflow/example_dags/example_xcom.py
[2024-10-10T16:22:34.894+0000] {processor.py:914} INFO - Processing file /home/airflow/.local/lib/python3.12/site-packages/airflow/example_dags/example_xcom.py for tasks to queue
[2024-10-10T16:22:34.897+0000] {logging_mixin.py:190} INFO - [2024-10-10T16:22:34.897+0000] {dagbag.py:588} INFO - Filling up the DagBag from /home/airflow/.local/lib/python3.12/site-packages/airflow/example_dags/example_xcom.py
[2024-10-10T16:22:34.901+0000] {processor.py:925} INFO - DAG(s) 'example_xcom' retrieved from /home/airflow/.local/lib/python3.12/site-packages/airflow/example_dags/example_xcom.py
[2024-10-10T16:22:34.914+0000] {logging_mixin.py:190} INFO - [2024-10-10T16:22:34.914+0000] {dag.py:3239} INFO - Sync 1 DAGs
[2024-10-10T16:22:34.926+0000] {logging_mixin.py:190} INFO - [2024-10-10T16:22:34.926+0000] {dag.py:4180} INFO - Setting next_dagrun for example_xcom to 2021-01-01 00:00:00+00:00, run_after=2021-01-01 00:00:00+00:00
[2024-10-10T16:22:34.936+0000] {processor.py:208} INFO - Processing /home/airflow/.local/lib/python3.12/site-packages/airflow/example_dags/example_xcom.py took 0.047 seconds
[2024-10-10T16:23:05.132+0000] {processor.py:186} INFO - Started process (PID=393) to work on /home/airflow/.local/lib/python3.12/site-packages/airflow/example_dags/example_xcom.py
[2024-10-10T16:23:05.132+0000] {processor.py:914} INFO - Processing file /home/airflow/.local/lib/python3.12/site-packages/airflow/example_dags/example_xcom.py for tasks to queue
[2024-10-10T16:23:05.134+0000] {logging_mixin.py:190} INFO - [2024-10-10T16:23:05.133+0000] {dagbag.py:588} INFO - Filling up the DagBag from /home/airflow/.local/lib/python3.12/site-packages/airflow/example_dags/example_xcom.py
[2024-10-10T16:23:05.138+0000] {processor.py:925} INFO - DAG(s) 'example_xcom' retrieved from /home/airflow/.local/lib/python3.12/site-packages/airflow/example_dags/example_xcom.py
[2024-10-10T16:23:05.151+0000] {logging_mixin.py:190} INFO - [2024-10-10T16:23:05.151+0000] {dag.py:3239} INFO - Sync 1 DAGs
[2024-10-10T16:23:05.162+0000] {logging_mixin.py:190} INFO - [2024-10-10T16:23:05.162+0000] {dag.py:4180} INFO - Setting next_dagrun for example_xcom to 2021-01-01 00:00:00+00:00, run_after=2021-01-01 00:00:00+00:00
[2024-10-10T16:23:05.176+0000] {processor.py:208} INFO - Processing /home/airflow/.local/lib/python3.12/site-packages/airflow/example_dags/example_xcom.py took 0.047 seconds
[2024-10-10T16:23:35.534+0000] {processor.py:186} INFO - Started process (PID=456) to work on /home/airflow/.local/lib/python3.12/site-packages/airflow/example_dags/example_xcom.py
[2024-10-10T16:23:35.535+0000] {processor.py:914} INFO - Processing file /home/airflow/.local/lib/python3.12/site-packages/airflow/example_dags/example_xcom.py for tasks to queue
[2024-10-10T16:23:35.536+0000] {logging_mixin.py:190} INFO - [2024-10-10T16:23:35.536+0000] {dagbag.py:588} INFO - Filling up the DagBag from /home/airflow/.local/lib/python3.12/site-packages/airflow/example_dags/example_xcom.py
[2024-10-10T16:23:35.541+0000] {processor.py:925} INFO - DAG(s) 'example_xcom' retrieved from /home/airflow/.local/lib/python3.12/site-packages/airflow/example_dags/example_xcom.py
[2024-10-10T16:23:35.554+0000] {logging_mixin.py:190} INFO - [2024-10-10T16:23:35.554+0000] {dag.py:3239} INFO - Sync 1 DAGs
[2024-10-10T16:23:35.567+0000] {logging_mixin.py:190} INFO - [2024-10-10T16:23:35.567+0000] {dag.py:4180} INFO - Setting next_dagrun for example_xcom to 2021-01-01 00:00:00+00:00, run_after=2021-01-01 00:00:00+00:00
[2024-10-10T16:23:35.577+0000] {processor.py:208} INFO - Processing /home/airflow/.local/lib/python3.12/site-packages/airflow/example_dags/example_xcom.py took 0.046 seconds
