[2024-10-10T16:20:33.958+0000] {processor.py:186} INFO - Started process (PID=85) to work on /home/airflow/.local/lib/python3.12/site-packages/airflow/example_dags/example_sensor_decorator.py
[2024-10-10T16:20:33.959+0000] {processor.py:914} INFO - Processing file /home/airflow/.local/lib/python3.12/site-packages/airflow/example_dags/example_sensor_decorator.py for tasks to queue
[2024-10-10T16:20:33.961+0000] {logging_mixin.py:190} INFO - [2024-10-10T16:20:33.961+0000] {dagbag.py:588} INFO - Filling up the DagBag from /home/airflow/.local/lib/python3.12/site-packages/airflow/example_dags/example_sensor_decorator.py
[2024-10-10T16:20:33.965+0000] {processor.py:925} INFO - DAG(s) 'example_sensor_decorator' retrieved from /home/airflow/.local/lib/python3.12/site-packages/airflow/example_dags/example_sensor_decorator.py
[2024-10-10T16:20:34.028+0000] {logging_mixin.py:190} INFO - [2024-10-10T16:20:34.028+0000] {override.py:1900} INFO - Created Permission View: can edit on DAG:example_sensor_decorator
[2024-10-10T16:20:34.034+0000] {logging_mixin.py:190} INFO - [2024-10-10T16:20:34.034+0000] {override.py:1900} INFO - Created Permission View: can read on DAG:example_sensor_decorator
[2024-10-10T16:20:34.037+0000] {logging_mixin.py:190} INFO - [2024-10-10T16:20:34.037+0000] {override.py:1900} INFO - Created Permission View: can delete on DAG:example_sensor_decorator
[2024-10-10T16:20:34.040+0000] {logging_mixin.py:190} INFO - [2024-10-10T16:20:34.040+0000] {override.py:1900} INFO - Created Permission View: menu access on DAG Run:example_sensor_decorator
[2024-10-10T16:20:34.043+0000] {logging_mixin.py:190} INFO - [2024-10-10T16:20:34.043+0000] {override.py:1900} INFO - Created Permission View: can create on DAG Run:example_sensor_decorator
[2024-10-10T16:20:34.049+0000] {logging_mixin.py:190} INFO - [2024-10-10T16:20:34.048+0000] {override.py:1900} INFO - Created Permission View: can read on DAG Run:example_sensor_decorator
[2024-10-10T16:20:34.055+0000] {logging_mixin.py:190} INFO - [2024-10-10T16:20:34.055+0000] {override.py:1900} INFO - Created Permission View: can delete on DAG Run:example_sensor_decorator
[2024-10-10T16:20:34.055+0000] {logging_mixin.py:190} INFO - [2024-10-10T16:20:34.055+0000] {dag.py:3239} INFO - Sync 1 DAGs
[2024-10-10T16:20:34.062+0000] {logging_mixin.py:190} INFO - [2024-10-10T16:20:34.062+0000] {dag.py:3262} INFO - Creating ORM DAG for example_sensor_decorator
[2024-10-10T16:20:34.064+0000] {logging_mixin.py:190} INFO - [2024-10-10T16:20:34.064+0000] {dag.py:4180} INFO - Setting next_dagrun for example_sensor_decorator to None, run_after=None
[2024-10-10T16:20:34.082+0000] {processor.py:208} INFO - Processing /home/airflow/.local/lib/python3.12/site-packages/airflow/example_dags/example_sensor_decorator.py took 0.127 seconds
[2024-10-10T16:21:05.005+0000] {processor.py:186} INFO - Started process (PID=148) to work on /home/airflow/.local/lib/python3.12/site-packages/airflow/example_dags/example_sensor_decorator.py
[2024-10-10T16:21:05.008+0000] {processor.py:914} INFO - Processing file /home/airflow/.local/lib/python3.12/site-packages/airflow/example_dags/example_sensor_decorator.py for tasks to queue
[2024-10-10T16:21:05.010+0000] {logging_mixin.py:190} INFO - [2024-10-10T16:21:05.010+0000] {dagbag.py:588} INFO - Filling up the DagBag from /home/airflow/.local/lib/python3.12/site-packages/airflow/example_dags/example_sensor_decorator.py
[2024-10-10T16:21:05.019+0000] {processor.py:925} INFO - DAG(s) 'example_sensor_decorator' retrieved from /home/airflow/.local/lib/python3.12/site-packages/airflow/example_dags/example_sensor_decorator.py
[2024-10-10T16:21:05.035+0000] {logging_mixin.py:190} INFO - [2024-10-10T16:21:05.035+0000] {dag.py:3239} INFO - Sync 1 DAGs
[2024-10-10T16:21:05.043+0000] {logging_mixin.py:190} INFO - [2024-10-10T16:21:05.043+0000] {dag.py:4180} INFO - Setting next_dagrun for example_sensor_decorator to None, run_after=None
[2024-10-10T16:21:05.055+0000] {processor.py:208} INFO - Processing /home/airflow/.local/lib/python3.12/site-packages/airflow/example_dags/example_sensor_decorator.py took 0.057 seconds
[2024-10-10T16:21:35.206+0000] {processor.py:186} INFO - Started process (PID=211) to work on /home/airflow/.local/lib/python3.12/site-packages/airflow/example_dags/example_sensor_decorator.py
[2024-10-10T16:21:35.207+0000] {processor.py:914} INFO - Processing file /home/airflow/.local/lib/python3.12/site-packages/airflow/example_dags/example_sensor_decorator.py for tasks to queue
[2024-10-10T16:21:35.209+0000] {logging_mixin.py:190} INFO - [2024-10-10T16:21:35.209+0000] {dagbag.py:588} INFO - Filling up the DagBag from /home/airflow/.local/lib/python3.12/site-packages/airflow/example_dags/example_sensor_decorator.py
[2024-10-10T16:21:35.213+0000] {processor.py:925} INFO - DAG(s) 'example_sensor_decorator' retrieved from /home/airflow/.local/lib/python3.12/site-packages/airflow/example_dags/example_sensor_decorator.py
[2024-10-10T16:21:35.227+0000] {logging_mixin.py:190} INFO - [2024-10-10T16:21:35.227+0000] {dag.py:3239} INFO - Sync 1 DAGs
[2024-10-10T16:21:35.234+0000] {logging_mixin.py:190} INFO - [2024-10-10T16:21:35.233+0000] {dag.py:4180} INFO - Setting next_dagrun for example_sensor_decorator to None, run_after=None
[2024-10-10T16:21:35.244+0000] {processor.py:208} INFO - Processing /home/airflow/.local/lib/python3.12/site-packages/airflow/example_dags/example_sensor_decorator.py took 0.041 seconds
[2024-10-10T16:22:05.489+0000] {processor.py:186} INFO - Started process (PID=274) to work on /home/airflow/.local/lib/python3.12/site-packages/airflow/example_dags/example_sensor_decorator.py
[2024-10-10T16:22:05.494+0000] {processor.py:914} INFO - Processing file /home/airflow/.local/lib/python3.12/site-packages/airflow/example_dags/example_sensor_decorator.py for tasks to queue
[2024-10-10T16:22:05.495+0000] {logging_mixin.py:190} INFO - [2024-10-10T16:22:05.495+0000] {dagbag.py:588} INFO - Filling up the DagBag from /home/airflow/.local/lib/python3.12/site-packages/airflow/example_dags/example_sensor_decorator.py
[2024-10-10T16:22:05.501+0000] {processor.py:925} INFO - DAG(s) 'example_sensor_decorator' retrieved from /home/airflow/.local/lib/python3.12/site-packages/airflow/example_dags/example_sensor_decorator.py
[2024-10-10T16:22:05.513+0000] {logging_mixin.py:190} INFO - [2024-10-10T16:22:05.513+0000] {dag.py:3239} INFO - Sync 1 DAGs
[2024-10-10T16:22:05.520+0000] {logging_mixin.py:190} INFO - [2024-10-10T16:22:05.520+0000] {dag.py:4180} INFO - Setting next_dagrun for example_sensor_decorator to None, run_after=None
[2024-10-10T16:22:05.533+0000] {processor.py:208} INFO - Processing /home/airflow/.local/lib/python3.12/site-packages/airflow/example_dags/example_sensor_decorator.py took 0.048 seconds
[2024-10-10T16:22:36.090+0000] {processor.py:186} INFO - Started process (PID=337) to work on /home/airflow/.local/lib/python3.12/site-packages/airflow/example_dags/example_sensor_decorator.py
[2024-10-10T16:22:36.094+0000] {processor.py:914} INFO - Processing file /home/airflow/.local/lib/python3.12/site-packages/airflow/example_dags/example_sensor_decorator.py for tasks to queue
[2024-10-10T16:22:36.098+0000] {logging_mixin.py:190} INFO - [2024-10-10T16:22:36.097+0000] {dagbag.py:588} INFO - Filling up the DagBag from /home/airflow/.local/lib/python3.12/site-packages/airflow/example_dags/example_sensor_decorator.py
[2024-10-10T16:22:36.105+0000] {processor.py:925} INFO - DAG(s) 'example_sensor_decorator' retrieved from /home/airflow/.local/lib/python3.12/site-packages/airflow/example_dags/example_sensor_decorator.py
[2024-10-10T16:22:36.123+0000] {logging_mixin.py:190} INFO - [2024-10-10T16:22:36.122+0000] {dag.py:3239} INFO - Sync 1 DAGs
[2024-10-10T16:22:36.132+0000] {logging_mixin.py:190} INFO - [2024-10-10T16:22:36.132+0000] {dag.py:4180} INFO - Setting next_dagrun for example_sensor_decorator to None, run_after=None
[2024-10-10T16:22:36.144+0000] {processor.py:208} INFO - Processing /home/airflow/.local/lib/python3.12/site-packages/airflow/example_dags/example_sensor_decorator.py took 0.060 seconds
[2024-10-10T16:23:06.332+0000] {processor.py:186} INFO - Started process (PID=400) to work on /home/airflow/.local/lib/python3.12/site-packages/airflow/example_dags/example_sensor_decorator.py
[2024-10-10T16:23:06.339+0000] {processor.py:914} INFO - Processing file /home/airflow/.local/lib/python3.12/site-packages/airflow/example_dags/example_sensor_decorator.py for tasks to queue
[2024-10-10T16:23:06.342+0000] {logging_mixin.py:190} INFO - [2024-10-10T16:23:06.342+0000] {dagbag.py:588} INFO - Filling up the DagBag from /home/airflow/.local/lib/python3.12/site-packages/airflow/example_dags/example_sensor_decorator.py
[2024-10-10T16:23:06.350+0000] {processor.py:925} INFO - DAG(s) 'example_sensor_decorator' retrieved from /home/airflow/.local/lib/python3.12/site-packages/airflow/example_dags/example_sensor_decorator.py
[2024-10-10T16:23:06.364+0000] {logging_mixin.py:190} INFO - [2024-10-10T16:23:06.364+0000] {dag.py:3239} INFO - Sync 1 DAGs
[2024-10-10T16:23:06.374+0000] {logging_mixin.py:190} INFO - [2024-10-10T16:23:06.374+0000] {dag.py:4180} INFO - Setting next_dagrun for example_sensor_decorator to None, run_after=None
[2024-10-10T16:23:06.385+0000] {processor.py:208} INFO - Processing /home/airflow/.local/lib/python3.12/site-packages/airflow/example_dags/example_sensor_decorator.py took 0.059 seconds
[2024-10-10T16:23:36.792+0000] {processor.py:186} INFO - Started process (PID=463) to work on /home/airflow/.local/lib/python3.12/site-packages/airflow/example_dags/example_sensor_decorator.py
[2024-10-10T16:23:36.796+0000] {processor.py:914} INFO - Processing file /home/airflow/.local/lib/python3.12/site-packages/airflow/example_dags/example_sensor_decorator.py for tasks to queue
[2024-10-10T16:23:36.807+0000] {logging_mixin.py:190} INFO - [2024-10-10T16:23:36.807+0000] {dagbag.py:588} INFO - Filling up the DagBag from /home/airflow/.local/lib/python3.12/site-packages/airflow/example_dags/example_sensor_decorator.py
[2024-10-10T16:23:36.822+0000] {processor.py:925} INFO - DAG(s) 'example_sensor_decorator' retrieved from /home/airflow/.local/lib/python3.12/site-packages/airflow/example_dags/example_sensor_decorator.py
[2024-10-10T16:23:36.867+0000] {logging_mixin.py:190} INFO - [2024-10-10T16:23:36.867+0000] {dag.py:3239} INFO - Sync 1 DAGs
[2024-10-10T16:23:36.893+0000] {logging_mixin.py:190} INFO - [2024-10-10T16:23:36.893+0000] {dag.py:4180} INFO - Setting next_dagrun for example_sensor_decorator to None, run_after=None
[2024-10-10T16:23:36.926+0000] {processor.py:208} INFO - Processing /home/airflow/.local/lib/python3.12/site-packages/airflow/example_dags/example_sensor_decorator.py took 0.153 seconds
