[2024-10-10T16:20:34.243+0000] {processor.py:186} INFO - Started process (PID=89) to work on /home/airflow/.local/lib/python3.12/site-packages/airflow/example_dags/example_task_group.py
[2024-10-10T16:20:34.243+0000] {processor.py:914} INFO - Processing file /home/airflow/.local/lib/python3.12/site-packages/airflow/example_dags/example_task_group.py for tasks to queue
[2024-10-10T16:20:34.245+0000] {logging_mixin.py:190} INFO - [2024-10-10T16:20:34.244+0000] {dagbag.py:588} INFO - Filling up the DagBag from /home/airflow/.local/lib/python3.12/site-packages/airflow/example_dags/example_task_group.py
[2024-10-10T16:20:34.249+0000] {processor.py:925} INFO - DAG(s) 'example_task_group' retrieved from /home/airflow/.local/lib/python3.12/site-packages/airflow/example_dags/example_task_group.py
[2024-10-10T16:20:34.309+0000] {logging_mixin.py:190} INFO - [2024-10-10T16:20:34.309+0000] {override.py:1900} INFO - Created Permission View: can edit on DAG:example_task_group
[2024-10-10T16:20:34.319+0000] {logging_mixin.py:190} INFO - [2024-10-10T16:20:34.319+0000] {override.py:1900} INFO - Created Permission View: can read on DAG:example_task_group
[2024-10-10T16:20:34.323+0000] {logging_mixin.py:190} INFO - [2024-10-10T16:20:34.323+0000] {override.py:1900} INFO - Created Permission View: can delete on DAG:example_task_group
[2024-10-10T16:20:34.331+0000] {logging_mixin.py:190} INFO - [2024-10-10T16:20:34.331+0000] {override.py:1900} INFO - Created Permission View: menu access on DAG Run:example_task_group
[2024-10-10T16:20:34.339+0000] {logging_mixin.py:190} INFO - [2024-10-10T16:20:34.338+0000] {override.py:1900} INFO - Created Permission View: can create on DAG Run:example_task_group
[2024-10-10T16:20:34.343+0000] {logging_mixin.py:190} INFO - [2024-10-10T16:20:34.343+0000] {override.py:1900} INFO - Created Permission View: can read on DAG Run:example_task_group
[2024-10-10T16:20:34.351+0000] {logging_mixin.py:190} INFO - [2024-10-10T16:20:34.351+0000] {override.py:1900} INFO - Created Permission View: can delete on DAG Run:example_task_group
[2024-10-10T16:20:34.351+0000] {logging_mixin.py:190} INFO - [2024-10-10T16:20:34.351+0000] {dag.py:3239} INFO - Sync 1 DAGs
[2024-10-10T16:20:34.360+0000] {logging_mixin.py:190} INFO - [2024-10-10T16:20:34.360+0000] {dag.py:3262} INFO - Creating ORM DAG for example_task_group
[2024-10-10T16:20:34.360+0000] {logging_mixin.py:190} INFO - [2024-10-10T16:20:34.360+0000] {dag.py:4180} INFO - Setting next_dagrun for example_task_group to None, run_after=None
[2024-10-10T16:20:34.369+0000] {processor.py:208} INFO - Processing /home/airflow/.local/lib/python3.12/site-packages/airflow/example_dags/example_task_group.py took 0.130 seconds
[2024-10-10T16:21:05.170+0000] {processor.py:186} INFO - Started process (PID=152) to work on /home/airflow/.local/lib/python3.12/site-packages/airflow/example_dags/example_task_group.py
[2024-10-10T16:21:05.170+0000] {processor.py:914} INFO - Processing file /home/airflow/.local/lib/python3.12/site-packages/airflow/example_dags/example_task_group.py for tasks to queue
[2024-10-10T16:21:05.171+0000] {logging_mixin.py:190} INFO - [2024-10-10T16:21:05.171+0000] {dagbag.py:588} INFO - Filling up the DagBag from /home/airflow/.local/lib/python3.12/site-packages/airflow/example_dags/example_task_group.py
[2024-10-10T16:21:05.175+0000] {processor.py:925} INFO - DAG(s) 'example_task_group' retrieved from /home/airflow/.local/lib/python3.12/site-packages/airflow/example_dags/example_task_group.py
[2024-10-10T16:21:05.185+0000] {logging_mixin.py:190} INFO - [2024-10-10T16:21:05.185+0000] {dag.py:3239} INFO - Sync 1 DAGs
[2024-10-10T16:21:05.191+0000] {logging_mixin.py:190} INFO - [2024-10-10T16:21:05.191+0000] {dag.py:4180} INFO - Setting next_dagrun for example_task_group to None, run_after=None
[2024-10-10T16:21:05.198+0000] {processor.py:208} INFO - Processing /home/airflow/.local/lib/python3.12/site-packages/airflow/example_dags/example_task_group.py took 0.031 seconds
[2024-10-10T16:21:35.356+0000] {processor.py:186} INFO - Started process (PID=215) to work on /home/airflow/.local/lib/python3.12/site-packages/airflow/example_dags/example_task_group.py
[2024-10-10T16:21:35.356+0000] {processor.py:914} INFO - Processing file /home/airflow/.local/lib/python3.12/site-packages/airflow/example_dags/example_task_group.py for tasks to queue
[2024-10-10T16:21:35.357+0000] {logging_mixin.py:190} INFO - [2024-10-10T16:21:35.357+0000] {dagbag.py:588} INFO - Filling up the DagBag from /home/airflow/.local/lib/python3.12/site-packages/airflow/example_dags/example_task_group.py
[2024-10-10T16:21:35.361+0000] {processor.py:925} INFO - DAG(s) 'example_task_group' retrieved from /home/airflow/.local/lib/python3.12/site-packages/airflow/example_dags/example_task_group.py
[2024-10-10T16:21:35.371+0000] {logging_mixin.py:190} INFO - [2024-10-10T16:21:35.371+0000] {dag.py:3239} INFO - Sync 1 DAGs
[2024-10-10T16:21:35.377+0000] {logging_mixin.py:190} INFO - [2024-10-10T16:21:35.377+0000] {dag.py:4180} INFO - Setting next_dagrun for example_task_group to None, run_after=None
[2024-10-10T16:21:35.384+0000] {processor.py:208} INFO - Processing /home/airflow/.local/lib/python3.12/site-packages/airflow/example_dags/example_task_group.py took 0.031 seconds
[2024-10-10T16:22:05.733+0000] {processor.py:186} INFO - Started process (PID=278) to work on /home/airflow/.local/lib/python3.12/site-packages/airflow/example_dags/example_task_group.py
[2024-10-10T16:22:05.734+0000] {processor.py:914} INFO - Processing file /home/airflow/.local/lib/python3.12/site-packages/airflow/example_dags/example_task_group.py for tasks to queue
[2024-10-10T16:22:05.735+0000] {logging_mixin.py:190} INFO - [2024-10-10T16:22:05.735+0000] {dagbag.py:588} INFO - Filling up the DagBag from /home/airflow/.local/lib/python3.12/site-packages/airflow/example_dags/example_task_group.py
[2024-10-10T16:22:05.740+0000] {processor.py:925} INFO - DAG(s) 'example_task_group' retrieved from /home/airflow/.local/lib/python3.12/site-packages/airflow/example_dags/example_task_group.py
[2024-10-10T16:22:05.754+0000] {logging_mixin.py:190} INFO - [2024-10-10T16:22:05.754+0000] {dag.py:3239} INFO - Sync 1 DAGs
[2024-10-10T16:22:05.767+0000] {logging_mixin.py:190} INFO - [2024-10-10T16:22:05.766+0000] {dag.py:4180} INFO - Setting next_dagrun for example_task_group to None, run_after=None
[2024-10-10T16:22:05.779+0000] {processor.py:208} INFO - Processing /home/airflow/.local/lib/python3.12/site-packages/airflow/example_dags/example_task_group.py took 0.050 seconds
[2024-10-10T16:22:36.260+0000] {processor.py:186} INFO - Started process (PID=341) to work on /home/airflow/.local/lib/python3.12/site-packages/airflow/example_dags/example_task_group.py
[2024-10-10T16:22:36.261+0000] {processor.py:914} INFO - Processing file /home/airflow/.local/lib/python3.12/site-packages/airflow/example_dags/example_task_group.py for tasks to queue
[2024-10-10T16:22:36.262+0000] {logging_mixin.py:190} INFO - [2024-10-10T16:22:36.262+0000] {dagbag.py:588} INFO - Filling up the DagBag from /home/airflow/.local/lib/python3.12/site-packages/airflow/example_dags/example_task_group.py
[2024-10-10T16:22:36.266+0000] {processor.py:925} INFO - DAG(s) 'example_task_group' retrieved from /home/airflow/.local/lib/python3.12/site-packages/airflow/example_dags/example_task_group.py
[2024-10-10T16:22:36.276+0000] {logging_mixin.py:190} INFO - [2024-10-10T16:22:36.275+0000] {dag.py:3239} INFO - Sync 1 DAGs
[2024-10-10T16:22:36.282+0000] {logging_mixin.py:190} INFO - [2024-10-10T16:22:36.281+0000] {dag.py:4180} INFO - Setting next_dagrun for example_task_group to None, run_after=None
[2024-10-10T16:22:36.289+0000] {processor.py:208} INFO - Processing /home/airflow/.local/lib/python3.12/site-packages/airflow/example_dags/example_task_group.py took 0.031 seconds
[2024-10-10T16:23:06.469+0000] {processor.py:186} INFO - Started process (PID=404) to work on /home/airflow/.local/lib/python3.12/site-packages/airflow/example_dags/example_task_group.py
[2024-10-10T16:23:06.472+0000] {processor.py:914} INFO - Processing file /home/airflow/.local/lib/python3.12/site-packages/airflow/example_dags/example_task_group.py for tasks to queue
[2024-10-10T16:23:06.477+0000] {logging_mixin.py:190} INFO - [2024-10-10T16:23:06.477+0000] {dagbag.py:588} INFO - Filling up the DagBag from /home/airflow/.local/lib/python3.12/site-packages/airflow/example_dags/example_task_group.py
[2024-10-10T16:23:06.482+0000] {processor.py:925} INFO - DAG(s) 'example_task_group' retrieved from /home/airflow/.local/lib/python3.12/site-packages/airflow/example_dags/example_task_group.py
[2024-10-10T16:23:06.495+0000] {logging_mixin.py:190} INFO - [2024-10-10T16:23:06.495+0000] {dag.py:3239} INFO - Sync 1 DAGs
[2024-10-10T16:23:06.501+0000] {logging_mixin.py:190} INFO - [2024-10-10T16:23:06.501+0000] {dag.py:4180} INFO - Setting next_dagrun for example_task_group to None, run_after=None
[2024-10-10T16:23:06.510+0000] {processor.py:208} INFO - Processing /home/airflow/.local/lib/python3.12/site-packages/airflow/example_dags/example_task_group.py took 0.044 seconds
