[2024-10-10T16:20:34.388+0000] {processor.py:186} INFO - Started process (PID=91) to work on /home/airflow/.local/lib/python3.12/site-packages/airflow/example_dags/example_outlet_event_extra.py
[2024-10-10T16:20:34.389+0000] {processor.py:914} INFO - Processing file /home/airflow/.local/lib/python3.12/site-packages/airflow/example_dags/example_outlet_event_extra.py for tasks to queue
[2024-10-10T16:20:34.390+0000] {logging_mixin.py:190} INFO - [2024-10-10T16:20:34.390+0000] {dagbag.py:588} INFO - Filling up the DagBag from /home/airflow/.local/lib/python3.12/site-packages/airflow/example_dags/example_outlet_event_extra.py
[2024-10-10T16:20:34.480+0000] {processor.py:925} INFO - DAG(s) 'dataset_with_extra_by_context', 'dataset_with_extra_by_yield', 'dataset_with_extra_from_classic_operator' retrieved from /home/airflow/.local/lib/python3.12/site-packages/airflow/example_dags/example_outlet_event_extra.py
[2024-10-10T16:20:34.539+0000] {logging_mixin.py:190} INFO - [2024-10-10T16:20:34.538+0000] {override.py:1900} INFO - Created Permission View: can edit on DAG:dataset_with_extra_by_context
[2024-10-10T16:20:34.548+0000] {logging_mixin.py:190} INFO - [2024-10-10T16:20:34.548+0000] {override.py:1900} INFO - Created Permission View: can read on DAG:dataset_with_extra_by_context
[2024-10-10T16:20:34.552+0000] {logging_mixin.py:190} INFO - [2024-10-10T16:20:34.552+0000] {override.py:1900} INFO - Created Permission View: can delete on DAG:dataset_with_extra_by_context
[2024-10-10T16:20:34.558+0000] {logging_mixin.py:190} INFO - [2024-10-10T16:20:34.558+0000] {override.py:1900} INFO - Created Permission View: menu access on DAG Run:dataset_with_extra_by_context
[2024-10-10T16:20:34.566+0000] {logging_mixin.py:190} INFO - [2024-10-10T16:20:34.565+0000] {override.py:1900} INFO - Created Permission View: can create on DAG Run:dataset_with_extra_by_context
[2024-10-10T16:20:34.569+0000] {logging_mixin.py:190} INFO - [2024-10-10T16:20:34.569+0000] {override.py:1900} INFO - Created Permission View: can read on DAG Run:dataset_with_extra_by_context
[2024-10-10T16:20:34.573+0000] {logging_mixin.py:190} INFO - [2024-10-10T16:20:34.573+0000] {override.py:1900} INFO - Created Permission View: can delete on DAG Run:dataset_with_extra_by_context
[2024-10-10T16:20:34.581+0000] {logging_mixin.py:190} INFO - [2024-10-10T16:20:34.581+0000] {override.py:1900} INFO - Created Permission View: can edit on DAG:dataset_with_extra_by_yield
[2024-10-10T16:20:34.590+0000] {logging_mixin.py:190} INFO - [2024-10-10T16:20:34.590+0000] {override.py:1900} INFO - Created Permission View: can read on DAG:dataset_with_extra_by_yield
[2024-10-10T16:20:34.596+0000] {logging_mixin.py:190} INFO - [2024-10-10T16:20:34.596+0000] {override.py:1900} INFO - Created Permission View: can delete on DAG:dataset_with_extra_by_yield
[2024-10-10T16:20:34.602+0000] {logging_mixin.py:190} INFO - [2024-10-10T16:20:34.602+0000] {override.py:1900} INFO - Created Permission View: menu access on DAG Run:dataset_with_extra_by_yield
[2024-10-10T16:20:34.611+0000] {logging_mixin.py:190} INFO - [2024-10-10T16:20:34.611+0000] {override.py:1900} INFO - Created Permission View: can create on DAG Run:dataset_with_extra_by_yield
[2024-10-10T16:20:34.614+0000] {logging_mixin.py:190} INFO - [2024-10-10T16:20:34.614+0000] {override.py:1900} INFO - Created Permission View: can read on DAG Run:dataset_with_extra_by_yield
[2024-10-10T16:20:34.622+0000] {logging_mixin.py:190} INFO - [2024-10-10T16:20:34.622+0000] {override.py:1900} INFO - Created Permission View: can delete on DAG Run:dataset_with_extra_by_yield
[2024-10-10T16:20:34.632+0000] {logging_mixin.py:190} INFO - [2024-10-10T16:20:34.632+0000] {override.py:1900} INFO - Created Permission View: can edit on DAG:dataset_with_extra_from_classic_operator
[2024-10-10T16:20:34.637+0000] {logging_mixin.py:190} INFO - [2024-10-10T16:20:34.637+0000] {override.py:1900} INFO - Created Permission View: can read on DAG:dataset_with_extra_from_classic_operator
[2024-10-10T16:20:34.640+0000] {logging_mixin.py:190} INFO - [2024-10-10T16:20:34.640+0000] {override.py:1900} INFO - Created Permission View: can delete on DAG:dataset_with_extra_from_classic_operator
[2024-10-10T16:20:34.646+0000] {logging_mixin.py:190} INFO - [2024-10-10T16:20:34.646+0000] {override.py:1900} INFO - Created Permission View: menu access on DAG Run:dataset_with_extra_from_classic_operator
[2024-10-10T16:20:34.651+0000] {logging_mixin.py:190} INFO - [2024-10-10T16:20:34.651+0000] {override.py:1900} INFO - Created Permission View: can create on DAG Run:dataset_with_extra_from_classic_operator
[2024-10-10T16:20:34.654+0000] {logging_mixin.py:190} INFO - [2024-10-10T16:20:34.654+0000] {override.py:1900} INFO - Created Permission View: can read on DAG Run:dataset_with_extra_from_classic_operator
[2024-10-10T16:20:34.659+0000] {logging_mixin.py:190} INFO - [2024-10-10T16:20:34.659+0000] {override.py:1900} INFO - Created Permission View: can delete on DAG Run:dataset_with_extra_from_classic_operator
[2024-10-10T16:20:34.660+0000] {logging_mixin.py:190} INFO - [2024-10-10T16:20:34.659+0000] {dag.py:3239} INFO - Sync 3 DAGs
[2024-10-10T16:20:34.667+0000] {logging_mixin.py:190} INFO - [2024-10-10T16:20:34.667+0000] {dag.py:3262} INFO - Creating ORM DAG for dataset_with_extra_by_context
[2024-10-10T16:20:34.668+0000] {logging_mixin.py:190} INFO - [2024-10-10T16:20:34.668+0000] {dag.py:3262} INFO - Creating ORM DAG for dataset_with_extra_from_classic_operator
[2024-10-10T16:20:34.668+0000] {logging_mixin.py:190} INFO - [2024-10-10T16:20:34.668+0000] {dag.py:3262} INFO - Creating ORM DAG for dataset_with_extra_by_yield
[2024-10-10T16:20:34.675+0000] {logging_mixin.py:190} INFO - [2024-10-10T16:20:34.675+0000] {dag.py:4180} INFO - Setting next_dagrun for dataset_with_extra_by_context to 2024-10-09 00:00:00+00:00, run_after=2024-10-10 00:00:00+00:00
[2024-10-10T16:20:34.676+0000] {logging_mixin.py:190} INFO - [2024-10-10T16:20:34.676+0000] {dag.py:4180} INFO - Setting next_dagrun for dataset_with_extra_by_yield to 2024-10-09 00:00:00+00:00, run_after=2024-10-10 00:00:00+00:00
[2024-10-10T16:20:34.677+0000] {logging_mixin.py:190} INFO - [2024-10-10T16:20:34.677+0000] {dag.py:4180} INFO - Setting next_dagrun for dataset_with_extra_from_classic_operator to 2024-10-09 00:00:00+00:00, run_after=2024-10-10 00:00:00+00:00
[2024-10-10T16:20:34.694+0000] {processor.py:208} INFO - Processing /home/airflow/.local/lib/python3.12/site-packages/airflow/example_dags/example_outlet_event_extra.py took 0.309 seconds
[2024-10-10T16:21:05.212+0000] {processor.py:186} INFO - Started process (PID=154) to work on /home/airflow/.local/lib/python3.12/site-packages/airflow/example_dags/example_outlet_event_extra.py
[2024-10-10T16:21:05.213+0000] {processor.py:914} INFO - Processing file /home/airflow/.local/lib/python3.12/site-packages/airflow/example_dags/example_outlet_event_extra.py for tasks to queue
[2024-10-10T16:21:05.215+0000] {logging_mixin.py:190} INFO - [2024-10-10T16:21:05.215+0000] {dagbag.py:588} INFO - Filling up the DagBag from /home/airflow/.local/lib/python3.12/site-packages/airflow/example_dags/example_outlet_event_extra.py
[2024-10-10T16:21:05.286+0000] {processor.py:925} INFO - DAG(s) 'dataset_with_extra_by_yield', 'dataset_with_extra_by_context', 'dataset_with_extra_from_classic_operator' retrieved from /home/airflow/.local/lib/python3.12/site-packages/airflow/example_dags/example_outlet_event_extra.py
[2024-10-10T16:21:05.299+0000] {logging_mixin.py:190} INFO - [2024-10-10T16:21:05.299+0000] {dag.py:3239} INFO - Sync 3 DAGs
[2024-10-10T16:21:05.310+0000] {logging_mixin.py:190} INFO - [2024-10-10T16:21:05.310+0000] {dag.py:4180} INFO - Setting next_dagrun for dataset_with_extra_by_context to 2024-10-09 00:00:00+00:00, run_after=2024-10-10 00:00:00+00:00
[2024-10-10T16:21:05.313+0000] {logging_mixin.py:190} INFO - [2024-10-10T16:21:05.313+0000] {dag.py:4180} INFO - Setting next_dagrun for dataset_with_extra_by_yield to 2024-10-09 00:00:00+00:00, run_after=2024-10-10 00:00:00+00:00
[2024-10-10T16:21:05.314+0000] {logging_mixin.py:190} INFO - [2024-10-10T16:21:05.314+0000] {dag.py:4180} INFO - Setting next_dagrun for dataset_with_extra_from_classic_operator to 2024-10-09 00:00:00+00:00, run_after=2024-10-10 00:00:00+00:00
[2024-10-10T16:21:05.326+0000] {processor.py:208} INFO - Processing /home/airflow/.local/lib/python3.12/site-packages/airflow/example_dags/example_outlet_event_extra.py took 0.117 seconds
[2024-10-10T16:21:35.406+0000] {processor.py:186} INFO - Started process (PID=217) to work on /home/airflow/.local/lib/python3.12/site-packages/airflow/example_dags/example_outlet_event_extra.py
[2024-10-10T16:21:35.406+0000] {processor.py:914} INFO - Processing file /home/airflow/.local/lib/python3.12/site-packages/airflow/example_dags/example_outlet_event_extra.py for tasks to queue
[2024-10-10T16:21:35.407+0000] {logging_mixin.py:190} INFO - [2024-10-10T16:21:35.407+0000] {dagbag.py:588} INFO - Filling up the DagBag from /home/airflow/.local/lib/python3.12/site-packages/airflow/example_dags/example_outlet_event_extra.py
[2024-10-10T16:21:35.495+0000] {processor.py:925} INFO - DAG(s) 'dataset_with_extra_by_yield', 'dataset_with_extra_by_context', 'dataset_with_extra_from_classic_operator' retrieved from /home/airflow/.local/lib/python3.12/site-packages/airflow/example_dags/example_outlet_event_extra.py
[2024-10-10T16:21:35.508+0000] {logging_mixin.py:190} INFO - [2024-10-10T16:21:35.508+0000] {dag.py:3239} INFO - Sync 3 DAGs
[2024-10-10T16:21:35.522+0000] {logging_mixin.py:190} INFO - [2024-10-10T16:21:35.522+0000] {dag.py:4180} INFO - Setting next_dagrun for dataset_with_extra_by_context to 2024-10-09 00:00:00+00:00, run_after=2024-10-10 00:00:00+00:00
[2024-10-10T16:21:35.525+0000] {logging_mixin.py:190} INFO - [2024-10-10T16:21:35.525+0000] {dag.py:4180} INFO - Setting next_dagrun for dataset_with_extra_by_yield to 2024-10-09 00:00:00+00:00, run_after=2024-10-10 00:00:00+00:00
[2024-10-10T16:21:35.527+0000] {logging_mixin.py:190} INFO - [2024-10-10T16:21:35.527+0000] {dag.py:4180} INFO - Setting next_dagrun for dataset_with_extra_from_classic_operator to 2024-10-09 00:00:00+00:00, run_after=2024-10-10 00:00:00+00:00
[2024-10-10T16:21:35.540+0000] {processor.py:208} INFO - Processing /home/airflow/.local/lib/python3.12/site-packages/airflow/example_dags/example_outlet_event_extra.py took 0.137 seconds
[2024-10-10T16:22:05.796+0000] {processor.py:186} INFO - Started process (PID=280) to work on /home/airflow/.local/lib/python3.12/site-packages/airflow/example_dags/example_outlet_event_extra.py
[2024-10-10T16:22:05.797+0000] {processor.py:914} INFO - Processing file /home/airflow/.local/lib/python3.12/site-packages/airflow/example_dags/example_outlet_event_extra.py for tasks to queue
[2024-10-10T16:22:05.798+0000] {logging_mixin.py:190} INFO - [2024-10-10T16:22:05.798+0000] {dagbag.py:588} INFO - Filling up the DagBag from /home/airflow/.local/lib/python3.12/site-packages/airflow/example_dags/example_outlet_event_extra.py
[2024-10-10T16:22:05.882+0000] {processor.py:925} INFO - DAG(s) 'dataset_with_extra_by_context', 'dataset_with_extra_by_yield', 'dataset_with_extra_from_classic_operator' retrieved from /home/airflow/.local/lib/python3.12/site-packages/airflow/example_dags/example_outlet_event_extra.py
[2024-10-10T16:22:05.896+0000] {logging_mixin.py:190} INFO - [2024-10-10T16:22:05.896+0000] {dag.py:3239} INFO - Sync 3 DAGs
[2024-10-10T16:22:05.908+0000] {logging_mixin.py:190} INFO - [2024-10-10T16:22:05.908+0000] {dag.py:4180} INFO - Setting next_dagrun for dataset_with_extra_by_context to 2024-10-09 00:00:00+00:00, run_after=2024-10-10 00:00:00+00:00
[2024-10-10T16:22:05.910+0000] {logging_mixin.py:190} INFO - [2024-10-10T16:22:05.910+0000] {dag.py:4180} INFO - Setting next_dagrun for dataset_with_extra_by_yield to 2024-10-09 00:00:00+00:00, run_after=2024-10-10 00:00:00+00:00
[2024-10-10T16:22:05.911+0000] {logging_mixin.py:190} INFO - [2024-10-10T16:22:05.911+0000] {dag.py:4180} INFO - Setting next_dagrun for dataset_with_extra_from_classic_operator to 2024-10-09 00:00:00+00:00, run_after=2024-10-10 00:00:00+00:00
[2024-10-10T16:22:05.923+0000] {processor.py:208} INFO - Processing /home/airflow/.local/lib/python3.12/site-packages/airflow/example_dags/example_outlet_event_extra.py took 0.132 seconds
[2024-10-10T16:22:36.307+0000] {processor.py:186} INFO - Started process (PID=343) to work on /home/airflow/.local/lib/python3.12/site-packages/airflow/example_dags/example_outlet_event_extra.py
[2024-10-10T16:22:36.307+0000] {processor.py:914} INFO - Processing file /home/airflow/.local/lib/python3.12/site-packages/airflow/example_dags/example_outlet_event_extra.py for tasks to queue
[2024-10-10T16:22:36.308+0000] {logging_mixin.py:190} INFO - [2024-10-10T16:22:36.308+0000] {dagbag.py:588} INFO - Filling up the DagBag from /home/airflow/.local/lib/python3.12/site-packages/airflow/example_dags/example_outlet_event_extra.py
[2024-10-10T16:22:36.384+0000] {processor.py:925} INFO - DAG(s) 'dataset_with_extra_by_yield', 'dataset_with_extra_from_classic_operator', 'dataset_with_extra_by_context' retrieved from /home/airflow/.local/lib/python3.12/site-packages/airflow/example_dags/example_outlet_event_extra.py
[2024-10-10T16:22:36.401+0000] {logging_mixin.py:190} INFO - [2024-10-10T16:22:36.400+0000] {dag.py:3239} INFO - Sync 3 DAGs
[2024-10-10T16:22:36.415+0000] {logging_mixin.py:190} INFO - [2024-10-10T16:22:36.415+0000] {dag.py:4180} INFO - Setting next_dagrun for dataset_with_extra_by_context to 2024-10-09 00:00:00+00:00, run_after=2024-10-10 00:00:00+00:00
[2024-10-10T16:22:36.421+0000] {logging_mixin.py:190} INFO - [2024-10-10T16:22:36.420+0000] {dag.py:4180} INFO - Setting next_dagrun for dataset_with_extra_by_yield to 2024-10-09 00:00:00+00:00, run_after=2024-10-10 00:00:00+00:00
[2024-10-10T16:22:36.422+0000] {logging_mixin.py:190} INFO - [2024-10-10T16:22:36.422+0000] {dag.py:4180} INFO - Setting next_dagrun for dataset_with_extra_from_classic_operator to 2024-10-09 00:00:00+00:00, run_after=2024-10-10 00:00:00+00:00
[2024-10-10T16:22:36.436+0000] {processor.py:208} INFO - Processing /home/airflow/.local/lib/python3.12/site-packages/airflow/example_dags/example_outlet_event_extra.py took 0.133 seconds
[2024-10-10T16:23:06.527+0000] {processor.py:186} INFO - Started process (PID=406) to work on /home/airflow/.local/lib/python3.12/site-packages/airflow/example_dags/example_outlet_event_extra.py
[2024-10-10T16:23:06.528+0000] {processor.py:914} INFO - Processing file /home/airflow/.local/lib/python3.12/site-packages/airflow/example_dags/example_outlet_event_extra.py for tasks to queue
[2024-10-10T16:23:06.529+0000] {logging_mixin.py:190} INFO - [2024-10-10T16:23:06.529+0000] {dagbag.py:588} INFO - Filling up the DagBag from /home/airflow/.local/lib/python3.12/site-packages/airflow/example_dags/example_outlet_event_extra.py
[2024-10-10T16:23:06.611+0000] {processor.py:925} INFO - DAG(s) 'dataset_with_extra_from_classic_operator', 'dataset_with_extra_by_yield', 'dataset_with_extra_by_context' retrieved from /home/airflow/.local/lib/python3.12/site-packages/airflow/example_dags/example_outlet_event_extra.py
[2024-10-10T16:23:06.626+0000] {logging_mixin.py:190} INFO - [2024-10-10T16:23:06.626+0000] {dag.py:3239} INFO - Sync 3 DAGs
[2024-10-10T16:23:06.638+0000] {logging_mixin.py:190} INFO - [2024-10-10T16:23:06.638+0000] {dag.py:4180} INFO - Setting next_dagrun for dataset_with_extra_by_context to 2024-10-09 00:00:00+00:00, run_after=2024-10-10 00:00:00+00:00
[2024-10-10T16:23:06.641+0000] {logging_mixin.py:190} INFO - [2024-10-10T16:23:06.641+0000] {dag.py:4180} INFO - Setting next_dagrun for dataset_with_extra_by_yield to 2024-10-09 00:00:00+00:00, run_after=2024-10-10 00:00:00+00:00
[2024-10-10T16:23:06.644+0000] {logging_mixin.py:190} INFO - [2024-10-10T16:23:06.644+0000] {dag.py:4180} INFO - Setting next_dagrun for dataset_with_extra_from_classic_operator to 2024-10-09 00:00:00+00:00, run_after=2024-10-10 00:00:00+00:00
[2024-10-10T16:23:06.658+0000] {processor.py:208} INFO - Processing /home/airflow/.local/lib/python3.12/site-packages/airflow/example_dags/example_outlet_event_extra.py took 0.134 seconds
