[2024-10-10T16:20:31.404+0000] {processor.py:186} INFO - Started process (PID=49) to work on /home/airflow/.local/lib/python3.12/site-packages/airflow/example_dags/example_params_ui_tutorial.py
[2024-10-10T16:20:31.405+0000] {processor.py:914} INFO - Processing file /home/airflow/.local/lib/python3.12/site-packages/airflow/example_dags/example_params_ui_tutorial.py for tasks to queue
[2024-10-10T16:20:31.407+0000] {logging_mixin.py:190} INFO - [2024-10-10T16:20:31.407+0000] {dagbag.py:588} INFO - Filling up the DagBag from /home/airflow/.local/lib/python3.12/site-packages/airflow/example_dags/example_params_ui_tutorial.py
[2024-10-10T16:20:31.416+0000] {processor.py:925} INFO - DAG(s) 'example_params_ui_tutorial' retrieved from /home/airflow/.local/lib/python3.12/site-packages/airflow/example_dags/example_params_ui_tutorial.py
[2024-10-10T16:20:31.505+0000] {logging_mixin.py:190} INFO - [2024-10-10T16:20:31.505+0000] {override.py:1900} INFO - Created Permission View: can edit on DAG:example_params_ui_tutorial
[2024-10-10T16:20:31.516+0000] {logging_mixin.py:190} INFO - [2024-10-10T16:20:31.515+0000] {override.py:1900} INFO - Created Permission View: can read on DAG:example_params_ui_tutorial
[2024-10-10T16:20:31.527+0000] {logging_mixin.py:190} INFO - [2024-10-10T16:20:31.527+0000] {override.py:1900} INFO - Created Permission View: can delete on DAG:example_params_ui_tutorial
[2024-10-10T16:20:31.532+0000] {logging_mixin.py:190} INFO - [2024-10-10T16:20:31.532+0000] {override.py:1900} INFO - Created Permission View: menu access on DAG Run:example_params_ui_tutorial
[2024-10-10T16:20:31.537+0000] {logging_mixin.py:190} INFO - [2024-10-10T16:20:31.537+0000] {override.py:1900} INFO - Created Permission View: can create on DAG Run:example_params_ui_tutorial
[2024-10-10T16:20:31.549+0000] {logging_mixin.py:190} INFO - [2024-10-10T16:20:31.549+0000] {override.py:1900} INFO - Created Permission View: can read on DAG Run:example_params_ui_tutorial
[2024-10-10T16:20:31.561+0000] {logging_mixin.py:190} INFO - [2024-10-10T16:20:31.561+0000] {override.py:1900} INFO - Created Permission View: can delete on DAG Run:example_params_ui_tutorial
[2024-10-10T16:20:31.562+0000] {logging_mixin.py:190} INFO - [2024-10-10T16:20:31.562+0000] {dag.py:3239} INFO - Sync 1 DAGs
[2024-10-10T16:20:31.571+0000] {logging_mixin.py:190} INFO - [2024-10-10T16:20:31.571+0000] {dag.py:3262} INFO - Creating ORM DAG for example_params_ui_tutorial
[2024-10-10T16:20:31.572+0000] {logging_mixin.py:190} INFO - [2024-10-10T16:20:31.572+0000] {dag.py:4180} INFO - Setting next_dagrun for example_params_ui_tutorial to None, run_after=None
[2024-10-10T16:20:31.585+0000] {processor.py:208} INFO - Processing /home/airflow/.local/lib/python3.12/site-packages/airflow/example_dags/example_params_ui_tutorial.py took 0.184 seconds
[2024-10-10T16:21:01.990+0000] {processor.py:186} INFO - Started process (PID=113) to work on /home/airflow/.local/lib/python3.12/site-packages/airflow/example_dags/example_params_ui_tutorial.py
[2024-10-10T16:21:01.995+0000] {processor.py:914} INFO - Processing file /home/airflow/.local/lib/python3.12/site-packages/airflow/example_dags/example_params_ui_tutorial.py for tasks to queue
[2024-10-10T16:21:01.996+0000] {logging_mixin.py:190} INFO - [2024-10-10T16:21:01.996+0000] {dagbag.py:588} INFO - Filling up the DagBag from /home/airflow/.local/lib/python3.12/site-packages/airflow/example_dags/example_params_ui_tutorial.py
[2024-10-10T16:21:02.002+0000] {processor.py:925} INFO - DAG(s) 'example_params_ui_tutorial' retrieved from /home/airflow/.local/lib/python3.12/site-packages/airflow/example_dags/example_params_ui_tutorial.py
[2024-10-10T16:21:02.027+0000] {logging_mixin.py:190} INFO - [2024-10-10T16:21:02.027+0000] {dag.py:3239} INFO - Sync 1 DAGs
[2024-10-10T16:21:02.035+0000] {logging_mixin.py:190} INFO - [2024-10-10T16:21:02.035+0000] {dag.py:4180} INFO - Setting next_dagrun for example_params_ui_tutorial to None, run_after=None
[2024-10-10T16:21:02.050+0000] {processor.py:208} INFO - Processing /home/airflow/.local/lib/python3.12/site-packages/airflow/example_dags/example_params_ui_tutorial.py took 0.063 seconds
[2024-10-10T16:21:32.228+0000] {processor.py:186} INFO - Started process (PID=176) to work on /home/airflow/.local/lib/python3.12/site-packages/airflow/example_dags/example_params_ui_tutorial.py
[2024-10-10T16:21:32.229+0000] {processor.py:914} INFO - Processing file /home/airflow/.local/lib/python3.12/site-packages/airflow/example_dags/example_params_ui_tutorial.py for tasks to queue
[2024-10-10T16:21:32.231+0000] {logging_mixin.py:190} INFO - [2024-10-10T16:21:32.231+0000] {dagbag.py:588} INFO - Filling up the DagBag from /home/airflow/.local/lib/python3.12/site-packages/airflow/example_dags/example_params_ui_tutorial.py
[2024-10-10T16:21:32.236+0000] {processor.py:925} INFO - DAG(s) 'example_params_ui_tutorial' retrieved from /home/airflow/.local/lib/python3.12/site-packages/airflow/example_dags/example_params_ui_tutorial.py
[2024-10-10T16:21:32.265+0000] {logging_mixin.py:190} INFO - [2024-10-10T16:21:32.265+0000] {dag.py:3239} INFO - Sync 1 DAGs
[2024-10-10T16:21:32.273+0000] {logging_mixin.py:190} INFO - [2024-10-10T16:21:32.272+0000] {dag.py:4180} INFO - Setting next_dagrun for example_params_ui_tutorial to None, run_after=None
[2024-10-10T16:21:32.282+0000] {processor.py:208} INFO - Processing /home/airflow/.local/lib/python3.12/site-packages/airflow/example_dags/example_params_ui_tutorial.py took 0.058 seconds
[2024-10-10T16:22:02.456+0000] {processor.py:186} INFO - Started process (PID=239) to work on /home/airflow/.local/lib/python3.12/site-packages/airflow/example_dags/example_params_ui_tutorial.py
[2024-10-10T16:22:02.457+0000] {processor.py:914} INFO - Processing file /home/airflow/.local/lib/python3.12/site-packages/airflow/example_dags/example_params_ui_tutorial.py for tasks to queue
[2024-10-10T16:22:02.458+0000] {logging_mixin.py:190} INFO - [2024-10-10T16:22:02.458+0000] {dagbag.py:588} INFO - Filling up the DagBag from /home/airflow/.local/lib/python3.12/site-packages/airflow/example_dags/example_params_ui_tutorial.py
[2024-10-10T16:22:02.463+0000] {processor.py:925} INFO - DAG(s) 'example_params_ui_tutorial' retrieved from /home/airflow/.local/lib/python3.12/site-packages/airflow/example_dags/example_params_ui_tutorial.py
[2024-10-10T16:22:02.483+0000] {logging_mixin.py:190} INFO - [2024-10-10T16:22:02.483+0000] {dag.py:3239} INFO - Sync 1 DAGs
[2024-10-10T16:22:02.491+0000] {logging_mixin.py:190} INFO - [2024-10-10T16:22:02.491+0000] {dag.py:4180} INFO - Setting next_dagrun for example_params_ui_tutorial to None, run_after=None
[2024-10-10T16:22:02.505+0000] {processor.py:208} INFO - Processing /home/airflow/.local/lib/python3.12/site-packages/airflow/example_dags/example_params_ui_tutorial.py took 0.052 seconds
[2024-10-10T16:22:33.120+0000] {processor.py:186} INFO - Started process (PID=308) to work on /home/airflow/.local/lib/python3.12/site-packages/airflow/example_dags/example_params_ui_tutorial.py
[2024-10-10T16:22:33.121+0000] {processor.py:914} INFO - Processing file /home/airflow/.local/lib/python3.12/site-packages/airflow/example_dags/example_params_ui_tutorial.py for tasks to queue
[2024-10-10T16:22:33.123+0000] {logging_mixin.py:190} INFO - [2024-10-10T16:22:33.123+0000] {dagbag.py:588} INFO - Filling up the DagBag from /home/airflow/.local/lib/python3.12/site-packages/airflow/example_dags/example_params_ui_tutorial.py
[2024-10-10T16:22:33.128+0000] {processor.py:925} INFO - DAG(s) 'example_params_ui_tutorial' retrieved from /home/airflow/.local/lib/python3.12/site-packages/airflow/example_dags/example_params_ui_tutorial.py
[2024-10-10T16:22:33.152+0000] {logging_mixin.py:190} INFO - [2024-10-10T16:22:33.152+0000] {dag.py:3239} INFO - Sync 1 DAGs
[2024-10-10T16:22:33.162+0000] {logging_mixin.py:190} INFO - [2024-10-10T16:22:33.162+0000] {dag.py:4180} INFO - Setting next_dagrun for example_params_ui_tutorial to None, run_after=None
[2024-10-10T16:22:33.178+0000] {processor.py:208} INFO - Processing /home/airflow/.local/lib/python3.12/site-packages/airflow/example_dags/example_params_ui_tutorial.py took 0.061 seconds
[2024-10-10T16:23:03.352+0000] {processor.py:186} INFO - Started process (PID=371) to work on /home/airflow/.local/lib/python3.12/site-packages/airflow/example_dags/example_params_ui_tutorial.py
[2024-10-10T16:23:03.353+0000] {processor.py:914} INFO - Processing file /home/airflow/.local/lib/python3.12/site-packages/airflow/example_dags/example_params_ui_tutorial.py for tasks to queue
[2024-10-10T16:23:03.354+0000] {logging_mixin.py:190} INFO - [2024-10-10T16:23:03.354+0000] {dagbag.py:588} INFO - Filling up the DagBag from /home/airflow/.local/lib/python3.12/site-packages/airflow/example_dags/example_params_ui_tutorial.py
[2024-10-10T16:23:03.359+0000] {processor.py:925} INFO - DAG(s) 'example_params_ui_tutorial' retrieved from /home/airflow/.local/lib/python3.12/site-packages/airflow/example_dags/example_params_ui_tutorial.py
[2024-10-10T16:23:03.385+0000] {logging_mixin.py:190} INFO - [2024-10-10T16:23:03.385+0000] {dag.py:3239} INFO - Sync 1 DAGs
[2024-10-10T16:23:03.393+0000] {logging_mixin.py:190} INFO - [2024-10-10T16:23:03.393+0000] {dag.py:4180} INFO - Setting next_dagrun for example_params_ui_tutorial to None, run_after=None
[2024-10-10T16:23:03.401+0000] {processor.py:208} INFO - Processing /home/airflow/.local/lib/python3.12/site-packages/airflow/example_dags/example_params_ui_tutorial.py took 0.053 seconds
[2024-10-10T16:23:33.709+0000] {processor.py:186} INFO - Started process (PID=434) to work on /home/airflow/.local/lib/python3.12/site-packages/airflow/example_dags/example_params_ui_tutorial.py
[2024-10-10T16:23:33.713+0000] {processor.py:914} INFO - Processing file /home/airflow/.local/lib/python3.12/site-packages/airflow/example_dags/example_params_ui_tutorial.py for tasks to queue
[2024-10-10T16:23:33.715+0000] {logging_mixin.py:190} INFO - [2024-10-10T16:23:33.714+0000] {dagbag.py:588} INFO - Filling up the DagBag from /home/airflow/.local/lib/python3.12/site-packages/airflow/example_dags/example_params_ui_tutorial.py
[2024-10-10T16:23:33.720+0000] {processor.py:925} INFO - DAG(s) 'example_params_ui_tutorial' retrieved from /home/airflow/.local/lib/python3.12/site-packages/airflow/example_dags/example_params_ui_tutorial.py
[2024-10-10T16:23:33.742+0000] {logging_mixin.py:190} INFO - [2024-10-10T16:23:33.742+0000] {dag.py:3239} INFO - Sync 1 DAGs
[2024-10-10T16:23:33.750+0000] {logging_mixin.py:190} INFO - [2024-10-10T16:23:33.750+0000] {dag.py:4180} INFO - Setting next_dagrun for example_params_ui_tutorial to None, run_after=None
[2024-10-10T16:23:33.760+0000] {processor.py:208} INFO - Processing /home/airflow/.local/lib/python3.12/site-packages/airflow/example_dags/example_params_ui_tutorial.py took 0.054 seconds
