[2024-10-10T16:20:34.446+0000] {processor.py:186} INFO - Started process (PID=92) to work on /home/airflow/.local/lib/python3.12/site-packages/airflow/example_dags/example_time_delta_sensor_async.py
[2024-10-10T16:20:34.447+0000] {processor.py:914} INFO - Processing file /home/airflow/.local/lib/python3.12/site-packages/airflow/example_dags/example_time_delta_sensor_async.py for tasks to queue
[2024-10-10T16:20:34.448+0000] {logging_mixin.py:190} INFO - [2024-10-10T16:20:34.448+0000] {dagbag.py:588} INFO - Filling up the DagBag from /home/airflow/.local/lib/python3.12/site-packages/airflow/example_dags/example_time_delta_sensor_async.py
[2024-10-10T16:20:34.452+0000] {processor.py:925} INFO - DAG(s) 'example_time_delta_sensor_async' retrieved from /home/airflow/.local/lib/python3.12/site-packages/airflow/example_dags/example_time_delta_sensor_async.py
[2024-10-10T16:20:34.515+0000] {logging_mixin.py:190} INFO - [2024-10-10T16:20:34.515+0000] {override.py:1900} INFO - Created Permission View: can edit on DAG:example_time_delta_sensor_async
[2024-10-10T16:20:34.521+0000] {logging_mixin.py:190} INFO - [2024-10-10T16:20:34.520+0000] {override.py:1900} INFO - Created Permission View: can read on DAG:example_time_delta_sensor_async
[2024-10-10T16:20:34.524+0000] {logging_mixin.py:190} INFO - [2024-10-10T16:20:34.524+0000] {override.py:1900} INFO - Created Permission View: can delete on DAG:example_time_delta_sensor_async
[2024-10-10T16:20:34.528+0000] {logging_mixin.py:190} INFO - [2024-10-10T16:20:34.527+0000] {override.py:1900} INFO - Created Permission View: menu access on DAG Run:example_time_delta_sensor_async
[2024-10-10T16:20:34.531+0000] {logging_mixin.py:190} INFO - [2024-10-10T16:20:34.530+0000] {override.py:1900} INFO - Created Permission View: can create on DAG Run:example_time_delta_sensor_async
[2024-10-10T16:20:34.535+0000] {logging_mixin.py:190} INFO - [2024-10-10T16:20:34.535+0000] {override.py:1900} INFO - Created Permission View: can read on DAG Run:example_time_delta_sensor_async
[2024-10-10T16:20:34.539+0000] {logging_mixin.py:190} INFO - [2024-10-10T16:20:34.539+0000] {override.py:1900} INFO - Created Permission View: can delete on DAG Run:example_time_delta_sensor_async
[2024-10-10T16:20:34.540+0000] {logging_mixin.py:190} INFO - [2024-10-10T16:20:34.540+0000] {dag.py:3239} INFO - Sync 1 DAGs
[2024-10-10T16:20:34.550+0000] {logging_mixin.py:190} INFO - [2024-10-10T16:20:34.550+0000] {dag.py:3262} INFO - Creating ORM DAG for example_time_delta_sensor_async
[2024-10-10T16:20:34.551+0000] {logging_mixin.py:190} INFO - [2024-10-10T16:20:34.551+0000] {dag.py:4180} INFO - Setting next_dagrun for example_time_delta_sensor_async to None, run_after=None
[2024-10-10T16:20:34.561+0000] {processor.py:208} INFO - Processing /home/airflow/.local/lib/python3.12/site-packages/airflow/example_dags/example_time_delta_sensor_async.py took 0.118 seconds
[2024-10-10T16:21:05.287+0000] {processor.py:186} INFO - Started process (PID=155) to work on /home/airflow/.local/lib/python3.12/site-packages/airflow/example_dags/example_time_delta_sensor_async.py
[2024-10-10T16:21:05.288+0000] {processor.py:914} INFO - Processing file /home/airflow/.local/lib/python3.12/site-packages/airflow/example_dags/example_time_delta_sensor_async.py for tasks to queue
[2024-10-10T16:21:05.289+0000] {logging_mixin.py:190} INFO - [2024-10-10T16:21:05.289+0000] {dagbag.py:588} INFO - Filling up the DagBag from /home/airflow/.local/lib/python3.12/site-packages/airflow/example_dags/example_time_delta_sensor_async.py
[2024-10-10T16:21:05.293+0000] {processor.py:925} INFO - DAG(s) 'example_time_delta_sensor_async' retrieved from /home/airflow/.local/lib/python3.12/site-packages/airflow/example_dags/example_time_delta_sensor_async.py
[2024-10-10T16:21:05.302+0000] {logging_mixin.py:190} INFO - [2024-10-10T16:21:05.302+0000] {dag.py:3239} INFO - Sync 1 DAGs
[2024-10-10T16:21:05.308+0000] {logging_mixin.py:190} INFO - [2024-10-10T16:21:05.308+0000] {dag.py:4180} INFO - Setting next_dagrun for example_time_delta_sensor_async to None, run_after=None
[2024-10-10T16:21:05.320+0000] {processor.py:208} INFO - Processing /home/airflow/.local/lib/python3.12/site-packages/airflow/example_dags/example_time_delta_sensor_async.py took 0.035 seconds
[2024-10-10T16:21:35.463+0000] {processor.py:186} INFO - Started process (PID=218) to work on /home/airflow/.local/lib/python3.12/site-packages/airflow/example_dags/example_time_delta_sensor_async.py
[2024-10-10T16:21:35.464+0000] {processor.py:914} INFO - Processing file /home/airflow/.local/lib/python3.12/site-packages/airflow/example_dags/example_time_delta_sensor_async.py for tasks to queue
[2024-10-10T16:21:35.466+0000] {logging_mixin.py:190} INFO - [2024-10-10T16:21:35.465+0000] {dagbag.py:588} INFO - Filling up the DagBag from /home/airflow/.local/lib/python3.12/site-packages/airflow/example_dags/example_time_delta_sensor_async.py
[2024-10-10T16:21:35.469+0000] {processor.py:925} INFO - DAG(s) 'example_time_delta_sensor_async' retrieved from /home/airflow/.local/lib/python3.12/site-packages/airflow/example_dags/example_time_delta_sensor_async.py
[2024-10-10T16:21:35.479+0000] {logging_mixin.py:190} INFO - [2024-10-10T16:21:35.479+0000] {dag.py:3239} INFO - Sync 1 DAGs
[2024-10-10T16:21:35.485+0000] {logging_mixin.py:190} INFO - [2024-10-10T16:21:35.485+0000] {dag.py:4180} INFO - Setting next_dagrun for example_time_delta_sensor_async to None, run_after=None
[2024-10-10T16:21:35.493+0000] {processor.py:208} INFO - Processing /home/airflow/.local/lib/python3.12/site-packages/airflow/example_dags/example_time_delta_sensor_async.py took 0.034 seconds
[2024-10-10T16:22:05.823+0000] {processor.py:186} INFO - Started process (PID=281) to work on /home/airflow/.local/lib/python3.12/site-packages/airflow/example_dags/example_time_delta_sensor_async.py
[2024-10-10T16:22:05.824+0000] {processor.py:914} INFO - Processing file /home/airflow/.local/lib/python3.12/site-packages/airflow/example_dags/example_time_delta_sensor_async.py for tasks to queue
[2024-10-10T16:22:05.826+0000] {logging_mixin.py:190} INFO - [2024-10-10T16:22:05.826+0000] {dagbag.py:588} INFO - Filling up the DagBag from /home/airflow/.local/lib/python3.12/site-packages/airflow/example_dags/example_time_delta_sensor_async.py
[2024-10-10T16:22:05.830+0000] {processor.py:925} INFO - DAG(s) 'example_time_delta_sensor_async' retrieved from /home/airflow/.local/lib/python3.12/site-packages/airflow/example_dags/example_time_delta_sensor_async.py
[2024-10-10T16:22:05.843+0000] {logging_mixin.py:190} INFO - [2024-10-10T16:22:05.843+0000] {dag.py:3239} INFO - Sync 1 DAGs
[2024-10-10T16:22:05.851+0000] {logging_mixin.py:190} INFO - [2024-10-10T16:22:05.850+0000] {dag.py:4180} INFO - Setting next_dagrun for example_time_delta_sensor_async to None, run_after=None
[2024-10-10T16:22:05.859+0000] {processor.py:208} INFO - Processing /home/airflow/.local/lib/python3.12/site-packages/airflow/example_dags/example_time_delta_sensor_async.py took 0.040 seconds
[2024-10-10T16:22:36.366+0000] {processor.py:186} INFO - Started process (PID=344) to work on /home/airflow/.local/lib/python3.12/site-packages/airflow/example_dags/example_time_delta_sensor_async.py
[2024-10-10T16:22:36.366+0000] {processor.py:914} INFO - Processing file /home/airflow/.local/lib/python3.12/site-packages/airflow/example_dags/example_time_delta_sensor_async.py for tasks to queue
[2024-10-10T16:22:36.367+0000] {logging_mixin.py:190} INFO - [2024-10-10T16:22:36.367+0000] {dagbag.py:588} INFO - Filling up the DagBag from /home/airflow/.local/lib/python3.12/site-packages/airflow/example_dags/example_time_delta_sensor_async.py
[2024-10-10T16:22:36.371+0000] {processor.py:925} INFO - DAG(s) 'example_time_delta_sensor_async' retrieved from /home/airflow/.local/lib/python3.12/site-packages/airflow/example_dags/example_time_delta_sensor_async.py
[2024-10-10T16:22:36.380+0000] {logging_mixin.py:190} INFO - [2024-10-10T16:22:36.380+0000] {dag.py:3239} INFO - Sync 1 DAGs
[2024-10-10T16:22:36.387+0000] {logging_mixin.py:190} INFO - [2024-10-10T16:22:36.387+0000] {dag.py:4180} INFO - Setting next_dagrun for example_time_delta_sensor_async to None, run_after=None
[2024-10-10T16:22:36.400+0000] {processor.py:208} INFO - Processing /home/airflow/.local/lib/python3.12/site-packages/airflow/example_dags/example_time_delta_sensor_async.py took 0.037 seconds
[2024-10-10T16:23:06.580+0000] {processor.py:186} INFO - Started process (PID=407) to work on /home/airflow/.local/lib/python3.12/site-packages/airflow/example_dags/example_time_delta_sensor_async.py
[2024-10-10T16:23:06.581+0000] {processor.py:914} INFO - Processing file /home/airflow/.local/lib/python3.12/site-packages/airflow/example_dags/example_time_delta_sensor_async.py for tasks to queue
[2024-10-10T16:23:06.582+0000] {logging_mixin.py:190} INFO - [2024-10-10T16:23:06.582+0000] {dagbag.py:588} INFO - Filling up the DagBag from /home/airflow/.local/lib/python3.12/site-packages/airflow/example_dags/example_time_delta_sensor_async.py
[2024-10-10T16:23:06.586+0000] {processor.py:925} INFO - DAG(s) 'example_time_delta_sensor_async' retrieved from /home/airflow/.local/lib/python3.12/site-packages/airflow/example_dags/example_time_delta_sensor_async.py
[2024-10-10T16:23:06.604+0000] {logging_mixin.py:190} INFO - [2024-10-10T16:23:06.604+0000] {dag.py:3239} INFO - Sync 1 DAGs
[2024-10-10T16:23:06.611+0000] {logging_mixin.py:190} INFO - [2024-10-10T16:23:06.611+0000] {dag.py:4180} INFO - Setting next_dagrun for example_time_delta_sensor_async to None, run_after=None
[2024-10-10T16:23:06.626+0000] {processor.py:208} INFO - Processing /home/airflow/.local/lib/python3.12/site-packages/airflow/example_dags/example_time_delta_sensor_async.py took 0.049 seconds
