[2024-10-10T16:20:33.681+0000] {processor.py:186} INFO - Started process (PID=81) to work on /home/airflow/.local/lib/python3.12/site-packages/airflow/example_dags/example_dynamic_task_mapping.py
[2024-10-10T16:20:33.682+0000] {processor.py:914} INFO - Processing file /home/airflow/.local/lib/python3.12/site-packages/airflow/example_dags/example_dynamic_task_mapping.py for tasks to queue
[2024-10-10T16:20:33.683+0000] {logging_mixin.py:190} INFO - [2024-10-10T16:20:33.683+0000] {dagbag.py:588} INFO - Filling up the DagBag from /home/airflow/.local/lib/python3.12/site-packages/airflow/example_dags/example_dynamic_task_mapping.py
[2024-10-10T16:20:33.688+0000] {processor.py:925} INFO - DAG(s) 'example_dynamic_task_mapping' retrieved from /home/airflow/.local/lib/python3.12/site-packages/airflow/example_dags/example_dynamic_task_mapping.py
[2024-10-10T16:20:33.751+0000] {logging_mixin.py:190} INFO - [2024-10-10T16:20:33.751+0000] {override.py:1900} INFO - Created Permission View: can edit on DAG:example_dynamic_task_mapping
[2024-10-10T16:20:33.760+0000] {logging_mixin.py:190} INFO - [2024-10-10T16:20:33.759+0000] {override.py:1900} INFO - Created Permission View: can read on DAG:example_dynamic_task_mapping
[2024-10-10T16:20:33.768+0000] {logging_mixin.py:190} INFO - [2024-10-10T16:20:33.768+0000] {override.py:1900} INFO - Created Permission View: can delete on DAG:example_dynamic_task_mapping
[2024-10-10T16:20:33.772+0000] {logging_mixin.py:190} INFO - [2024-10-10T16:20:33.772+0000] {override.py:1900} INFO - Created Permission View: menu access on DAG Run:example_dynamic_task_mapping
[2024-10-10T16:20:33.776+0000] {logging_mixin.py:190} INFO - [2024-10-10T16:20:33.776+0000] {override.py:1900} INFO - Created Permission View: can create on DAG Run:example_dynamic_task_mapping
[2024-10-10T16:20:33.781+0000] {logging_mixin.py:190} INFO - [2024-10-10T16:20:33.781+0000] {override.py:1900} INFO - Created Permission View: can read on DAG Run:example_dynamic_task_mapping
[2024-10-10T16:20:33.784+0000] {logging_mixin.py:190} INFO - [2024-10-10T16:20:33.784+0000] {override.py:1900} INFO - Created Permission View: can delete on DAG Run:example_dynamic_task_mapping
[2024-10-10T16:20:33.785+0000] {logging_mixin.py:190} INFO - [2024-10-10T16:20:33.785+0000] {dag.py:3239} INFO - Sync 1 DAGs
[2024-10-10T16:20:33.792+0000] {logging_mixin.py:190} INFO - [2024-10-10T16:20:33.792+0000] {dag.py:3262} INFO - Creating ORM DAG for example_dynamic_task_mapping
[2024-10-10T16:20:33.793+0000] {logging_mixin.py:190} INFO - [2024-10-10T16:20:33.793+0000] {dag.py:4180} INFO - Setting next_dagrun for example_dynamic_task_mapping to None, run_after=None
[2024-10-10T16:20:33.801+0000] {processor.py:208} INFO - Processing /home/airflow/.local/lib/python3.12/site-packages/airflow/example_dags/example_dynamic_task_mapping.py took 0.123 seconds
[2024-10-10T16:21:03.872+0000] {processor.py:186} INFO - Started process (PID=144) to work on /home/airflow/.local/lib/python3.12/site-packages/airflow/example_dags/example_dynamic_task_mapping.py
[2024-10-10T16:21:03.873+0000] {processor.py:914} INFO - Processing file /home/airflow/.local/lib/python3.12/site-packages/airflow/example_dags/example_dynamic_task_mapping.py for tasks to queue
[2024-10-10T16:21:03.874+0000] {logging_mixin.py:190} INFO - [2024-10-10T16:21:03.874+0000] {dagbag.py:588} INFO - Filling up the DagBag from /home/airflow/.local/lib/python3.12/site-packages/airflow/example_dags/example_dynamic_task_mapping.py
[2024-10-10T16:21:03.878+0000] {processor.py:925} INFO - DAG(s) 'example_dynamic_task_mapping' retrieved from /home/airflow/.local/lib/python3.12/site-packages/airflow/example_dags/example_dynamic_task_mapping.py
[2024-10-10T16:21:03.891+0000] {logging_mixin.py:190} INFO - [2024-10-10T16:21:03.891+0000] {dag.py:3239} INFO - Sync 1 DAGs
[2024-10-10T16:21:03.898+0000] {logging_mixin.py:190} INFO - [2024-10-10T16:21:03.898+0000] {dag.py:4180} INFO - Setting next_dagrun for example_dynamic_task_mapping to None, run_after=None
[2024-10-10T16:21:03.909+0000] {processor.py:208} INFO - Processing /home/airflow/.local/lib/python3.12/site-packages/airflow/example_dags/example_dynamic_task_mapping.py took 0.039 seconds
[2024-10-10T16:21:34.098+0000] {processor.py:186} INFO - Started process (PID=207) to work on /home/airflow/.local/lib/python3.12/site-packages/airflow/example_dags/example_dynamic_task_mapping.py
[2024-10-10T16:21:34.099+0000] {processor.py:914} INFO - Processing file /home/airflow/.local/lib/python3.12/site-packages/airflow/example_dags/example_dynamic_task_mapping.py for tasks to queue
[2024-10-10T16:21:34.101+0000] {logging_mixin.py:190} INFO - [2024-10-10T16:21:34.101+0000] {dagbag.py:588} INFO - Filling up the DagBag from /home/airflow/.local/lib/python3.12/site-packages/airflow/example_dags/example_dynamic_task_mapping.py
[2024-10-10T16:21:34.105+0000] {processor.py:925} INFO - DAG(s) 'example_dynamic_task_mapping' retrieved from /home/airflow/.local/lib/python3.12/site-packages/airflow/example_dags/example_dynamic_task_mapping.py
[2024-10-10T16:21:34.118+0000] {logging_mixin.py:190} INFO - [2024-10-10T16:21:34.118+0000] {dag.py:3239} INFO - Sync 1 DAGs
[2024-10-10T16:21:34.125+0000] {logging_mixin.py:190} INFO - [2024-10-10T16:21:34.125+0000] {dag.py:4180} INFO - Setting next_dagrun for example_dynamic_task_mapping to None, run_after=None
[2024-10-10T16:21:34.134+0000] {processor.py:208} INFO - Processing /home/airflow/.local/lib/python3.12/site-packages/airflow/example_dags/example_dynamic_task_mapping.py took 0.039 seconds
[2024-10-10T16:22:04.397+0000] {processor.py:186} INFO - Started process (PID=270) to work on /home/airflow/.local/lib/python3.12/site-packages/airflow/example_dags/example_dynamic_task_mapping.py
[2024-10-10T16:22:04.398+0000] {processor.py:914} INFO - Processing file /home/airflow/.local/lib/python3.12/site-packages/airflow/example_dags/example_dynamic_task_mapping.py for tasks to queue
[2024-10-10T16:22:04.401+0000] {logging_mixin.py:190} INFO - [2024-10-10T16:22:04.400+0000] {dagbag.py:588} INFO - Filling up the DagBag from /home/airflow/.local/lib/python3.12/site-packages/airflow/example_dags/example_dynamic_task_mapping.py
[2024-10-10T16:22:04.406+0000] {processor.py:925} INFO - DAG(s) 'example_dynamic_task_mapping' retrieved from /home/airflow/.local/lib/python3.12/site-packages/airflow/example_dags/example_dynamic_task_mapping.py
[2024-10-10T16:22:04.417+0000] {logging_mixin.py:190} INFO - [2024-10-10T16:22:04.417+0000] {dag.py:3239} INFO - Sync 1 DAGs
[2024-10-10T16:22:04.423+0000] {logging_mixin.py:190} INFO - [2024-10-10T16:22:04.423+0000] {dag.py:4180} INFO - Setting next_dagrun for example_dynamic_task_mapping to None, run_after=None
[2024-10-10T16:22:04.431+0000] {processor.py:208} INFO - Processing /home/airflow/.local/lib/python3.12/site-packages/airflow/example_dags/example_dynamic_task_mapping.py took 0.037 seconds
[2024-10-10T16:22:34.983+0000] {processor.py:186} INFO - Started process (PID=333) to work on /home/airflow/.local/lib/python3.12/site-packages/airflow/example_dags/example_dynamic_task_mapping.py
[2024-10-10T16:22:34.984+0000] {processor.py:914} INFO - Processing file /home/airflow/.local/lib/python3.12/site-packages/airflow/example_dags/example_dynamic_task_mapping.py for tasks to queue
[2024-10-10T16:22:34.985+0000] {logging_mixin.py:190} INFO - [2024-10-10T16:22:34.985+0000] {dagbag.py:588} INFO - Filling up the DagBag from /home/airflow/.local/lib/python3.12/site-packages/airflow/example_dags/example_dynamic_task_mapping.py
[2024-10-10T16:22:34.989+0000] {processor.py:925} INFO - DAG(s) 'example_dynamic_task_mapping' retrieved from /home/airflow/.local/lib/python3.12/site-packages/airflow/example_dags/example_dynamic_task_mapping.py
[2024-10-10T16:22:35.000+0000] {logging_mixin.py:190} INFO - [2024-10-10T16:22:34.999+0000] {dag.py:3239} INFO - Sync 1 DAGs
[2024-10-10T16:22:35.008+0000] {logging_mixin.py:190} INFO - [2024-10-10T16:22:35.008+0000] {dag.py:4180} INFO - Setting next_dagrun for example_dynamic_task_mapping to None, run_after=None
[2024-10-10T16:22:35.020+0000] {processor.py:208} INFO - Processing /home/airflow/.local/lib/python3.12/site-packages/airflow/example_dags/example_dynamic_task_mapping.py took 0.040 seconds
[2024-10-10T16:23:05.217+0000] {processor.py:186} INFO - Started process (PID=396) to work on /home/airflow/.local/lib/python3.12/site-packages/airflow/example_dags/example_dynamic_task_mapping.py
[2024-10-10T16:23:05.218+0000] {processor.py:914} INFO - Processing file /home/airflow/.local/lib/python3.12/site-packages/airflow/example_dags/example_dynamic_task_mapping.py for tasks to queue
[2024-10-10T16:23:05.220+0000] {logging_mixin.py:190} INFO - [2024-10-10T16:23:05.220+0000] {dagbag.py:588} INFO - Filling up the DagBag from /home/airflow/.local/lib/python3.12/site-packages/airflow/example_dags/example_dynamic_task_mapping.py
[2024-10-10T16:23:05.224+0000] {processor.py:925} INFO - DAG(s) 'example_dynamic_task_mapping' retrieved from /home/airflow/.local/lib/python3.12/site-packages/airflow/example_dags/example_dynamic_task_mapping.py
[2024-10-10T16:23:05.238+0000] {logging_mixin.py:190} INFO - [2024-10-10T16:23:05.238+0000] {dag.py:3239} INFO - Sync 1 DAGs
[2024-10-10T16:23:05.245+0000] {logging_mixin.py:190} INFO - [2024-10-10T16:23:05.245+0000] {dag.py:4180} INFO - Setting next_dagrun for example_dynamic_task_mapping to None, run_after=None
[2024-10-10T16:23:05.257+0000] {processor.py:208} INFO - Processing /home/airflow/.local/lib/python3.12/site-packages/airflow/example_dags/example_dynamic_task_mapping.py took 0.043 seconds
[2024-10-10T16:23:35.615+0000] {processor.py:186} INFO - Started process (PID=459) to work on /home/airflow/.local/lib/python3.12/site-packages/airflow/example_dags/example_dynamic_task_mapping.py
[2024-10-10T16:23:35.617+0000] {processor.py:914} INFO - Processing file /home/airflow/.local/lib/python3.12/site-packages/airflow/example_dags/example_dynamic_task_mapping.py for tasks to queue
[2024-10-10T16:23:35.618+0000] {logging_mixin.py:190} INFO - [2024-10-10T16:23:35.618+0000] {dagbag.py:588} INFO - Filling up the DagBag from /home/airflow/.local/lib/python3.12/site-packages/airflow/example_dags/example_dynamic_task_mapping.py
[2024-10-10T16:23:35.622+0000] {processor.py:925} INFO - DAG(s) 'example_dynamic_task_mapping' retrieved from /home/airflow/.local/lib/python3.12/site-packages/airflow/example_dags/example_dynamic_task_mapping.py
[2024-10-10T16:23:35.634+0000] {logging_mixin.py:190} INFO - [2024-10-10T16:23:35.634+0000] {dag.py:3239} INFO - Sync 1 DAGs
[2024-10-10T16:23:35.641+0000] {logging_mixin.py:190} INFO - [2024-10-10T16:23:35.641+0000] {dag.py:4180} INFO - Setting next_dagrun for example_dynamic_task_mapping to None, run_after=None
[2024-10-10T16:23:35.651+0000] {processor.py:208} INFO - Processing /home/airflow/.local/lib/python3.12/site-packages/airflow/example_dags/example_dynamic_task_mapping.py took 0.039 seconds
