[2024-10-10T16:20:34.922+0000] {processor.py:186} INFO - Started process (PID=97) to work on /home/airflow/.local/lib/python3.12/site-packages/airflow/example_dags/example_trigger_target_dag.py
[2024-10-10T16:20:34.923+0000] {processor.py:914} INFO - Processing file /home/airflow/.local/lib/python3.12/site-packages/airflow/example_dags/example_trigger_target_dag.py for tasks to queue
[2024-10-10T16:20:34.925+0000] {logging_mixin.py:190} INFO - [2024-10-10T16:20:34.924+0000] {dagbag.py:588} INFO - Filling up the DagBag from /home/airflow/.local/lib/python3.12/site-packages/airflow/example_dags/example_trigger_target_dag.py
[2024-10-10T16:20:34.929+0000] {processor.py:925} INFO - DAG(s) 'example_trigger_target_dag' retrieved from /home/airflow/.local/lib/python3.12/site-packages/airflow/example_dags/example_trigger_target_dag.py
[2024-10-10T16:20:34.994+0000] {logging_mixin.py:190} INFO - [2024-10-10T16:20:34.994+0000] {override.py:1900} INFO - Created Permission View: can edit on DAG:example_trigger_target_dag
[2024-10-10T16:20:35.001+0000] {logging_mixin.py:190} INFO - [2024-10-10T16:20:35.001+0000] {override.py:1900} INFO - Created Permission View: can read on DAG:example_trigger_target_dag
[2024-10-10T16:20:35.005+0000] {logging_mixin.py:190} INFO - [2024-10-10T16:20:35.005+0000] {override.py:1900} INFO - Created Permission View: can delete on DAG:example_trigger_target_dag
[2024-10-10T16:20:35.009+0000] {logging_mixin.py:190} INFO - [2024-10-10T16:20:35.009+0000] {override.py:1900} INFO - Created Permission View: menu access on DAG Run:example_trigger_target_dag
[2024-10-10T16:20:35.013+0000] {logging_mixin.py:190} INFO - [2024-10-10T16:20:35.013+0000] {override.py:1900} INFO - Created Permission View: can create on DAG Run:example_trigger_target_dag
[2024-10-10T16:20:35.016+0000] {logging_mixin.py:190} INFO - [2024-10-10T16:20:35.016+0000] {override.py:1900} INFO - Created Permission View: can read on DAG Run:example_trigger_target_dag
[2024-10-10T16:20:35.021+0000] {logging_mixin.py:190} INFO - [2024-10-10T16:20:35.021+0000] {override.py:1900} INFO - Created Permission View: can delete on DAG Run:example_trigger_target_dag
[2024-10-10T16:20:35.021+0000] {logging_mixin.py:190} INFO - [2024-10-10T16:20:35.021+0000] {dag.py:3239} INFO - Sync 1 DAGs
[2024-10-10T16:20:35.028+0000] {logging_mixin.py:190} INFO - [2024-10-10T16:20:35.028+0000] {dag.py:3262} INFO - Creating ORM DAG for example_trigger_target_dag
[2024-10-10T16:20:35.028+0000] {logging_mixin.py:190} INFO - [2024-10-10T16:20:35.028+0000] {dag.py:4180} INFO - Setting next_dagrun for example_trigger_target_dag to None, run_after=None
[2024-10-10T16:20:35.039+0000] {processor.py:208} INFO - Processing /home/airflow/.local/lib/python3.12/site-packages/airflow/example_dags/example_trigger_target_dag.py took 0.121 seconds
[2024-10-10T16:21:05.457+0000] {processor.py:186} INFO - Started process (PID=160) to work on /home/airflow/.local/lib/python3.12/site-packages/airflow/example_dags/example_trigger_target_dag.py
[2024-10-10T16:21:05.457+0000] {processor.py:914} INFO - Processing file /home/airflow/.local/lib/python3.12/site-packages/airflow/example_dags/example_trigger_target_dag.py for tasks to queue
[2024-10-10T16:21:05.458+0000] {logging_mixin.py:190} INFO - [2024-10-10T16:21:05.458+0000] {dagbag.py:588} INFO - Filling up the DagBag from /home/airflow/.local/lib/python3.12/site-packages/airflow/example_dags/example_trigger_target_dag.py
[2024-10-10T16:21:05.462+0000] {processor.py:925} INFO - DAG(s) 'example_trigger_target_dag' retrieved from /home/airflow/.local/lib/python3.12/site-packages/airflow/example_dags/example_trigger_target_dag.py
[2024-10-10T16:21:05.472+0000] {logging_mixin.py:190} INFO - [2024-10-10T16:21:05.472+0000] {dag.py:3239} INFO - Sync 1 DAGs
[2024-10-10T16:21:05.479+0000] {logging_mixin.py:190} INFO - [2024-10-10T16:21:05.479+0000] {dag.py:4180} INFO - Setting next_dagrun for example_trigger_target_dag to None, run_after=None
[2024-10-10T16:21:05.491+0000] {processor.py:208} INFO - Processing /home/airflow/.local/lib/python3.12/site-packages/airflow/example_dags/example_trigger_target_dag.py took 0.037 seconds
[2024-10-10T16:21:35.667+0000] {processor.py:186} INFO - Started process (PID=223) to work on /home/airflow/.local/lib/python3.12/site-packages/airflow/example_dags/example_trigger_target_dag.py
[2024-10-10T16:21:35.668+0000] {processor.py:914} INFO - Processing file /home/airflow/.local/lib/python3.12/site-packages/airflow/example_dags/example_trigger_target_dag.py for tasks to queue
[2024-10-10T16:21:35.670+0000] {logging_mixin.py:190} INFO - [2024-10-10T16:21:35.670+0000] {dagbag.py:588} INFO - Filling up the DagBag from /home/airflow/.local/lib/python3.12/site-packages/airflow/example_dags/example_trigger_target_dag.py
[2024-10-10T16:21:35.674+0000] {processor.py:925} INFO - DAG(s) 'example_trigger_target_dag' retrieved from /home/airflow/.local/lib/python3.12/site-packages/airflow/example_dags/example_trigger_target_dag.py
[2024-10-10T16:21:35.683+0000] {logging_mixin.py:190} INFO - [2024-10-10T16:21:35.683+0000] {dag.py:3239} INFO - Sync 1 DAGs
[2024-10-10T16:21:35.690+0000] {logging_mixin.py:190} INFO - [2024-10-10T16:21:35.690+0000] {dag.py:4180} INFO - Setting next_dagrun for example_trigger_target_dag to None, run_after=None
[2024-10-10T16:21:35.702+0000] {processor.py:208} INFO - Processing /home/airflow/.local/lib/python3.12/site-packages/airflow/example_dags/example_trigger_target_dag.py took 0.037 seconds
[2024-10-10T16:22:06.130+0000] {processor.py:186} INFO - Started process (PID=286) to work on /home/airflow/.local/lib/python3.12/site-packages/airflow/example_dags/example_trigger_target_dag.py
[2024-10-10T16:22:06.131+0000] {processor.py:914} INFO - Processing file /home/airflow/.local/lib/python3.12/site-packages/airflow/example_dags/example_trigger_target_dag.py for tasks to queue
[2024-10-10T16:22:06.133+0000] {logging_mixin.py:190} INFO - [2024-10-10T16:22:06.133+0000] {dagbag.py:588} INFO - Filling up the DagBag from /home/airflow/.local/lib/python3.12/site-packages/airflow/example_dags/example_trigger_target_dag.py
[2024-10-10T16:22:06.138+0000] {processor.py:925} INFO - DAG(s) 'example_trigger_target_dag' retrieved from /home/airflow/.local/lib/python3.12/site-packages/airflow/example_dags/example_trigger_target_dag.py
[2024-10-10T16:22:06.153+0000] {logging_mixin.py:190} INFO - [2024-10-10T16:22:06.153+0000] {dag.py:3239} INFO - Sync 1 DAGs
[2024-10-10T16:22:06.162+0000] {logging_mixin.py:190} INFO - [2024-10-10T16:22:06.161+0000] {dag.py:4180} INFO - Setting next_dagrun for example_trigger_target_dag to None, run_after=None
[2024-10-10T16:22:06.171+0000] {processor.py:208} INFO - Processing /home/airflow/.local/lib/python3.12/site-packages/airflow/example_dags/example_trigger_target_dag.py took 0.045 seconds
[2024-10-10T16:22:36.531+0000] {processor.py:186} INFO - Started process (PID=349) to work on /home/airflow/.local/lib/python3.12/site-packages/airflow/example_dags/example_trigger_target_dag.py
[2024-10-10T16:22:36.531+0000] {processor.py:914} INFO - Processing file /home/airflow/.local/lib/python3.12/site-packages/airflow/example_dags/example_trigger_target_dag.py for tasks to queue
[2024-10-10T16:22:36.532+0000] {logging_mixin.py:190} INFO - [2024-10-10T16:22:36.532+0000] {dagbag.py:588} INFO - Filling up the DagBag from /home/airflow/.local/lib/python3.12/site-packages/airflow/example_dags/example_trigger_target_dag.py
[2024-10-10T16:22:36.536+0000] {processor.py:925} INFO - DAG(s) 'example_trigger_target_dag' retrieved from /home/airflow/.local/lib/python3.12/site-packages/airflow/example_dags/example_trigger_target_dag.py
[2024-10-10T16:22:36.546+0000] {logging_mixin.py:190} INFO - [2024-10-10T16:22:36.546+0000] {dag.py:3239} INFO - Sync 1 DAGs
[2024-10-10T16:22:36.552+0000] {logging_mixin.py:190} INFO - [2024-10-10T16:22:36.552+0000] {dag.py:4180} INFO - Setting next_dagrun for example_trigger_target_dag to None, run_after=None
[2024-10-10T16:22:36.560+0000] {processor.py:208} INFO - Processing /home/airflow/.local/lib/python3.12/site-packages/airflow/example_dags/example_trigger_target_dag.py took 0.033 seconds
[2024-10-10T16:23:06.760+0000] {processor.py:186} INFO - Started process (PID=412) to work on /home/airflow/.local/lib/python3.12/site-packages/airflow/example_dags/example_trigger_target_dag.py
[2024-10-10T16:23:06.761+0000] {processor.py:914} INFO - Processing file /home/airflow/.local/lib/python3.12/site-packages/airflow/example_dags/example_trigger_target_dag.py for tasks to queue
[2024-10-10T16:23:06.763+0000] {logging_mixin.py:190} INFO - [2024-10-10T16:23:06.763+0000] {dagbag.py:588} INFO - Filling up the DagBag from /home/airflow/.local/lib/python3.12/site-packages/airflow/example_dags/example_trigger_target_dag.py
[2024-10-10T16:23:06.769+0000] {processor.py:925} INFO - DAG(s) 'example_trigger_target_dag' retrieved from /home/airflow/.local/lib/python3.12/site-packages/airflow/example_dags/example_trigger_target_dag.py
[2024-10-10T16:23:06.782+0000] {logging_mixin.py:190} INFO - [2024-10-10T16:23:06.781+0000] {dag.py:3239} INFO - Sync 1 DAGs
[2024-10-10T16:23:06.788+0000] {logging_mixin.py:190} INFO - [2024-10-10T16:23:06.788+0000] {dag.py:4180} INFO - Setting next_dagrun for example_trigger_target_dag to None, run_after=None
[2024-10-10T16:23:06.796+0000] {processor.py:208} INFO - Processing /home/airflow/.local/lib/python3.12/site-packages/airflow/example_dags/example_trigger_target_dag.py took 0.039 seconds
