[2024-10-10T16:20:33.817+0000] {processor.py:186} INFO - Started process (PID=83) to work on /home/airflow/.local/lib/python3.12/site-packages/airflow/example_dags/example_python_operator.py
[2024-10-10T16:20:33.818+0000] {processor.py:914} INFO - Processing file /home/airflow/.local/lib/python3.12/site-packages/airflow/example_dags/example_python_operator.py for tasks to queue
[2024-10-10T16:20:33.819+0000] {logging_mixin.py:190} INFO - [2024-10-10T16:20:33.819+0000] {dagbag.py:588} INFO - Filling up the DagBag from /home/airflow/.local/lib/python3.12/site-packages/airflow/example_dags/example_python_operator.py
[2024-10-10T16:20:33.826+0000] {processor.py:925} INFO - DAG(s) 'example_python_operator' retrieved from /home/airflow/.local/lib/python3.12/site-packages/airflow/example_dags/example_python_operator.py
[2024-10-10T16:20:33.891+0000] {logging_mixin.py:190} INFO - [2024-10-10T16:20:33.891+0000] {override.py:1900} INFO - Created Permission View: can edit on DAG:example_python_operator
[2024-10-10T16:20:33.902+0000] {logging_mixin.py:190} INFO - [2024-10-10T16:20:33.902+0000] {override.py:1900} INFO - Created Permission View: can read on DAG:example_python_operator
[2024-10-10T16:20:33.906+0000] {logging_mixin.py:190} INFO - [2024-10-10T16:20:33.906+0000] {override.py:1900} INFO - Created Permission View: can delete on DAG:example_python_operator
[2024-10-10T16:20:33.912+0000] {logging_mixin.py:190} INFO - [2024-10-10T16:20:33.912+0000] {override.py:1900} INFO - Created Permission View: menu access on DAG Run:example_python_operator
[2024-10-10T16:20:33.918+0000] {logging_mixin.py:190} INFO - [2024-10-10T16:20:33.918+0000] {override.py:1900} INFO - Created Permission View: can create on DAG Run:example_python_operator
[2024-10-10T16:20:33.923+0000] {logging_mixin.py:190} INFO - [2024-10-10T16:20:33.923+0000] {override.py:1900} INFO - Created Permission View: can read on DAG Run:example_python_operator
[2024-10-10T16:20:33.926+0000] {logging_mixin.py:190} INFO - [2024-10-10T16:20:33.926+0000] {override.py:1900} INFO - Created Permission View: can delete on DAG Run:example_python_operator
[2024-10-10T16:20:33.926+0000] {logging_mixin.py:190} INFO - [2024-10-10T16:20:33.926+0000] {dag.py:3239} INFO - Sync 1 DAGs
[2024-10-10T16:20:33.933+0000] {logging_mixin.py:190} INFO - [2024-10-10T16:20:33.933+0000] {dag.py:3262} INFO - Creating ORM DAG for example_python_operator
[2024-10-10T16:20:33.934+0000] {logging_mixin.py:190} INFO - [2024-10-10T16:20:33.934+0000] {dag.py:4180} INFO - Setting next_dagrun for example_python_operator to None, run_after=None
[2024-10-10T16:20:33.944+0000] {processor.py:208} INFO - Processing /home/airflow/.local/lib/python3.12/site-packages/airflow/example_dags/example_python_operator.py took 0.130 seconds
[2024-10-10T16:21:03.964+0000] {processor.py:186} INFO - Started process (PID=146) to work on /home/airflow/.local/lib/python3.12/site-packages/airflow/example_dags/example_python_operator.py
[2024-10-10T16:21:03.964+0000] {processor.py:914} INFO - Processing file /home/airflow/.local/lib/python3.12/site-packages/airflow/example_dags/example_python_operator.py for tasks to queue
[2024-10-10T16:21:03.965+0000] {logging_mixin.py:190} INFO - [2024-10-10T16:21:03.965+0000] {dagbag.py:588} INFO - Filling up the DagBag from /home/airflow/.local/lib/python3.12/site-packages/airflow/example_dags/example_python_operator.py
[2024-10-10T16:21:03.971+0000] {processor.py:925} INFO - DAG(s) 'example_python_operator' retrieved from /home/airflow/.local/lib/python3.12/site-packages/airflow/example_dags/example_python_operator.py
[2024-10-10T16:21:03.981+0000] {logging_mixin.py:190} INFO - [2024-10-10T16:21:03.980+0000] {dag.py:3239} INFO - Sync 1 DAGs
[2024-10-10T16:21:03.986+0000] {logging_mixin.py:190} INFO - [2024-10-10T16:21:03.986+0000] {dag.py:4180} INFO - Setting next_dagrun for example_python_operator to None, run_after=None
[2024-10-10T16:21:03.994+0000] {processor.py:208} INFO - Processing /home/airflow/.local/lib/python3.12/site-packages/airflow/example_dags/example_python_operator.py took 0.033 seconds
[2024-10-10T16:21:34.149+0000] {processor.py:186} INFO - Started process (PID=209) to work on /home/airflow/.local/lib/python3.12/site-packages/airflow/example_dags/example_python_operator.py
[2024-10-10T16:21:34.150+0000] {processor.py:914} INFO - Processing file /home/airflow/.local/lib/python3.12/site-packages/airflow/example_dags/example_python_operator.py for tasks to queue
[2024-10-10T16:21:34.152+0000] {logging_mixin.py:190} INFO - [2024-10-10T16:21:34.151+0000] {dagbag.py:588} INFO - Filling up the DagBag from /home/airflow/.local/lib/python3.12/site-packages/airflow/example_dags/example_python_operator.py
[2024-10-10T16:21:34.158+0000] {processor.py:925} INFO - DAG(s) 'example_python_operator' retrieved from /home/airflow/.local/lib/python3.12/site-packages/airflow/example_dags/example_python_operator.py
[2024-10-10T16:21:34.170+0000] {logging_mixin.py:190} INFO - [2024-10-10T16:21:34.170+0000] {dag.py:3239} INFO - Sync 1 DAGs
[2024-10-10T16:21:34.178+0000] {logging_mixin.py:190} INFO - [2024-10-10T16:21:34.178+0000] {dag.py:4180} INFO - Setting next_dagrun for example_python_operator to None, run_after=None
[2024-10-10T16:21:34.188+0000] {processor.py:208} INFO - Processing /home/airflow/.local/lib/python3.12/site-packages/airflow/example_dags/example_python_operator.py took 0.042 seconds
[2024-10-10T16:22:04.446+0000] {processor.py:186} INFO - Started process (PID=272) to work on /home/airflow/.local/lib/python3.12/site-packages/airflow/example_dags/example_python_operator.py
[2024-10-10T16:22:04.447+0000] {processor.py:914} INFO - Processing file /home/airflow/.local/lib/python3.12/site-packages/airflow/example_dags/example_python_operator.py for tasks to queue
[2024-10-10T16:22:04.448+0000] {logging_mixin.py:190} INFO - [2024-10-10T16:22:04.448+0000] {dagbag.py:588} INFO - Filling up the DagBag from /home/airflow/.local/lib/python3.12/site-packages/airflow/example_dags/example_python_operator.py
[2024-10-10T16:22:04.454+0000] {processor.py:925} INFO - DAG(s) 'example_python_operator' retrieved from /home/airflow/.local/lib/python3.12/site-packages/airflow/example_dags/example_python_operator.py
[2024-10-10T16:22:04.467+0000] {logging_mixin.py:190} INFO - [2024-10-10T16:22:04.467+0000] {dag.py:3239} INFO - Sync 1 DAGs
[2024-10-10T16:22:04.474+0000] {logging_mixin.py:190} INFO - [2024-10-10T16:22:04.473+0000] {dag.py:4180} INFO - Setting next_dagrun for example_python_operator to None, run_after=None
[2024-10-10T16:22:04.481+0000] {processor.py:208} INFO - Processing /home/airflow/.local/lib/python3.12/site-packages/airflow/example_dags/example_python_operator.py took 0.037 seconds
[2024-10-10T16:22:35.034+0000] {processor.py:186} INFO - Started process (PID=335) to work on /home/airflow/.local/lib/python3.12/site-packages/airflow/example_dags/example_python_operator.py
[2024-10-10T16:22:35.035+0000] {processor.py:914} INFO - Processing file /home/airflow/.local/lib/python3.12/site-packages/airflow/example_dags/example_python_operator.py for tasks to queue
[2024-10-10T16:22:35.037+0000] {logging_mixin.py:190} INFO - [2024-10-10T16:22:35.037+0000] {dagbag.py:588} INFO - Filling up the DagBag from /home/airflow/.local/lib/python3.12/site-packages/airflow/example_dags/example_python_operator.py
[2024-10-10T16:22:35.044+0000] {processor.py:925} INFO - DAG(s) 'example_python_operator' retrieved from /home/airflow/.local/lib/python3.12/site-packages/airflow/example_dags/example_python_operator.py
[2024-10-10T16:22:35.058+0000] {logging_mixin.py:190} INFO - [2024-10-10T16:22:35.057+0000] {dag.py:3239} INFO - Sync 1 DAGs
[2024-10-10T16:22:35.064+0000] {logging_mixin.py:190} INFO - [2024-10-10T16:22:35.063+0000] {dag.py:4180} INFO - Setting next_dagrun for example_python_operator to None, run_after=None
[2024-10-10T16:22:35.072+0000] {processor.py:208} INFO - Processing /home/airflow/.local/lib/python3.12/site-packages/airflow/example_dags/example_python_operator.py took 0.041 seconds
[2024-10-10T16:23:05.271+0000] {processor.py:186} INFO - Started process (PID=398) to work on /home/airflow/.local/lib/python3.12/site-packages/airflow/example_dags/example_python_operator.py
[2024-10-10T16:23:05.273+0000] {processor.py:914} INFO - Processing file /home/airflow/.local/lib/python3.12/site-packages/airflow/example_dags/example_python_operator.py for tasks to queue
[2024-10-10T16:23:05.275+0000] {logging_mixin.py:190} INFO - [2024-10-10T16:23:05.274+0000] {dagbag.py:588} INFO - Filling up the DagBag from /home/airflow/.local/lib/python3.12/site-packages/airflow/example_dags/example_python_operator.py
[2024-10-10T16:23:05.280+0000] {processor.py:925} INFO - DAG(s) 'example_python_operator' retrieved from /home/airflow/.local/lib/python3.12/site-packages/airflow/example_dags/example_python_operator.py
[2024-10-10T16:23:05.291+0000] {logging_mixin.py:190} INFO - [2024-10-10T16:23:05.291+0000] {dag.py:3239} INFO - Sync 1 DAGs
[2024-10-10T16:23:05.299+0000] {logging_mixin.py:190} INFO - [2024-10-10T16:23:05.299+0000] {dag.py:4180} INFO - Setting next_dagrun for example_python_operator to None, run_after=None
[2024-10-10T16:23:05.307+0000] {processor.py:208} INFO - Processing /home/airflow/.local/lib/python3.12/site-packages/airflow/example_dags/example_python_operator.py took 0.039 seconds
[2024-10-10T16:23:35.667+0000] {processor.py:186} INFO - Started process (PID=461) to work on /home/airflow/.local/lib/python3.12/site-packages/airflow/example_dags/example_python_operator.py
[2024-10-10T16:23:35.668+0000] {processor.py:914} INFO - Processing file /home/airflow/.local/lib/python3.12/site-packages/airflow/example_dags/example_python_operator.py for tasks to queue
[2024-10-10T16:23:35.669+0000] {logging_mixin.py:190} INFO - [2024-10-10T16:23:35.669+0000] {dagbag.py:588} INFO - Filling up the DagBag from /home/airflow/.local/lib/python3.12/site-packages/airflow/example_dags/example_python_operator.py
[2024-10-10T16:23:35.675+0000] {processor.py:925} INFO - DAG(s) 'example_python_operator' retrieved from /home/airflow/.local/lib/python3.12/site-packages/airflow/example_dags/example_python_operator.py
[2024-10-10T16:23:35.688+0000] {logging_mixin.py:190} INFO - [2024-10-10T16:23:35.688+0000] {dag.py:3239} INFO - Sync 1 DAGs
[2024-10-10T16:23:35.695+0000] {logging_mixin.py:190} INFO - [2024-10-10T16:23:35.695+0000] {dag.py:4180} INFO - Setting next_dagrun for example_python_operator to None, run_after=None
[2024-10-10T16:23:35.707+0000] {processor.py:208} INFO - Processing /home/airflow/.local/lib/python3.12/site-packages/airflow/example_dags/example_python_operator.py took 0.043 seconds
