[2024-10-10T16:20:34.288+0000] {processor.py:186} INFO - Started process (PID=90) to work on /home/airflow/.local/lib/python3.12/site-packages/airflow/example_dags/example_kubernetes_executor.py
[2024-10-10T16:20:34.288+0000] {processor.py:914} INFO - Processing file /home/airflow/.local/lib/python3.12/site-packages/airflow/example_dags/example_kubernetes_executor.py for tasks to queue
[2024-10-10T16:20:34.290+0000] {logging_mixin.py:190} INFO - [2024-10-10T16:20:34.290+0000] {dagbag.py:588} INFO - Filling up the DagBag from /home/airflow/.local/lib/python3.12/site-packages/airflow/example_dags/example_kubernetes_executor.py
[2024-10-10T16:20:34.298+0000] {processor.py:925} INFO - DAG(s) 'example_kubernetes_executor' retrieved from /home/airflow/.local/lib/python3.12/site-packages/airflow/example_dags/example_kubernetes_executor.py
[2024-10-10T16:20:34.368+0000] {logging_mixin.py:190} INFO - [2024-10-10T16:20:34.367+0000] {override.py:1900} INFO - Created Permission View: can edit on DAG:example_kubernetes_executor
[2024-10-10T16:20:34.376+0000] {logging_mixin.py:190} INFO - [2024-10-10T16:20:34.376+0000] {override.py:1900} INFO - Created Permission View: can read on DAG:example_kubernetes_executor
[2024-10-10T16:20:34.379+0000] {logging_mixin.py:190} INFO - [2024-10-10T16:20:34.379+0000] {override.py:1900} INFO - Created Permission View: can delete on DAG:example_kubernetes_executor
[2024-10-10T16:20:34.382+0000] {logging_mixin.py:190} INFO - [2024-10-10T16:20:34.382+0000] {override.py:1900} INFO - Created Permission View: menu access on DAG Run:example_kubernetes_executor
[2024-10-10T16:20:34.385+0000] {logging_mixin.py:190} INFO - [2024-10-10T16:20:34.385+0000] {override.py:1900} INFO - Created Permission View: can create on DAG Run:example_kubernetes_executor
[2024-10-10T16:20:34.388+0000] {logging_mixin.py:190} INFO - [2024-10-10T16:20:34.388+0000] {override.py:1900} INFO - Created Permission View: can read on DAG Run:example_kubernetes_executor
[2024-10-10T16:20:34.395+0000] {logging_mixin.py:190} INFO - [2024-10-10T16:20:34.395+0000] {override.py:1900} INFO - Created Permission View: can delete on DAG Run:example_kubernetes_executor
[2024-10-10T16:20:34.396+0000] {logging_mixin.py:190} INFO - [2024-10-10T16:20:34.395+0000] {dag.py:3239} INFO - Sync 1 DAGs
[2024-10-10T16:20:34.403+0000] {logging_mixin.py:190} INFO - [2024-10-10T16:20:34.402+0000] {dag.py:3262} INFO - Creating ORM DAG for example_kubernetes_executor
[2024-10-10T16:20:34.404+0000] {logging_mixin.py:190} INFO - [2024-10-10T16:20:34.404+0000] {dag.py:4180} INFO - Setting next_dagrun for example_kubernetes_executor to None, run_after=None
[2024-10-10T16:20:34.429+0000] {processor.py:208} INFO - Processing /home/airflow/.local/lib/python3.12/site-packages/airflow/example_dags/example_kubernetes_executor.py took 0.144 seconds
[2024-10-10T16:21:05.210+0000] {processor.py:186} INFO - Started process (PID=153) to work on /home/airflow/.local/lib/python3.12/site-packages/airflow/example_dags/example_kubernetes_executor.py
[2024-10-10T16:21:05.213+0000] {processor.py:914} INFO - Processing file /home/airflow/.local/lib/python3.12/site-packages/airflow/example_dags/example_kubernetes_executor.py for tasks to queue
[2024-10-10T16:21:05.215+0000] {logging_mixin.py:190} INFO - [2024-10-10T16:21:05.215+0000] {dagbag.py:588} INFO - Filling up the DagBag from /home/airflow/.local/lib/python3.12/site-packages/airflow/example_dags/example_kubernetes_executor.py
[2024-10-10T16:21:05.223+0000] {processor.py:925} INFO - DAG(s) 'example_kubernetes_executor' retrieved from /home/airflow/.local/lib/python3.12/site-packages/airflow/example_dags/example_kubernetes_executor.py
[2024-10-10T16:21:05.260+0000] {logging_mixin.py:190} INFO - [2024-10-10T16:21:05.260+0000] {dag.py:3239} INFO - Sync 1 DAGs
[2024-10-10T16:21:05.267+0000] {logging_mixin.py:190} INFO - [2024-10-10T16:21:05.266+0000] {dag.py:4180} INFO - Setting next_dagrun for example_kubernetes_executor to None, run_after=None
[2024-10-10T16:21:05.275+0000] {processor.py:208} INFO - Processing /home/airflow/.local/lib/python3.12/site-packages/airflow/example_dags/example_kubernetes_executor.py took 0.068 seconds
[2024-10-10T16:21:35.397+0000] {processor.py:186} INFO - Started process (PID=216) to work on /home/airflow/.local/lib/python3.12/site-packages/airflow/example_dags/example_kubernetes_executor.py
[2024-10-10T16:21:35.397+0000] {processor.py:914} INFO - Processing file /home/airflow/.local/lib/python3.12/site-packages/airflow/example_dags/example_kubernetes_executor.py for tasks to queue
[2024-10-10T16:21:35.398+0000] {logging_mixin.py:190} INFO - [2024-10-10T16:21:35.398+0000] {dagbag.py:588} INFO - Filling up the DagBag from /home/airflow/.local/lib/python3.12/site-packages/airflow/example_dags/example_kubernetes_executor.py
[2024-10-10T16:21:35.406+0000] {processor.py:925} INFO - DAG(s) 'example_kubernetes_executor' retrieved from /home/airflow/.local/lib/python3.12/site-packages/airflow/example_dags/example_kubernetes_executor.py
[2024-10-10T16:21:35.427+0000] {logging_mixin.py:190} INFO - [2024-10-10T16:21:35.427+0000] {dag.py:3239} INFO - Sync 1 DAGs
[2024-10-10T16:21:35.435+0000] {logging_mixin.py:190} INFO - [2024-10-10T16:21:35.435+0000] {dag.py:4180} INFO - Setting next_dagrun for example_kubernetes_executor to None, run_after=None
[2024-10-10T16:21:35.449+0000] {processor.py:208} INFO - Processing /home/airflow/.local/lib/python3.12/site-packages/airflow/example_dags/example_kubernetes_executor.py took 0.055 seconds
[2024-10-10T16:22:05.738+0000] {processor.py:186} INFO - Started process (PID=279) to work on /home/airflow/.local/lib/python3.12/site-packages/airflow/example_dags/example_kubernetes_executor.py
[2024-10-10T16:22:05.740+0000] {processor.py:914} INFO - Processing file /home/airflow/.local/lib/python3.12/site-packages/airflow/example_dags/example_kubernetes_executor.py for tasks to queue
[2024-10-10T16:22:05.741+0000] {logging_mixin.py:190} INFO - [2024-10-10T16:22:05.741+0000] {dagbag.py:588} INFO - Filling up the DagBag from /home/airflow/.local/lib/python3.12/site-packages/airflow/example_dags/example_kubernetes_executor.py
[2024-10-10T16:22:05.749+0000] {processor.py:925} INFO - DAG(s) 'example_kubernetes_executor' retrieved from /home/airflow/.local/lib/python3.12/site-packages/airflow/example_dags/example_kubernetes_executor.py
[2024-10-10T16:22:05.781+0000] {logging_mixin.py:190} INFO - [2024-10-10T16:22:05.781+0000] {dag.py:3239} INFO - Sync 1 DAGs
[2024-10-10T16:22:05.791+0000] {logging_mixin.py:190} INFO - [2024-10-10T16:22:05.791+0000] {dag.py:4180} INFO - Setting next_dagrun for example_kubernetes_executor to None, run_after=None
[2024-10-10T16:22:05.803+0000] {processor.py:208} INFO - Processing /home/airflow/.local/lib/python3.12/site-packages/airflow/example_dags/example_kubernetes_executor.py took 0.068 seconds
[2024-10-10T16:22:36.301+0000] {processor.py:186} INFO - Started process (PID=342) to work on /home/airflow/.local/lib/python3.12/site-packages/airflow/example_dags/example_kubernetes_executor.py
[2024-10-10T16:22:36.301+0000] {processor.py:914} INFO - Processing file /home/airflow/.local/lib/python3.12/site-packages/airflow/example_dags/example_kubernetes_executor.py for tasks to queue
[2024-10-10T16:22:36.302+0000] {logging_mixin.py:190} INFO - [2024-10-10T16:22:36.302+0000] {dagbag.py:588} INFO - Filling up the DagBag from /home/airflow/.local/lib/python3.12/site-packages/airflow/example_dags/example_kubernetes_executor.py
[2024-10-10T16:22:36.312+0000] {processor.py:925} INFO - DAG(s) 'example_kubernetes_executor' retrieved from /home/airflow/.local/lib/python3.12/site-packages/airflow/example_dags/example_kubernetes_executor.py
[2024-10-10T16:22:36.336+0000] {logging_mixin.py:190} INFO - [2024-10-10T16:22:36.336+0000] {dag.py:3239} INFO - Sync 1 DAGs
[2024-10-10T16:22:36.343+0000] {logging_mixin.py:190} INFO - [2024-10-10T16:22:36.343+0000] {dag.py:4180} INFO - Setting next_dagrun for example_kubernetes_executor to None, run_after=None
[2024-10-10T16:22:36.352+0000] {processor.py:208} INFO - Processing /home/airflow/.local/lib/python3.12/site-packages/airflow/example_dags/example_kubernetes_executor.py took 0.054 seconds
[2024-10-10T16:23:06.517+0000] {processor.py:186} INFO - Started process (PID=405) to work on /home/airflow/.local/lib/python3.12/site-packages/airflow/example_dags/example_kubernetes_executor.py
[2024-10-10T16:23:06.518+0000] {processor.py:914} INFO - Processing file /home/airflow/.local/lib/python3.12/site-packages/airflow/example_dags/example_kubernetes_executor.py for tasks to queue
[2024-10-10T16:23:06.519+0000] {logging_mixin.py:190} INFO - [2024-10-10T16:23:06.519+0000] {dagbag.py:588} INFO - Filling up the DagBag from /home/airflow/.local/lib/python3.12/site-packages/airflow/example_dags/example_kubernetes_executor.py
[2024-10-10T16:23:06.526+0000] {processor.py:925} INFO - DAG(s) 'example_kubernetes_executor' retrieved from /home/airflow/.local/lib/python3.12/site-packages/airflow/example_dags/example_kubernetes_executor.py
[2024-10-10T16:23:06.546+0000] {logging_mixin.py:190} INFO - [2024-10-10T16:23:06.546+0000] {dag.py:3239} INFO - Sync 1 DAGs
[2024-10-10T16:23:06.557+0000] {logging_mixin.py:190} INFO - [2024-10-10T16:23:06.557+0000] {dag.py:4180} INFO - Setting next_dagrun for example_kubernetes_executor to None, run_after=None
[2024-10-10T16:23:06.565+0000] {processor.py:208} INFO - Processing /home/airflow/.local/lib/python3.12/site-packages/airflow/example_dags/example_kubernetes_executor.py took 0.051 seconds
