[2024-10-10T16:20:35.010+0000] {processor.py:186} INFO - Started process (PID=98) to work on /home/airflow/.local/lib/python3.12/site-packages/airflow/example_dags/example_latest_only_with_trigger.py
[2024-10-10T16:20:35.010+0000] {processor.py:914} INFO - Processing file /home/airflow/.local/lib/python3.12/site-packages/airflow/example_dags/example_latest_only_with_trigger.py for tasks to queue
[2024-10-10T16:20:35.012+0000] {logging_mixin.py:190} INFO - [2024-10-10T16:20:35.012+0000] {dagbag.py:588} INFO - Filling up the DagBag from /home/airflow/.local/lib/python3.12/site-packages/airflow/example_dags/example_latest_only_with_trigger.py
[2024-10-10T16:20:35.016+0000] {processor.py:925} INFO - DAG(s) 'latest_only_with_trigger' retrieved from /home/airflow/.local/lib/python3.12/site-packages/airflow/example_dags/example_latest_only_with_trigger.py
[2024-10-10T16:20:35.077+0000] {logging_mixin.py:190} INFO - [2024-10-10T16:20:35.077+0000] {override.py:1900} INFO - Created Permission View: can edit on DAG:latest_only_with_trigger
[2024-10-10T16:20:35.087+0000] {logging_mixin.py:190} INFO - [2024-10-10T16:20:35.087+0000] {override.py:1900} INFO - Created Permission View: can read on DAG:latest_only_with_trigger
[2024-10-10T16:20:35.091+0000] {logging_mixin.py:190} INFO - [2024-10-10T16:20:35.090+0000] {override.py:1900} INFO - Created Permission View: can delete on DAG:latest_only_with_trigger
[2024-10-10T16:20:35.094+0000] {logging_mixin.py:190} INFO - [2024-10-10T16:20:35.094+0000] {override.py:1900} INFO - Created Permission View: menu access on DAG Run:latest_only_with_trigger
[2024-10-10T16:20:35.097+0000] {logging_mixin.py:190} INFO - [2024-10-10T16:20:35.097+0000] {override.py:1900} INFO - Created Permission View: can create on DAG Run:latest_only_with_trigger
[2024-10-10T16:20:35.101+0000] {logging_mixin.py:190} INFO - [2024-10-10T16:20:35.100+0000] {override.py:1900} INFO - Created Permission View: can read on DAG Run:latest_only_with_trigger
[2024-10-10T16:20:35.104+0000] {logging_mixin.py:190} INFO - [2024-10-10T16:20:35.104+0000] {override.py:1900} INFO - Created Permission View: can delete on DAG Run:latest_only_with_trigger
[2024-10-10T16:20:35.104+0000] {logging_mixin.py:190} INFO - [2024-10-10T16:20:35.104+0000] {dag.py:3239} INFO - Sync 1 DAGs
[2024-10-10T16:20:35.110+0000] {logging_mixin.py:190} INFO - [2024-10-10T16:20:35.110+0000] {dag.py:3262} INFO - Creating ORM DAG for latest_only_with_trigger
[2024-10-10T16:20:35.116+0000] {logging_mixin.py:190} INFO - [2024-10-10T16:20:35.116+0000] {dag.py:4180} INFO - Setting next_dagrun for latest_only_with_trigger to 2024-10-10 12:00:00+00:00, run_after=2024-10-10 16:00:00+00:00
[2024-10-10T16:20:35.124+0000] {processor.py:208} INFO - Processing /home/airflow/.local/lib/python3.12/site-packages/airflow/example_dags/example_latest_only_with_trigger.py took 0.118 seconds
[2024-10-10T16:21:05.466+0000] {processor.py:186} INFO - Started process (PID=161) to work on /home/airflow/.local/lib/python3.12/site-packages/airflow/example_dags/example_latest_only_with_trigger.py
[2024-10-10T16:21:05.467+0000] {processor.py:914} INFO - Processing file /home/airflow/.local/lib/python3.12/site-packages/airflow/example_dags/example_latest_only_with_trigger.py for tasks to queue
[2024-10-10T16:21:05.468+0000] {logging_mixin.py:190} INFO - [2024-10-10T16:21:05.468+0000] {dagbag.py:588} INFO - Filling up the DagBag from /home/airflow/.local/lib/python3.12/site-packages/airflow/example_dags/example_latest_only_with_trigger.py
[2024-10-10T16:21:05.472+0000] {processor.py:925} INFO - DAG(s) 'latest_only_with_trigger' retrieved from /home/airflow/.local/lib/python3.12/site-packages/airflow/example_dags/example_latest_only_with_trigger.py
[2024-10-10T16:21:05.485+0000] {logging_mixin.py:190} INFO - [2024-10-10T16:21:05.485+0000] {dag.py:3239} INFO - Sync 1 DAGs
[2024-10-10T16:21:05.496+0000] {logging_mixin.py:190} INFO - [2024-10-10T16:21:05.496+0000] {dag.py:4180} INFO - Setting next_dagrun for latest_only_with_trigger to 2024-10-10 12:00:00+00:00, run_after=2024-10-10 16:00:00+00:00
[2024-10-10T16:21:05.504+0000] {processor.py:208} INFO - Processing /home/airflow/.local/lib/python3.12/site-packages/airflow/example_dags/example_latest_only_with_trigger.py took 0.041 seconds
[2024-10-10T16:21:35.709+0000] {processor.py:186} INFO - Started process (PID=224) to work on /home/airflow/.local/lib/python3.12/site-packages/airflow/example_dags/example_latest_only_with_trigger.py
[2024-10-10T16:21:35.710+0000] {processor.py:914} INFO - Processing file /home/airflow/.local/lib/python3.12/site-packages/airflow/example_dags/example_latest_only_with_trigger.py for tasks to queue
[2024-10-10T16:21:35.711+0000] {logging_mixin.py:190} INFO - [2024-10-10T16:21:35.711+0000] {dagbag.py:588} INFO - Filling up the DagBag from /home/airflow/.local/lib/python3.12/site-packages/airflow/example_dags/example_latest_only_with_trigger.py
[2024-10-10T16:21:35.714+0000] {processor.py:925} INFO - DAG(s) 'latest_only_with_trigger' retrieved from /home/airflow/.local/lib/python3.12/site-packages/airflow/example_dags/example_latest_only_with_trigger.py
[2024-10-10T16:21:35.725+0000] {logging_mixin.py:190} INFO - [2024-10-10T16:21:35.725+0000] {dag.py:3239} INFO - Sync 1 DAGs
[2024-10-10T16:21:35.737+0000] {logging_mixin.py:190} INFO - [2024-10-10T16:21:35.737+0000] {dag.py:4180} INFO - Setting next_dagrun for latest_only_with_trigger to 2024-10-10 12:00:00+00:00, run_after=2024-10-10 16:00:00+00:00
[2024-10-10T16:21:35.752+0000] {processor.py:208} INFO - Processing /home/airflow/.local/lib/python3.12/site-packages/airflow/example_dags/example_latest_only_with_trigger.py took 0.046 seconds
[2024-10-10T16:22:06.185+0000] {processor.py:186} INFO - Started process (PID=287) to work on /home/airflow/.local/lib/python3.12/site-packages/airflow/example_dags/example_latest_only_with_trigger.py
[2024-10-10T16:22:06.185+0000] {processor.py:914} INFO - Processing file /home/airflow/.local/lib/python3.12/site-packages/airflow/example_dags/example_latest_only_with_trigger.py for tasks to queue
[2024-10-10T16:22:06.187+0000] {logging_mixin.py:190} INFO - [2024-10-10T16:22:06.186+0000] {dagbag.py:588} INFO - Filling up the DagBag from /home/airflow/.local/lib/python3.12/site-packages/airflow/example_dags/example_latest_only_with_trigger.py
[2024-10-10T16:22:06.191+0000] {processor.py:925} INFO - DAG(s) 'latest_only_with_trigger' retrieved from /home/airflow/.local/lib/python3.12/site-packages/airflow/example_dags/example_latest_only_with_trigger.py
[2024-10-10T16:22:06.206+0000] {logging_mixin.py:190} INFO - [2024-10-10T16:22:06.206+0000] {dag.py:3239} INFO - Sync 1 DAGs
[2024-10-10T16:22:06.220+0000] {logging_mixin.py:190} INFO - [2024-10-10T16:22:06.220+0000] {dag.py:4180} INFO - Setting next_dagrun for latest_only_with_trigger to 2024-10-10 12:00:00+00:00, run_after=2024-10-10 16:00:00+00:00
[2024-10-10T16:22:06.235+0000] {processor.py:208} INFO - Processing /home/airflow/.local/lib/python3.12/site-packages/airflow/example_dags/example_latest_only_with_trigger.py took 0.054 seconds
[2024-10-10T16:22:36.572+0000] {processor.py:186} INFO - Started process (PID=350) to work on /home/airflow/.local/lib/python3.12/site-packages/airflow/example_dags/example_latest_only_with_trigger.py
[2024-10-10T16:22:36.575+0000] {processor.py:914} INFO - Processing file /home/airflow/.local/lib/python3.12/site-packages/airflow/example_dags/example_latest_only_with_trigger.py for tasks to queue
[2024-10-10T16:22:36.576+0000] {logging_mixin.py:190} INFO - [2024-10-10T16:22:36.576+0000] {dagbag.py:588} INFO - Filling up the DagBag from /home/airflow/.local/lib/python3.12/site-packages/airflow/example_dags/example_latest_only_with_trigger.py
[2024-10-10T16:22:36.580+0000] {processor.py:925} INFO - DAG(s) 'latest_only_with_trigger' retrieved from /home/airflow/.local/lib/python3.12/site-packages/airflow/example_dags/example_latest_only_with_trigger.py
[2024-10-10T16:22:36.593+0000] {logging_mixin.py:190} INFO - [2024-10-10T16:22:36.593+0000] {dag.py:3239} INFO - Sync 1 DAGs
[2024-10-10T16:22:36.604+0000] {logging_mixin.py:190} INFO - [2024-10-10T16:22:36.604+0000] {dag.py:4180} INFO - Setting next_dagrun for latest_only_with_trigger to 2024-10-10 12:00:00+00:00, run_after=2024-10-10 16:00:00+00:00
[2024-10-10T16:22:36.613+0000] {processor.py:208} INFO - Processing /home/airflow/.local/lib/python3.12/site-packages/airflow/example_dags/example_latest_only_with_trigger.py took 0.044 seconds
[2024-10-10T16:23:06.811+0000] {processor.py:186} INFO - Started process (PID=413) to work on /home/airflow/.local/lib/python3.12/site-packages/airflow/example_dags/example_latest_only_with_trigger.py
[2024-10-10T16:23:06.813+0000] {processor.py:914} INFO - Processing file /home/airflow/.local/lib/python3.12/site-packages/airflow/example_dags/example_latest_only_with_trigger.py for tasks to queue
[2024-10-10T16:23:06.814+0000] {logging_mixin.py:190} INFO - [2024-10-10T16:23:06.814+0000] {dagbag.py:588} INFO - Filling up the DagBag from /home/airflow/.local/lib/python3.12/site-packages/airflow/example_dags/example_latest_only_with_trigger.py
[2024-10-10T16:23:06.819+0000] {processor.py:925} INFO - DAG(s) 'latest_only_with_trigger' retrieved from /home/airflow/.local/lib/python3.12/site-packages/airflow/example_dags/example_latest_only_with_trigger.py
[2024-10-10T16:23:06.830+0000] {logging_mixin.py:190} INFO - [2024-10-10T16:23:06.830+0000] {dag.py:3239} INFO - Sync 1 DAGs
[2024-10-10T16:23:06.843+0000] {logging_mixin.py:190} INFO - [2024-10-10T16:23:06.842+0000] {dag.py:4180} INFO - Setting next_dagrun for latest_only_with_trigger to 2024-10-10 12:00:00+00:00, run_after=2024-10-10 16:00:00+00:00
[2024-10-10T16:23:06.854+0000] {processor.py:208} INFO - Processing /home/airflow/.local/lib/python3.12/site-packages/airflow/example_dags/example_latest_only_with_trigger.py took 0.047 seconds
