[2024-10-10T16:20:32.185+0000] {processor.py:186} INFO - Started process (PID=59) to work on /home/airflow/.local/lib/python3.12/site-packages/airflow/example_dags/example_workday_timetable.py
[2024-10-10T16:20:32.186+0000] {processor.py:914} INFO - Processing file /home/airflow/.local/lib/python3.12/site-packages/airflow/example_dags/example_workday_timetable.py for tasks to queue
[2024-10-10T16:20:32.188+0000] {logging_mixin.py:190} INFO - [2024-10-10T16:20:32.188+0000] {dagbag.py:588} INFO - Filling up the DagBag from /home/airflow/.local/lib/python3.12/site-packages/airflow/example_dags/example_workday_timetable.py
[2024-10-10T16:20:32.192+0000] {processor.py:925} INFO - DAG(s) 'example_workday_timetable' retrieved from /home/airflow/.local/lib/python3.12/site-packages/airflow/example_dags/example_workday_timetable.py
[2024-10-10T16:20:32.249+0000] {logging_mixin.py:190} INFO - [2024-10-10T16:20:32.248+0000] {override.py:1900} INFO - Created Permission View: can edit on DAG:example_workday_timetable
[2024-10-10T16:20:32.253+0000] {logging_mixin.py:190} INFO - [2024-10-10T16:20:32.253+0000] {override.py:1900} INFO - Created Permission View: can read on DAG:example_workday_timetable
[2024-10-10T16:20:32.257+0000] {logging_mixin.py:190} INFO - [2024-10-10T16:20:32.257+0000] {override.py:1900} INFO - Created Permission View: can delete on DAG:example_workday_timetable
[2024-10-10T16:20:32.264+0000] {logging_mixin.py:190} INFO - [2024-10-10T16:20:32.264+0000] {override.py:1900} INFO - Created Permission View: menu access on DAG Run:example_workday_timetable
[2024-10-10T16:20:32.267+0000] {logging_mixin.py:190} INFO - [2024-10-10T16:20:32.267+0000] {override.py:1900} INFO - Created Permission View: can create on DAG Run:example_workday_timetable
[2024-10-10T16:20:32.271+0000] {logging_mixin.py:190} INFO - [2024-10-10T16:20:32.270+0000] {override.py:1900} INFO - Created Permission View: can read on DAG Run:example_workday_timetable
[2024-10-10T16:20:32.279+0000] {logging_mixin.py:190} INFO - [2024-10-10T16:20:32.278+0000] {override.py:1900} INFO - Created Permission View: can delete on DAG Run:example_workday_timetable
[2024-10-10T16:20:32.281+0000] {logging_mixin.py:190} INFO - [2024-10-10T16:20:32.281+0000] {dag.py:3239} INFO - Sync 1 DAGs
[2024-10-10T16:20:32.287+0000] {logging_mixin.py:190} INFO - [2024-10-10T16:20:32.287+0000] {dag.py:3262} INFO - Creating ORM DAG for example_workday_timetable
[2024-10-10T16:20:32.314+0000] {logging_mixin.py:190} INFO - [2024-10-10T16:20:32.314+0000] {dag.py:4180} INFO - Setting next_dagrun for example_workday_timetable to 2021-01-04 00:00:00+00:00, run_after=2021-01-05 00:00:00+00:00
[2024-10-10T16:20:32.323+0000] {processor.py:208} INFO - Processing /home/airflow/.local/lib/python3.12/site-packages/airflow/example_dags/example_workday_timetable.py took 0.140 seconds
[2024-10-10T16:21:02.335+0000] {processor.py:186} INFO - Started process (PID=123) to work on /home/airflow/.local/lib/python3.12/site-packages/airflow/example_dags/example_workday_timetable.py
[2024-10-10T16:21:02.336+0000] {processor.py:914} INFO - Processing file /home/airflow/.local/lib/python3.12/site-packages/airflow/example_dags/example_workday_timetable.py for tasks to queue
[2024-10-10T16:21:02.337+0000] {logging_mixin.py:190} INFO - [2024-10-10T16:21:02.337+0000] {dagbag.py:588} INFO - Filling up the DagBag from /home/airflow/.local/lib/python3.12/site-packages/airflow/example_dags/example_workday_timetable.py
[2024-10-10T16:21:02.340+0000] {processor.py:925} INFO - DAG(s) 'example_workday_timetable' retrieved from /home/airflow/.local/lib/python3.12/site-packages/airflow/example_dags/example_workday_timetable.py
[2024-10-10T16:21:02.351+0000] {logging_mixin.py:190} INFO - [2024-10-10T16:21:02.351+0000] {dag.py:3239} INFO - Sync 1 DAGs
[2024-10-10T16:21:02.382+0000] {logging_mixin.py:190} INFO - [2024-10-10T16:21:02.382+0000] {dag.py:4180} INFO - Setting next_dagrun for example_workday_timetable to 2021-01-04 00:00:00+00:00, run_after=2021-01-05 00:00:00+00:00
[2024-10-10T16:21:02.390+0000] {processor.py:208} INFO - Processing /home/airflow/.local/lib/python3.12/site-packages/airflow/example_dags/example_workday_timetable.py took 0.058 seconds
[2024-10-10T16:21:32.533+0000] {processor.py:186} INFO - Started process (PID=186) to work on /home/airflow/.local/lib/python3.12/site-packages/airflow/example_dags/example_workday_timetable.py
[2024-10-10T16:21:32.536+0000] {processor.py:914} INFO - Processing file /home/airflow/.local/lib/python3.12/site-packages/airflow/example_dags/example_workday_timetable.py for tasks to queue
[2024-10-10T16:21:32.537+0000] {logging_mixin.py:190} INFO - [2024-10-10T16:21:32.537+0000] {dagbag.py:588} INFO - Filling up the DagBag from /home/airflow/.local/lib/python3.12/site-packages/airflow/example_dags/example_workday_timetable.py
[2024-10-10T16:21:32.540+0000] {processor.py:925} INFO - DAG(s) 'example_workday_timetable' retrieved from /home/airflow/.local/lib/python3.12/site-packages/airflow/example_dags/example_workday_timetable.py
[2024-10-10T16:21:32.550+0000] {logging_mixin.py:190} INFO - [2024-10-10T16:21:32.550+0000] {dag.py:3239} INFO - Sync 1 DAGs
[2024-10-10T16:21:32.587+0000] {logging_mixin.py:190} INFO - [2024-10-10T16:21:32.587+0000] {dag.py:4180} INFO - Setting next_dagrun for example_workday_timetable to 2021-01-04 00:00:00+00:00, run_after=2021-01-05 00:00:00+00:00
[2024-10-10T16:21:32.603+0000] {processor.py:208} INFO - Processing /home/airflow/.local/lib/python3.12/site-packages/airflow/example_dags/example_workday_timetable.py took 0.073 seconds
[2024-10-10T16:22:02.782+0000] {processor.py:186} INFO - Started process (PID=249) to work on /home/airflow/.local/lib/python3.12/site-packages/airflow/example_dags/example_workday_timetable.py
[2024-10-10T16:22:02.783+0000] {processor.py:914} INFO - Processing file /home/airflow/.local/lib/python3.12/site-packages/airflow/example_dags/example_workday_timetable.py for tasks to queue
[2024-10-10T16:22:02.784+0000] {logging_mixin.py:190} INFO - [2024-10-10T16:22:02.784+0000] {dagbag.py:588} INFO - Filling up the DagBag from /home/airflow/.local/lib/python3.12/site-packages/airflow/example_dags/example_workday_timetable.py
[2024-10-10T16:22:02.787+0000] {processor.py:925} INFO - DAG(s) 'example_workday_timetable' retrieved from /home/airflow/.local/lib/python3.12/site-packages/airflow/example_dags/example_workday_timetable.py
[2024-10-10T16:22:02.800+0000] {logging_mixin.py:190} INFO - [2024-10-10T16:22:02.800+0000] {dag.py:3239} INFO - Sync 1 DAGs
[2024-10-10T16:22:02.832+0000] {logging_mixin.py:190} INFO - [2024-10-10T16:22:02.832+0000] {dag.py:4180} INFO - Setting next_dagrun for example_workday_timetable to 2021-01-04 00:00:00+00:00, run_after=2021-01-05 00:00:00+00:00
[2024-10-10T16:22:02.844+0000] {processor.py:208} INFO - Processing /home/airflow/.local/lib/python3.12/site-packages/airflow/example_dags/example_workday_timetable.py took 0.066 seconds
[2024-10-10T16:22:33.426+0000] {processor.py:186} INFO - Started process (PID=318) to work on /home/airflow/.local/lib/python3.12/site-packages/airflow/example_dags/example_workday_timetable.py
[2024-10-10T16:22:33.428+0000] {processor.py:914} INFO - Processing file /home/airflow/.local/lib/python3.12/site-packages/airflow/example_dags/example_workday_timetable.py for tasks to queue
[2024-10-10T16:22:33.430+0000] {logging_mixin.py:190} INFO - [2024-10-10T16:22:33.429+0000] {dagbag.py:588} INFO - Filling up the DagBag from /home/airflow/.local/lib/python3.12/site-packages/airflow/example_dags/example_workday_timetable.py
[2024-10-10T16:22:33.433+0000] {processor.py:925} INFO - DAG(s) 'example_workday_timetable' retrieved from /home/airflow/.local/lib/python3.12/site-packages/airflow/example_dags/example_workday_timetable.py
[2024-10-10T16:22:33.443+0000] {logging_mixin.py:190} INFO - [2024-10-10T16:22:33.443+0000] {dag.py:3239} INFO - Sync 1 DAGs
[2024-10-10T16:22:33.481+0000] {logging_mixin.py:190} INFO - [2024-10-10T16:22:33.481+0000] {dag.py:4180} INFO - Setting next_dagrun for example_workday_timetable to 2021-01-04 00:00:00+00:00, run_after=2021-01-05 00:00:00+00:00
[2024-10-10T16:22:33.492+0000] {processor.py:208} INFO - Processing /home/airflow/.local/lib/python3.12/site-packages/airflow/example_dags/example_workday_timetable.py took 0.069 seconds
[2024-10-10T16:23:03.662+0000] {processor.py:186} INFO - Started process (PID=381) to work on /home/airflow/.local/lib/python3.12/site-packages/airflow/example_dags/example_workday_timetable.py
[2024-10-10T16:23:03.664+0000] {processor.py:914} INFO - Processing file /home/airflow/.local/lib/python3.12/site-packages/airflow/example_dags/example_workday_timetable.py for tasks to queue
[2024-10-10T16:23:03.665+0000] {logging_mixin.py:190} INFO - [2024-10-10T16:23:03.665+0000] {dagbag.py:588} INFO - Filling up the DagBag from /home/airflow/.local/lib/python3.12/site-packages/airflow/example_dags/example_workday_timetable.py
[2024-10-10T16:23:03.668+0000] {processor.py:925} INFO - DAG(s) 'example_workday_timetable' retrieved from /home/airflow/.local/lib/python3.12/site-packages/airflow/example_dags/example_workday_timetable.py
[2024-10-10T16:23:03.678+0000] {logging_mixin.py:190} INFO - [2024-10-10T16:23:03.678+0000] {dag.py:3239} INFO - Sync 1 DAGs
[2024-10-10T16:23:03.706+0000] {logging_mixin.py:190} INFO - [2024-10-10T16:23:03.706+0000] {dag.py:4180} INFO - Setting next_dagrun for example_workday_timetable to 2021-01-04 00:00:00+00:00, run_after=2021-01-05 00:00:00+00:00
[2024-10-10T16:23:03.719+0000] {processor.py:208} INFO - Processing /home/airflow/.local/lib/python3.12/site-packages/airflow/example_dags/example_workday_timetable.py took 0.060 seconds
[2024-10-10T16:23:34.049+0000] {processor.py:186} INFO - Started process (PID=444) to work on /home/airflow/.local/lib/python3.12/site-packages/airflow/example_dags/example_workday_timetable.py
[2024-10-10T16:23:34.051+0000] {processor.py:914} INFO - Processing file /home/airflow/.local/lib/python3.12/site-packages/airflow/example_dags/example_workday_timetable.py for tasks to queue
[2024-10-10T16:23:34.052+0000] {logging_mixin.py:190} INFO - [2024-10-10T16:23:34.052+0000] {dagbag.py:588} INFO - Filling up the DagBag from /home/airflow/.local/lib/python3.12/site-packages/airflow/example_dags/example_workday_timetable.py
[2024-10-10T16:23:34.055+0000] {processor.py:925} INFO - DAG(s) 'example_workday_timetable' retrieved from /home/airflow/.local/lib/python3.12/site-packages/airflow/example_dags/example_workday_timetable.py
[2024-10-10T16:23:34.067+0000] {logging_mixin.py:190} INFO - [2024-10-10T16:23:34.067+0000] {dag.py:3239} INFO - Sync 1 DAGs
[2024-10-10T16:23:34.106+0000] {logging_mixin.py:190} INFO - [2024-10-10T16:23:34.106+0000] {dag.py:4180} INFO - Setting next_dagrun for example_workday_timetable to 2021-01-04 00:00:00+00:00, run_after=2021-01-05 00:00:00+00:00
[2024-10-10T16:23:34.124+0000] {processor.py:208} INFO - Processing /home/airflow/.local/lib/python3.12/site-packages/airflow/example_dags/example_workday_timetable.py took 0.079 seconds
