[2024-10-10T16:20:31.012+0000] {processor.py:186} INFO - Started process (PID=46) to work on /home/airflow/.local/lib/python3.12/site-packages/airflow/example_dags/example_branch_datetime_operator.py
[2024-10-10T16:20:31.012+0000] {processor.py:914} INFO - Processing file /home/airflow/.local/lib/python3.12/site-packages/airflow/example_dags/example_branch_datetime_operator.py for tasks to queue
[2024-10-10T16:20:31.013+0000] {logging_mixin.py:190} INFO - [2024-10-10T16:20:31.013+0000] {dagbag.py:588} INFO - Filling up the DagBag from /home/airflow/.local/lib/python3.12/site-packages/airflow/example_dags/example_branch_datetime_operator.py
[2024-10-10T16:20:31.020+0000] {processor.py:925} INFO - DAG(s) 'example_branch_datetime_operator_2', 'example_branch_datetime_operator_3', 'example_branch_datetime_operator' retrieved from /home/airflow/.local/lib/python3.12/site-packages/airflow/example_dags/example_branch_datetime_operator.py
[2024-10-10T16:20:31.085+0000] {logging_mixin.py:190} INFO - [2024-10-10T16:20:31.085+0000] {override.py:1900} INFO - Created Permission View: can edit on DAG:example_branch_datetime_operator_2
[2024-10-10T16:20:31.091+0000] {logging_mixin.py:190} INFO - [2024-10-10T16:20:31.090+0000] {override.py:1900} INFO - Created Permission View: can read on DAG:example_branch_datetime_operator_2
[2024-10-10T16:20:31.095+0000] {logging_mixin.py:190} INFO - [2024-10-10T16:20:31.095+0000] {override.py:1900} INFO - Created Permission View: can delete on DAG:example_branch_datetime_operator_2
[2024-10-10T16:20:31.100+0000] {logging_mixin.py:190} INFO - [2024-10-10T16:20:31.100+0000] {override.py:1900} INFO - Created Permission View: menu access on DAG Run:example_branch_datetime_operator_2
[2024-10-10T16:20:31.104+0000] {logging_mixin.py:190} INFO - [2024-10-10T16:20:31.104+0000] {override.py:1900} INFO - Created Permission View: can create on DAG Run:example_branch_datetime_operator_2
[2024-10-10T16:20:31.108+0000] {logging_mixin.py:190} INFO - [2024-10-10T16:20:31.108+0000] {override.py:1900} INFO - Created Permission View: can read on DAG Run:example_branch_datetime_operator_2
[2024-10-10T16:20:31.111+0000] {logging_mixin.py:190} INFO - [2024-10-10T16:20:31.111+0000] {override.py:1900} INFO - Created Permission View: can delete on DAG Run:example_branch_datetime_operator_2
[2024-10-10T16:20:31.119+0000] {logging_mixin.py:190} INFO - [2024-10-10T16:20:31.119+0000] {override.py:1900} INFO - Created Permission View: can edit on DAG:example_branch_datetime_operator_3
[2024-10-10T16:20:31.123+0000] {logging_mixin.py:190} INFO - [2024-10-10T16:20:31.123+0000] {override.py:1900} INFO - Created Permission View: can read on DAG:example_branch_datetime_operator_3
[2024-10-10T16:20:31.127+0000] {logging_mixin.py:190} INFO - [2024-10-10T16:20:31.127+0000] {override.py:1900} INFO - Created Permission View: can delete on DAG:example_branch_datetime_operator_3
[2024-10-10T16:20:31.132+0000] {logging_mixin.py:190} INFO - [2024-10-10T16:20:31.131+0000] {override.py:1900} INFO - Created Permission View: menu access on DAG Run:example_branch_datetime_operator_3
[2024-10-10T16:20:31.135+0000] {logging_mixin.py:190} INFO - [2024-10-10T16:20:31.135+0000] {override.py:1900} INFO - Created Permission View: can create on DAG Run:example_branch_datetime_operator_3
[2024-10-10T16:20:31.140+0000] {logging_mixin.py:190} INFO - [2024-10-10T16:20:31.139+0000] {override.py:1900} INFO - Created Permission View: can read on DAG Run:example_branch_datetime_operator_3
[2024-10-10T16:20:31.143+0000] {logging_mixin.py:190} INFO - [2024-10-10T16:20:31.143+0000] {override.py:1900} INFO - Created Permission View: can delete on DAG Run:example_branch_datetime_operator_3
[2024-10-10T16:20:31.158+0000] {logging_mixin.py:190} INFO - [2024-10-10T16:20:31.158+0000] {override.py:1900} INFO - Created Permission View: can edit on DAG:example_branch_datetime_operator
[2024-10-10T16:20:31.164+0000] {logging_mixin.py:190} INFO - [2024-10-10T16:20:31.163+0000] {override.py:1900} INFO - Created Permission View: can read on DAG:example_branch_datetime_operator
[2024-10-10T16:20:31.169+0000] {logging_mixin.py:190} INFO - [2024-10-10T16:20:31.169+0000] {override.py:1900} INFO - Created Permission View: can delete on DAG:example_branch_datetime_operator
[2024-10-10T16:20:31.175+0000] {logging_mixin.py:190} INFO - [2024-10-10T16:20:31.175+0000] {override.py:1900} INFO - Created Permission View: menu access on DAG Run:example_branch_datetime_operator
[2024-10-10T16:20:31.179+0000] {logging_mixin.py:190} INFO - [2024-10-10T16:20:31.179+0000] {override.py:1900} INFO - Created Permission View: can create on DAG Run:example_branch_datetime_operator
[2024-10-10T16:20:31.184+0000] {logging_mixin.py:190} INFO - [2024-10-10T16:20:31.184+0000] {override.py:1900} INFO - Created Permission View: can read on DAG Run:example_branch_datetime_operator
[2024-10-10T16:20:31.189+0000] {logging_mixin.py:190} INFO - [2024-10-10T16:20:31.189+0000] {override.py:1900} INFO - Created Permission View: can delete on DAG Run:example_branch_datetime_operator
[2024-10-10T16:20:31.189+0000] {logging_mixin.py:190} INFO - [2024-10-10T16:20:31.189+0000] {dag.py:3239} INFO - Sync 3 DAGs
[2024-10-10T16:20:31.198+0000] {logging_mixin.py:190} INFO - [2024-10-10T16:20:31.198+0000] {dag.py:3262} INFO - Creating ORM DAG for example_branch_datetime_operator_3
[2024-10-10T16:20:31.198+0000] {logging_mixin.py:190} INFO - [2024-10-10T16:20:31.198+0000] {dag.py:3262} INFO - Creating ORM DAG for example_branch_datetime_operator
[2024-10-10T16:20:31.199+0000] {logging_mixin.py:190} INFO - [2024-10-10T16:20:31.199+0000] {dag.py:3262} INFO - Creating ORM DAG for example_branch_datetime_operator_2
[2024-10-10T16:20:31.206+0000] {logging_mixin.py:190} INFO - [2024-10-10T16:20:31.205+0000] {dag.py:4180} INFO - Setting next_dagrun for example_branch_datetime_operator to 2024-10-09 00:00:00+00:00, run_after=2024-10-10 00:00:00+00:00
[2024-10-10T16:20:31.206+0000] {logging_mixin.py:190} INFO - [2024-10-10T16:20:31.206+0000] {dag.py:4180} INFO - Setting next_dagrun for example_branch_datetime_operator_2 to 2024-10-09 00:00:00+00:00, run_after=2024-10-10 00:00:00+00:00
[2024-10-10T16:20:31.208+0000] {logging_mixin.py:190} INFO - [2024-10-10T16:20:31.208+0000] {dag.py:4180} INFO - Setting next_dagrun for example_branch_datetime_operator_3 to 2024-10-09 00:00:00+00:00, run_after=2024-10-10 00:00:00+00:00
[2024-10-10T16:20:31.223+0000] {processor.py:208} INFO - Processing /home/airflow/.local/lib/python3.12/site-packages/airflow/example_dags/example_branch_datetime_operator.py took 0.215 seconds
[2024-10-10T16:21:01.902+0000] {processor.py:186} INFO - Started process (PID=110) to work on /home/airflow/.local/lib/python3.12/site-packages/airflow/example_dags/example_branch_datetime_operator.py
[2024-10-10T16:21:01.902+0000] {processor.py:914} INFO - Processing file /home/airflow/.local/lib/python3.12/site-packages/airflow/example_dags/example_branch_datetime_operator.py for tasks to queue
[2024-10-10T16:21:01.905+0000] {logging_mixin.py:190} INFO - [2024-10-10T16:21:01.905+0000] {dagbag.py:588} INFO - Filling up the DagBag from /home/airflow/.local/lib/python3.12/site-packages/airflow/example_dags/example_branch_datetime_operator.py
[2024-10-10T16:21:01.913+0000] {processor.py:925} INFO - DAG(s) 'example_branch_datetime_operator_3', 'example_branch_datetime_operator', 'example_branch_datetime_operator_2' retrieved from /home/airflow/.local/lib/python3.12/site-packages/airflow/example_dags/example_branch_datetime_operator.py
[2024-10-10T16:21:01.930+0000] {logging_mixin.py:190} INFO - [2024-10-10T16:21:01.930+0000] {dag.py:3239} INFO - Sync 3 DAGs
[2024-10-10T16:21:01.943+0000] {logging_mixin.py:190} INFO - [2024-10-10T16:21:01.943+0000] {dag.py:4180} INFO - Setting next_dagrun for example_branch_datetime_operator to 2024-10-09 00:00:00+00:00, run_after=2024-10-10 00:00:00+00:00
[2024-10-10T16:21:01.946+0000] {logging_mixin.py:190} INFO - [2024-10-10T16:21:01.946+0000] {dag.py:4180} INFO - Setting next_dagrun for example_branch_datetime_operator_2 to 2024-10-09 00:00:00+00:00, run_after=2024-10-10 00:00:00+00:00
[2024-10-10T16:21:01.947+0000] {logging_mixin.py:190} INFO - [2024-10-10T16:21:01.947+0000] {dag.py:4180} INFO - Setting next_dagrun for example_branch_datetime_operator_3 to 2024-10-09 00:00:00+00:00, run_after=2024-10-10 00:00:00+00:00
[2024-10-10T16:21:01.960+0000] {processor.py:208} INFO - Processing /home/airflow/.local/lib/python3.12/site-packages/airflow/example_dags/example_branch_datetime_operator.py took 0.061 seconds
[2024-10-10T16:21:32.141+0000] {processor.py:186} INFO - Started process (PID=173) to work on /home/airflow/.local/lib/python3.12/site-packages/airflow/example_dags/example_branch_datetime_operator.py
[2024-10-10T16:21:32.143+0000] {processor.py:914} INFO - Processing file /home/airflow/.local/lib/python3.12/site-packages/airflow/example_dags/example_branch_datetime_operator.py for tasks to queue
[2024-10-10T16:21:32.144+0000] {logging_mixin.py:190} INFO - [2024-10-10T16:21:32.144+0000] {dagbag.py:588} INFO - Filling up the DagBag from /home/airflow/.local/lib/python3.12/site-packages/airflow/example_dags/example_branch_datetime_operator.py
[2024-10-10T16:21:32.150+0000] {processor.py:925} INFO - DAG(s) 'example_branch_datetime_operator_3', 'example_branch_datetime_operator', 'example_branch_datetime_operator_2' retrieved from /home/airflow/.local/lib/python3.12/site-packages/airflow/example_dags/example_branch_datetime_operator.py
[2024-10-10T16:21:32.165+0000] {logging_mixin.py:190} INFO - [2024-10-10T16:21:32.165+0000] {dag.py:3239} INFO - Sync 3 DAGs
[2024-10-10T16:21:32.181+0000] {logging_mixin.py:190} INFO - [2024-10-10T16:21:32.180+0000] {dag.py:4180} INFO - Setting next_dagrun for example_branch_datetime_operator to 2024-10-09 00:00:00+00:00, run_after=2024-10-10 00:00:00+00:00
[2024-10-10T16:21:32.184+0000] {logging_mixin.py:190} INFO - [2024-10-10T16:21:32.184+0000] {dag.py:4180} INFO - Setting next_dagrun for example_branch_datetime_operator_2 to 2024-10-09 00:00:00+00:00, run_after=2024-10-10 00:00:00+00:00
[2024-10-10T16:21:32.187+0000] {logging_mixin.py:190} INFO - [2024-10-10T16:21:32.186+0000] {dag.py:4180} INFO - Setting next_dagrun for example_branch_datetime_operator_3 to 2024-10-09 00:00:00+00:00, run_after=2024-10-10 00:00:00+00:00
[2024-10-10T16:21:32.196+0000] {processor.py:208} INFO - Processing /home/airflow/.local/lib/python3.12/site-packages/airflow/example_dags/example_branch_datetime_operator.py took 0.059 seconds
[2024-10-10T16:22:02.353+0000] {processor.py:186} INFO - Started process (PID=236) to work on /home/airflow/.local/lib/python3.12/site-packages/airflow/example_dags/example_branch_datetime_operator.py
[2024-10-10T16:22:02.355+0000] {processor.py:914} INFO - Processing file /home/airflow/.local/lib/python3.12/site-packages/airflow/example_dags/example_branch_datetime_operator.py for tasks to queue
[2024-10-10T16:22:02.356+0000] {logging_mixin.py:190} INFO - [2024-10-10T16:22:02.356+0000] {dagbag.py:588} INFO - Filling up the DagBag from /home/airflow/.local/lib/python3.12/site-packages/airflow/example_dags/example_branch_datetime_operator.py
[2024-10-10T16:22:02.361+0000] {processor.py:925} INFO - DAG(s) 'example_branch_datetime_operator_2', 'example_branch_datetime_operator', 'example_branch_datetime_operator_3' retrieved from /home/airflow/.local/lib/python3.12/site-packages/airflow/example_dags/example_branch_datetime_operator.py
[2024-10-10T16:22:02.377+0000] {logging_mixin.py:190} INFO - [2024-10-10T16:22:02.377+0000] {dag.py:3239} INFO - Sync 3 DAGs
[2024-10-10T16:22:02.390+0000] {logging_mixin.py:190} INFO - [2024-10-10T16:22:02.390+0000] {dag.py:4180} INFO - Setting next_dagrun for example_branch_datetime_operator to 2024-10-09 00:00:00+00:00, run_after=2024-10-10 00:00:00+00:00
[2024-10-10T16:22:02.394+0000] {logging_mixin.py:190} INFO - [2024-10-10T16:22:02.394+0000] {dag.py:4180} INFO - Setting next_dagrun for example_branch_datetime_operator_2 to 2024-10-09 00:00:00+00:00, run_after=2024-10-10 00:00:00+00:00
[2024-10-10T16:22:02.395+0000] {logging_mixin.py:190} INFO - [2024-10-10T16:22:02.395+0000] {dag.py:4180} INFO - Setting next_dagrun for example_branch_datetime_operator_3 to 2024-10-09 00:00:00+00:00, run_after=2024-10-10 00:00:00+00:00
[2024-10-10T16:22:02.403+0000] {processor.py:208} INFO - Processing /home/airflow/.local/lib/python3.12/site-packages/airflow/example_dags/example_branch_datetime_operator.py took 0.055 seconds
[2024-10-10T16:22:33.021+0000] {processor.py:186} INFO - Started process (PID=305) to work on /home/airflow/.local/lib/python3.12/site-packages/airflow/example_dags/example_branch_datetime_operator.py
[2024-10-10T16:22:33.022+0000] {processor.py:914} INFO - Processing file /home/airflow/.local/lib/python3.12/site-packages/airflow/example_dags/example_branch_datetime_operator.py for tasks to queue
[2024-10-10T16:22:33.023+0000] {logging_mixin.py:190} INFO - [2024-10-10T16:22:33.023+0000] {dagbag.py:588} INFO - Filling up the DagBag from /home/airflow/.local/lib/python3.12/site-packages/airflow/example_dags/example_branch_datetime_operator.py
[2024-10-10T16:22:33.029+0000] {processor.py:925} INFO - DAG(s) 'example_branch_datetime_operator_3', 'example_branch_datetime_operator_2', 'example_branch_datetime_operator' retrieved from /home/airflow/.local/lib/python3.12/site-packages/airflow/example_dags/example_branch_datetime_operator.py
[2024-10-10T16:22:33.049+0000] {logging_mixin.py:190} INFO - [2024-10-10T16:22:33.048+0000] {dag.py:3239} INFO - Sync 3 DAGs
[2024-10-10T16:22:33.063+0000] {logging_mixin.py:190} INFO - [2024-10-10T16:22:33.063+0000] {dag.py:4180} INFO - Setting next_dagrun for example_branch_datetime_operator to 2024-10-09 00:00:00+00:00, run_after=2024-10-10 00:00:00+00:00
[2024-10-10T16:22:33.067+0000] {logging_mixin.py:190} INFO - [2024-10-10T16:22:33.067+0000] {dag.py:4180} INFO - Setting next_dagrun for example_branch_datetime_operator_2 to 2024-10-09 00:00:00+00:00, run_after=2024-10-10 00:00:00+00:00
[2024-10-10T16:22:33.069+0000] {logging_mixin.py:190} INFO - [2024-10-10T16:22:33.069+0000] {dag.py:4180} INFO - Setting next_dagrun for example_branch_datetime_operator_3 to 2024-10-09 00:00:00+00:00, run_after=2024-10-10 00:00:00+00:00
[2024-10-10T16:22:33.078+0000] {processor.py:208} INFO - Processing /home/airflow/.local/lib/python3.12/site-packages/airflow/example_dags/example_branch_datetime_operator.py took 0.063 seconds
[2024-10-10T16:23:03.260+0000] {processor.py:186} INFO - Started process (PID=368) to work on /home/airflow/.local/lib/python3.12/site-packages/airflow/example_dags/example_branch_datetime_operator.py
[2024-10-10T16:23:03.261+0000] {processor.py:914} INFO - Processing file /home/airflow/.local/lib/python3.12/site-packages/airflow/example_dags/example_branch_datetime_operator.py for tasks to queue
[2024-10-10T16:23:03.263+0000] {logging_mixin.py:190} INFO - [2024-10-10T16:23:03.262+0000] {dagbag.py:588} INFO - Filling up the DagBag from /home/airflow/.local/lib/python3.12/site-packages/airflow/example_dags/example_branch_datetime_operator.py
[2024-10-10T16:23:03.268+0000] {processor.py:925} INFO - DAG(s) 'example_branch_datetime_operator', 'example_branch_datetime_operator_2', 'example_branch_datetime_operator_3' retrieved from /home/airflow/.local/lib/python3.12/site-packages/airflow/example_dags/example_branch_datetime_operator.py
[2024-10-10T16:23:03.286+0000] {logging_mixin.py:190} INFO - [2024-10-10T16:23:03.286+0000] {dag.py:3239} INFO - Sync 3 DAGs
[2024-10-10T16:23:03.299+0000] {logging_mixin.py:190} INFO - [2024-10-10T16:23:03.299+0000] {dag.py:4180} INFO - Setting next_dagrun for example_branch_datetime_operator to 2024-10-09 00:00:00+00:00, run_after=2024-10-10 00:00:00+00:00
[2024-10-10T16:23:03.302+0000] {logging_mixin.py:190} INFO - [2024-10-10T16:23:03.302+0000] {dag.py:4180} INFO - Setting next_dagrun for example_branch_datetime_operator_2 to 2024-10-09 00:00:00+00:00, run_after=2024-10-10 00:00:00+00:00
[2024-10-10T16:23:03.304+0000] {logging_mixin.py:190} INFO - [2024-10-10T16:23:03.303+0000] {dag.py:4180} INFO - Setting next_dagrun for example_branch_datetime_operator_3 to 2024-10-09 00:00:00+00:00, run_after=2024-10-10 00:00:00+00:00
[2024-10-10T16:23:03.313+0000] {processor.py:208} INFO - Processing /home/airflow/.local/lib/python3.12/site-packages/airflow/example_dags/example_branch_datetime_operator.py took 0.058 seconds
[2024-10-10T16:23:33.598+0000] {processor.py:186} INFO - Started process (PID=431) to work on /home/airflow/.local/lib/python3.12/site-packages/airflow/example_dags/example_branch_datetime_operator.py
[2024-10-10T16:23:33.600+0000] {processor.py:914} INFO - Processing file /home/airflow/.local/lib/python3.12/site-packages/airflow/example_dags/example_branch_datetime_operator.py for tasks to queue
[2024-10-10T16:23:33.601+0000] {logging_mixin.py:190} INFO - [2024-10-10T16:23:33.601+0000] {dagbag.py:588} INFO - Filling up the DagBag from /home/airflow/.local/lib/python3.12/site-packages/airflow/example_dags/example_branch_datetime_operator.py
[2024-10-10T16:23:33.607+0000] {processor.py:925} INFO - DAG(s) 'example_branch_datetime_operator_3', 'example_branch_datetime_operator_2', 'example_branch_datetime_operator' retrieved from /home/airflow/.local/lib/python3.12/site-packages/airflow/example_dags/example_branch_datetime_operator.py
[2024-10-10T16:23:33.627+0000] {logging_mixin.py:190} INFO - [2024-10-10T16:23:33.627+0000] {dag.py:3239} INFO - Sync 3 DAGs
[2024-10-10T16:23:33.643+0000] {logging_mixin.py:190} INFO - [2024-10-10T16:23:33.642+0000] {dag.py:4180} INFO - Setting next_dagrun for example_branch_datetime_operator to 2024-10-09 00:00:00+00:00, run_after=2024-10-10 00:00:00+00:00
[2024-10-10T16:23:33.647+0000] {logging_mixin.py:190} INFO - [2024-10-10T16:23:33.646+0000] {dag.py:4180} INFO - Setting next_dagrun for example_branch_datetime_operator_2 to 2024-10-09 00:00:00+00:00, run_after=2024-10-10 00:00:00+00:00
[2024-10-10T16:23:33.648+0000] {logging_mixin.py:190} INFO - [2024-10-10T16:23:33.648+0000] {dag.py:4180} INFO - Setting next_dagrun for example_branch_datetime_operator_3 to 2024-10-09 00:00:00+00:00, run_after=2024-10-10 00:00:00+00:00
[2024-10-10T16:23:33.662+0000] {processor.py:208} INFO - Processing /home/airflow/.local/lib/python3.12/site-packages/airflow/example_dags/example_branch_datetime_operator.py took 0.070 seconds
