[2024-10-10T16:20:30.605+0000] {processor.py:186} INFO - Started process (PID=44) to work on /home/airflow/.local/lib/python3.12/site-packages/airflow/example_dags/example_dataset_alias_with_no_taskflow.py
[2024-10-10T16:20:30.607+0000] {processor.py:914} INFO - Processing file /home/airflow/.local/lib/python3.12/site-packages/airflow/example_dags/example_dataset_alias_with_no_taskflow.py for tasks to queue
[2024-10-10T16:20:30.611+0000] {logging_mixin.py:190} INFO - [2024-10-10T16:20:30.611+0000] {dagbag.py:588} INFO - Filling up the DagBag from /home/airflow/.local/lib/python3.12/site-packages/airflow/example_dags/example_dataset_alias_with_no_taskflow.py
[2024-10-10T16:20:31.010+0000] {processor.py:925} INFO - DAG(s) 'dataset_alias_example_alias_producer_with_no_taskflow', 'dataset_s3_bucket_producer_with_no_taskflow', 'dataset_alias_example_alias_consumer_with_no_taskflow', 'dataset_s3_bucket_consumer_with_no_taskflow' retrieved from /home/airflow/.local/lib/python3.12/site-packages/airflow/example_dags/example_dataset_alias_with_no_taskflow.py
[2024-10-10T16:20:31.067+0000] {logging_mixin.py:190} INFO - [2024-10-10T16:20:31.067+0000] {override.py:1900} INFO - Created Permission View: can edit on DAG:dataset_alias_example_alias_producer_with_no_taskflow
[2024-10-10T16:20:31.082+0000] {logging_mixin.py:190} INFO - [2024-10-10T16:20:31.082+0000] {override.py:1900} INFO - Created Permission View: can read on DAG:dataset_alias_example_alias_producer_with_no_taskflow
[2024-10-10T16:20:31.086+0000] {logging_mixin.py:190} INFO - [2024-10-10T16:20:31.085+0000] {override.py:1900} INFO - Created Permission View: can delete on DAG:dataset_alias_example_alias_producer_with_no_taskflow
[2024-10-10T16:20:31.092+0000] {logging_mixin.py:190} INFO - [2024-10-10T16:20:31.092+0000] {override.py:1900} INFO - Created Permission View: menu access on DAG Run:dataset_alias_example_alias_producer_with_no_taskflow
[2024-10-10T16:20:31.096+0000] {logging_mixin.py:190} INFO - [2024-10-10T16:20:31.096+0000] {override.py:1900} INFO - Created Permission View: can create on DAG Run:dataset_alias_example_alias_producer_with_no_taskflow
[2024-10-10T16:20:31.100+0000] {logging_mixin.py:190} INFO - [2024-10-10T16:20:31.100+0000] {override.py:1900} INFO - Created Permission View: can read on DAG Run:dataset_alias_example_alias_producer_with_no_taskflow
[2024-10-10T16:20:31.104+0000] {logging_mixin.py:190} INFO - [2024-10-10T16:20:31.104+0000] {override.py:1900} INFO - Created Permission View: can delete on DAG Run:dataset_alias_example_alias_producer_with_no_taskflow
[2024-10-10T16:20:31.111+0000] {logging_mixin.py:190} INFO - [2024-10-10T16:20:31.111+0000] {override.py:1900} INFO - Created Permission View: can edit on DAG:dataset_s3_bucket_producer_with_no_taskflow
[2024-10-10T16:20:31.115+0000] {logging_mixin.py:190} INFO - [2024-10-10T16:20:31.115+0000] {override.py:1900} INFO - Created Permission View: can read on DAG:dataset_s3_bucket_producer_with_no_taskflow
[2024-10-10T16:20:31.120+0000] {logging_mixin.py:190} INFO - [2024-10-10T16:20:31.119+0000] {override.py:1900} INFO - Created Permission View: can delete on DAG:dataset_s3_bucket_producer_with_no_taskflow
[2024-10-10T16:20:31.123+0000] {logging_mixin.py:190} INFO - [2024-10-10T16:20:31.123+0000] {override.py:1900} INFO - Created Permission View: menu access on DAG Run:dataset_s3_bucket_producer_with_no_taskflow
[2024-10-10T16:20:31.127+0000] {logging_mixin.py:190} INFO - [2024-10-10T16:20:31.127+0000] {override.py:1900} INFO - Created Permission View: can create on DAG Run:dataset_s3_bucket_producer_with_no_taskflow
[2024-10-10T16:20:31.131+0000] {logging_mixin.py:190} INFO - [2024-10-10T16:20:31.131+0000] {override.py:1900} INFO - Created Permission View: can read on DAG Run:dataset_s3_bucket_producer_with_no_taskflow
[2024-10-10T16:20:31.135+0000] {logging_mixin.py:190} INFO - [2024-10-10T16:20:31.135+0000] {override.py:1900} INFO - Created Permission View: can delete on DAG Run:dataset_s3_bucket_producer_with_no_taskflow
[2024-10-10T16:20:31.143+0000] {logging_mixin.py:190} INFO - [2024-10-10T16:20:31.142+0000] {override.py:1900} INFO - Created Permission View: can edit on DAG:dataset_alias_example_alias_consumer_with_no_taskflow
[2024-10-10T16:20:31.148+0000] {logging_mixin.py:190} INFO - [2024-10-10T16:20:31.148+0000] {override.py:1900} INFO - Created Permission View: can read on DAG:dataset_alias_example_alias_consumer_with_no_taskflow
[2024-10-10T16:20:31.158+0000] {logging_mixin.py:190} INFO - [2024-10-10T16:20:31.158+0000] {override.py:1900} INFO - Created Permission View: can delete on DAG:dataset_alias_example_alias_consumer_with_no_taskflow
[2024-10-10T16:20:31.164+0000] {logging_mixin.py:190} INFO - [2024-10-10T16:20:31.164+0000] {override.py:1900} INFO - Created Permission View: menu access on DAG Run:dataset_alias_example_alias_consumer_with_no_taskflow
[2024-10-10T16:20:31.169+0000] {logging_mixin.py:190} INFO - [2024-10-10T16:20:31.169+0000] {override.py:1900} INFO - Created Permission View: can create on DAG Run:dataset_alias_example_alias_consumer_with_no_taskflow
[2024-10-10T16:20:31.173+0000] {logging_mixin.py:190} INFO - [2024-10-10T16:20:31.173+0000] {override.py:1900} INFO - Created Permission View: can read on DAG Run:dataset_alias_example_alias_consumer_with_no_taskflow
[2024-10-10T16:20:31.178+0000] {logging_mixin.py:190} INFO - [2024-10-10T16:20:31.178+0000] {override.py:1900} INFO - Created Permission View: can delete on DAG Run:dataset_alias_example_alias_consumer_with_no_taskflow
[2024-10-10T16:20:31.186+0000] {logging_mixin.py:190} INFO - [2024-10-10T16:20:31.186+0000] {override.py:1900} INFO - Created Permission View: can edit on DAG:dataset_s3_bucket_consumer_with_no_taskflow
[2024-10-10T16:20:31.190+0000] {logging_mixin.py:190} INFO - [2024-10-10T16:20:31.190+0000] {override.py:1900} INFO - Created Permission View: can read on DAG:dataset_s3_bucket_consumer_with_no_taskflow
[2024-10-10T16:20:31.196+0000] {logging_mixin.py:190} INFO - [2024-10-10T16:20:31.196+0000] {override.py:1900} INFO - Created Permission View: can delete on DAG:dataset_s3_bucket_consumer_with_no_taskflow
[2024-10-10T16:20:31.201+0000] {logging_mixin.py:190} INFO - [2024-10-10T16:20:31.201+0000] {override.py:1900} INFO - Created Permission View: menu access on DAG Run:dataset_s3_bucket_consumer_with_no_taskflow
[2024-10-10T16:20:31.205+0000] {logging_mixin.py:190} INFO - [2024-10-10T16:20:31.205+0000] {override.py:1900} INFO - Created Permission View: can create on DAG Run:dataset_s3_bucket_consumer_with_no_taskflow
[2024-10-10T16:20:31.210+0000] {logging_mixin.py:190} INFO - [2024-10-10T16:20:31.210+0000] {override.py:1900} INFO - Created Permission View: can read on DAG Run:dataset_s3_bucket_consumer_with_no_taskflow
[2024-10-10T16:20:31.217+0000] {logging_mixin.py:190} INFO - [2024-10-10T16:20:31.217+0000] {override.py:1900} INFO - Created Permission View: can delete on DAG Run:dataset_s3_bucket_consumer_with_no_taskflow
[2024-10-10T16:20:31.217+0000] {logging_mixin.py:190} INFO - [2024-10-10T16:20:31.217+0000] {dag.py:3239} INFO - Sync 4 DAGs
[2024-10-10T16:20:31.226+0000] {logging_mixin.py:190} INFO - [2024-10-10T16:20:31.226+0000] {dag.py:3262} INFO - Creating ORM DAG for dataset_s3_bucket_consumer_with_no_taskflow
[2024-10-10T16:20:31.227+0000] {logging_mixin.py:190} INFO - [2024-10-10T16:20:31.227+0000] {dag.py:3262} INFO - Creating ORM DAG for dataset_s3_bucket_producer_with_no_taskflow
[2024-10-10T16:20:31.227+0000] {logging_mixin.py:190} INFO - [2024-10-10T16:20:31.227+0000] {dag.py:3262} INFO - Creating ORM DAG for dataset_alias_example_alias_consumer_with_no_taskflow
[2024-10-10T16:20:31.227+0000] {logging_mixin.py:190} INFO - [2024-10-10T16:20:31.227+0000] {dag.py:3262} INFO - Creating ORM DAG for dataset_alias_example_alias_producer_with_no_taskflow
[2024-10-10T16:20:31.233+0000] {logging_mixin.py:190} INFO - [2024-10-10T16:20:31.232+0000] {dag.py:4180} INFO - Setting next_dagrun for dataset_alias_example_alias_consumer_with_no_taskflow to None, run_after=None
[2024-10-10T16:20:31.233+0000] {logging_mixin.py:190} INFO - [2024-10-10T16:20:31.233+0000] {dag.py:4180} INFO - Setting next_dagrun for dataset_alias_example_alias_producer_with_no_taskflow to None, run_after=None
[2024-10-10T16:20:31.234+0000] {logging_mixin.py:190} INFO - [2024-10-10T16:20:31.234+0000] {dag.py:4180} INFO - Setting next_dagrun for dataset_s3_bucket_consumer_with_no_taskflow to None, run_after=None
[2024-10-10T16:20:31.234+0000] {logging_mixin.py:190} INFO - [2024-10-10T16:20:31.234+0000] {dag.py:4180} INFO - Setting next_dagrun for dataset_s3_bucket_producer_with_no_taskflow to None, run_after=None
[2024-10-10T16:20:31.257+0000] {processor.py:208} INFO - Processing /home/airflow/.local/lib/python3.12/site-packages/airflow/example_dags/example_dataset_alias_with_no_taskflow.py took 0.658 seconds
[2024-10-10T16:21:01.742+0000] {processor.py:186} INFO - Started process (PID=108) to work on /home/airflow/.local/lib/python3.12/site-packages/airflow/example_dags/example_dataset_alias_with_no_taskflow.py
[2024-10-10T16:21:01.744+0000] {processor.py:914} INFO - Processing file /home/airflow/.local/lib/python3.12/site-packages/airflow/example_dags/example_dataset_alias_with_no_taskflow.py for tasks to queue
[2024-10-10T16:21:01.750+0000] {logging_mixin.py:190} INFO - [2024-10-10T16:21:01.750+0000] {dagbag.py:588} INFO - Filling up the DagBag from /home/airflow/.local/lib/python3.12/site-packages/airflow/example_dags/example_dataset_alias_with_no_taskflow.py
[2024-10-10T16:21:01.873+0000] {processor.py:925} INFO - DAG(s) 'dataset_s3_bucket_consumer_with_no_taskflow', 'dataset_s3_bucket_producer_with_no_taskflow', 'dataset_alias_example_alias_producer_with_no_taskflow', 'dataset_alias_example_alias_consumer_with_no_taskflow' retrieved from /home/airflow/.local/lib/python3.12/site-packages/airflow/example_dags/example_dataset_alias_with_no_taskflow.py
[2024-10-10T16:21:01.889+0000] {logging_mixin.py:190} INFO - [2024-10-10T16:21:01.889+0000] {dag.py:3239} INFO - Sync 4 DAGs
[2024-10-10T16:21:01.901+0000] {logging_mixin.py:190} INFO - [2024-10-10T16:21:01.900+0000] {dag.py:4180} INFO - Setting next_dagrun for dataset_alias_example_alias_consumer_with_no_taskflow to None, run_after=None
[2024-10-10T16:21:01.902+0000] {logging_mixin.py:190} INFO - [2024-10-10T16:21:01.902+0000] {dag.py:4180} INFO - Setting next_dagrun for dataset_alias_example_alias_producer_with_no_taskflow to None, run_after=None
[2024-10-10T16:21:01.904+0000] {logging_mixin.py:190} INFO - [2024-10-10T16:21:01.904+0000] {dag.py:4180} INFO - Setting next_dagrun for dataset_s3_bucket_consumer_with_no_taskflow to None, run_after=None
[2024-10-10T16:21:01.904+0000] {logging_mixin.py:190} INFO - [2024-10-10T16:21:01.904+0000] {dag.py:4180} INFO - Setting next_dagrun for dataset_s3_bucket_producer_with_no_taskflow to None, run_after=None
[2024-10-10T16:21:01.918+0000] {processor.py:208} INFO - Processing /home/airflow/.local/lib/python3.12/site-packages/airflow/example_dags/example_dataset_alias_with_no_taskflow.py took 0.181 seconds
[2024-10-10T16:21:31.969+0000] {processor.py:186} INFO - Started process (PID=171) to work on /home/airflow/.local/lib/python3.12/site-packages/airflow/example_dags/example_dataset_alias_with_no_taskflow.py
[2024-10-10T16:21:31.972+0000] {processor.py:914} INFO - Processing file /home/airflow/.local/lib/python3.12/site-packages/airflow/example_dags/example_dataset_alias_with_no_taskflow.py for tasks to queue
[2024-10-10T16:21:31.976+0000] {logging_mixin.py:190} INFO - [2024-10-10T16:21:31.976+0000] {dagbag.py:588} INFO - Filling up the DagBag from /home/airflow/.local/lib/python3.12/site-packages/airflow/example_dags/example_dataset_alias_with_no_taskflow.py
[2024-10-10T16:21:32.116+0000] {processor.py:925} INFO - DAG(s) 'dataset_s3_bucket_producer_with_no_taskflow', 'dataset_alias_example_alias_consumer_with_no_taskflow', 'dataset_alias_example_alias_producer_with_no_taskflow', 'dataset_s3_bucket_consumer_with_no_taskflow' retrieved from /home/airflow/.local/lib/python3.12/site-packages/airflow/example_dags/example_dataset_alias_with_no_taskflow.py
[2024-10-10T16:21:32.139+0000] {logging_mixin.py:190} INFO - [2024-10-10T16:21:32.138+0000] {dag.py:3239} INFO - Sync 4 DAGs
[2024-10-10T16:21:32.150+0000] {logging_mixin.py:190} INFO - [2024-10-10T16:21:32.150+0000] {dag.py:4180} INFO - Setting next_dagrun for dataset_alias_example_alias_consumer_with_no_taskflow to None, run_after=None
[2024-10-10T16:21:32.152+0000] {logging_mixin.py:190} INFO - [2024-10-10T16:21:32.152+0000] {dag.py:4180} INFO - Setting next_dagrun for dataset_alias_example_alias_producer_with_no_taskflow to None, run_after=None
[2024-10-10T16:21:32.153+0000] {logging_mixin.py:190} INFO - [2024-10-10T16:21:32.153+0000] {dag.py:4180} INFO - Setting next_dagrun for dataset_s3_bucket_consumer_with_no_taskflow to None, run_after=None
[2024-10-10T16:21:32.153+0000] {logging_mixin.py:190} INFO - [2024-10-10T16:21:32.153+0000] {dag.py:4180} INFO - Setting next_dagrun for dataset_s3_bucket_producer_with_no_taskflow to None, run_after=None
[2024-10-10T16:21:32.164+0000] {processor.py:208} INFO - Processing /home/airflow/.local/lib/python3.12/site-packages/airflow/example_dags/example_dataset_alias_with_no_taskflow.py took 0.200 seconds
[2024-10-10T16:22:02.216+0000] {processor.py:186} INFO - Started process (PID=234) to work on /home/airflow/.local/lib/python3.12/site-packages/airflow/example_dags/example_dataset_alias_with_no_taskflow.py
[2024-10-10T16:22:02.218+0000] {processor.py:914} INFO - Processing file /home/airflow/.local/lib/python3.12/site-packages/airflow/example_dags/example_dataset_alias_with_no_taskflow.py for tasks to queue
[2024-10-10T16:22:02.222+0000] {logging_mixin.py:190} INFO - [2024-10-10T16:22:02.221+0000] {dagbag.py:588} INFO - Filling up the DagBag from /home/airflow/.local/lib/python3.12/site-packages/airflow/example_dags/example_dataset_alias_with_no_taskflow.py
[2024-10-10T16:22:02.349+0000] {processor.py:925} INFO - DAG(s) 'dataset_s3_bucket_consumer_with_no_taskflow', 'dataset_alias_example_alias_consumer_with_no_taskflow', 'dataset_s3_bucket_producer_with_no_taskflow', 'dataset_alias_example_alias_producer_with_no_taskflow' retrieved from /home/airflow/.local/lib/python3.12/site-packages/airflow/example_dags/example_dataset_alias_with_no_taskflow.py
[2024-10-10T16:22:02.360+0000] {logging_mixin.py:190} INFO - [2024-10-10T16:22:02.359+0000] {dag.py:3239} INFO - Sync 4 DAGs
[2024-10-10T16:22:02.373+0000] {logging_mixin.py:190} INFO - [2024-10-10T16:22:02.373+0000] {dag.py:4180} INFO - Setting next_dagrun for dataset_alias_example_alias_consumer_with_no_taskflow to None, run_after=None
[2024-10-10T16:22:02.376+0000] {logging_mixin.py:190} INFO - [2024-10-10T16:22:02.376+0000] {dag.py:4180} INFO - Setting next_dagrun for dataset_alias_example_alias_producer_with_no_taskflow to None, run_after=None
[2024-10-10T16:22:02.377+0000] {logging_mixin.py:190} INFO - [2024-10-10T16:22:02.376+0000] {dag.py:4180} INFO - Setting next_dagrun for dataset_s3_bucket_consumer_with_no_taskflow to None, run_after=None
[2024-10-10T16:22:02.378+0000] {logging_mixin.py:190} INFO - [2024-10-10T16:22:02.378+0000] {dag.py:4180} INFO - Setting next_dagrun for dataset_s3_bucket_producer_with_no_taskflow to None, run_after=None
[2024-10-10T16:22:02.390+0000] {processor.py:208} INFO - Processing /home/airflow/.local/lib/python3.12/site-packages/airflow/example_dags/example_dataset_alias_with_no_taskflow.py took 0.181 seconds
[2024-10-10T16:22:32.854+0000] {processor.py:186} INFO - Started process (PID=297) to work on /home/airflow/.local/lib/python3.12/site-packages/airflow/example_dags/example_dataset_alias_with_no_taskflow.py
[2024-10-10T16:22:32.856+0000] {processor.py:914} INFO - Processing file /home/airflow/.local/lib/python3.12/site-packages/airflow/example_dags/example_dataset_alias_with_no_taskflow.py for tasks to queue
[2024-10-10T16:22:32.859+0000] {logging_mixin.py:190} INFO - [2024-10-10T16:22:32.859+0000] {dagbag.py:588} INFO - Filling up the DagBag from /home/airflow/.local/lib/python3.12/site-packages/airflow/example_dags/example_dataset_alias_with_no_taskflow.py
[2024-10-10T16:22:33.002+0000] {processor.py:925} INFO - DAG(s) 'dataset_alias_example_alias_producer_with_no_taskflow', 'dataset_s3_bucket_producer_with_no_taskflow', 'dataset_alias_example_alias_consumer_with_no_taskflow', 'dataset_s3_bucket_consumer_with_no_taskflow' retrieved from /home/airflow/.local/lib/python3.12/site-packages/airflow/example_dags/example_dataset_alias_with_no_taskflow.py
[2024-10-10T16:22:33.015+0000] {logging_mixin.py:190} INFO - [2024-10-10T16:22:33.015+0000] {dag.py:3239} INFO - Sync 4 DAGs
[2024-10-10T16:22:33.030+0000] {logging_mixin.py:190} INFO - [2024-10-10T16:22:33.030+0000] {dag.py:4180} INFO - Setting next_dagrun for dataset_alias_example_alias_consumer_with_no_taskflow to None, run_after=None
[2024-10-10T16:22:33.033+0000] {logging_mixin.py:190} INFO - [2024-10-10T16:22:33.033+0000] {dag.py:4180} INFO - Setting next_dagrun for dataset_alias_example_alias_producer_with_no_taskflow to None, run_after=None
[2024-10-10T16:22:33.033+0000] {logging_mixin.py:190} INFO - [2024-10-10T16:22:33.033+0000] {dag.py:4180} INFO - Setting next_dagrun for dataset_s3_bucket_consumer_with_no_taskflow to None, run_after=None
[2024-10-10T16:22:33.034+0000] {logging_mixin.py:190} INFO - [2024-10-10T16:22:33.034+0000] {dag.py:4180} INFO - Setting next_dagrun for dataset_s3_bucket_producer_with_no_taskflow to None, run_after=None
[2024-10-10T16:22:33.046+0000] {processor.py:208} INFO - Processing /home/airflow/.local/lib/python3.12/site-packages/airflow/example_dags/example_dataset_alias_with_no_taskflow.py took 0.201 seconds
[2024-10-10T16:23:03.127+0000] {processor.py:186} INFO - Started process (PID=366) to work on /home/airflow/.local/lib/python3.12/site-packages/airflow/example_dags/example_dataset_alias_with_no_taskflow.py
[2024-10-10T16:23:03.128+0000] {processor.py:914} INFO - Processing file /home/airflow/.local/lib/python3.12/site-packages/airflow/example_dags/example_dataset_alias_with_no_taskflow.py for tasks to queue
[2024-10-10T16:23:03.130+0000] {logging_mixin.py:190} INFO - [2024-10-10T16:23:03.130+0000] {dagbag.py:588} INFO - Filling up the DagBag from /home/airflow/.local/lib/python3.12/site-packages/airflow/example_dags/example_dataset_alias_with_no_taskflow.py
[2024-10-10T16:23:03.235+0000] {processor.py:925} INFO - DAG(s) 'dataset_s3_bucket_producer_with_no_taskflow', 'dataset_s3_bucket_consumer_with_no_taskflow', 'dataset_alias_example_alias_producer_with_no_taskflow', 'dataset_alias_example_alias_consumer_with_no_taskflow' retrieved from /home/airflow/.local/lib/python3.12/site-packages/airflow/example_dags/example_dataset_alias_with_no_taskflow.py
[2024-10-10T16:23:03.249+0000] {logging_mixin.py:190} INFO - [2024-10-10T16:23:03.249+0000] {dag.py:3239} INFO - Sync 4 DAGs
[2024-10-10T16:23:03.263+0000] {logging_mixin.py:190} INFO - [2024-10-10T16:23:03.263+0000] {dag.py:4180} INFO - Setting next_dagrun for dataset_alias_example_alias_consumer_with_no_taskflow to None, run_after=None
[2024-10-10T16:23:03.267+0000] {logging_mixin.py:190} INFO - [2024-10-10T16:23:03.267+0000] {dag.py:4180} INFO - Setting next_dagrun for dataset_alias_example_alias_producer_with_no_taskflow to None, run_after=None
[2024-10-10T16:23:03.268+0000] {logging_mixin.py:190} INFO - [2024-10-10T16:23:03.268+0000] {dag.py:4180} INFO - Setting next_dagrun for dataset_s3_bucket_consumer_with_no_taskflow to None, run_after=None
[2024-10-10T16:23:03.270+0000] {logging_mixin.py:190} INFO - [2024-10-10T16:23:03.270+0000] {dag.py:4180} INFO - Setting next_dagrun for dataset_s3_bucket_producer_with_no_taskflow to None, run_after=None
[2024-10-10T16:23:03.283+0000] {processor.py:208} INFO - Processing /home/airflow/.local/lib/python3.12/site-packages/airflow/example_dags/example_dataset_alias_with_no_taskflow.py took 0.164 seconds
[2024-10-10T16:23:33.442+0000] {processor.py:186} INFO - Started process (PID=429) to work on /home/airflow/.local/lib/python3.12/site-packages/airflow/example_dags/example_dataset_alias_with_no_taskflow.py
[2024-10-10T16:23:33.446+0000] {processor.py:914} INFO - Processing file /home/airflow/.local/lib/python3.12/site-packages/airflow/example_dags/example_dataset_alias_with_no_taskflow.py for tasks to queue
[2024-10-10T16:23:33.449+0000] {logging_mixin.py:190} INFO - [2024-10-10T16:23:33.448+0000] {dagbag.py:588} INFO - Filling up the DagBag from /home/airflow/.local/lib/python3.12/site-packages/airflow/example_dags/example_dataset_alias_with_no_taskflow.py
[2024-10-10T16:23:33.582+0000] {processor.py:925} INFO - DAG(s) 'dataset_alias_example_alias_producer_with_no_taskflow', 'dataset_alias_example_alias_consumer_with_no_taskflow', 'dataset_s3_bucket_producer_with_no_taskflow', 'dataset_s3_bucket_consumer_with_no_taskflow' retrieved from /home/airflow/.local/lib/python3.12/site-packages/airflow/example_dags/example_dataset_alias_with_no_taskflow.py
[2024-10-10T16:23:33.594+0000] {logging_mixin.py:190} INFO - [2024-10-10T16:23:33.594+0000] {dag.py:3239} INFO - Sync 4 DAGs
[2024-10-10T16:23:33.607+0000] {logging_mixin.py:190} INFO - [2024-10-10T16:23:33.606+0000] {dag.py:4180} INFO - Setting next_dagrun for dataset_alias_example_alias_consumer_with_no_taskflow to None, run_after=None
[2024-10-10T16:23:33.610+0000] {logging_mixin.py:190} INFO - [2024-10-10T16:23:33.610+0000] {dag.py:4180} INFO - Setting next_dagrun for dataset_alias_example_alias_producer_with_no_taskflow to None, run_after=None
[2024-10-10T16:23:33.611+0000] {logging_mixin.py:190} INFO - [2024-10-10T16:23:33.611+0000] {dag.py:4180} INFO - Setting next_dagrun for dataset_s3_bucket_consumer_with_no_taskflow to None, run_after=None
[2024-10-10T16:23:33.612+0000] {logging_mixin.py:190} INFO - [2024-10-10T16:23:33.612+0000] {dag.py:4180} INFO - Setting next_dagrun for dataset_s3_bucket_producer_with_no_taskflow to None, run_after=None
[2024-10-10T16:23:33.627+0000] {processor.py:208} INFO - Processing /home/airflow/.local/lib/python3.12/site-packages/airflow/example_dags/example_dataset_alias_with_no_taskflow.py took 0.194 seconds
