[2024-10-10T16:20:34.041+0000] {processor.py:186} INFO - Started process (PID=86) to work on /home/airflow/.local/lib/python3.12/site-packages/airflow/example_dags/example_nested_branch_dag.py
[2024-10-10T16:20:34.042+0000] {processor.py:914} INFO - Processing file /home/airflow/.local/lib/python3.12/site-packages/airflow/example_dags/example_nested_branch_dag.py for tasks to queue
[2024-10-10T16:20:34.044+0000] {logging_mixin.py:190} INFO - [2024-10-10T16:20:34.044+0000] {dagbag.py:588} INFO - Filling up the DagBag from /home/airflow/.local/lib/python3.12/site-packages/airflow/example_dags/example_nested_branch_dag.py
[2024-10-10T16:20:34.052+0000] {processor.py:925} INFO - DAG(s) 'example_nested_branch_dag' retrieved from /home/airflow/.local/lib/python3.12/site-packages/airflow/example_dags/example_nested_branch_dag.py
[2024-10-10T16:20:34.112+0000] {logging_mixin.py:190} INFO - [2024-10-10T16:20:34.111+0000] {override.py:1900} INFO - Created Permission View: can edit on DAG:example_nested_branch_dag
[2024-10-10T16:20:34.117+0000] {logging_mixin.py:190} INFO - [2024-10-10T16:20:34.116+0000] {override.py:1900} INFO - Created Permission View: can read on DAG:example_nested_branch_dag
[2024-10-10T16:20:34.119+0000] {logging_mixin.py:190} INFO - [2024-10-10T16:20:34.119+0000] {override.py:1900} INFO - Created Permission View: can delete on DAG:example_nested_branch_dag
[2024-10-10T16:20:34.121+0000] {logging_mixin.py:190} INFO - [2024-10-10T16:20:34.121+0000] {override.py:1900} INFO - Created Permission View: menu access on DAG Run:example_nested_branch_dag
[2024-10-10T16:20:34.124+0000] {logging_mixin.py:190} INFO - [2024-10-10T16:20:34.124+0000] {override.py:1900} INFO - Created Permission View: can create on DAG Run:example_nested_branch_dag
[2024-10-10T16:20:34.127+0000] {logging_mixin.py:190} INFO - [2024-10-10T16:20:34.127+0000] {override.py:1900} INFO - Created Permission View: can read on DAG Run:example_nested_branch_dag
[2024-10-10T16:20:34.129+0000] {logging_mixin.py:190} INFO - [2024-10-10T16:20:34.129+0000] {override.py:1900} INFO - Created Permission View: can delete on DAG Run:example_nested_branch_dag
[2024-10-10T16:20:34.130+0000] {logging_mixin.py:190} INFO - [2024-10-10T16:20:34.130+0000] {dag.py:3239} INFO - Sync 1 DAGs
[2024-10-10T16:20:34.136+0000] {logging_mixin.py:190} INFO - [2024-10-10T16:20:34.136+0000] {dag.py:3262} INFO - Creating ORM DAG for example_nested_branch_dag
[2024-10-10T16:20:34.141+0000] {logging_mixin.py:190} INFO - [2024-10-10T16:20:34.141+0000] {dag.py:4180} INFO - Setting next_dagrun for example_nested_branch_dag to 2024-10-09 00:00:00+00:00, run_after=2024-10-10 00:00:00+00:00
[2024-10-10T16:20:34.148+0000] {processor.py:208} INFO - Processing /home/airflow/.local/lib/python3.12/site-packages/airflow/example_dags/example_nested_branch_dag.py took 0.110 seconds
[2024-10-10T16:21:05.067+0000] {processor.py:186} INFO - Started process (PID=149) to work on /home/airflow/.local/lib/python3.12/site-packages/airflow/example_dags/example_nested_branch_dag.py
[2024-10-10T16:21:05.068+0000] {processor.py:914} INFO - Processing file /home/airflow/.local/lib/python3.12/site-packages/airflow/example_dags/example_nested_branch_dag.py for tasks to queue
[2024-10-10T16:21:05.069+0000] {logging_mixin.py:190} INFO - [2024-10-10T16:21:05.069+0000] {dagbag.py:588} INFO - Filling up the DagBag from /home/airflow/.local/lib/python3.12/site-packages/airflow/example_dags/example_nested_branch_dag.py
[2024-10-10T16:21:05.074+0000] {processor.py:925} INFO - DAG(s) 'example_nested_branch_dag' retrieved from /home/airflow/.local/lib/python3.12/site-packages/airflow/example_dags/example_nested_branch_dag.py
[2024-10-10T16:21:05.084+0000] {logging_mixin.py:190} INFO - [2024-10-10T16:21:05.084+0000] {dag.py:3239} INFO - Sync 1 DAGs
[2024-10-10T16:21:05.094+0000] {logging_mixin.py:190} INFO - [2024-10-10T16:21:05.093+0000] {dag.py:4180} INFO - Setting next_dagrun for example_nested_branch_dag to 2024-10-09 00:00:00+00:00, run_after=2024-10-10 00:00:00+00:00
[2024-10-10T16:21:05.101+0000] {processor.py:208} INFO - Processing /home/airflow/.local/lib/python3.12/site-packages/airflow/example_dags/example_nested_branch_dag.py took 0.036 seconds
[2024-10-10T16:21:35.255+0000] {processor.py:186} INFO - Started process (PID=212) to work on /home/airflow/.local/lib/python3.12/site-packages/airflow/example_dags/example_nested_branch_dag.py
[2024-10-10T16:21:35.255+0000] {processor.py:914} INFO - Processing file /home/airflow/.local/lib/python3.12/site-packages/airflow/example_dags/example_nested_branch_dag.py for tasks to queue
[2024-10-10T16:21:35.256+0000] {logging_mixin.py:190} INFO - [2024-10-10T16:21:35.256+0000] {dagbag.py:588} INFO - Filling up the DagBag from /home/airflow/.local/lib/python3.12/site-packages/airflow/example_dags/example_nested_branch_dag.py
[2024-10-10T16:21:35.261+0000] {processor.py:925} INFO - DAG(s) 'example_nested_branch_dag' retrieved from /home/airflow/.local/lib/python3.12/site-packages/airflow/example_dags/example_nested_branch_dag.py
[2024-10-10T16:21:35.271+0000] {logging_mixin.py:190} INFO - [2024-10-10T16:21:35.271+0000] {dag.py:3239} INFO - Sync 1 DAGs
[2024-10-10T16:21:35.281+0000] {logging_mixin.py:190} INFO - [2024-10-10T16:21:35.281+0000] {dag.py:4180} INFO - Setting next_dagrun for example_nested_branch_dag to 2024-10-09 00:00:00+00:00, run_after=2024-10-10 00:00:00+00:00
[2024-10-10T16:21:35.288+0000] {processor.py:208} INFO - Processing /home/airflow/.local/lib/python3.12/site-packages/airflow/example_dags/example_nested_branch_dag.py took 0.036 seconds
[2024-10-10T16:22:05.543+0000] {processor.py:186} INFO - Started process (PID=275) to work on /home/airflow/.local/lib/python3.12/site-packages/airflow/example_dags/example_nested_branch_dag.py
[2024-10-10T16:22:05.544+0000] {processor.py:914} INFO - Processing file /home/airflow/.local/lib/python3.12/site-packages/airflow/example_dags/example_nested_branch_dag.py for tasks to queue
[2024-10-10T16:22:05.545+0000] {logging_mixin.py:190} INFO - [2024-10-10T16:22:05.545+0000] {dagbag.py:588} INFO - Filling up the DagBag from /home/airflow/.local/lib/python3.12/site-packages/airflow/example_dags/example_nested_branch_dag.py
[2024-10-10T16:22:05.551+0000] {processor.py:925} INFO - DAG(s) 'example_nested_branch_dag' retrieved from /home/airflow/.local/lib/python3.12/site-packages/airflow/example_dags/example_nested_branch_dag.py
[2024-10-10T16:22:05.561+0000] {logging_mixin.py:190} INFO - [2024-10-10T16:22:05.561+0000] {dag.py:3239} INFO - Sync 1 DAGs
[2024-10-10T16:22:05.577+0000] {logging_mixin.py:190} INFO - [2024-10-10T16:22:05.576+0000] {dag.py:4180} INFO - Setting next_dagrun for example_nested_branch_dag to 2024-10-09 00:00:00+00:00, run_after=2024-10-10 00:00:00+00:00
[2024-10-10T16:22:05.600+0000] {processor.py:208} INFO - Processing /home/airflow/.local/lib/python3.12/site-packages/airflow/example_dags/example_nested_branch_dag.py took 0.060 seconds
[2024-10-10T16:22:36.156+0000] {processor.py:186} INFO - Started process (PID=338) to work on /home/airflow/.local/lib/python3.12/site-packages/airflow/example_dags/example_nested_branch_dag.py
[2024-10-10T16:22:36.157+0000] {processor.py:914} INFO - Processing file /home/airflow/.local/lib/python3.12/site-packages/airflow/example_dags/example_nested_branch_dag.py for tasks to queue
[2024-10-10T16:22:36.158+0000] {logging_mixin.py:190} INFO - [2024-10-10T16:22:36.157+0000] {dagbag.py:588} INFO - Filling up the DagBag from /home/airflow/.local/lib/python3.12/site-packages/airflow/example_dags/example_nested_branch_dag.py
[2024-10-10T16:22:36.163+0000] {processor.py:925} INFO - DAG(s) 'example_nested_branch_dag' retrieved from /home/airflow/.local/lib/python3.12/site-packages/airflow/example_dags/example_nested_branch_dag.py
[2024-10-10T16:22:36.173+0000] {logging_mixin.py:190} INFO - [2024-10-10T16:22:36.173+0000] {dag.py:3239} INFO - Sync 1 DAGs
[2024-10-10T16:22:36.183+0000] {logging_mixin.py:190} INFO - [2024-10-10T16:22:36.183+0000] {dag.py:4180} INFO - Setting next_dagrun for example_nested_branch_dag to 2024-10-09 00:00:00+00:00, run_after=2024-10-10 00:00:00+00:00
[2024-10-10T16:22:36.190+0000] {processor.py:208} INFO - Processing /home/airflow/.local/lib/python3.12/site-packages/airflow/example_dags/example_nested_branch_dag.py took 0.037 seconds
[2024-10-10T16:23:06.394+0000] {processor.py:186} INFO - Started process (PID=401) to work on /home/airflow/.local/lib/python3.12/site-packages/airflow/example_dags/example_nested_branch_dag.py
[2024-10-10T16:23:06.395+0000] {processor.py:914} INFO - Processing file /home/airflow/.local/lib/python3.12/site-packages/airflow/example_dags/example_nested_branch_dag.py for tasks to queue
[2024-10-10T16:23:06.397+0000] {logging_mixin.py:190} INFO - [2024-10-10T16:23:06.397+0000] {dagbag.py:588} INFO - Filling up the DagBag from /home/airflow/.local/lib/python3.12/site-packages/airflow/example_dags/example_nested_branch_dag.py
[2024-10-10T16:23:06.402+0000] {processor.py:925} INFO - DAG(s) 'example_nested_branch_dag' retrieved from /home/airflow/.local/lib/python3.12/site-packages/airflow/example_dags/example_nested_branch_dag.py
[2024-10-10T16:23:06.418+0000] {logging_mixin.py:190} INFO - [2024-10-10T16:23:06.418+0000] {dag.py:3239} INFO - Sync 1 DAGs
[2024-10-10T16:23:06.430+0000] {logging_mixin.py:190} INFO - [2024-10-10T16:23:06.430+0000] {dag.py:4180} INFO - Setting next_dagrun for example_nested_branch_dag to 2024-10-09 00:00:00+00:00, run_after=2024-10-10 00:00:00+00:00
[2024-10-10T16:23:06.443+0000] {processor.py:208} INFO - Processing /home/airflow/.local/lib/python3.12/site-packages/airflow/example_dags/example_nested_branch_dag.py took 0.053 seconds
