[2024-10-10T16:20:31.833+0000] {processor.py:186} INFO - Started process (PID=54) to work on /home/airflow/.local/lib/python3.12/site-packages/airflow/example_dags/example_latest_only.py
[2024-10-10T16:20:31.834+0000] {processor.py:914} INFO - Processing file /home/airflow/.local/lib/python3.12/site-packages/airflow/example_dags/example_latest_only.py for tasks to queue
[2024-10-10T16:20:31.837+0000] {logging_mixin.py:190} INFO - [2024-10-10T16:20:31.836+0000] {dagbag.py:588} INFO - Filling up the DagBag from /home/airflow/.local/lib/python3.12/site-packages/airflow/example_dags/example_latest_only.py
[2024-10-10T16:20:31.845+0000] {processor.py:925} INFO - DAG(s) 'latest_only' retrieved from /home/airflow/.local/lib/python3.12/site-packages/airflow/example_dags/example_latest_only.py
[2024-10-10T16:20:31.915+0000] {logging_mixin.py:190} INFO - [2024-10-10T16:20:31.914+0000] {override.py:1900} INFO - Created Permission View: can edit on DAG:latest_only
[2024-10-10T16:20:31.919+0000] {logging_mixin.py:190} INFO - [2024-10-10T16:20:31.919+0000] {override.py:1900} INFO - Created Permission View: can read on DAG:latest_only
[2024-10-10T16:20:31.922+0000] {logging_mixin.py:190} INFO - [2024-10-10T16:20:31.922+0000] {override.py:1900} INFO - Created Permission View: can delete on DAG:latest_only
[2024-10-10T16:20:31.924+0000] {logging_mixin.py:190} INFO - [2024-10-10T16:20:31.924+0000] {override.py:1900} INFO - Created Permission View: menu access on DAG Run:latest_only
[2024-10-10T16:20:31.927+0000] {logging_mixin.py:190} INFO - [2024-10-10T16:20:31.927+0000] {override.py:1900} INFO - Created Permission View: can create on DAG Run:latest_only
[2024-10-10T16:20:31.934+0000] {logging_mixin.py:190} INFO - [2024-10-10T16:20:31.934+0000] {override.py:1900} INFO - Created Permission View: can read on DAG Run:latest_only
[2024-10-10T16:20:31.936+0000] {logging_mixin.py:190} INFO - [2024-10-10T16:20:31.936+0000] {override.py:1900} INFO - Created Permission View: can delete on DAG Run:latest_only
[2024-10-10T16:20:31.936+0000] {logging_mixin.py:190} INFO - [2024-10-10T16:20:31.936+0000] {dag.py:3239} INFO - Sync 1 DAGs
[2024-10-10T16:20:31.942+0000] {logging_mixin.py:190} INFO - [2024-10-10T16:20:31.942+0000] {dag.py:3262} INFO - Creating ORM DAG for latest_only
[2024-10-10T16:20:31.948+0000] {logging_mixin.py:190} INFO - [2024-10-10T16:20:31.948+0000] {dag.py:4180} INFO - Setting next_dagrun for latest_only to 2024-10-10 12:00:00+00:00, run_after=2024-10-10 16:00:00+00:00
[2024-10-10T16:20:31.960+0000] {processor.py:208} INFO - Processing /home/airflow/.local/lib/python3.12/site-packages/airflow/example_dags/example_latest_only.py took 0.130 seconds
[2024-10-10T16:21:02.159+0000] {processor.py:186} INFO - Started process (PID=118) to work on /home/airflow/.local/lib/python3.12/site-packages/airflow/example_dags/example_latest_only.py
[2024-10-10T16:21:02.161+0000] {processor.py:914} INFO - Processing file /home/airflow/.local/lib/python3.12/site-packages/airflow/example_dags/example_latest_only.py for tasks to queue
[2024-10-10T16:21:02.164+0000] {logging_mixin.py:190} INFO - [2024-10-10T16:21:02.164+0000] {dagbag.py:588} INFO - Filling up the DagBag from /home/airflow/.local/lib/python3.12/site-packages/airflow/example_dags/example_latest_only.py
[2024-10-10T16:21:02.167+0000] {processor.py:925} INFO - DAG(s) 'latest_only' retrieved from /home/airflow/.local/lib/python3.12/site-packages/airflow/example_dags/example_latest_only.py
[2024-10-10T16:21:02.180+0000] {logging_mixin.py:190} INFO - [2024-10-10T16:21:02.180+0000] {dag.py:3239} INFO - Sync 1 DAGs
[2024-10-10T16:21:02.194+0000] {logging_mixin.py:190} INFO - [2024-10-10T16:21:02.194+0000] {dag.py:4180} INFO - Setting next_dagrun for latest_only to 2024-10-10 12:00:00+00:00, run_after=2024-10-10 16:00:00+00:00
[2024-10-10T16:21:02.205+0000] {processor.py:208} INFO - Processing /home/airflow/.local/lib/python3.12/site-packages/airflow/example_dags/example_latest_only.py took 0.049 seconds
[2024-10-10T16:21:32.400+0000] {processor.py:186} INFO - Started process (PID=181) to work on /home/airflow/.local/lib/python3.12/site-packages/airflow/example_dags/example_latest_only.py
[2024-10-10T16:21:32.400+0000] {processor.py:914} INFO - Processing file /home/airflow/.local/lib/python3.12/site-packages/airflow/example_dags/example_latest_only.py for tasks to queue
[2024-10-10T16:21:32.402+0000] {logging_mixin.py:190} INFO - [2024-10-10T16:21:32.402+0000] {dagbag.py:588} INFO - Filling up the DagBag from /home/airflow/.local/lib/python3.12/site-packages/airflow/example_dags/example_latest_only.py
[2024-10-10T16:21:32.405+0000] {processor.py:925} INFO - DAG(s) 'latest_only' retrieved from /home/airflow/.local/lib/python3.12/site-packages/airflow/example_dags/example_latest_only.py
[2024-10-10T16:21:32.415+0000] {logging_mixin.py:190} INFO - [2024-10-10T16:21:32.415+0000] {dag.py:3239} INFO - Sync 1 DAGs
[2024-10-10T16:21:32.427+0000] {logging_mixin.py:190} INFO - [2024-10-10T16:21:32.427+0000] {dag.py:4180} INFO - Setting next_dagrun for latest_only to 2024-10-10 12:00:00+00:00, run_after=2024-10-10 16:00:00+00:00
[2024-10-10T16:21:32.440+0000] {processor.py:208} INFO - Processing /home/airflow/.local/lib/python3.12/site-packages/airflow/example_dags/example_latest_only.py took 0.043 seconds
[2024-10-10T16:22:02.628+0000] {processor.py:186} INFO - Started process (PID=244) to work on /home/airflow/.local/lib/python3.12/site-packages/airflow/example_dags/example_latest_only.py
[2024-10-10T16:22:02.629+0000] {processor.py:914} INFO - Processing file /home/airflow/.local/lib/python3.12/site-packages/airflow/example_dags/example_latest_only.py for tasks to queue
[2024-10-10T16:22:02.633+0000] {logging_mixin.py:190} INFO - [2024-10-10T16:22:02.633+0000] {dagbag.py:588} INFO - Filling up the DagBag from /home/airflow/.local/lib/python3.12/site-packages/airflow/example_dags/example_latest_only.py
[2024-10-10T16:22:02.637+0000] {processor.py:925} INFO - DAG(s) 'latest_only' retrieved from /home/airflow/.local/lib/python3.12/site-packages/airflow/example_dags/example_latest_only.py
[2024-10-10T16:22:02.647+0000] {logging_mixin.py:190} INFO - [2024-10-10T16:22:02.647+0000] {dag.py:3239} INFO - Sync 1 DAGs
[2024-10-10T16:22:02.658+0000] {logging_mixin.py:190} INFO - [2024-10-10T16:22:02.658+0000] {dag.py:4180} INFO - Setting next_dagrun for latest_only to 2024-10-10 12:00:00+00:00, run_after=2024-10-10 16:00:00+00:00
[2024-10-10T16:22:02.672+0000] {processor.py:208} INFO - Processing /home/airflow/.local/lib/python3.12/site-packages/airflow/example_dags/example_latest_only.py took 0.047 seconds
[2024-10-10T16:22:33.290+0000] {processor.py:186} INFO - Started process (PID=313) to work on /home/airflow/.local/lib/python3.12/site-packages/airflow/example_dags/example_latest_only.py
[2024-10-10T16:22:33.292+0000] {processor.py:914} INFO - Processing file /home/airflow/.local/lib/python3.12/site-packages/airflow/example_dags/example_latest_only.py for tasks to queue
[2024-10-10T16:22:33.294+0000] {logging_mixin.py:190} INFO - [2024-10-10T16:22:33.294+0000] {dagbag.py:588} INFO - Filling up the DagBag from /home/airflow/.local/lib/python3.12/site-packages/airflow/example_dags/example_latest_only.py
[2024-10-10T16:22:33.298+0000] {processor.py:925} INFO - DAG(s) 'latest_only' retrieved from /home/airflow/.local/lib/python3.12/site-packages/airflow/example_dags/example_latest_only.py
[2024-10-10T16:22:33.307+0000] {logging_mixin.py:190} INFO - [2024-10-10T16:22:33.307+0000] {dag.py:3239} INFO - Sync 1 DAGs
[2024-10-10T16:22:33.319+0000] {logging_mixin.py:190} INFO - [2024-10-10T16:22:33.319+0000] {dag.py:4180} INFO - Setting next_dagrun for latest_only to 2024-10-10 12:00:00+00:00, run_after=2024-10-10 16:00:00+00:00
[2024-10-10T16:22:33.332+0000] {processor.py:208} INFO - Processing /home/airflow/.local/lib/python3.12/site-packages/airflow/example_dags/example_latest_only.py took 0.046 seconds
[2024-10-10T16:23:03.516+0000] {processor.py:186} INFO - Started process (PID=376) to work on /home/airflow/.local/lib/python3.12/site-packages/airflow/example_dags/example_latest_only.py
[2024-10-10T16:23:03.517+0000] {processor.py:914} INFO - Processing file /home/airflow/.local/lib/python3.12/site-packages/airflow/example_dags/example_latest_only.py for tasks to queue
[2024-10-10T16:23:03.519+0000] {logging_mixin.py:190} INFO - [2024-10-10T16:23:03.519+0000] {dagbag.py:588} INFO - Filling up the DagBag from /home/airflow/.local/lib/python3.12/site-packages/airflow/example_dags/example_latest_only.py
[2024-10-10T16:23:03.523+0000] {processor.py:925} INFO - DAG(s) 'latest_only' retrieved from /home/airflow/.local/lib/python3.12/site-packages/airflow/example_dags/example_latest_only.py
[2024-10-10T16:23:03.534+0000] {logging_mixin.py:190} INFO - [2024-10-10T16:23:03.534+0000] {dag.py:3239} INFO - Sync 1 DAGs
[2024-10-10T16:23:03.546+0000] {logging_mixin.py:190} INFO - [2024-10-10T16:23:03.546+0000] {dag.py:4180} INFO - Setting next_dagrun for latest_only to 2024-10-10 12:00:00+00:00, run_after=2024-10-10 16:00:00+00:00
[2024-10-10T16:23:03.555+0000] {processor.py:208} INFO - Processing /home/airflow/.local/lib/python3.12/site-packages/airflow/example_dags/example_latest_only.py took 0.042 seconds
[2024-10-10T16:23:33.896+0000] {processor.py:186} INFO - Started process (PID=439) to work on /home/airflow/.local/lib/python3.12/site-packages/airflow/example_dags/example_latest_only.py
[2024-10-10T16:23:33.896+0000] {processor.py:914} INFO - Processing file /home/airflow/.local/lib/python3.12/site-packages/airflow/example_dags/example_latest_only.py for tasks to queue
[2024-10-10T16:23:33.898+0000] {logging_mixin.py:190} INFO - [2024-10-10T16:23:33.898+0000] {dagbag.py:588} INFO - Filling up the DagBag from /home/airflow/.local/lib/python3.12/site-packages/airflow/example_dags/example_latest_only.py
[2024-10-10T16:23:33.903+0000] {processor.py:925} INFO - DAG(s) 'latest_only' retrieved from /home/airflow/.local/lib/python3.12/site-packages/airflow/example_dags/example_latest_only.py
[2024-10-10T16:23:33.914+0000] {logging_mixin.py:190} INFO - [2024-10-10T16:23:33.914+0000] {dag.py:3239} INFO - Sync 1 DAGs
[2024-10-10T16:23:33.930+0000] {logging_mixin.py:190} INFO - [2024-10-10T16:23:33.930+0000] {dag.py:4180} INFO - Setting next_dagrun for latest_only to 2024-10-10 12:00:00+00:00, run_after=2024-10-10 16:00:00+00:00
[2024-10-10T16:23:33.944+0000] {processor.py:208} INFO - Processing /home/airflow/.local/lib/python3.12/site-packages/airflow/example_dags/example_latest_only.py took 0.052 seconds
