[2024-10-10T16:20:32.656+0000] {processor.py:186} INFO - Started process (PID=64) to work on /home/airflow/.local/lib/python3.12/site-packages/airflow/example_dags/example_dataset_alias.py
[2024-10-10T16:20:32.656+0000] {processor.py:914} INFO - Processing file /home/airflow/.local/lib/python3.12/site-packages/airflow/example_dags/example_dataset_alias.py for tasks to queue
[2024-10-10T16:20:32.658+0000] {logging_mixin.py:190} INFO - [2024-10-10T16:20:32.658+0000] {dagbag.py:588} INFO - Filling up the DagBag from /home/airflow/.local/lib/python3.12/site-packages/airflow/example_dags/example_dataset_alias.py
[2024-10-10T16:20:32.751+0000] {processor.py:925} INFO - DAG(s) 'dataset_s3_bucket_consumer', 'dataset_s3_bucket_producer', 'dataset_alias_example_alias_consumer', 'dataset_alias_example_alias_producer' retrieved from /home/airflow/.local/lib/python3.12/site-packages/airflow/example_dags/example_dataset_alias.py
[2024-10-10T16:20:32.809+0000] {logging_mixin.py:190} INFO - [2024-10-10T16:20:32.809+0000] {override.py:1900} INFO - Created Permission View: can edit on DAG:dataset_s3_bucket_consumer
[2024-10-10T16:20:32.820+0000] {logging_mixin.py:190} INFO - [2024-10-10T16:20:32.820+0000] {override.py:1900} INFO - Created Permission View: can read on DAG:dataset_s3_bucket_consumer
[2024-10-10T16:20:32.826+0000] {logging_mixin.py:190} INFO - [2024-10-10T16:20:32.826+0000] {override.py:1900} INFO - Created Permission View: can delete on DAG:dataset_s3_bucket_consumer
[2024-10-10T16:20:32.832+0000] {logging_mixin.py:190} INFO - [2024-10-10T16:20:32.832+0000] {override.py:1900} INFO - Created Permission View: menu access on DAG Run:dataset_s3_bucket_consumer
[2024-10-10T16:20:32.839+0000] {logging_mixin.py:190} INFO - [2024-10-10T16:20:32.839+0000] {override.py:1900} INFO - Created Permission View: can create on DAG Run:dataset_s3_bucket_consumer
[2024-10-10T16:20:32.844+0000] {logging_mixin.py:190} INFO - [2024-10-10T16:20:32.844+0000] {override.py:1900} INFO - Created Permission View: can read on DAG Run:dataset_s3_bucket_consumer
[2024-10-10T16:20:32.848+0000] {logging_mixin.py:190} INFO - [2024-10-10T16:20:32.848+0000] {override.py:1900} INFO - Created Permission View: can delete on DAG Run:dataset_s3_bucket_consumer
[2024-10-10T16:20:32.875+0000] {logging_mixin.py:190} INFO - [2024-10-10T16:20:32.875+0000] {override.py:1900} INFO - Created Permission View: can edit on DAG:dataset_s3_bucket_producer
[2024-10-10T16:20:32.879+0000] {logging_mixin.py:190} INFO - [2024-10-10T16:20:32.879+0000] {override.py:1900} INFO - Created Permission View: can read on DAG:dataset_s3_bucket_producer
[2024-10-10T16:20:32.884+0000] {logging_mixin.py:190} INFO - [2024-10-10T16:20:32.884+0000] {override.py:1900} INFO - Created Permission View: can delete on DAG:dataset_s3_bucket_producer
[2024-10-10T16:20:32.892+0000] {logging_mixin.py:190} INFO - [2024-10-10T16:20:32.892+0000] {override.py:1900} INFO - Created Permission View: menu access on DAG Run:dataset_s3_bucket_producer
[2024-10-10T16:20:32.898+0000] {logging_mixin.py:190} INFO - [2024-10-10T16:20:32.898+0000] {override.py:1900} INFO - Created Permission View: can create on DAG Run:dataset_s3_bucket_producer
[2024-10-10T16:20:32.901+0000] {logging_mixin.py:190} INFO - [2024-10-10T16:20:32.901+0000] {override.py:1900} INFO - Created Permission View: can read on DAG Run:dataset_s3_bucket_producer
[2024-10-10T16:20:32.907+0000] {logging_mixin.py:190} INFO - [2024-10-10T16:20:32.906+0000] {override.py:1900} INFO - Created Permission View: can delete on DAG Run:dataset_s3_bucket_producer
[2024-10-10T16:20:32.920+0000] {logging_mixin.py:190} INFO - [2024-10-10T16:20:32.920+0000] {override.py:1900} INFO - Created Permission View: can edit on DAG:dataset_alias_example_alias_consumer
[2024-10-10T16:20:32.929+0000] {logging_mixin.py:190} INFO - [2024-10-10T16:20:32.928+0000] {override.py:1900} INFO - Created Permission View: can read on DAG:dataset_alias_example_alias_consumer
[2024-10-10T16:20:32.934+0000] {logging_mixin.py:190} INFO - [2024-10-10T16:20:32.934+0000] {override.py:1900} INFO - Created Permission View: can delete on DAG:dataset_alias_example_alias_consumer
[2024-10-10T16:20:32.940+0000] {logging_mixin.py:190} INFO - [2024-10-10T16:20:32.940+0000] {override.py:1900} INFO - Created Permission View: menu access on DAG Run:dataset_alias_example_alias_consumer
[2024-10-10T16:20:32.948+0000] {logging_mixin.py:190} INFO - [2024-10-10T16:20:32.948+0000] {override.py:1900} INFO - Created Permission View: can create on DAG Run:dataset_alias_example_alias_consumer
[2024-10-10T16:20:32.954+0000] {logging_mixin.py:190} INFO - [2024-10-10T16:20:32.954+0000] {override.py:1900} INFO - Created Permission View: can read on DAG Run:dataset_alias_example_alias_consumer
[2024-10-10T16:20:32.956+0000] {logging_mixin.py:190} INFO - [2024-10-10T16:20:32.956+0000] {override.py:1900} INFO - Created Permission View: can delete on DAG Run:dataset_alias_example_alias_consumer
[2024-10-10T16:20:32.964+0000] {logging_mixin.py:190} INFO - [2024-10-10T16:20:32.964+0000] {override.py:1900} INFO - Created Permission View: can edit on DAG:dataset_alias_example_alias_producer
[2024-10-10T16:20:32.967+0000] {logging_mixin.py:190} INFO - [2024-10-10T16:20:32.967+0000] {override.py:1900} INFO - Created Permission View: can read on DAG:dataset_alias_example_alias_producer
[2024-10-10T16:20:32.970+0000] {logging_mixin.py:190} INFO - [2024-10-10T16:20:32.970+0000] {override.py:1900} INFO - Created Permission View: can delete on DAG:dataset_alias_example_alias_producer
[2024-10-10T16:20:32.974+0000] {logging_mixin.py:190} INFO - [2024-10-10T16:20:32.973+0000] {override.py:1900} INFO - Created Permission View: menu access on DAG Run:dataset_alias_example_alias_producer
[2024-10-10T16:20:33.028+0000] {logging_mixin.py:190} INFO - [2024-10-10T16:20:33.024+0000] {override.py:1900} INFO - Created Permission View: can create on DAG Run:dataset_alias_example_alias_producer
[2024-10-10T16:20:33.060+0000] {logging_mixin.py:190} INFO - [2024-10-10T16:20:33.060+0000] {override.py:1900} INFO - Created Permission View: can read on DAG Run:dataset_alias_example_alias_producer
[2024-10-10T16:20:33.106+0000] {logging_mixin.py:190} INFO - [2024-10-10T16:20:33.106+0000] {override.py:1900} INFO - Created Permission View: can delete on DAG Run:dataset_alias_example_alias_producer
[2024-10-10T16:20:33.106+0000] {logging_mixin.py:190} INFO - [2024-10-10T16:20:33.106+0000] {dag.py:3239} INFO - Sync 4 DAGs
[2024-10-10T16:20:33.114+0000] {logging_mixin.py:190} INFO - [2024-10-10T16:20:33.114+0000] {dag.py:3262} INFO - Creating ORM DAG for dataset_alias_example_alias_producer
[2024-10-10T16:20:33.115+0000] {logging_mixin.py:190} INFO - [2024-10-10T16:20:33.115+0000] {dag.py:3262} INFO - Creating ORM DAG for dataset_s3_bucket_producer
[2024-10-10T16:20:33.115+0000] {logging_mixin.py:190} INFO - [2024-10-10T16:20:33.115+0000] {dag.py:3262} INFO - Creating ORM DAG for dataset_s3_bucket_consumer
[2024-10-10T16:20:33.115+0000] {logging_mixin.py:190} INFO - [2024-10-10T16:20:33.115+0000] {dag.py:3262} INFO - Creating ORM DAG for dataset_alias_example_alias_consumer
[2024-10-10T16:20:33.122+0000] {logging_mixin.py:190} INFO - [2024-10-10T16:20:33.121+0000] {dag.py:4180} INFO - Setting next_dagrun for dataset_alias_example_alias_consumer to None, run_after=None
[2024-10-10T16:20:33.125+0000] {logging_mixin.py:190} INFO - [2024-10-10T16:20:33.124+0000] {dag.py:4180} INFO - Setting next_dagrun for dataset_alias_example_alias_producer to None, run_after=None
[2024-10-10T16:20:33.125+0000] {logging_mixin.py:190} INFO - [2024-10-10T16:20:33.125+0000] {dag.py:4180} INFO - Setting next_dagrun for dataset_s3_bucket_consumer to None, run_after=None
[2024-10-10T16:20:33.126+0000] {logging_mixin.py:190} INFO - [2024-10-10T16:20:33.126+0000] {dag.py:4180} INFO - Setting next_dagrun for dataset_s3_bucket_producer to None, run_after=None
[2024-10-10T16:20:33.149+0000] {processor.py:208} INFO - Processing /home/airflow/.local/lib/python3.12/site-packages/airflow/example_dags/example_dataset_alias.py took 0.496 seconds
[2024-10-10T16:21:03.544+0000] {processor.py:186} INFO - Started process (PID=134) to work on /home/airflow/.local/lib/python3.12/site-packages/airflow/example_dags/example_dataset_alias.py
[2024-10-10T16:21:03.547+0000] {processor.py:914} INFO - Processing file /home/airflow/.local/lib/python3.12/site-packages/airflow/example_dags/example_dataset_alias.py for tasks to queue
[2024-10-10T16:21:03.548+0000] {logging_mixin.py:190} INFO - [2024-10-10T16:21:03.548+0000] {dagbag.py:588} INFO - Filling up the DagBag from /home/airflow/.local/lib/python3.12/site-packages/airflow/example_dags/example_dataset_alias.py
[2024-10-10T16:21:03.629+0000] {processor.py:925} INFO - DAG(s) 'dataset_alias_example_alias_producer', 'dataset_s3_bucket_producer', 'dataset_s3_bucket_consumer', 'dataset_alias_example_alias_consumer' retrieved from /home/airflow/.local/lib/python3.12/site-packages/airflow/example_dags/example_dataset_alias.py
[2024-10-10T16:21:03.638+0000] {logging_mixin.py:190} INFO - [2024-10-10T16:21:03.638+0000] {dag.py:3239} INFO - Sync 4 DAGs
[2024-10-10T16:21:03.653+0000] {logging_mixin.py:190} INFO - [2024-10-10T16:21:03.653+0000] {dag.py:4180} INFO - Setting next_dagrun for dataset_alias_example_alias_consumer to None, run_after=None
[2024-10-10T16:21:03.658+0000] {logging_mixin.py:190} INFO - [2024-10-10T16:21:03.657+0000] {dag.py:4180} INFO - Setting next_dagrun for dataset_alias_example_alias_producer to None, run_after=None
[2024-10-10T16:21:03.658+0000] {logging_mixin.py:190} INFO - [2024-10-10T16:21:03.658+0000] {dag.py:4180} INFO - Setting next_dagrun for dataset_s3_bucket_consumer to None, run_after=None
[2024-10-10T16:21:03.659+0000] {logging_mixin.py:190} INFO - [2024-10-10T16:21:03.659+0000] {dag.py:4180} INFO - Setting next_dagrun for dataset_s3_bucket_producer to None, run_after=None
[2024-10-10T16:21:03.671+0000] {processor.py:208} INFO - Processing /home/airflow/.local/lib/python3.12/site-packages/airflow/example_dags/example_dataset_alias.py took 0.130 seconds
[2024-10-10T16:21:33.737+0000] {processor.py:186} INFO - Started process (PID=197) to work on /home/airflow/.local/lib/python3.12/site-packages/airflow/example_dags/example_dataset_alias.py
[2024-10-10T16:21:33.741+0000] {processor.py:914} INFO - Processing file /home/airflow/.local/lib/python3.12/site-packages/airflow/example_dags/example_dataset_alias.py for tasks to queue
[2024-10-10T16:21:33.743+0000] {logging_mixin.py:190} INFO - [2024-10-10T16:21:33.743+0000] {dagbag.py:588} INFO - Filling up the DagBag from /home/airflow/.local/lib/python3.12/site-packages/airflow/example_dags/example_dataset_alias.py
[2024-10-10T16:21:33.830+0000] {processor.py:925} INFO - DAG(s) 'dataset_s3_bucket_consumer', 'dataset_alias_example_alias_consumer', 'dataset_alias_example_alias_producer', 'dataset_s3_bucket_producer' retrieved from /home/airflow/.local/lib/python3.12/site-packages/airflow/example_dags/example_dataset_alias.py
[2024-10-10T16:21:33.841+0000] {logging_mixin.py:190} INFO - [2024-10-10T16:21:33.841+0000] {dag.py:3239} INFO - Sync 4 DAGs
[2024-10-10T16:21:33.856+0000] {logging_mixin.py:190} INFO - [2024-10-10T16:21:33.855+0000] {dag.py:4180} INFO - Setting next_dagrun for dataset_alias_example_alias_consumer to None, run_after=None
[2024-10-10T16:21:33.858+0000] {logging_mixin.py:190} INFO - [2024-10-10T16:21:33.857+0000] {dag.py:4180} INFO - Setting next_dagrun for dataset_alias_example_alias_producer to None, run_after=None
[2024-10-10T16:21:33.858+0000] {logging_mixin.py:190} INFO - [2024-10-10T16:21:33.858+0000] {dag.py:4180} INFO - Setting next_dagrun for dataset_s3_bucket_consumer to None, run_after=None
[2024-10-10T16:21:33.859+0000] {logging_mixin.py:190} INFO - [2024-10-10T16:21:33.859+0000] {dag.py:4180} INFO - Setting next_dagrun for dataset_s3_bucket_producer to None, run_after=None
[2024-10-10T16:21:33.874+0000] {processor.py:208} INFO - Processing /home/airflow/.local/lib/python3.12/site-packages/airflow/example_dags/example_dataset_alias.py took 0.140 seconds
[2024-10-10T16:22:04.057+0000] {processor.py:186} INFO - Started process (PID=261) to work on /home/airflow/.local/lib/python3.12/site-packages/airflow/example_dags/example_dataset_alias.py
[2024-10-10T16:22:04.058+0000] {processor.py:914} INFO - Processing file /home/airflow/.local/lib/python3.12/site-packages/airflow/example_dags/example_dataset_alias.py for tasks to queue
[2024-10-10T16:22:04.059+0000] {logging_mixin.py:190} INFO - [2024-10-10T16:22:04.059+0000] {dagbag.py:588} INFO - Filling up the DagBag from /home/airflow/.local/lib/python3.12/site-packages/airflow/example_dags/example_dataset_alias.py
[2024-10-10T16:22:04.131+0000] {processor.py:925} INFO - DAG(s) 'dataset_s3_bucket_producer', 'dataset_alias_example_alias_consumer', 'dataset_s3_bucket_consumer', 'dataset_alias_example_alias_producer' retrieved from /home/airflow/.local/lib/python3.12/site-packages/airflow/example_dags/example_dataset_alias.py
[2024-10-10T16:22:04.140+0000] {logging_mixin.py:190} INFO - [2024-10-10T16:22:04.140+0000] {dag.py:3239} INFO - Sync 4 DAGs
[2024-10-10T16:22:04.150+0000] {logging_mixin.py:190} INFO - [2024-10-10T16:22:04.150+0000] {dag.py:4180} INFO - Setting next_dagrun for dataset_alias_example_alias_consumer to None, run_after=None
[2024-10-10T16:22:04.151+0000] {logging_mixin.py:190} INFO - [2024-10-10T16:22:04.151+0000] {dag.py:4180} INFO - Setting next_dagrun for dataset_alias_example_alias_producer to None, run_after=None
[2024-10-10T16:22:04.151+0000] {logging_mixin.py:190} INFO - [2024-10-10T16:22:04.151+0000] {dag.py:4180} INFO - Setting next_dagrun for dataset_s3_bucket_consumer to None, run_after=None
[2024-10-10T16:22:04.152+0000] {logging_mixin.py:190} INFO - [2024-10-10T16:22:04.152+0000] {dag.py:4180} INFO - Setting next_dagrun for dataset_s3_bucket_producer to None, run_after=None
[2024-10-10T16:22:04.160+0000] {processor.py:208} INFO - Processing /home/airflow/.local/lib/python3.12/site-packages/airflow/example_dags/example_dataset_alias.py took 0.106 seconds
[2024-10-10T16:22:34.653+0000] {processor.py:186} INFO - Started process (PID=323) to work on /home/airflow/.local/lib/python3.12/site-packages/airflow/example_dags/example_dataset_alias.py
[2024-10-10T16:22:34.654+0000] {processor.py:914} INFO - Processing file /home/airflow/.local/lib/python3.12/site-packages/airflow/example_dags/example_dataset_alias.py for tasks to queue
[2024-10-10T16:22:34.656+0000] {logging_mixin.py:190} INFO - [2024-10-10T16:22:34.656+0000] {dagbag.py:588} INFO - Filling up the DagBag from /home/airflow/.local/lib/python3.12/site-packages/airflow/example_dags/example_dataset_alias.py
[2024-10-10T16:22:34.737+0000] {processor.py:925} INFO - DAG(s) 'dataset_alias_example_alias_consumer', 'dataset_s3_bucket_producer', 'dataset_alias_example_alias_producer', 'dataset_s3_bucket_consumer' retrieved from /home/airflow/.local/lib/python3.12/site-packages/airflow/example_dags/example_dataset_alias.py
[2024-10-10T16:22:34.749+0000] {logging_mixin.py:190} INFO - [2024-10-10T16:22:34.749+0000] {dag.py:3239} INFO - Sync 4 DAGs
[2024-10-10T16:22:34.760+0000] {logging_mixin.py:190} INFO - [2024-10-10T16:22:34.760+0000] {dag.py:4180} INFO - Setting next_dagrun for dataset_alias_example_alias_consumer to None, run_after=None
[2024-10-10T16:22:34.761+0000] {logging_mixin.py:190} INFO - [2024-10-10T16:22:34.761+0000] {dag.py:4180} INFO - Setting next_dagrun for dataset_alias_example_alias_producer to None, run_after=None
[2024-10-10T16:22:34.762+0000] {logging_mixin.py:190} INFO - [2024-10-10T16:22:34.762+0000] {dag.py:4180} INFO - Setting next_dagrun for dataset_s3_bucket_consumer to None, run_after=None
[2024-10-10T16:22:34.763+0000] {logging_mixin.py:190} INFO - [2024-10-10T16:22:34.763+0000] {dag.py:4180} INFO - Setting next_dagrun for dataset_s3_bucket_producer to None, run_after=None
[2024-10-10T16:22:34.778+0000] {processor.py:208} INFO - Processing /home/airflow/.local/lib/python3.12/site-packages/airflow/example_dags/example_dataset_alias.py took 0.128 seconds
[2024-10-10T16:23:04.886+0000] {processor.py:186} INFO - Started process (PID=386) to work on /home/airflow/.local/lib/python3.12/site-packages/airflow/example_dags/example_dataset_alias.py
[2024-10-10T16:23:04.887+0000] {processor.py:914} INFO - Processing file /home/airflow/.local/lib/python3.12/site-packages/airflow/example_dags/example_dataset_alias.py for tasks to queue
[2024-10-10T16:23:04.888+0000] {logging_mixin.py:190} INFO - [2024-10-10T16:23:04.888+0000] {dagbag.py:588} INFO - Filling up the DagBag from /home/airflow/.local/lib/python3.12/site-packages/airflow/example_dags/example_dataset_alias.py
[2024-10-10T16:23:04.969+0000] {processor.py:925} INFO - DAG(s) 'dataset_alias_example_alias_consumer', 'dataset_alias_example_alias_producer', 'dataset_s3_bucket_producer', 'dataset_s3_bucket_consumer' retrieved from /home/airflow/.local/lib/python3.12/site-packages/airflow/example_dags/example_dataset_alias.py
[2024-10-10T16:23:04.981+0000] {logging_mixin.py:190} INFO - [2024-10-10T16:23:04.981+0000] {dag.py:3239} INFO - Sync 4 DAGs
[2024-10-10T16:23:04.993+0000] {logging_mixin.py:190} INFO - [2024-10-10T16:23:04.993+0000] {dag.py:4180} INFO - Setting next_dagrun for dataset_alias_example_alias_consumer to None, run_after=None
[2024-10-10T16:23:04.994+0000] {logging_mixin.py:190} INFO - [2024-10-10T16:23:04.994+0000] {dag.py:4180} INFO - Setting next_dagrun for dataset_alias_example_alias_producer to None, run_after=None
[2024-10-10T16:23:04.995+0000] {logging_mixin.py:190} INFO - [2024-10-10T16:23:04.995+0000] {dag.py:4180} INFO - Setting next_dagrun for dataset_s3_bucket_consumer to None, run_after=None
[2024-10-10T16:23:04.995+0000] {logging_mixin.py:190} INFO - [2024-10-10T16:23:04.995+0000] {dag.py:4180} INFO - Setting next_dagrun for dataset_s3_bucket_producer to None, run_after=None
[2024-10-10T16:23:05.005+0000] {processor.py:208} INFO - Processing /home/airflow/.local/lib/python3.12/site-packages/airflow/example_dags/example_dataset_alias.py took 0.122 seconds
[2024-10-10T16:23:35.276+0000] {processor.py:186} INFO - Started process (PID=449) to work on /home/airflow/.local/lib/python3.12/site-packages/airflow/example_dags/example_dataset_alias.py
[2024-10-10T16:23:35.280+0000] {processor.py:914} INFO - Processing file /home/airflow/.local/lib/python3.12/site-packages/airflow/example_dags/example_dataset_alias.py for tasks to queue
[2024-10-10T16:23:35.282+0000] {logging_mixin.py:190} INFO - [2024-10-10T16:23:35.282+0000] {dagbag.py:588} INFO - Filling up the DagBag from /home/airflow/.local/lib/python3.12/site-packages/airflow/example_dags/example_dataset_alias.py
[2024-10-10T16:23:35.375+0000] {processor.py:925} INFO - DAG(s) 'dataset_alias_example_alias_consumer', 'dataset_alias_example_alias_producer', 'dataset_s3_bucket_consumer', 'dataset_s3_bucket_producer' retrieved from /home/airflow/.local/lib/python3.12/site-packages/airflow/example_dags/example_dataset_alias.py
[2024-10-10T16:23:35.393+0000] {logging_mixin.py:190} INFO - [2024-10-10T16:23:35.393+0000] {dag.py:3239} INFO - Sync 4 DAGs
[2024-10-10T16:23:35.405+0000] {logging_mixin.py:190} INFO - [2024-10-10T16:23:35.405+0000] {dag.py:4180} INFO - Setting next_dagrun for dataset_alias_example_alias_consumer to None, run_after=None
[2024-10-10T16:23:35.407+0000] {logging_mixin.py:190} INFO - [2024-10-10T16:23:35.407+0000] {dag.py:4180} INFO - Setting next_dagrun for dataset_alias_example_alias_producer to None, run_after=None
[2024-10-10T16:23:35.408+0000] {logging_mixin.py:190} INFO - [2024-10-10T16:23:35.408+0000] {dag.py:4180} INFO - Setting next_dagrun for dataset_s3_bucket_consumer to None, run_after=None
[2024-10-10T16:23:35.409+0000] {logging_mixin.py:190} INFO - [2024-10-10T16:23:35.409+0000] {dag.py:4180} INFO - Setting next_dagrun for dataset_s3_bucket_producer to None, run_after=None
[2024-10-10T16:23:35.420+0000] {processor.py:208} INFO - Processing /home/airflow/.local/lib/python3.12/site-packages/airflow/example_dags/example_dataset_alias.py took 0.148 seconds
