[2024-10-10T16:20:33.164+0000] {processor.py:186} INFO - Started process (PID=74) to work on /home/airflow/.local/lib/python3.12/site-packages/airflow/example_dags/example_display_name.py
[2024-10-10T16:20:33.164+0000] {processor.py:914} INFO - Processing file /home/airflow/.local/lib/python3.12/site-packages/airflow/example_dags/example_display_name.py for tasks to queue
[2024-10-10T16:20:33.166+0000] {logging_mixin.py:190} INFO - [2024-10-10T16:20:33.166+0000] {dagbag.py:588} INFO - Filling up the DagBag from /home/airflow/.local/lib/python3.12/site-packages/airflow/example_dags/example_display_name.py
[2024-10-10T16:20:33.170+0000] {processor.py:925} INFO - DAG(s) 'example_display_name' retrieved from /home/airflow/.local/lib/python3.12/site-packages/airflow/example_dags/example_display_name.py
[2024-10-10T16:20:33.236+0000] {logging_mixin.py:190} INFO - [2024-10-10T16:20:33.235+0000] {override.py:1900} INFO - Created Permission View: can edit on DAG:example_display_name
[2024-10-10T16:20:33.240+0000] {logging_mixin.py:190} INFO - [2024-10-10T16:20:33.240+0000] {override.py:1900} INFO - Created Permission View: can read on DAG:example_display_name
[2024-10-10T16:20:33.244+0000] {logging_mixin.py:190} INFO - [2024-10-10T16:20:33.244+0000] {override.py:1900} INFO - Created Permission View: can delete on DAG:example_display_name
[2024-10-10T16:20:33.248+0000] {logging_mixin.py:190} INFO - [2024-10-10T16:20:33.248+0000] {override.py:1900} INFO - Created Permission View: menu access on DAG Run:example_display_name
[2024-10-10T16:20:33.251+0000] {logging_mixin.py:190} INFO - [2024-10-10T16:20:33.251+0000] {override.py:1900} INFO - Created Permission View: can create on DAG Run:example_display_name
[2024-10-10T16:20:33.255+0000] {logging_mixin.py:190} INFO - [2024-10-10T16:20:33.255+0000] {override.py:1900} INFO - Created Permission View: can read on DAG Run:example_display_name
[2024-10-10T16:20:33.259+0000] {logging_mixin.py:190} INFO - [2024-10-10T16:20:33.259+0000] {override.py:1900} INFO - Created Permission View: can delete on DAG Run:example_display_name
[2024-10-10T16:20:33.259+0000] {logging_mixin.py:190} INFO - [2024-10-10T16:20:33.259+0000] {dag.py:3239} INFO - Sync 1 DAGs
[2024-10-10T16:20:33.268+0000] {logging_mixin.py:190} INFO - [2024-10-10T16:20:33.268+0000] {dag.py:3262} INFO - Creating ORM DAG for example_display_name
[2024-10-10T16:20:33.271+0000] {logging_mixin.py:190} INFO - [2024-10-10T16:20:33.271+0000] {dag.py:4180} INFO - Setting next_dagrun for example_display_name to None, run_after=None
[2024-10-10T16:20:33.285+0000] {processor.py:208} INFO - Processing /home/airflow/.local/lib/python3.12/site-packages/airflow/example_dags/example_display_name.py took 0.124 seconds
[2024-10-10T16:21:03.689+0000] {processor.py:186} INFO - Started process (PID=137) to work on /home/airflow/.local/lib/python3.12/site-packages/airflow/example_dags/example_display_name.py
[2024-10-10T16:21:03.690+0000] {processor.py:914} INFO - Processing file /home/airflow/.local/lib/python3.12/site-packages/airflow/example_dags/example_display_name.py for tasks to queue
[2024-10-10T16:21:03.694+0000] {logging_mixin.py:190} INFO - [2024-10-10T16:21:03.693+0000] {dagbag.py:588} INFO - Filling up the DagBag from /home/airflow/.local/lib/python3.12/site-packages/airflow/example_dags/example_display_name.py
[2024-10-10T16:21:03.699+0000] {processor.py:925} INFO - DAG(s) 'example_display_name' retrieved from /home/airflow/.local/lib/python3.12/site-packages/airflow/example_dags/example_display_name.py
[2024-10-10T16:21:03.708+0000] {logging_mixin.py:190} INFO - [2024-10-10T16:21:03.708+0000] {dag.py:3239} INFO - Sync 1 DAGs
[2024-10-10T16:21:03.718+0000] {logging_mixin.py:190} INFO - [2024-10-10T16:21:03.718+0000] {dag.py:4180} INFO - Setting next_dagrun for example_display_name to None, run_after=None
[2024-10-10T16:21:03.729+0000] {processor.py:208} INFO - Processing /home/airflow/.local/lib/python3.12/site-packages/airflow/example_dags/example_display_name.py took 0.043 seconds
[2024-10-10T16:21:33.890+0000] {processor.py:186} INFO - Started process (PID=200) to work on /home/airflow/.local/lib/python3.12/site-packages/airflow/example_dags/example_display_name.py
[2024-10-10T16:21:33.891+0000] {processor.py:914} INFO - Processing file /home/airflow/.local/lib/python3.12/site-packages/airflow/example_dags/example_display_name.py for tasks to queue
[2024-10-10T16:21:33.892+0000] {logging_mixin.py:190} INFO - [2024-10-10T16:21:33.892+0000] {dagbag.py:588} INFO - Filling up the DagBag from /home/airflow/.local/lib/python3.12/site-packages/airflow/example_dags/example_display_name.py
[2024-10-10T16:21:33.897+0000] {processor.py:925} INFO - DAG(s) 'example_display_name' retrieved from /home/airflow/.local/lib/python3.12/site-packages/airflow/example_dags/example_display_name.py
[2024-10-10T16:21:33.909+0000] {logging_mixin.py:190} INFO - [2024-10-10T16:21:33.909+0000] {dag.py:3239} INFO - Sync 1 DAGs
[2024-10-10T16:21:33.920+0000] {logging_mixin.py:190} INFO - [2024-10-10T16:21:33.920+0000] {dag.py:4180} INFO - Setting next_dagrun for example_display_name to None, run_after=None
[2024-10-10T16:21:33.930+0000] {processor.py:208} INFO - Processing /home/airflow/.local/lib/python3.12/site-packages/airflow/example_dags/example_display_name.py took 0.043 seconds
[2024-10-10T16:22:04.176+0000] {processor.py:186} INFO - Started process (PID=263) to work on /home/airflow/.local/lib/python3.12/site-packages/airflow/example_dags/example_display_name.py
[2024-10-10T16:22:04.177+0000] {processor.py:914} INFO - Processing file /home/airflow/.local/lib/python3.12/site-packages/airflow/example_dags/example_display_name.py for tasks to queue
[2024-10-10T16:22:04.178+0000] {logging_mixin.py:190} INFO - [2024-10-10T16:22:04.178+0000] {dagbag.py:588} INFO - Filling up the DagBag from /home/airflow/.local/lib/python3.12/site-packages/airflow/example_dags/example_display_name.py
[2024-10-10T16:22:04.183+0000] {processor.py:925} INFO - DAG(s) 'example_display_name' retrieved from /home/airflow/.local/lib/python3.12/site-packages/airflow/example_dags/example_display_name.py
[2024-10-10T16:22:04.194+0000] {logging_mixin.py:190} INFO - [2024-10-10T16:22:04.194+0000] {dag.py:3239} INFO - Sync 1 DAGs
[2024-10-10T16:22:04.200+0000] {logging_mixin.py:190} INFO - [2024-10-10T16:22:04.200+0000] {dag.py:4180} INFO - Setting next_dagrun for example_display_name to None, run_after=None
[2024-10-10T16:22:04.214+0000] {processor.py:208} INFO - Processing /home/airflow/.local/lib/python3.12/site-packages/airflow/example_dags/example_display_name.py took 0.040 seconds
[2024-10-10T16:22:34.795+0000] {processor.py:186} INFO - Started process (PID=326) to work on /home/airflow/.local/lib/python3.12/site-packages/airflow/example_dags/example_display_name.py
[2024-10-10T16:22:34.796+0000] {processor.py:914} INFO - Processing file /home/airflow/.local/lib/python3.12/site-packages/airflow/example_dags/example_display_name.py for tasks to queue
[2024-10-10T16:22:34.798+0000] {logging_mixin.py:190} INFO - [2024-10-10T16:22:34.798+0000] {dagbag.py:588} INFO - Filling up the DagBag from /home/airflow/.local/lib/python3.12/site-packages/airflow/example_dags/example_display_name.py
[2024-10-10T16:22:34.802+0000] {processor.py:925} INFO - DAG(s) 'example_display_name' retrieved from /home/airflow/.local/lib/python3.12/site-packages/airflow/example_dags/example_display_name.py
[2024-10-10T16:22:34.811+0000] {logging_mixin.py:190} INFO - [2024-10-10T16:22:34.811+0000] {dag.py:3239} INFO - Sync 1 DAGs
[2024-10-10T16:22:34.818+0000] {logging_mixin.py:190} INFO - [2024-10-10T16:22:34.818+0000] {dag.py:4180} INFO - Setting next_dagrun for example_display_name to None, run_after=None
[2024-10-10T16:22:34.827+0000] {processor.py:208} INFO - Processing /home/airflow/.local/lib/python3.12/site-packages/airflow/example_dags/example_display_name.py took 0.036 seconds
[2024-10-10T16:23:05.021+0000] {processor.py:186} INFO - Started process (PID=389) to work on /home/airflow/.local/lib/python3.12/site-packages/airflow/example_dags/example_display_name.py
[2024-10-10T16:23:05.024+0000] {processor.py:914} INFO - Processing file /home/airflow/.local/lib/python3.12/site-packages/airflow/example_dags/example_display_name.py for tasks to queue
[2024-10-10T16:23:05.025+0000] {logging_mixin.py:190} INFO - [2024-10-10T16:23:05.025+0000] {dagbag.py:588} INFO - Filling up the DagBag from /home/airflow/.local/lib/python3.12/site-packages/airflow/example_dags/example_display_name.py
[2024-10-10T16:23:05.029+0000] {processor.py:925} INFO - DAG(s) 'example_display_name' retrieved from /home/airflow/.local/lib/python3.12/site-packages/airflow/example_dags/example_display_name.py
[2024-10-10T16:23:05.039+0000] {logging_mixin.py:190} INFO - [2024-10-10T16:23:05.039+0000] {dag.py:3239} INFO - Sync 1 DAGs
[2024-10-10T16:23:05.046+0000] {logging_mixin.py:190} INFO - [2024-10-10T16:23:05.046+0000] {dag.py:4180} INFO - Setting next_dagrun for example_display_name to None, run_after=None
[2024-10-10T16:23:05.061+0000] {processor.py:208} INFO - Processing /home/airflow/.local/lib/python3.12/site-packages/airflow/example_dags/example_display_name.py took 0.044 seconds
[2024-10-10T16:23:35.424+0000] {processor.py:186} INFO - Started process (PID=452) to work on /home/airflow/.local/lib/python3.12/site-packages/airflow/example_dags/example_display_name.py
[2024-10-10T16:23:35.425+0000] {processor.py:914} INFO - Processing file /home/airflow/.local/lib/python3.12/site-packages/airflow/example_dags/example_display_name.py for tasks to queue
[2024-10-10T16:23:35.427+0000] {logging_mixin.py:190} INFO - [2024-10-10T16:23:35.427+0000] {dagbag.py:588} INFO - Filling up the DagBag from /home/airflow/.local/lib/python3.12/site-packages/airflow/example_dags/example_display_name.py
[2024-10-10T16:23:35.431+0000] {processor.py:925} INFO - DAG(s) 'example_display_name' retrieved from /home/airflow/.local/lib/python3.12/site-packages/airflow/example_dags/example_display_name.py
[2024-10-10T16:23:35.441+0000] {logging_mixin.py:190} INFO - [2024-10-10T16:23:35.441+0000] {dag.py:3239} INFO - Sync 1 DAGs
[2024-10-10T16:23:35.449+0000] {logging_mixin.py:190} INFO - [2024-10-10T16:23:35.448+0000] {dag.py:4180} INFO - Setting next_dagrun for example_display_name to None, run_after=None
[2024-10-10T16:23:35.459+0000] {processor.py:208} INFO - Processing /home/airflow/.local/lib/python3.12/site-packages/airflow/example_dags/example_display_name.py took 0.039 seconds
