[2024-10-10T16:20:32.340+0000] {processor.py:186} INFO - Started process (PID=61) to work on /home/airflow/.local/lib/python3.12/site-packages/airflow/example_dags/example_datasets.py
[2024-10-10T16:20:32.341+0000] {processor.py:914} INFO - Processing file /home/airflow/.local/lib/python3.12/site-packages/airflow/example_dags/example_datasets.py for tasks to queue
[2024-10-10T16:20:32.344+0000] {logging_mixin.py:190} INFO - [2024-10-10T16:20:32.343+0000] {dagbag.py:588} INFO - Filling up the DagBag from /home/airflow/.local/lib/python3.12/site-packages/airflow/example_dags/example_datasets.py
[2024-10-10T16:20:32.430+0000] {processor.py:925} INFO - DAG(s) 'conditional_dataset_and_time_based_timetable', 'dataset_consumes_1_and_2', 'dataset_produces_1', 'consume_1_and_2_with_dataset_expressions', 'dataset_consumes_1_never_scheduled', 'consume_1_or_both_2_and_3_with_dataset_expressions', 'dataset_consumes_unknown_never_scheduled', 'dataset_consumes_1', 'dataset_produces_2', 'consume_1_or_2_with_dataset_expressions' retrieved from /home/airflow/.local/lib/python3.12/site-packages/airflow/example_dags/example_datasets.py
[2024-10-10T16:20:32.502+0000] {logging_mixin.py:190} INFO - [2024-10-10T16:20:32.502+0000] {override.py:1900} INFO - Created Permission View: can edit on DAG:conditional_dataset_and_time_based_timetable
[2024-10-10T16:20:32.510+0000] {logging_mixin.py:190} INFO - [2024-10-10T16:20:32.509+0000] {override.py:1900} INFO - Created Permission View: can read on DAG:conditional_dataset_and_time_based_timetable
[2024-10-10T16:20:32.515+0000] {logging_mixin.py:190} INFO - [2024-10-10T16:20:32.515+0000] {override.py:1900} INFO - Created Permission View: can delete on DAG:conditional_dataset_and_time_based_timetable
[2024-10-10T16:20:32.518+0000] {logging_mixin.py:190} INFO - [2024-10-10T16:20:32.518+0000] {override.py:1900} INFO - Created Permission View: menu access on DAG Run:conditional_dataset_and_time_based_timetable
[2024-10-10T16:20:32.521+0000] {logging_mixin.py:190} INFO - [2024-10-10T16:20:32.521+0000] {override.py:1900} INFO - Created Permission View: can create on DAG Run:conditional_dataset_and_time_based_timetable
[2024-10-10T16:20:32.524+0000] {logging_mixin.py:190} INFO - [2024-10-10T16:20:32.523+0000] {override.py:1900} INFO - Created Permission View: can read on DAG Run:conditional_dataset_and_time_based_timetable
[2024-10-10T16:20:32.527+0000] {logging_mixin.py:190} INFO - [2024-10-10T16:20:32.526+0000] {override.py:1900} INFO - Created Permission View: can delete on DAG Run:conditional_dataset_and_time_based_timetable
[2024-10-10T16:20:32.538+0000] {logging_mixin.py:190} INFO - [2024-10-10T16:20:32.538+0000] {override.py:1900} INFO - Created Permission View: can edit on DAG:dataset_consumes_1_and_2
[2024-10-10T16:20:32.544+0000] {logging_mixin.py:190} INFO - [2024-10-10T16:20:32.543+0000] {override.py:1900} INFO - Created Permission View: can read on DAG:dataset_consumes_1_and_2
[2024-10-10T16:20:32.549+0000] {logging_mixin.py:190} INFO - [2024-10-10T16:20:32.549+0000] {override.py:1900} INFO - Created Permission View: can delete on DAG:dataset_consumes_1_and_2
[2024-10-10T16:20:32.558+0000] {logging_mixin.py:190} INFO - [2024-10-10T16:20:32.558+0000] {override.py:1900} INFO - Created Permission View: menu access on DAG Run:dataset_consumes_1_and_2
[2024-10-10T16:20:32.560+0000] {logging_mixin.py:190} INFO - [2024-10-10T16:20:32.560+0000] {override.py:1900} INFO - Created Permission View: can create on DAG Run:dataset_consumes_1_and_2
[2024-10-10T16:20:32.565+0000] {logging_mixin.py:190} INFO - [2024-10-10T16:20:32.565+0000] {override.py:1900} INFO - Created Permission View: can read on DAG Run:dataset_consumes_1_and_2
[2024-10-10T16:20:32.567+0000] {logging_mixin.py:190} INFO - [2024-10-10T16:20:32.567+0000] {override.py:1900} INFO - Created Permission View: can delete on DAG Run:dataset_consumes_1_and_2
[2024-10-10T16:20:32.576+0000] {logging_mixin.py:190} INFO - [2024-10-10T16:20:32.575+0000] {override.py:1900} INFO - Created Permission View: can edit on DAG:dataset_produces_1
[2024-10-10T16:20:32.579+0000] {logging_mixin.py:190} INFO - [2024-10-10T16:20:32.579+0000] {override.py:1900} INFO - Created Permission View: can read on DAG:dataset_produces_1
[2024-10-10T16:20:32.581+0000] {logging_mixin.py:190} INFO - [2024-10-10T16:20:32.581+0000] {override.py:1900} INFO - Created Permission View: can delete on DAG:dataset_produces_1
[2024-10-10T16:20:32.583+0000] {logging_mixin.py:190} INFO - [2024-10-10T16:20:32.583+0000] {override.py:1900} INFO - Created Permission View: menu access on DAG Run:dataset_produces_1
[2024-10-10T16:20:32.585+0000] {logging_mixin.py:190} INFO - [2024-10-10T16:20:32.585+0000] {override.py:1900} INFO - Created Permission View: can create on DAG Run:dataset_produces_1
[2024-10-10T16:20:32.587+0000] {logging_mixin.py:190} INFO - [2024-10-10T16:20:32.587+0000] {override.py:1900} INFO - Created Permission View: can read on DAG Run:dataset_produces_1
[2024-10-10T16:20:32.589+0000] {logging_mixin.py:190} INFO - [2024-10-10T16:20:32.589+0000] {override.py:1900} INFO - Created Permission View: can delete on DAG Run:dataset_produces_1
[2024-10-10T16:20:32.595+0000] {logging_mixin.py:190} INFO - [2024-10-10T16:20:32.595+0000] {override.py:1900} INFO - Created Permission View: can edit on DAG:consume_1_and_2_with_dataset_expressions
[2024-10-10T16:20:32.599+0000] {logging_mixin.py:190} INFO - [2024-10-10T16:20:32.599+0000] {override.py:1900} INFO - Created Permission View: can read on DAG:consume_1_and_2_with_dataset_expressions
[2024-10-10T16:20:32.604+0000] {logging_mixin.py:190} INFO - [2024-10-10T16:20:32.604+0000] {override.py:1900} INFO - Created Permission View: can delete on DAG:consume_1_and_2_with_dataset_expressions
[2024-10-10T16:20:32.607+0000] {logging_mixin.py:190} INFO - [2024-10-10T16:20:32.607+0000] {override.py:1900} INFO - Created Permission View: menu access on DAG Run:consume_1_and_2_with_dataset_expressions
[2024-10-10T16:20:32.610+0000] {logging_mixin.py:190} INFO - [2024-10-10T16:20:32.610+0000] {override.py:1900} INFO - Created Permission View: can create on DAG Run:consume_1_and_2_with_dataset_expressions
[2024-10-10T16:20:32.614+0000] {logging_mixin.py:190} INFO - [2024-10-10T16:20:32.614+0000] {override.py:1900} INFO - Created Permission View: can read on DAG Run:consume_1_and_2_with_dataset_expressions
[2024-10-10T16:20:32.617+0000] {logging_mixin.py:190} INFO - [2024-10-10T16:20:32.617+0000] {override.py:1900} INFO - Created Permission View: can delete on DAG Run:consume_1_and_2_with_dataset_expressions
[2024-10-10T16:20:32.623+0000] {logging_mixin.py:190} INFO - [2024-10-10T16:20:32.623+0000] {override.py:1900} INFO - Created Permission View: can edit on DAG:dataset_consumes_1_never_scheduled
[2024-10-10T16:20:32.629+0000] {logging_mixin.py:190} INFO - [2024-10-10T16:20:32.629+0000] {override.py:1900} INFO - Created Permission View: can read on DAG:dataset_consumes_1_never_scheduled
[2024-10-10T16:20:32.633+0000] {logging_mixin.py:190} INFO - [2024-10-10T16:20:32.633+0000] {override.py:1900} INFO - Created Permission View: can delete on DAG:dataset_consumes_1_never_scheduled
[2024-10-10T16:20:32.638+0000] {logging_mixin.py:190} INFO - [2024-10-10T16:20:32.637+0000] {override.py:1900} INFO - Created Permission View: menu access on DAG Run:dataset_consumes_1_never_scheduled
[2024-10-10T16:20:32.641+0000] {logging_mixin.py:190} INFO - [2024-10-10T16:20:32.641+0000] {override.py:1900} INFO - Created Permission View: can create on DAG Run:dataset_consumes_1_never_scheduled
[2024-10-10T16:20:32.646+0000] {logging_mixin.py:190} INFO - [2024-10-10T16:20:32.646+0000] {override.py:1900} INFO - Created Permission View: can read on DAG Run:dataset_consumes_1_never_scheduled
[2024-10-10T16:20:32.649+0000] {logging_mixin.py:190} INFO - [2024-10-10T16:20:32.648+0000] {override.py:1900} INFO - Created Permission View: can delete on DAG Run:dataset_consumes_1_never_scheduled
[2024-10-10T16:20:32.654+0000] {logging_mixin.py:190} INFO - [2024-10-10T16:20:32.654+0000] {override.py:1900} INFO - Created Permission View: can edit on DAG:consume_1_or_both_2_and_3_with_dataset_expressions
[2024-10-10T16:20:32.657+0000] {logging_mixin.py:190} INFO - [2024-10-10T16:20:32.657+0000] {override.py:1900} INFO - Created Permission View: can read on DAG:consume_1_or_both_2_and_3_with_dataset_expressions
[2024-10-10T16:20:32.663+0000] {logging_mixin.py:190} INFO - [2024-10-10T16:20:32.663+0000] {override.py:1900} INFO - Created Permission View: can delete on DAG:consume_1_or_both_2_and_3_with_dataset_expressions
[2024-10-10T16:20:32.671+0000] {logging_mixin.py:190} INFO - [2024-10-10T16:20:32.671+0000] {override.py:1900} INFO - Created Permission View: menu access on DAG Run:consume_1_or_both_2_and_3_with_dataset_expressions
[2024-10-10T16:20:32.673+0000] {logging_mixin.py:190} INFO - [2024-10-10T16:20:32.673+0000] {override.py:1900} INFO - Created Permission View: can create on DAG Run:consume_1_or_both_2_and_3_with_dataset_expressions
[2024-10-10T16:20:32.684+0000] {logging_mixin.py:190} INFO - [2024-10-10T16:20:32.684+0000] {override.py:1900} INFO - Created Permission View: can read on DAG Run:consume_1_or_both_2_and_3_with_dataset_expressions
[2024-10-10T16:20:32.693+0000] {logging_mixin.py:190} INFO - [2024-10-10T16:20:32.693+0000] {override.py:1900} INFO - Created Permission View: can delete on DAG Run:consume_1_or_both_2_and_3_with_dataset_expressions
[2024-10-10T16:20:32.699+0000] {logging_mixin.py:190} INFO - [2024-10-10T16:20:32.699+0000] {override.py:1900} INFO - Created Permission View: can edit on DAG:dataset_consumes_unknown_never_scheduled
[2024-10-10T16:20:32.701+0000] {logging_mixin.py:190} INFO - [2024-10-10T16:20:32.701+0000] {override.py:1900} INFO - Created Permission View: can read on DAG:dataset_consumes_unknown_never_scheduled
[2024-10-10T16:20:32.703+0000] {logging_mixin.py:190} INFO - [2024-10-10T16:20:32.703+0000] {override.py:1900} INFO - Created Permission View: can delete on DAG:dataset_consumes_unknown_never_scheduled
[2024-10-10T16:20:32.706+0000] {logging_mixin.py:190} INFO - [2024-10-10T16:20:32.705+0000] {override.py:1900} INFO - Created Permission View: menu access on DAG Run:dataset_consumes_unknown_never_scheduled
[2024-10-10T16:20:32.708+0000] {logging_mixin.py:190} INFO - [2024-10-10T16:20:32.708+0000] {override.py:1900} INFO - Created Permission View: can create on DAG Run:dataset_consumes_unknown_never_scheduled
[2024-10-10T16:20:32.710+0000] {logging_mixin.py:190} INFO - [2024-10-10T16:20:32.710+0000] {override.py:1900} INFO - Created Permission View: can read on DAG Run:dataset_consumes_unknown_never_scheduled
[2024-10-10T16:20:32.712+0000] {logging_mixin.py:190} INFO - [2024-10-10T16:20:32.712+0000] {override.py:1900} INFO - Created Permission View: can delete on DAG Run:dataset_consumes_unknown_never_scheduled
[2024-10-10T16:20:32.716+0000] {logging_mixin.py:190} INFO - [2024-10-10T16:20:32.716+0000] {override.py:1900} INFO - Created Permission View: can edit on DAG:dataset_consumes_1
[2024-10-10T16:20:32.719+0000] {logging_mixin.py:190} INFO - [2024-10-10T16:20:32.719+0000] {override.py:1900} INFO - Created Permission View: can read on DAG:dataset_consumes_1
[2024-10-10T16:20:32.721+0000] {logging_mixin.py:190} INFO - [2024-10-10T16:20:32.721+0000] {override.py:1900} INFO - Created Permission View: can delete on DAG:dataset_consumes_1
[2024-10-10T16:20:32.723+0000] {logging_mixin.py:190} INFO - [2024-10-10T16:20:32.723+0000] {override.py:1900} INFO - Created Permission View: menu access on DAG Run:dataset_consumes_1
[2024-10-10T16:20:32.725+0000] {logging_mixin.py:190} INFO - [2024-10-10T16:20:32.725+0000] {override.py:1900} INFO - Created Permission View: can create on DAG Run:dataset_consumes_1
[2024-10-10T16:20:32.727+0000] {logging_mixin.py:190} INFO - [2024-10-10T16:20:32.727+0000] {override.py:1900} INFO - Created Permission View: can read on DAG Run:dataset_consumes_1
[2024-10-10T16:20:32.729+0000] {logging_mixin.py:190} INFO - [2024-10-10T16:20:32.729+0000] {override.py:1900} INFO - Created Permission View: can delete on DAG Run:dataset_consumes_1
[2024-10-10T16:20:32.733+0000] {logging_mixin.py:190} INFO - [2024-10-10T16:20:32.733+0000] {override.py:1900} INFO - Created Permission View: can edit on DAG:dataset_produces_2
[2024-10-10T16:20:32.736+0000] {logging_mixin.py:190} INFO - [2024-10-10T16:20:32.735+0000] {override.py:1900} INFO - Created Permission View: can read on DAG:dataset_produces_2
[2024-10-10T16:20:32.738+0000] {logging_mixin.py:190} INFO - [2024-10-10T16:20:32.738+0000] {override.py:1900} INFO - Created Permission View: can delete on DAG:dataset_produces_2
[2024-10-10T16:20:32.741+0000] {logging_mixin.py:190} INFO - [2024-10-10T16:20:32.741+0000] {override.py:1900} INFO - Created Permission View: menu access on DAG Run:dataset_produces_2
[2024-10-10T16:20:32.744+0000] {logging_mixin.py:190} INFO - [2024-10-10T16:20:32.743+0000] {override.py:1900} INFO - Created Permission View: can create on DAG Run:dataset_produces_2
[2024-10-10T16:20:32.747+0000] {logging_mixin.py:190} INFO - [2024-10-10T16:20:32.747+0000] {override.py:1900} INFO - Created Permission View: can read on DAG Run:dataset_produces_2
[2024-10-10T16:20:32.752+0000] {logging_mixin.py:190} INFO - [2024-10-10T16:20:32.752+0000] {override.py:1900} INFO - Created Permission View: can delete on DAG Run:dataset_produces_2
[2024-10-10T16:20:32.761+0000] {logging_mixin.py:190} INFO - [2024-10-10T16:20:32.761+0000] {override.py:1900} INFO - Created Permission View: can edit on DAG:consume_1_or_2_with_dataset_expressions
[2024-10-10T16:20:32.764+0000] {logging_mixin.py:190} INFO - [2024-10-10T16:20:32.764+0000] {override.py:1900} INFO - Created Permission View: can read on DAG:consume_1_or_2_with_dataset_expressions
[2024-10-10T16:20:32.766+0000] {logging_mixin.py:190} INFO - [2024-10-10T16:20:32.766+0000] {override.py:1900} INFO - Created Permission View: can delete on DAG:consume_1_or_2_with_dataset_expressions
[2024-10-10T16:20:32.769+0000] {logging_mixin.py:190} INFO - [2024-10-10T16:20:32.769+0000] {override.py:1900} INFO - Created Permission View: menu access on DAG Run:consume_1_or_2_with_dataset_expressions
[2024-10-10T16:20:32.778+0000] {logging_mixin.py:190} INFO - [2024-10-10T16:20:32.778+0000] {override.py:1900} INFO - Created Permission View: can create on DAG Run:consume_1_or_2_with_dataset_expressions
[2024-10-10T16:20:32.785+0000] {logging_mixin.py:190} INFO - [2024-10-10T16:20:32.785+0000] {override.py:1900} INFO - Created Permission View: can read on DAG Run:consume_1_or_2_with_dataset_expressions
[2024-10-10T16:20:32.788+0000] {logging_mixin.py:190} INFO - [2024-10-10T16:20:32.788+0000] {override.py:1900} INFO - Created Permission View: can delete on DAG Run:consume_1_or_2_with_dataset_expressions
[2024-10-10T16:20:32.789+0000] {logging_mixin.py:190} INFO - [2024-10-10T16:20:32.789+0000] {dag.py:3239} INFO - Sync 10 DAGs
[2024-10-10T16:20:32.797+0000] {logging_mixin.py:190} INFO - [2024-10-10T16:20:32.796+0000] {dag.py:3262} INFO - Creating ORM DAG for consume_1_or_both_2_and_3_with_dataset_expressions
[2024-10-10T16:20:32.797+0000] {logging_mixin.py:190} INFO - [2024-10-10T16:20:32.797+0000] {dag.py:3262} INFO - Creating ORM DAG for consume_1_or_2_with_dataset_expressions
[2024-10-10T16:20:32.798+0000] {logging_mixin.py:190} INFO - [2024-10-10T16:20:32.798+0000] {dag.py:3262} INFO - Creating ORM DAG for dataset_consumes_1_and_2
[2024-10-10T16:20:32.799+0000] {logging_mixin.py:190} INFO - [2024-10-10T16:20:32.799+0000] {dag.py:3262} INFO - Creating ORM DAG for consume_1_and_2_with_dataset_expressions
[2024-10-10T16:20:32.799+0000] {logging_mixin.py:190} INFO - [2024-10-10T16:20:32.799+0000] {dag.py:3262} INFO - Creating ORM DAG for dataset_produces_1
[2024-10-10T16:20:32.800+0000] {logging_mixin.py:190} INFO - [2024-10-10T16:20:32.800+0000] {dag.py:3262} INFO - Creating ORM DAG for dataset_consumes_1
[2024-10-10T16:20:32.802+0000] {logging_mixin.py:190} INFO - [2024-10-10T16:20:32.801+0000] {dag.py:3262} INFO - Creating ORM DAG for dataset_consumes_unknown_never_scheduled
[2024-10-10T16:20:32.803+0000] {logging_mixin.py:190} INFO - [2024-10-10T16:20:32.803+0000] {dag.py:3262} INFO - Creating ORM DAG for dataset_produces_2
[2024-10-10T16:20:32.804+0000] {logging_mixin.py:190} INFO - [2024-10-10T16:20:32.804+0000] {dag.py:3262} INFO - Creating ORM DAG for conditional_dataset_and_time_based_timetable
[2024-10-10T16:20:32.805+0000] {logging_mixin.py:190} INFO - [2024-10-10T16:20:32.804+0000] {dag.py:3262} INFO - Creating ORM DAG for dataset_consumes_1_never_scheduled
[2024-10-10T16:20:32.813+0000] {logging_mixin.py:190} INFO - [2024-10-10T16:20:32.812+0000] {dag.py:4180} INFO - Setting next_dagrun for conditional_dataset_and_time_based_timetable to 2024-10-09 01:00:00+00:00, run_after=2024-10-09 01:00:00+00:00
[2024-10-10T16:20:32.814+0000] {logging_mixin.py:190} INFO - [2024-10-10T16:20:32.814+0000] {dag.py:4180} INFO - Setting next_dagrun for consume_1_and_2_with_dataset_expressions to None, run_after=None
[2024-10-10T16:20:32.815+0000] {logging_mixin.py:190} INFO - [2024-10-10T16:20:32.814+0000] {dag.py:4180} INFO - Setting next_dagrun for consume_1_or_2_with_dataset_expressions to None, run_after=None
[2024-10-10T16:20:32.815+0000] {logging_mixin.py:190} INFO - [2024-10-10T16:20:32.815+0000] {dag.py:4180} INFO - Setting next_dagrun for consume_1_or_both_2_and_3_with_dataset_expressions to None, run_after=None
[2024-10-10T16:20:32.816+0000] {logging_mixin.py:190} INFO - [2024-10-10T16:20:32.816+0000] {dag.py:4180} INFO - Setting next_dagrun for dataset_consumes_1 to None, run_after=None
[2024-10-10T16:20:32.818+0000] {logging_mixin.py:190} INFO - [2024-10-10T16:20:32.817+0000] {dag.py:4180} INFO - Setting next_dagrun for dataset_consumes_1_and_2 to None, run_after=None
[2024-10-10T16:20:32.819+0000] {logging_mixin.py:190} INFO - [2024-10-10T16:20:32.819+0000] {dag.py:4180} INFO - Setting next_dagrun for dataset_consumes_1_never_scheduled to None, run_after=None
[2024-10-10T16:20:32.819+0000] {logging_mixin.py:190} INFO - [2024-10-10T16:20:32.819+0000] {dag.py:4180} INFO - Setting next_dagrun for dataset_consumes_unknown_never_scheduled to None, run_after=None
[2024-10-10T16:20:32.820+0000] {logging_mixin.py:190} INFO - [2024-10-10T16:20:32.820+0000] {dag.py:4180} INFO - Setting next_dagrun for dataset_produces_1 to 2024-10-09 00:00:00+00:00, run_after=2024-10-10 00:00:00+00:00
[2024-10-10T16:20:32.821+0000] {logging_mixin.py:190} INFO - [2024-10-10T16:20:32.821+0000] {dag.py:4180} INFO - Setting next_dagrun for dataset_produces_2 to None, run_after=None
[2024-10-10T16:20:32.864+0000] {processor.py:208} INFO - Processing /home/airflow/.local/lib/python3.12/site-packages/airflow/example_dags/example_datasets.py took 0.527 seconds
[2024-10-10T16:21:03.420+0000] {processor.py:186} INFO - Started process (PID=131) to work on /home/airflow/.local/lib/python3.12/site-packages/airflow/example_dags/example_datasets.py
[2024-10-10T16:21:03.422+0000] {processor.py:914} INFO - Processing file /home/airflow/.local/lib/python3.12/site-packages/airflow/example_dags/example_datasets.py for tasks to queue
[2024-10-10T16:21:03.424+0000] {logging_mixin.py:190} INFO - [2024-10-10T16:21:03.424+0000] {dagbag.py:588} INFO - Filling up the DagBag from /home/airflow/.local/lib/python3.12/site-packages/airflow/example_dags/example_datasets.py
[2024-10-10T16:21:03.518+0000] {processor.py:925} INFO - DAG(s) 'dataset_consumes_1', 'dataset_consumes_unknown_never_scheduled', 'consume_1_or_2_with_dataset_expressions', 'consume_1_and_2_with_dataset_expressions', 'consume_1_or_both_2_and_3_with_dataset_expressions', 'conditional_dataset_and_time_based_timetable', 'dataset_produces_1', 'dataset_consumes_1_never_scheduled', 'dataset_consumes_1_and_2', 'dataset_produces_2' retrieved from /home/airflow/.local/lib/python3.12/site-packages/airflow/example_dags/example_datasets.py
[2024-10-10T16:21:03.542+0000] {logging_mixin.py:190} INFO - [2024-10-10T16:21:03.542+0000] {dag.py:3239} INFO - Sync 10 DAGs
[2024-10-10T16:21:03.555+0000] {logging_mixin.py:190} INFO - [2024-10-10T16:21:03.554+0000] {dag.py:4180} INFO - Setting next_dagrun for conditional_dataset_and_time_based_timetable to 2024-10-09 01:00:00+00:00, run_after=2024-10-09 01:00:00+00:00
[2024-10-10T16:21:03.559+0000] {logging_mixin.py:190} INFO - [2024-10-10T16:21:03.559+0000] {dag.py:4180} INFO - Setting next_dagrun for consume_1_and_2_with_dataset_expressions to None, run_after=None
[2024-10-10T16:21:03.560+0000] {logging_mixin.py:190} INFO - [2024-10-10T16:21:03.560+0000] {dag.py:4180} INFO - Setting next_dagrun for consume_1_or_2_with_dataset_expressions to None, run_after=None
[2024-10-10T16:21:03.560+0000] {logging_mixin.py:190} INFO - [2024-10-10T16:21:03.560+0000] {dag.py:4180} INFO - Setting next_dagrun for consume_1_or_both_2_and_3_with_dataset_expressions to None, run_after=None
[2024-10-10T16:21:03.561+0000] {logging_mixin.py:190} INFO - [2024-10-10T16:21:03.561+0000] {dag.py:4180} INFO - Setting next_dagrun for dataset_consumes_1 to None, run_after=None
[2024-10-10T16:21:03.561+0000] {logging_mixin.py:190} INFO - [2024-10-10T16:21:03.561+0000] {dag.py:4180} INFO - Setting next_dagrun for dataset_consumes_1_and_2 to None, run_after=None
[2024-10-10T16:21:03.562+0000] {logging_mixin.py:190} INFO - [2024-10-10T16:21:03.562+0000] {dag.py:4180} INFO - Setting next_dagrun for dataset_consumes_1_never_scheduled to None, run_after=None
[2024-10-10T16:21:03.562+0000] {logging_mixin.py:190} INFO - [2024-10-10T16:21:03.562+0000] {dag.py:4180} INFO - Setting next_dagrun for dataset_consumes_unknown_never_scheduled to None, run_after=None
[2024-10-10T16:21:03.563+0000] {logging_mixin.py:190} INFO - [2024-10-10T16:21:03.563+0000] {dag.py:4180} INFO - Setting next_dagrun for dataset_produces_1 to 2024-10-09 00:00:00+00:00, run_after=2024-10-10 00:00:00+00:00
[2024-10-10T16:21:03.564+0000] {logging_mixin.py:190} INFO - [2024-10-10T16:21:03.563+0000] {dag.py:4180} INFO - Setting next_dagrun for dataset_produces_2 to None, run_after=None
[2024-10-10T16:21:03.578+0000] {processor.py:208} INFO - Processing /home/airflow/.local/lib/python3.12/site-packages/airflow/example_dags/example_datasets.py took 0.166 seconds
[2024-10-10T16:21:33.627+0000] {processor.py:186} INFO - Started process (PID=194) to work on /home/airflow/.local/lib/python3.12/site-packages/airflow/example_dags/example_datasets.py
[2024-10-10T16:21:33.628+0000] {processor.py:914} INFO - Processing file /home/airflow/.local/lib/python3.12/site-packages/airflow/example_dags/example_datasets.py for tasks to queue
[2024-10-10T16:21:33.629+0000] {logging_mixin.py:190} INFO - [2024-10-10T16:21:33.629+0000] {dagbag.py:588} INFO - Filling up the DagBag from /home/airflow/.local/lib/python3.12/site-packages/airflow/example_dags/example_datasets.py
[2024-10-10T16:21:33.714+0000] {processor.py:925} INFO - DAG(s) 'dataset_consumes_unknown_never_scheduled', 'dataset_consumes_1_and_2', 'conditional_dataset_and_time_based_timetable', 'dataset_consumes_1_never_scheduled', 'consume_1_or_2_with_dataset_expressions', 'dataset_consumes_1', 'consume_1_and_2_with_dataset_expressions', 'dataset_produces_2', 'consume_1_or_both_2_and_3_with_dataset_expressions', 'dataset_produces_1' retrieved from /home/airflow/.local/lib/python3.12/site-packages/airflow/example_dags/example_datasets.py
[2024-10-10T16:21:33.737+0000] {logging_mixin.py:190} INFO - [2024-10-10T16:21:33.737+0000] {dag.py:3239} INFO - Sync 10 DAGs
[2024-10-10T16:21:33.751+0000] {logging_mixin.py:190} INFO - [2024-10-10T16:21:33.751+0000] {dag.py:4180} INFO - Setting next_dagrun for conditional_dataset_and_time_based_timetable to 2024-10-09 01:00:00+00:00, run_after=2024-10-09 01:00:00+00:00
[2024-10-10T16:21:33.756+0000] {logging_mixin.py:190} INFO - [2024-10-10T16:21:33.755+0000] {dag.py:4180} INFO - Setting next_dagrun for consume_1_and_2_with_dataset_expressions to None, run_after=None
[2024-10-10T16:21:33.756+0000] {logging_mixin.py:190} INFO - [2024-10-10T16:21:33.756+0000] {dag.py:4180} INFO - Setting next_dagrun for consume_1_or_2_with_dataset_expressions to None, run_after=None
[2024-10-10T16:21:33.757+0000] {logging_mixin.py:190} INFO - [2024-10-10T16:21:33.757+0000] {dag.py:4180} INFO - Setting next_dagrun for consume_1_or_both_2_and_3_with_dataset_expressions to None, run_after=None
[2024-10-10T16:21:33.757+0000] {logging_mixin.py:190} INFO - [2024-10-10T16:21:33.757+0000] {dag.py:4180} INFO - Setting next_dagrun for dataset_consumes_1 to None, run_after=None
[2024-10-10T16:21:33.758+0000] {logging_mixin.py:190} INFO - [2024-10-10T16:21:33.758+0000] {dag.py:4180} INFO - Setting next_dagrun for dataset_consumes_1_and_2 to None, run_after=None
[2024-10-10T16:21:33.758+0000] {logging_mixin.py:190} INFO - [2024-10-10T16:21:33.758+0000] {dag.py:4180} INFO - Setting next_dagrun for dataset_consumes_1_never_scheduled to None, run_after=None
[2024-10-10T16:21:33.759+0000] {logging_mixin.py:190} INFO - [2024-10-10T16:21:33.759+0000] {dag.py:4180} INFO - Setting next_dagrun for dataset_consumes_unknown_never_scheduled to None, run_after=None
[2024-10-10T16:21:33.760+0000] {logging_mixin.py:190} INFO - [2024-10-10T16:21:33.760+0000] {dag.py:4180} INFO - Setting next_dagrun for dataset_produces_1 to 2024-10-09 00:00:00+00:00, run_after=2024-10-10 00:00:00+00:00
[2024-10-10T16:21:33.760+0000] {logging_mixin.py:190} INFO - [2024-10-10T16:21:33.760+0000] {dag.py:4180} INFO - Setting next_dagrun for dataset_produces_2 to None, run_after=None
[2024-10-10T16:21:33.777+0000] {processor.py:208} INFO - Processing /home/airflow/.local/lib/python3.12/site-packages/airflow/example_dags/example_datasets.py took 0.153 seconds
[2024-10-10T16:22:03.884+0000] {processor.py:186} INFO - Started process (PID=257) to work on /home/airflow/.local/lib/python3.12/site-packages/airflow/example_dags/example_datasets.py
[2024-10-10T16:22:03.885+0000] {processor.py:914} INFO - Processing file /home/airflow/.local/lib/python3.12/site-packages/airflow/example_dags/example_datasets.py for tasks to queue
[2024-10-10T16:22:03.887+0000] {logging_mixin.py:190} INFO - [2024-10-10T16:22:03.887+0000] {dagbag.py:588} INFO - Filling up the DagBag from /home/airflow/.local/lib/python3.12/site-packages/airflow/example_dags/example_datasets.py
[2024-10-10T16:22:03.985+0000] {processor.py:925} INFO - DAG(s) 'dataset_produces_1', 'conditional_dataset_and_time_based_timetable', 'consume_1_and_2_with_dataset_expressions', 'dataset_consumes_unknown_never_scheduled', 'consume_1_or_2_with_dataset_expressions', 'dataset_consumes_1_and_2', 'dataset_consumes_1', 'consume_1_or_both_2_and_3_with_dataset_expressions', 'dataset_consumes_1_never_scheduled', 'dataset_produces_2' retrieved from /home/airflow/.local/lib/python3.12/site-packages/airflow/example_dags/example_datasets.py
[2024-10-10T16:22:04.008+0000] {logging_mixin.py:190} INFO - [2024-10-10T16:22:04.008+0000] {dag.py:3239} INFO - Sync 10 DAGs
[2024-10-10T16:22:04.022+0000] {logging_mixin.py:190} INFO - [2024-10-10T16:22:04.022+0000] {dag.py:4180} INFO - Setting next_dagrun for conditional_dataset_and_time_based_timetable to 2024-10-09 01:00:00+00:00, run_after=2024-10-09 01:00:00+00:00
[2024-10-10T16:22:04.024+0000] {logging_mixin.py:190} INFO - [2024-10-10T16:22:04.024+0000] {dag.py:4180} INFO - Setting next_dagrun for consume_1_and_2_with_dataset_expressions to None, run_after=None
[2024-10-10T16:22:04.025+0000] {logging_mixin.py:190} INFO - [2024-10-10T16:22:04.025+0000] {dag.py:4180} INFO - Setting next_dagrun for consume_1_or_2_with_dataset_expressions to None, run_after=None
[2024-10-10T16:22:04.025+0000] {logging_mixin.py:190} INFO - [2024-10-10T16:22:04.025+0000] {dag.py:4180} INFO - Setting next_dagrun for consume_1_or_both_2_and_3_with_dataset_expressions to None, run_after=None
[2024-10-10T16:22:04.026+0000] {logging_mixin.py:190} INFO - [2024-10-10T16:22:04.026+0000] {dag.py:4180} INFO - Setting next_dagrun for dataset_consumes_1 to None, run_after=None
[2024-10-10T16:22:04.026+0000] {logging_mixin.py:190} INFO - [2024-10-10T16:22:04.026+0000] {dag.py:4180} INFO - Setting next_dagrun for dataset_consumes_1_and_2 to None, run_after=None
[2024-10-10T16:22:04.027+0000] {logging_mixin.py:190} INFO - [2024-10-10T16:22:04.027+0000] {dag.py:4180} INFO - Setting next_dagrun for dataset_consumes_1_never_scheduled to None, run_after=None
[2024-10-10T16:22:04.027+0000] {logging_mixin.py:190} INFO - [2024-10-10T16:22:04.027+0000] {dag.py:4180} INFO - Setting next_dagrun for dataset_consumes_unknown_never_scheduled to None, run_after=None
[2024-10-10T16:22:04.029+0000] {logging_mixin.py:190} INFO - [2024-10-10T16:22:04.028+0000] {dag.py:4180} INFO - Setting next_dagrun for dataset_produces_1 to 2024-10-09 00:00:00+00:00, run_after=2024-10-10 00:00:00+00:00
[2024-10-10T16:22:04.029+0000] {logging_mixin.py:190} INFO - [2024-10-10T16:22:04.029+0000] {dag.py:4180} INFO - Setting next_dagrun for dataset_produces_2 to None, run_after=None
[2024-10-10T16:22:04.043+0000] {processor.py:208} INFO - Processing /home/airflow/.local/lib/python3.12/site-packages/airflow/example_dags/example_datasets.py took 0.167 seconds
[2024-10-10T16:22:34.528+0000] {processor.py:186} INFO - Started process (PID=320) to work on /home/airflow/.local/lib/python3.12/site-packages/airflow/example_dags/example_datasets.py
[2024-10-10T16:22:34.529+0000] {processor.py:914} INFO - Processing file /home/airflow/.local/lib/python3.12/site-packages/airflow/example_dags/example_datasets.py for tasks to queue
[2024-10-10T16:22:34.532+0000] {logging_mixin.py:190} INFO - [2024-10-10T16:22:34.531+0000] {dagbag.py:588} INFO - Filling up the DagBag from /home/airflow/.local/lib/python3.12/site-packages/airflow/example_dags/example_datasets.py
[2024-10-10T16:22:34.627+0000] {processor.py:925} INFO - DAG(s) 'dataset_consumes_1', 'conditional_dataset_and_time_based_timetable', 'dataset_produces_1', 'consume_1_and_2_with_dataset_expressions', 'dataset_produces_2', 'dataset_consumes_1_and_2', 'consume_1_or_2_with_dataset_expressions', 'dataset_consumes_1_never_scheduled', 'dataset_consumes_unknown_never_scheduled', 'consume_1_or_both_2_and_3_with_dataset_expressions' retrieved from /home/airflow/.local/lib/python3.12/site-packages/airflow/example_dags/example_datasets.py
[2024-10-10T16:22:34.650+0000] {logging_mixin.py:190} INFO - [2024-10-10T16:22:34.650+0000] {dag.py:3239} INFO - Sync 10 DAGs
[2024-10-10T16:22:34.663+0000] {logging_mixin.py:190} INFO - [2024-10-10T16:22:34.663+0000] {dag.py:4180} INFO - Setting next_dagrun for conditional_dataset_and_time_based_timetable to 2024-10-09 01:00:00+00:00, run_after=2024-10-09 01:00:00+00:00
[2024-10-10T16:22:34.667+0000] {logging_mixin.py:190} INFO - [2024-10-10T16:22:34.667+0000] {dag.py:4180} INFO - Setting next_dagrun for consume_1_and_2_with_dataset_expressions to None, run_after=None
[2024-10-10T16:22:34.668+0000] {logging_mixin.py:190} INFO - [2024-10-10T16:22:34.668+0000] {dag.py:4180} INFO - Setting next_dagrun for consume_1_or_2_with_dataset_expressions to None, run_after=None
[2024-10-10T16:22:34.669+0000] {logging_mixin.py:190} INFO - [2024-10-10T16:22:34.668+0000] {dag.py:4180} INFO - Setting next_dagrun for consume_1_or_both_2_and_3_with_dataset_expressions to None, run_after=None
[2024-10-10T16:22:34.669+0000] {logging_mixin.py:190} INFO - [2024-10-10T16:22:34.669+0000] {dag.py:4180} INFO - Setting next_dagrun for dataset_consumes_1 to None, run_after=None
[2024-10-10T16:22:34.670+0000] {logging_mixin.py:190} INFO - [2024-10-10T16:22:34.670+0000] {dag.py:4180} INFO - Setting next_dagrun for dataset_consumes_1_and_2 to None, run_after=None
[2024-10-10T16:22:34.670+0000] {logging_mixin.py:190} INFO - [2024-10-10T16:22:34.670+0000] {dag.py:4180} INFO - Setting next_dagrun for dataset_consumes_1_never_scheduled to None, run_after=None
[2024-10-10T16:22:34.670+0000] {logging_mixin.py:190} INFO - [2024-10-10T16:22:34.670+0000] {dag.py:4180} INFO - Setting next_dagrun for dataset_consumes_unknown_never_scheduled to None, run_after=None
[2024-10-10T16:22:34.671+0000] {logging_mixin.py:190} INFO - [2024-10-10T16:22:34.671+0000] {dag.py:4180} INFO - Setting next_dagrun for dataset_produces_1 to 2024-10-09 00:00:00+00:00, run_after=2024-10-10 00:00:00+00:00
[2024-10-10T16:22:34.672+0000] {logging_mixin.py:190} INFO - [2024-10-10T16:22:34.672+0000] {dag.py:4180} INFO - Setting next_dagrun for dataset_produces_2 to None, run_after=None
[2024-10-10T16:22:34.686+0000] {processor.py:208} INFO - Processing /home/airflow/.local/lib/python3.12/site-packages/airflow/example_dags/example_datasets.py took 0.165 seconds
[2024-10-10T16:23:04.757+0000] {processor.py:186} INFO - Started process (PID=383) to work on /home/airflow/.local/lib/python3.12/site-packages/airflow/example_dags/example_datasets.py
[2024-10-10T16:23:04.758+0000] {processor.py:914} INFO - Processing file /home/airflow/.local/lib/python3.12/site-packages/airflow/example_dags/example_datasets.py for tasks to queue
[2024-10-10T16:23:04.761+0000] {logging_mixin.py:190} INFO - [2024-10-10T16:23:04.760+0000] {dagbag.py:588} INFO - Filling up the DagBag from /home/airflow/.local/lib/python3.12/site-packages/airflow/example_dags/example_datasets.py
[2024-10-10T16:23:04.860+0000] {processor.py:925} INFO - DAG(s) 'dataset_produces_1', 'dataset_produces_2', 'consume_1_or_both_2_and_3_with_dataset_expressions', 'conditional_dataset_and_time_based_timetable', 'dataset_consumes_1_and_2', 'consume_1_or_2_with_dataset_expressions', 'dataset_consumes_unknown_never_scheduled', 'dataset_consumes_1', 'dataset_consumes_1_never_scheduled', 'consume_1_and_2_with_dataset_expressions' retrieved from /home/airflow/.local/lib/python3.12/site-packages/airflow/example_dags/example_datasets.py
[2024-10-10T16:23:04.883+0000] {logging_mixin.py:190} INFO - [2024-10-10T16:23:04.882+0000] {dag.py:3239} INFO - Sync 10 DAGs
[2024-10-10T16:23:04.896+0000] {logging_mixin.py:190} INFO - [2024-10-10T16:23:04.895+0000] {dag.py:4180} INFO - Setting next_dagrun for conditional_dataset_and_time_based_timetable to 2024-10-09 01:00:00+00:00, run_after=2024-10-09 01:00:00+00:00
[2024-10-10T16:23:04.897+0000] {logging_mixin.py:190} INFO - [2024-10-10T16:23:04.897+0000] {dag.py:4180} INFO - Setting next_dagrun for consume_1_and_2_with_dataset_expressions to None, run_after=None
[2024-10-10T16:23:04.899+0000] {logging_mixin.py:190} INFO - [2024-10-10T16:23:04.899+0000] {dag.py:4180} INFO - Setting next_dagrun for consume_1_or_2_with_dataset_expressions to None, run_after=None
[2024-10-10T16:23:04.899+0000] {logging_mixin.py:190} INFO - [2024-10-10T16:23:04.899+0000] {dag.py:4180} INFO - Setting next_dagrun for consume_1_or_both_2_and_3_with_dataset_expressions to None, run_after=None
[2024-10-10T16:23:04.900+0000] {logging_mixin.py:190} INFO - [2024-10-10T16:23:04.900+0000] {dag.py:4180} INFO - Setting next_dagrun for dataset_consumes_1 to None, run_after=None
[2024-10-10T16:23:04.900+0000] {logging_mixin.py:190} INFO - [2024-10-10T16:23:04.900+0000] {dag.py:4180} INFO - Setting next_dagrun for dataset_consumes_1_and_2 to None, run_after=None
[2024-10-10T16:23:04.901+0000] {logging_mixin.py:190} INFO - [2024-10-10T16:23:04.901+0000] {dag.py:4180} INFO - Setting next_dagrun for dataset_consumes_1_never_scheduled to None, run_after=None
[2024-10-10T16:23:04.901+0000] {logging_mixin.py:190} INFO - [2024-10-10T16:23:04.901+0000] {dag.py:4180} INFO - Setting next_dagrun for dataset_consumes_unknown_never_scheduled to None, run_after=None
[2024-10-10T16:23:04.902+0000] {logging_mixin.py:190} INFO - [2024-10-10T16:23:04.902+0000] {dag.py:4180} INFO - Setting next_dagrun for dataset_produces_1 to 2024-10-09 00:00:00+00:00, run_after=2024-10-10 00:00:00+00:00
[2024-10-10T16:23:04.903+0000] {logging_mixin.py:190} INFO - [2024-10-10T16:23:04.903+0000] {dag.py:4180} INFO - Setting next_dagrun for dataset_produces_2 to None, run_after=None
[2024-10-10T16:23:04.917+0000] {processor.py:208} INFO - Processing /home/airflow/.local/lib/python3.12/site-packages/airflow/example_dags/example_datasets.py took 0.168 seconds
[2024-10-10T16:23:35.151+0000] {processor.py:186} INFO - Started process (PID=446) to work on /home/airflow/.local/lib/python3.12/site-packages/airflow/example_dags/example_datasets.py
[2024-10-10T16:23:35.151+0000] {processor.py:914} INFO - Processing file /home/airflow/.local/lib/python3.12/site-packages/airflow/example_dags/example_datasets.py for tasks to queue
[2024-10-10T16:23:35.153+0000] {logging_mixin.py:190} INFO - [2024-10-10T16:23:35.153+0000] {dagbag.py:588} INFO - Filling up the DagBag from /home/airflow/.local/lib/python3.12/site-packages/airflow/example_dags/example_datasets.py
[2024-10-10T16:23:35.242+0000] {processor.py:925} INFO - DAG(s) 'dataset_consumes_1', 'consume_1_and_2_with_dataset_expressions', 'dataset_consumes_1_never_scheduled', 'dataset_consumes_unknown_never_scheduled', 'dataset_produces_2', 'consume_1_or_both_2_and_3_with_dataset_expressions', 'conditional_dataset_and_time_based_timetable', 'consume_1_or_2_with_dataset_expressions', 'dataset_produces_1', 'dataset_consumes_1_and_2' retrieved from /home/airflow/.local/lib/python3.12/site-packages/airflow/example_dags/example_datasets.py
[2024-10-10T16:23:35.268+0000] {logging_mixin.py:190} INFO - [2024-10-10T16:23:35.268+0000] {dag.py:3239} INFO - Sync 10 DAGs
[2024-10-10T16:23:35.284+0000] {logging_mixin.py:190} INFO - [2024-10-10T16:23:35.284+0000] {dag.py:4180} INFO - Setting next_dagrun for conditional_dataset_and_time_based_timetable to 2024-10-09 01:00:00+00:00, run_after=2024-10-09 01:00:00+00:00
[2024-10-10T16:23:35.286+0000] {logging_mixin.py:190} INFO - [2024-10-10T16:23:35.286+0000] {dag.py:4180} INFO - Setting next_dagrun for consume_1_and_2_with_dataset_expressions to None, run_after=None
[2024-10-10T16:23:35.287+0000] {logging_mixin.py:190} INFO - [2024-10-10T16:23:35.287+0000] {dag.py:4180} INFO - Setting next_dagrun for consume_1_or_2_with_dataset_expressions to None, run_after=None
[2024-10-10T16:23:35.287+0000] {logging_mixin.py:190} INFO - [2024-10-10T16:23:35.287+0000] {dag.py:4180} INFO - Setting next_dagrun for consume_1_or_both_2_and_3_with_dataset_expressions to None, run_after=None
[2024-10-10T16:23:35.288+0000] {logging_mixin.py:190} INFO - [2024-10-10T16:23:35.288+0000] {dag.py:4180} INFO - Setting next_dagrun for dataset_consumes_1 to None, run_after=None
[2024-10-10T16:23:35.289+0000] {logging_mixin.py:190} INFO - [2024-10-10T16:23:35.289+0000] {dag.py:4180} INFO - Setting next_dagrun for dataset_consumes_1_and_2 to None, run_after=None
[2024-10-10T16:23:35.289+0000] {logging_mixin.py:190} INFO - [2024-10-10T16:23:35.289+0000] {dag.py:4180} INFO - Setting next_dagrun for dataset_consumes_1_never_scheduled to None, run_after=None
[2024-10-10T16:23:35.290+0000] {logging_mixin.py:190} INFO - [2024-10-10T16:23:35.290+0000] {dag.py:4180} INFO - Setting next_dagrun for dataset_consumes_unknown_never_scheduled to None, run_after=None
[2024-10-10T16:23:35.291+0000] {logging_mixin.py:190} INFO - [2024-10-10T16:23:35.291+0000] {dag.py:4180} INFO - Setting next_dagrun for dataset_produces_1 to 2024-10-09 00:00:00+00:00, run_after=2024-10-10 00:00:00+00:00
[2024-10-10T16:23:35.292+0000] {logging_mixin.py:190} INFO - [2024-10-10T16:23:35.292+0000] {dag.py:4180} INFO - Setting next_dagrun for dataset_produces_2 to None, run_after=None
[2024-10-10T16:23:35.308+0000] {processor.py:208} INFO - Processing /home/airflow/.local/lib/python3.12/site-packages/airflow/example_dags/example_datasets.py took 0.163 seconds
