[2024-10-10T16:20:34.854+0000] {processor.py:186} INFO - Started process (PID=96) to work on /home/airflow/.local/lib/python3.12/site-packages/airflow/example_dags/example_dag_decorator.py
[2024-10-10T16:20:34.855+0000] {processor.py:914} INFO - Processing file /home/airflow/.local/lib/python3.12/site-packages/airflow/example_dags/example_dag_decorator.py for tasks to queue
[2024-10-10T16:20:34.856+0000] {logging_mixin.py:190} INFO - [2024-10-10T16:20:34.856+0000] {dagbag.py:588} INFO - Filling up the DagBag from /home/airflow/.local/lib/python3.12/site-packages/airflow/example_dags/example_dag_decorator.py
[2024-10-10T16:20:34.864+0000] {processor.py:925} INFO - DAG(s) 'example_dag_decorator' retrieved from /home/airflow/.local/lib/python3.12/site-packages/airflow/example_dags/example_dag_decorator.py
[2024-10-10T16:20:34.926+0000] {logging_mixin.py:190} INFO - [2024-10-10T16:20:34.926+0000] {override.py:1900} INFO - Created Permission View: can edit on DAG:example_dag_decorator
[2024-10-10T16:20:34.935+0000] {logging_mixin.py:190} INFO - [2024-10-10T16:20:34.935+0000] {override.py:1900} INFO - Created Permission View: can read on DAG:example_dag_decorator
[2024-10-10T16:20:34.942+0000] {logging_mixin.py:190} INFO - [2024-10-10T16:20:34.942+0000] {override.py:1900} INFO - Created Permission View: can delete on DAG:example_dag_decorator
[2024-10-10T16:20:34.952+0000] {logging_mixin.py:190} INFO - [2024-10-10T16:20:34.951+0000] {override.py:1900} INFO - Created Permission View: menu access on DAG Run:example_dag_decorator
[2024-10-10T16:20:34.959+0000] {logging_mixin.py:190} INFO - [2024-10-10T16:20:34.959+0000] {override.py:1900} INFO - Created Permission View: can create on DAG Run:example_dag_decorator
[2024-10-10T16:20:34.965+0000] {logging_mixin.py:190} INFO - [2024-10-10T16:20:34.965+0000] {override.py:1900} INFO - Created Permission View: can read on DAG Run:example_dag_decorator
[2024-10-10T16:20:34.972+0000] {logging_mixin.py:190} INFO - [2024-10-10T16:20:34.972+0000] {override.py:1900} INFO - Created Permission View: can delete on DAG Run:example_dag_decorator
[2024-10-10T16:20:34.972+0000] {logging_mixin.py:190} INFO - [2024-10-10T16:20:34.972+0000] {dag.py:3239} INFO - Sync 1 DAGs
[2024-10-10T16:20:34.980+0000] {logging_mixin.py:190} INFO - [2024-10-10T16:20:34.980+0000] {dag.py:3262} INFO - Creating ORM DAG for example_dag_decorator
[2024-10-10T16:20:34.981+0000] {logging_mixin.py:190} INFO - [2024-10-10T16:20:34.981+0000] {dag.py:4180} INFO - Setting next_dagrun for example_dag_decorator to None, run_after=None
[2024-10-10T16:20:34.994+0000] {processor.py:208} INFO - Processing /home/airflow/.local/lib/python3.12/site-packages/airflow/example_dags/example_dag_decorator.py took 0.144 seconds
[2024-10-10T16:21:05.404+0000] {processor.py:186} INFO - Started process (PID=159) to work on /home/airflow/.local/lib/python3.12/site-packages/airflow/example_dags/example_dag_decorator.py
[2024-10-10T16:21:05.405+0000] {processor.py:914} INFO - Processing file /home/airflow/.local/lib/python3.12/site-packages/airflow/example_dags/example_dag_decorator.py for tasks to queue
[2024-10-10T16:21:05.406+0000] {logging_mixin.py:190} INFO - [2024-10-10T16:21:05.406+0000] {dagbag.py:588} INFO - Filling up the DagBag from /home/airflow/.local/lib/python3.12/site-packages/airflow/example_dags/example_dag_decorator.py
[2024-10-10T16:21:05.412+0000] {processor.py:925} INFO - DAG(s) 'example_dag_decorator' retrieved from /home/airflow/.local/lib/python3.12/site-packages/airflow/example_dags/example_dag_decorator.py
[2024-10-10T16:21:05.430+0000] {logging_mixin.py:190} INFO - [2024-10-10T16:21:05.430+0000] {dag.py:3239} INFO - Sync 1 DAGs
[2024-10-10T16:21:05.437+0000] {logging_mixin.py:190} INFO - [2024-10-10T16:21:05.437+0000] {dag.py:4180} INFO - Setting next_dagrun for example_dag_decorator to None, run_after=None
[2024-10-10T16:21:05.449+0000] {processor.py:208} INFO - Processing /home/airflow/.local/lib/python3.12/site-packages/airflow/example_dags/example_dag_decorator.py took 0.048 seconds
[2024-10-10T16:21:35.604+0000] {processor.py:186} INFO - Started process (PID=222) to work on /home/airflow/.local/lib/python3.12/site-packages/airflow/example_dags/example_dag_decorator.py
[2024-10-10T16:21:35.605+0000] {processor.py:914} INFO - Processing file /home/airflow/.local/lib/python3.12/site-packages/airflow/example_dags/example_dag_decorator.py for tasks to queue
[2024-10-10T16:21:35.606+0000] {logging_mixin.py:190} INFO - [2024-10-10T16:21:35.606+0000] {dagbag.py:588} INFO - Filling up the DagBag from /home/airflow/.local/lib/python3.12/site-packages/airflow/example_dags/example_dag_decorator.py
[2024-10-10T16:21:35.612+0000] {processor.py:925} INFO - DAG(s) 'example_dag_decorator' retrieved from /home/airflow/.local/lib/python3.12/site-packages/airflow/example_dags/example_dag_decorator.py
[2024-10-10T16:21:35.677+0000] {logging_mixin.py:190} INFO - [2024-10-10T16:21:35.677+0000] {dag.py:3239} INFO - Sync 1 DAGs
[2024-10-10T16:21:35.684+0000] {logging_mixin.py:190} INFO - [2024-10-10T16:21:35.683+0000] {dag.py:4180} INFO - Setting next_dagrun for example_dag_decorator to None, run_after=None
[2024-10-10T16:21:35.696+0000] {processor.py:208} INFO - Processing /home/airflow/.local/lib/python3.12/site-packages/airflow/example_dags/example_dag_decorator.py took 0.096 seconds
[2024-10-10T16:22:06.100+0000] {processor.py:186} INFO - Started process (PID=285) to work on /home/airflow/.local/lib/python3.12/site-packages/airflow/example_dags/example_dag_decorator.py
[2024-10-10T16:22:06.100+0000] {processor.py:914} INFO - Processing file /home/airflow/.local/lib/python3.12/site-packages/airflow/example_dags/example_dag_decorator.py for tasks to queue
[2024-10-10T16:22:06.102+0000] {logging_mixin.py:190} INFO - [2024-10-10T16:22:06.102+0000] {dagbag.py:588} INFO - Filling up the DagBag from /home/airflow/.local/lib/python3.12/site-packages/airflow/example_dags/example_dag_decorator.py
[2024-10-10T16:22:06.113+0000] {processor.py:925} INFO - DAG(s) 'example_dag_decorator' retrieved from /home/airflow/.local/lib/python3.12/site-packages/airflow/example_dags/example_dag_decorator.py
[2024-10-10T16:22:06.181+0000] {logging_mixin.py:190} INFO - [2024-10-10T16:22:06.181+0000] {dag.py:3239} INFO - Sync 1 DAGs
[2024-10-10T16:22:06.192+0000] {logging_mixin.py:190} INFO - [2024-10-10T16:22:06.192+0000] {dag.py:4180} INFO - Setting next_dagrun for example_dag_decorator to None, run_after=None
[2024-10-10T16:22:06.203+0000] {processor.py:208} INFO - Processing /home/airflow/.local/lib/python3.12/site-packages/airflow/example_dags/example_dag_decorator.py took 0.110 seconds
[2024-10-10T16:22:36.509+0000] {processor.py:186} INFO - Started process (PID=348) to work on /home/airflow/.local/lib/python3.12/site-packages/airflow/example_dags/example_dag_decorator.py
[2024-10-10T16:22:36.510+0000] {processor.py:914} INFO - Processing file /home/airflow/.local/lib/python3.12/site-packages/airflow/example_dags/example_dag_decorator.py for tasks to queue
[2024-10-10T16:22:36.511+0000] {logging_mixin.py:190} INFO - [2024-10-10T16:22:36.511+0000] {dagbag.py:588} INFO - Filling up the DagBag from /home/airflow/.local/lib/python3.12/site-packages/airflow/example_dags/example_dag_decorator.py
[2024-10-10T16:22:36.517+0000] {processor.py:925} INFO - DAG(s) 'example_dag_decorator' retrieved from /home/airflow/.local/lib/python3.12/site-packages/airflow/example_dags/example_dag_decorator.py
[2024-10-10T16:22:36.572+0000] {logging_mixin.py:190} INFO - [2024-10-10T16:22:36.572+0000] {dag.py:3239} INFO - Sync 1 DAGs
[2024-10-10T16:22:36.578+0000] {logging_mixin.py:190} INFO - [2024-10-10T16:22:36.578+0000] {dag.py:4180} INFO - Setting next_dagrun for example_dag_decorator to None, run_after=None
[2024-10-10T16:22:36.594+0000] {processor.py:208} INFO - Processing /home/airflow/.local/lib/python3.12/site-packages/airflow/example_dags/example_dag_decorator.py took 0.089 seconds
[2024-10-10T16:23:06.729+0000] {processor.py:186} INFO - Started process (PID=411) to work on /home/airflow/.local/lib/python3.12/site-packages/airflow/example_dags/example_dag_decorator.py
[2024-10-10T16:23:06.729+0000] {processor.py:914} INFO - Processing file /home/airflow/.local/lib/python3.12/site-packages/airflow/example_dags/example_dag_decorator.py for tasks to queue
[2024-10-10T16:23:06.732+0000] {logging_mixin.py:190} INFO - [2024-10-10T16:23:06.732+0000] {dagbag.py:588} INFO - Filling up the DagBag from /home/airflow/.local/lib/python3.12/site-packages/airflow/example_dags/example_dag_decorator.py
[2024-10-10T16:23:06.739+0000] {processor.py:925} INFO - DAG(s) 'example_dag_decorator' retrieved from /home/airflow/.local/lib/python3.12/site-packages/airflow/example_dags/example_dag_decorator.py
[2024-10-10T16:23:06.795+0000] {logging_mixin.py:190} INFO - [2024-10-10T16:23:06.795+0000] {dag.py:3239} INFO - Sync 1 DAGs
[2024-10-10T16:23:06.801+0000] {logging_mixin.py:190} INFO - [2024-10-10T16:23:06.801+0000] {dag.py:4180} INFO - Setting next_dagrun for example_dag_decorator to None, run_after=None
[2024-10-10T16:23:06.809+0000] {processor.py:208} INFO - Processing /home/airflow/.local/lib/python3.12/site-packages/airflow/example_dags/example_dag_decorator.py took 0.084 seconds
