[2024-10-10T16:20:33.303+0000] {processor.py:186} INFO - Started process (PID=76) to work on /home/airflow/.local/lib/python3.12/site-packages/airflow/example_dags/example_short_circuit_operator.py
[2024-10-10T16:20:33.304+0000] {processor.py:914} INFO - Processing file /home/airflow/.local/lib/python3.12/site-packages/airflow/example_dags/example_short_circuit_operator.py for tasks to queue
[2024-10-10T16:20:33.305+0000] {logging_mixin.py:190} INFO - [2024-10-10T16:20:33.305+0000] {dagbag.py:588} INFO - Filling up the DagBag from /home/airflow/.local/lib/python3.12/site-packages/airflow/example_dags/example_short_circuit_operator.py
[2024-10-10T16:20:33.311+0000] {processor.py:925} INFO - DAG(s) 'example_short_circuit_operator' retrieved from /home/airflow/.local/lib/python3.12/site-packages/airflow/example_dags/example_short_circuit_operator.py
[2024-10-10T16:20:33.370+0000] {logging_mixin.py:190} INFO - [2024-10-10T16:20:33.370+0000] {override.py:1900} INFO - Created Permission View: can edit on DAG:example_short_circuit_operator
[2024-10-10T16:20:33.377+0000] {logging_mixin.py:190} INFO - [2024-10-10T16:20:33.377+0000] {override.py:1900} INFO - Created Permission View: can read on DAG:example_short_circuit_operator
[2024-10-10T16:20:33.382+0000] {logging_mixin.py:190} INFO - [2024-10-10T16:20:33.382+0000] {override.py:1900} INFO - Created Permission View: can delete on DAG:example_short_circuit_operator
[2024-10-10T16:20:33.388+0000] {logging_mixin.py:190} INFO - [2024-10-10T16:20:33.388+0000] {override.py:1900} INFO - Created Permission View: menu access on DAG Run:example_short_circuit_operator
[2024-10-10T16:20:33.390+0000] {logging_mixin.py:190} INFO - [2024-10-10T16:20:33.390+0000] {override.py:1900} INFO - Created Permission View: can create on DAG Run:example_short_circuit_operator
[2024-10-10T16:20:33.393+0000] {logging_mixin.py:190} INFO - [2024-10-10T16:20:33.393+0000] {override.py:1900} INFO - Created Permission View: can read on DAG Run:example_short_circuit_operator
[2024-10-10T16:20:33.395+0000] {logging_mixin.py:190} INFO - [2024-10-10T16:20:33.395+0000] {override.py:1900} INFO - Created Permission View: can delete on DAG Run:example_short_circuit_operator
[2024-10-10T16:20:33.396+0000] {logging_mixin.py:190} INFO - [2024-10-10T16:20:33.395+0000] {dag.py:3239} INFO - Sync 1 DAGs
[2024-10-10T16:20:33.402+0000] {logging_mixin.py:190} INFO - [2024-10-10T16:20:33.401+0000] {dag.py:3262} INFO - Creating ORM DAG for example_short_circuit_operator
[2024-10-10T16:20:33.402+0000] {logging_mixin.py:190} INFO - [2024-10-10T16:20:33.402+0000] {dag.py:4180} INFO - Setting next_dagrun for example_short_circuit_operator to None, run_after=None
[2024-10-10T16:20:33.415+0000] {processor.py:208} INFO - Processing /home/airflow/.local/lib/python3.12/site-packages/airflow/example_dags/example_short_circuit_operator.py took 0.118 seconds
[2024-10-10T16:21:03.743+0000] {processor.py:186} INFO - Started process (PID=139) to work on /home/airflow/.local/lib/python3.12/site-packages/airflow/example_dags/example_short_circuit_operator.py
[2024-10-10T16:21:03.744+0000] {processor.py:914} INFO - Processing file /home/airflow/.local/lib/python3.12/site-packages/airflow/example_dags/example_short_circuit_operator.py for tasks to queue
[2024-10-10T16:21:03.745+0000] {logging_mixin.py:190} INFO - [2024-10-10T16:21:03.745+0000] {dagbag.py:588} INFO - Filling up the DagBag from /home/airflow/.local/lib/python3.12/site-packages/airflow/example_dags/example_short_circuit_operator.py
[2024-10-10T16:21:03.750+0000] {processor.py:925} INFO - DAG(s) 'example_short_circuit_operator' retrieved from /home/airflow/.local/lib/python3.12/site-packages/airflow/example_dags/example_short_circuit_operator.py
[2024-10-10T16:21:03.760+0000] {logging_mixin.py:190} INFO - [2024-10-10T16:21:03.760+0000] {dag.py:3239} INFO - Sync 1 DAGs
[2024-10-10T16:21:03.767+0000] {logging_mixin.py:190} INFO - [2024-10-10T16:21:03.767+0000] {dag.py:4180} INFO - Setting next_dagrun for example_short_circuit_operator to None, run_after=None
[2024-10-10T16:21:03.782+0000] {processor.py:208} INFO - Processing /home/airflow/.local/lib/python3.12/site-packages/airflow/example_dags/example_short_circuit_operator.py took 0.042 seconds
[2024-10-10T16:21:33.946+0000] {processor.py:186} INFO - Started process (PID=202) to work on /home/airflow/.local/lib/python3.12/site-packages/airflow/example_dags/example_short_circuit_operator.py
[2024-10-10T16:21:33.950+0000] {processor.py:914} INFO - Processing file /home/airflow/.local/lib/python3.12/site-packages/airflow/example_dags/example_short_circuit_operator.py for tasks to queue
[2024-10-10T16:21:33.951+0000] {logging_mixin.py:190} INFO - [2024-10-10T16:21:33.951+0000] {dagbag.py:588} INFO - Filling up the DagBag from /home/airflow/.local/lib/python3.12/site-packages/airflow/example_dags/example_short_circuit_operator.py
[2024-10-10T16:21:33.956+0000] {processor.py:925} INFO - DAG(s) 'example_short_circuit_operator' retrieved from /home/airflow/.local/lib/python3.12/site-packages/airflow/example_dags/example_short_circuit_operator.py
[2024-10-10T16:21:33.972+0000] {logging_mixin.py:190} INFO - [2024-10-10T16:21:33.972+0000] {dag.py:3239} INFO - Sync 1 DAGs
[2024-10-10T16:21:33.979+0000] {logging_mixin.py:190} INFO - [2024-10-10T16:21:33.979+0000] {dag.py:4180} INFO - Setting next_dagrun for example_short_circuit_operator to None, run_after=None
[2024-10-10T16:21:33.995+0000] {processor.py:208} INFO - Processing /home/airflow/.local/lib/python3.12/site-packages/airflow/example_dags/example_short_circuit_operator.py took 0.053 seconds
[2024-10-10T16:22:04.270+0000] {processor.py:186} INFO - Started process (PID=265) to work on /home/airflow/.local/lib/python3.12/site-packages/airflow/example_dags/example_short_circuit_operator.py
[2024-10-10T16:22:04.271+0000] {processor.py:914} INFO - Processing file /home/airflow/.local/lib/python3.12/site-packages/airflow/example_dags/example_short_circuit_operator.py for tasks to queue
[2024-10-10T16:22:04.272+0000] {logging_mixin.py:190} INFO - [2024-10-10T16:22:04.272+0000] {dagbag.py:588} INFO - Filling up the DagBag from /home/airflow/.local/lib/python3.12/site-packages/airflow/example_dags/example_short_circuit_operator.py
[2024-10-10T16:22:04.276+0000] {processor.py:925} INFO - DAG(s) 'example_short_circuit_operator' retrieved from /home/airflow/.local/lib/python3.12/site-packages/airflow/example_dags/example_short_circuit_operator.py
[2024-10-10T16:22:04.289+0000] {logging_mixin.py:190} INFO - [2024-10-10T16:22:04.289+0000] {dag.py:3239} INFO - Sync 1 DAGs
[2024-10-10T16:22:04.296+0000] {logging_mixin.py:190} INFO - [2024-10-10T16:22:04.296+0000] {dag.py:4180} INFO - Setting next_dagrun for example_short_circuit_operator to None, run_after=None
[2024-10-10T16:22:04.306+0000] {processor.py:208} INFO - Processing /home/airflow/.local/lib/python3.12/site-packages/airflow/example_dags/example_short_circuit_operator.py took 0.039 seconds
[2024-10-10T16:22:34.839+0000] {processor.py:186} INFO - Started process (PID=328) to work on /home/airflow/.local/lib/python3.12/site-packages/airflow/example_dags/example_short_circuit_operator.py
[2024-10-10T16:22:34.840+0000] {processor.py:914} INFO - Processing file /home/airflow/.local/lib/python3.12/site-packages/airflow/example_dags/example_short_circuit_operator.py for tasks to queue
[2024-10-10T16:22:34.841+0000] {logging_mixin.py:190} INFO - [2024-10-10T16:22:34.841+0000] {dagbag.py:588} INFO - Filling up the DagBag from /home/airflow/.local/lib/python3.12/site-packages/airflow/example_dags/example_short_circuit_operator.py
[2024-10-10T16:22:34.845+0000] {processor.py:925} INFO - DAG(s) 'example_short_circuit_operator' retrieved from /home/airflow/.local/lib/python3.12/site-packages/airflow/example_dags/example_short_circuit_operator.py
[2024-10-10T16:22:34.857+0000] {logging_mixin.py:190} INFO - [2024-10-10T16:22:34.857+0000] {dag.py:3239} INFO - Sync 1 DAGs
[2024-10-10T16:22:34.865+0000] {logging_mixin.py:190} INFO - [2024-10-10T16:22:34.865+0000] {dag.py:4180} INFO - Setting next_dagrun for example_short_circuit_operator to None, run_after=None
[2024-10-10T16:22:34.874+0000] {processor.py:208} INFO - Processing /home/airflow/.local/lib/python3.12/site-packages/airflow/example_dags/example_short_circuit_operator.py took 0.037 seconds
[2024-10-10T16:23:05.078+0000] {processor.py:186} INFO - Started process (PID=391) to work on /home/airflow/.local/lib/python3.12/site-packages/airflow/example_dags/example_short_circuit_operator.py
[2024-10-10T16:23:05.079+0000] {processor.py:914} INFO - Processing file /home/airflow/.local/lib/python3.12/site-packages/airflow/example_dags/example_short_circuit_operator.py for tasks to queue
[2024-10-10T16:23:05.082+0000] {logging_mixin.py:190} INFO - [2024-10-10T16:23:05.081+0000] {dagbag.py:588} INFO - Filling up the DagBag from /home/airflow/.local/lib/python3.12/site-packages/airflow/example_dags/example_short_circuit_operator.py
[2024-10-10T16:23:05.087+0000] {processor.py:925} INFO - DAG(s) 'example_short_circuit_operator' retrieved from /home/airflow/.local/lib/python3.12/site-packages/airflow/example_dags/example_short_circuit_operator.py
[2024-10-10T16:23:05.098+0000] {logging_mixin.py:190} INFO - [2024-10-10T16:23:05.098+0000] {dag.py:3239} INFO - Sync 1 DAGs
[2024-10-10T16:23:05.106+0000] {logging_mixin.py:190} INFO - [2024-10-10T16:23:05.106+0000] {dag.py:4180} INFO - Setting next_dagrun for example_short_circuit_operator to None, run_after=None
[2024-10-10T16:23:05.117+0000] {processor.py:208} INFO - Processing /home/airflow/.local/lib/python3.12/site-packages/airflow/example_dags/example_short_circuit_operator.py took 0.042 seconds
[2024-10-10T16:23:35.475+0000] {processor.py:186} INFO - Started process (PID=454) to work on /home/airflow/.local/lib/python3.12/site-packages/airflow/example_dags/example_short_circuit_operator.py
[2024-10-10T16:23:35.476+0000] {processor.py:914} INFO - Processing file /home/airflow/.local/lib/python3.12/site-packages/airflow/example_dags/example_short_circuit_operator.py for tasks to queue
[2024-10-10T16:23:35.477+0000] {logging_mixin.py:190} INFO - [2024-10-10T16:23:35.477+0000] {dagbag.py:588} INFO - Filling up the DagBag from /home/airflow/.local/lib/python3.12/site-packages/airflow/example_dags/example_short_circuit_operator.py
[2024-10-10T16:23:35.482+0000] {processor.py:925} INFO - DAG(s) 'example_short_circuit_operator' retrieved from /home/airflow/.local/lib/python3.12/site-packages/airflow/example_dags/example_short_circuit_operator.py
[2024-10-10T16:23:35.494+0000] {logging_mixin.py:190} INFO - [2024-10-10T16:23:35.494+0000] {dag.py:3239} INFO - Sync 1 DAGs
[2024-10-10T16:23:35.502+0000] {logging_mixin.py:190} INFO - [2024-10-10T16:23:35.501+0000] {dag.py:4180} INFO - Setting next_dagrun for example_short_circuit_operator to None, run_after=None
[2024-10-10T16:23:35.517+0000] {processor.py:208} INFO - Processing /home/airflow/.local/lib/python3.12/site-packages/airflow/example_dags/example_short_circuit_operator.py took 0.045 seconds
