[2024-10-10T16:20:33.703+0000] {processor.py:186} INFO - Started process (PID=82) to work on /home/airflow/.local/lib/python3.12/site-packages/airflow/example_dags/example_branch_python_dop_operator_3.py
[2024-10-10T16:20:33.704+0000] {processor.py:914} INFO - Processing file /home/airflow/.local/lib/python3.12/site-packages/airflow/example_dags/example_branch_python_dop_operator_3.py for tasks to queue
[2024-10-10T16:20:33.706+0000] {logging_mixin.py:190} INFO - [2024-10-10T16:20:33.706+0000] {dagbag.py:588} INFO - Filling up the DagBag from /home/airflow/.local/lib/python3.12/site-packages/airflow/example_dags/example_branch_python_dop_operator_3.py
[2024-10-10T16:20:33.712+0000] {processor.py:925} INFO - DAG(s) 'example_branch_dop_operator_v3' retrieved from /home/airflow/.local/lib/python3.12/site-packages/airflow/example_dags/example_branch_python_dop_operator_3.py
[2024-10-10T16:20:33.775+0000] {logging_mixin.py:190} INFO - [2024-10-10T16:20:33.775+0000] {override.py:1900} INFO - Created Permission View: can edit on DAG:example_branch_dop_operator_v3
[2024-10-10T16:20:33.781+0000] {logging_mixin.py:190} INFO - [2024-10-10T16:20:33.780+0000] {override.py:1900} INFO - Created Permission View: can read on DAG:example_branch_dop_operator_v3
[2024-10-10T16:20:33.784+0000] {logging_mixin.py:190} INFO - [2024-10-10T16:20:33.784+0000] {override.py:1900} INFO - Created Permission View: can delete on DAG:example_branch_dop_operator_v3
[2024-10-10T16:20:33.792+0000] {logging_mixin.py:190} INFO - [2024-10-10T16:20:33.792+0000] {override.py:1900} INFO - Created Permission View: menu access on DAG Run:example_branch_dop_operator_v3
[2024-10-10T16:20:33.797+0000] {logging_mixin.py:190} INFO - [2024-10-10T16:20:33.797+0000] {override.py:1900} INFO - Created Permission View: can create on DAG Run:example_branch_dop_operator_v3
[2024-10-10T16:20:33.801+0000] {logging_mixin.py:190} INFO - [2024-10-10T16:20:33.801+0000] {override.py:1900} INFO - Created Permission View: can read on DAG Run:example_branch_dop_operator_v3
[2024-10-10T16:20:33.807+0000] {logging_mixin.py:190} INFO - [2024-10-10T16:20:33.807+0000] {override.py:1900} INFO - Created Permission View: can delete on DAG Run:example_branch_dop_operator_v3
[2024-10-10T16:20:33.807+0000] {logging_mixin.py:190} INFO - [2024-10-10T16:20:33.807+0000] {dag.py:3239} INFO - Sync 1 DAGs
[2024-10-10T16:20:33.814+0000] {logging_mixin.py:190} INFO - [2024-10-10T16:20:33.814+0000] {dag.py:3262} INFO - Creating ORM DAG for example_branch_dop_operator_v3
[2024-10-10T16:20:33.821+0000] {logging_mixin.py:190} INFO - [2024-10-10T16:20:33.821+0000] {dag.py:4180} INFO - Setting next_dagrun for example_branch_dop_operator_v3 to 2024-10-10 16:19:00+00:00, run_after=2024-10-10 16:20:00+00:00
[2024-10-10T16:20:33.834+0000] {processor.py:208} INFO - Processing /home/airflow/.local/lib/python3.12/site-packages/airflow/example_dags/example_branch_python_dop_operator_3.py took 0.134 seconds
[2024-10-10T16:21:03.915+0000] {processor.py:186} INFO - Started process (PID=145) to work on /home/airflow/.local/lib/python3.12/site-packages/airflow/example_dags/example_branch_python_dop_operator_3.py
[2024-10-10T16:21:03.917+0000] {processor.py:914} INFO - Processing file /home/airflow/.local/lib/python3.12/site-packages/airflow/example_dags/example_branch_python_dop_operator_3.py for tasks to queue
[2024-10-10T16:21:03.922+0000] {logging_mixin.py:190} INFO - [2024-10-10T16:21:03.922+0000] {dagbag.py:588} INFO - Filling up the DagBag from /home/airflow/.local/lib/python3.12/site-packages/airflow/example_dags/example_branch_python_dop_operator_3.py
[2024-10-10T16:21:03.926+0000] {processor.py:925} INFO - DAG(s) 'example_branch_dop_operator_v3' retrieved from /home/airflow/.local/lib/python3.12/site-packages/airflow/example_dags/example_branch_python_dop_operator_3.py
[2024-10-10T16:21:03.935+0000] {logging_mixin.py:190} INFO - [2024-10-10T16:21:03.935+0000] {dag.py:3239} INFO - Sync 1 DAGs
[2024-10-10T16:21:03.946+0000] {logging_mixin.py:190} INFO - [2024-10-10T16:21:03.945+0000] {dag.py:4180} INFO - Setting next_dagrun for example_branch_dop_operator_v3 to 2024-10-10 16:20:00+00:00, run_after=2024-10-10 16:21:00+00:00
[2024-10-10T16:21:03.953+0000] {processor.py:208} INFO - Processing /home/airflow/.local/lib/python3.12/site-packages/airflow/example_dags/example_branch_python_dop_operator_3.py took 0.040 seconds
[2024-10-10T16:21:34.135+0000] {processor.py:186} INFO - Started process (PID=208) to work on /home/airflow/.local/lib/python3.12/site-packages/airflow/example_dags/example_branch_python_dop_operator_3.py
[2024-10-10T16:21:34.138+0000] {processor.py:914} INFO - Processing file /home/airflow/.local/lib/python3.12/site-packages/airflow/example_dags/example_branch_python_dop_operator_3.py for tasks to queue
[2024-10-10T16:21:34.139+0000] {logging_mixin.py:190} INFO - [2024-10-10T16:21:34.139+0000] {dagbag.py:588} INFO - Filling up the DagBag from /home/airflow/.local/lib/python3.12/site-packages/airflow/example_dags/example_branch_python_dop_operator_3.py
[2024-10-10T16:21:34.144+0000] {processor.py:925} INFO - DAG(s) 'example_branch_dop_operator_v3' retrieved from /home/airflow/.local/lib/python3.12/site-packages/airflow/example_dags/example_branch_python_dop_operator_3.py
[2024-10-10T16:21:34.156+0000] {logging_mixin.py:190} INFO - [2024-10-10T16:21:34.156+0000] {dag.py:3239} INFO - Sync 1 DAGs
[2024-10-10T16:21:34.170+0000] {logging_mixin.py:190} INFO - [2024-10-10T16:21:34.170+0000] {dag.py:4180} INFO - Setting next_dagrun for example_branch_dop_operator_v3 to 2024-10-10 16:20:00+00:00, run_after=2024-10-10 16:21:00+00:00
[2024-10-10T16:21:34.180+0000] {processor.py:208} INFO - Processing /home/airflow/.local/lib/python3.12/site-packages/airflow/example_dags/example_branch_python_dop_operator_3.py took 0.049 seconds
[2024-10-10T16:22:04.425+0000] {processor.py:186} INFO - Started process (PID=271) to work on /home/airflow/.local/lib/python3.12/site-packages/airflow/example_dags/example_branch_python_dop_operator_3.py
[2024-10-10T16:22:04.426+0000] {processor.py:914} INFO - Processing file /home/airflow/.local/lib/python3.12/site-packages/airflow/example_dags/example_branch_python_dop_operator_3.py for tasks to queue
[2024-10-10T16:22:04.427+0000] {logging_mixin.py:190} INFO - [2024-10-10T16:22:04.427+0000] {dagbag.py:588} INFO - Filling up the DagBag from /home/airflow/.local/lib/python3.12/site-packages/airflow/example_dags/example_branch_python_dop_operator_3.py
[2024-10-10T16:22:04.432+0000] {processor.py:925} INFO - DAG(s) 'example_branch_dop_operator_v3' retrieved from /home/airflow/.local/lib/python3.12/site-packages/airflow/example_dags/example_branch_python_dop_operator_3.py
[2024-10-10T16:22:04.442+0000] {logging_mixin.py:190} INFO - [2024-10-10T16:22:04.442+0000] {dag.py:3239} INFO - Sync 1 DAGs
[2024-10-10T16:22:04.455+0000] {logging_mixin.py:190} INFO - [2024-10-10T16:22:04.455+0000] {dag.py:4180} INFO - Setting next_dagrun for example_branch_dop_operator_v3 to 2024-10-10 16:21:00+00:00, run_after=2024-10-10 16:22:00+00:00
[2024-10-10T16:22:04.465+0000] {processor.py:208} INFO - Processing /home/airflow/.local/lib/python3.12/site-packages/airflow/example_dags/example_branch_python_dop_operator_3.py took 0.043 seconds
[2024-10-10T16:22:35.003+0000] {processor.py:186} INFO - Started process (PID=334) to work on /home/airflow/.local/lib/python3.12/site-packages/airflow/example_dags/example_branch_python_dop_operator_3.py
[2024-10-10T16:22:35.004+0000] {processor.py:914} INFO - Processing file /home/airflow/.local/lib/python3.12/site-packages/airflow/example_dags/example_branch_python_dop_operator_3.py for tasks to queue
[2024-10-10T16:22:35.005+0000] {logging_mixin.py:190} INFO - [2024-10-10T16:22:35.005+0000] {dagbag.py:588} INFO - Filling up the DagBag from /home/airflow/.local/lib/python3.12/site-packages/airflow/example_dags/example_branch_python_dop_operator_3.py
[2024-10-10T16:22:35.010+0000] {processor.py:925} INFO - DAG(s) 'example_branch_dop_operator_v3' retrieved from /home/airflow/.local/lib/python3.12/site-packages/airflow/example_dags/example_branch_python_dop_operator_3.py
[2024-10-10T16:22:35.022+0000] {logging_mixin.py:190} INFO - [2024-10-10T16:22:35.022+0000] {dag.py:3239} INFO - Sync 1 DAGs
[2024-10-10T16:22:35.037+0000] {logging_mixin.py:190} INFO - [2024-10-10T16:22:35.037+0000] {dag.py:4180} INFO - Setting next_dagrun for example_branch_dop_operator_v3 to 2024-10-10 16:21:00+00:00, run_after=2024-10-10 16:22:00+00:00
[2024-10-10T16:22:35.048+0000] {processor.py:208} INFO - Processing /home/airflow/.local/lib/python3.12/site-packages/airflow/example_dags/example_branch_python_dop_operator_3.py took 0.048 seconds
[2024-10-10T16:23:05.249+0000] {processor.py:186} INFO - Started process (PID=397) to work on /home/airflow/.local/lib/python3.12/site-packages/airflow/example_dags/example_branch_python_dop_operator_3.py
[2024-10-10T16:23:05.250+0000] {processor.py:914} INFO - Processing file /home/airflow/.local/lib/python3.12/site-packages/airflow/example_dags/example_branch_python_dop_operator_3.py for tasks to queue
[2024-10-10T16:23:05.252+0000] {logging_mixin.py:190} INFO - [2024-10-10T16:23:05.251+0000] {dagbag.py:588} INFO - Filling up the DagBag from /home/airflow/.local/lib/python3.12/site-packages/airflow/example_dags/example_branch_python_dop_operator_3.py
[2024-10-10T16:23:05.257+0000] {processor.py:925} INFO - DAG(s) 'example_branch_dop_operator_v3' retrieved from /home/airflow/.local/lib/python3.12/site-packages/airflow/example_dags/example_branch_python_dop_operator_3.py
[2024-10-10T16:23:05.269+0000] {logging_mixin.py:190} INFO - [2024-10-10T16:23:05.269+0000] {dag.py:3239} INFO - Sync 1 DAGs
[2024-10-10T16:23:05.281+0000] {logging_mixin.py:190} INFO - [2024-10-10T16:23:05.281+0000] {dag.py:4180} INFO - Setting next_dagrun for example_branch_dop_operator_v3 to 2024-10-10 16:22:00+00:00, run_after=2024-10-10 16:23:00+00:00
[2024-10-10T16:23:05.290+0000] {processor.py:208} INFO - Processing /home/airflow/.local/lib/python3.12/site-packages/airflow/example_dags/example_branch_python_dop_operator_3.py took 0.044 seconds
[2024-10-10T16:23:35.651+0000] {processor.py:186} INFO - Started process (PID=460) to work on /home/airflow/.local/lib/python3.12/site-packages/airflow/example_dags/example_branch_python_dop_operator_3.py
[2024-10-10T16:23:35.654+0000] {processor.py:914} INFO - Processing file /home/airflow/.local/lib/python3.12/site-packages/airflow/example_dags/example_branch_python_dop_operator_3.py for tasks to queue
[2024-10-10T16:23:35.656+0000] {logging_mixin.py:190} INFO - [2024-10-10T16:23:35.656+0000] {dagbag.py:588} INFO - Filling up the DagBag from /home/airflow/.local/lib/python3.12/site-packages/airflow/example_dags/example_branch_python_dop_operator_3.py
[2024-10-10T16:23:35.662+0000] {processor.py:925} INFO - DAG(s) 'example_branch_dop_operator_v3' retrieved from /home/airflow/.local/lib/python3.12/site-packages/airflow/example_dags/example_branch_python_dop_operator_3.py
[2024-10-10T16:23:35.673+0000] {logging_mixin.py:190} INFO - [2024-10-10T16:23:35.672+0000] {dag.py:3239} INFO - Sync 1 DAGs
[2024-10-10T16:23:35.689+0000] {logging_mixin.py:190} INFO - [2024-10-10T16:23:35.688+0000] {dag.py:4180} INFO - Setting next_dagrun for example_branch_dop_operator_v3 to 2024-10-10 16:22:00+00:00, run_after=2024-10-10 16:23:00+00:00
[2024-10-10T16:23:35.701+0000] {processor.py:208} INFO - Processing /home/airflow/.local/lib/python3.12/site-packages/airflow/example_dags/example_branch_python_dop_operator_3.py took 0.053 seconds
