[2024-10-10T16:20:34.165+0000] {processor.py:186} INFO - Started process (PID=88) to work on /home/airflow/.local/lib/python3.12/site-packages/airflow/example_dags/example_trigger_controller_dag.py
[2024-10-10T16:20:34.166+0000] {processor.py:914} INFO - Processing file /home/airflow/.local/lib/python3.12/site-packages/airflow/example_dags/example_trigger_controller_dag.py for tasks to queue
[2024-10-10T16:20:34.167+0000] {logging_mixin.py:190} INFO - [2024-10-10T16:20:34.167+0000] {dagbag.py:588} INFO - Filling up the DagBag from /home/airflow/.local/lib/python3.12/site-packages/airflow/example_dags/example_trigger_controller_dag.py
[2024-10-10T16:20:34.171+0000] {processor.py:925} INFO - DAG(s) 'example_trigger_controller_dag' retrieved from /home/airflow/.local/lib/python3.12/site-packages/airflow/example_dags/example_trigger_controller_dag.py
[2024-10-10T16:20:34.228+0000] {logging_mixin.py:190} INFO - [2024-10-10T16:20:34.227+0000] {override.py:1900} INFO - Created Permission View: can edit on DAG:example_trigger_controller_dag
[2024-10-10T16:20:34.235+0000] {logging_mixin.py:190} INFO - [2024-10-10T16:20:34.235+0000] {override.py:1900} INFO - Created Permission View: can read on DAG:example_trigger_controller_dag
[2024-10-10T16:20:34.239+0000] {logging_mixin.py:190} INFO - [2024-10-10T16:20:34.238+0000] {override.py:1900} INFO - Created Permission View: can delete on DAG:example_trigger_controller_dag
[2024-10-10T16:20:34.241+0000] {logging_mixin.py:190} INFO - [2024-10-10T16:20:34.241+0000] {override.py:1900} INFO - Created Permission View: menu access on DAG Run:example_trigger_controller_dag
[2024-10-10T16:20:34.244+0000] {logging_mixin.py:190} INFO - [2024-10-10T16:20:34.244+0000] {override.py:1900} INFO - Created Permission View: can create on DAG Run:example_trigger_controller_dag
[2024-10-10T16:20:34.248+0000] {logging_mixin.py:190} INFO - [2024-10-10T16:20:34.248+0000] {override.py:1900} INFO - Created Permission View: can read on DAG Run:example_trigger_controller_dag
[2024-10-10T16:20:34.252+0000] {logging_mixin.py:190} INFO - [2024-10-10T16:20:34.251+0000] {override.py:1900} INFO - Created Permission View: can delete on DAG Run:example_trigger_controller_dag
[2024-10-10T16:20:34.252+0000] {logging_mixin.py:190} INFO - [2024-10-10T16:20:34.252+0000] {dag.py:3239} INFO - Sync 1 DAGs
[2024-10-10T16:20:34.258+0000] {logging_mixin.py:190} INFO - [2024-10-10T16:20:34.258+0000] {dag.py:3262} INFO - Creating ORM DAG for example_trigger_controller_dag
[2024-10-10T16:20:34.267+0000] {logging_mixin.py:190} INFO - [2024-10-10T16:20:34.266+0000] {dag.py:4180} INFO - Setting next_dagrun for example_trigger_controller_dag to 2021-01-01 00:00:00+00:00, run_after=2021-01-01 00:00:00+00:00
[2024-10-10T16:20:34.274+0000] {processor.py:208} INFO - Processing /home/airflow/.local/lib/python3.12/site-packages/airflow/example_dags/example_trigger_controller_dag.py took 0.113 seconds
[2024-10-10T16:21:05.113+0000] {processor.py:186} INFO - Started process (PID=151) to work on /home/airflow/.local/lib/python3.12/site-packages/airflow/example_dags/example_trigger_controller_dag.py
[2024-10-10T16:21:05.114+0000] {processor.py:914} INFO - Processing file /home/airflow/.local/lib/python3.12/site-packages/airflow/example_dags/example_trigger_controller_dag.py for tasks to queue
[2024-10-10T16:21:05.117+0000] {logging_mixin.py:190} INFO - [2024-10-10T16:21:05.116+0000] {dagbag.py:588} INFO - Filling up the DagBag from /home/airflow/.local/lib/python3.12/site-packages/airflow/example_dags/example_trigger_controller_dag.py
[2024-10-10T16:21:05.121+0000] {processor.py:925} INFO - DAG(s) 'example_trigger_controller_dag' retrieved from /home/airflow/.local/lib/python3.12/site-packages/airflow/example_dags/example_trigger_controller_dag.py
[2024-10-10T16:21:05.134+0000] {logging_mixin.py:190} INFO - [2024-10-10T16:21:05.134+0000] {dag.py:3239} INFO - Sync 1 DAGs
[2024-10-10T16:21:05.146+0000] {logging_mixin.py:190} INFO - [2024-10-10T16:21:05.146+0000] {dag.py:4180} INFO - Setting next_dagrun for example_trigger_controller_dag to 2021-01-01 00:00:00+00:00, run_after=2021-01-01 00:00:00+00:00
[2024-10-10T16:21:05.158+0000] {processor.py:208} INFO - Processing /home/airflow/.local/lib/python3.12/site-packages/airflow/example_dags/example_trigger_controller_dag.py took 0.048 seconds
[2024-10-10T16:21:35.304+0000] {processor.py:186} INFO - Started process (PID=214) to work on /home/airflow/.local/lib/python3.12/site-packages/airflow/example_dags/example_trigger_controller_dag.py
[2024-10-10T16:21:35.305+0000] {processor.py:914} INFO - Processing file /home/airflow/.local/lib/python3.12/site-packages/airflow/example_dags/example_trigger_controller_dag.py for tasks to queue
[2024-10-10T16:21:35.308+0000] {logging_mixin.py:190} INFO - [2024-10-10T16:21:35.308+0000] {dagbag.py:588} INFO - Filling up the DagBag from /home/airflow/.local/lib/python3.12/site-packages/airflow/example_dags/example_trigger_controller_dag.py
[2024-10-10T16:21:35.311+0000] {processor.py:925} INFO - DAG(s) 'example_trigger_controller_dag' retrieved from /home/airflow/.local/lib/python3.12/site-packages/airflow/example_dags/example_trigger_controller_dag.py
[2024-10-10T16:21:35.322+0000] {logging_mixin.py:190} INFO - [2024-10-10T16:21:35.322+0000] {dag.py:3239} INFO - Sync 1 DAGs
[2024-10-10T16:21:35.332+0000] {logging_mixin.py:190} INFO - [2024-10-10T16:21:35.332+0000] {dag.py:4180} INFO - Setting next_dagrun for example_trigger_controller_dag to 2021-01-01 00:00:00+00:00, run_after=2021-01-01 00:00:00+00:00
[2024-10-10T16:21:35.344+0000] {processor.py:208} INFO - Processing /home/airflow/.local/lib/python3.12/site-packages/airflow/example_dags/example_trigger_controller_dag.py took 0.043 seconds
[2024-10-10T16:22:05.646+0000] {processor.py:186} INFO - Started process (PID=277) to work on /home/airflow/.local/lib/python3.12/site-packages/airflow/example_dags/example_trigger_controller_dag.py
[2024-10-10T16:22:05.650+0000] {processor.py:914} INFO - Processing file /home/airflow/.local/lib/python3.12/site-packages/airflow/example_dags/example_trigger_controller_dag.py for tasks to queue
[2024-10-10T16:22:05.652+0000] {logging_mixin.py:190} INFO - [2024-10-10T16:22:05.652+0000] {dagbag.py:588} INFO - Filling up the DagBag from /home/airflow/.local/lib/python3.12/site-packages/airflow/example_dags/example_trigger_controller_dag.py
[2024-10-10T16:22:05.659+0000] {processor.py:925} INFO - DAG(s) 'example_trigger_controller_dag' retrieved from /home/airflow/.local/lib/python3.12/site-packages/airflow/example_dags/example_trigger_controller_dag.py
[2024-10-10T16:22:05.677+0000] {logging_mixin.py:190} INFO - [2024-10-10T16:22:05.677+0000] {dag.py:3239} INFO - Sync 1 DAGs
[2024-10-10T16:22:05.702+0000] {logging_mixin.py:190} INFO - [2024-10-10T16:22:05.702+0000] {dag.py:4180} INFO - Setting next_dagrun for example_trigger_controller_dag to 2021-01-01 00:00:00+00:00, run_after=2021-01-01 00:00:00+00:00
[2024-10-10T16:22:05.718+0000] {processor.py:208} INFO - Processing /home/airflow/.local/lib/python3.12/site-packages/airflow/example_dags/example_trigger_controller_dag.py took 0.078 seconds
[2024-10-10T16:22:36.206+0000] {processor.py:186} INFO - Started process (PID=340) to work on /home/airflow/.local/lib/python3.12/site-packages/airflow/example_dags/example_trigger_controller_dag.py
[2024-10-10T16:22:36.207+0000] {processor.py:914} INFO - Processing file /home/airflow/.local/lib/python3.12/site-packages/airflow/example_dags/example_trigger_controller_dag.py for tasks to queue
[2024-10-10T16:22:36.209+0000] {logging_mixin.py:190} INFO - [2024-10-10T16:22:36.208+0000] {dagbag.py:588} INFO - Filling up the DagBag from /home/airflow/.local/lib/python3.12/site-packages/airflow/example_dags/example_trigger_controller_dag.py
[2024-10-10T16:22:36.213+0000] {processor.py:925} INFO - DAG(s) 'example_trigger_controller_dag' retrieved from /home/airflow/.local/lib/python3.12/site-packages/airflow/example_dags/example_trigger_controller_dag.py
[2024-10-10T16:22:36.225+0000] {logging_mixin.py:190} INFO - [2024-10-10T16:22:36.225+0000] {dag.py:3239} INFO - Sync 1 DAGs
[2024-10-10T16:22:36.236+0000] {logging_mixin.py:190} INFO - [2024-10-10T16:22:36.235+0000] {dag.py:4180} INFO - Setting next_dagrun for example_trigger_controller_dag to 2021-01-01 00:00:00+00:00, run_after=2021-01-01 00:00:00+00:00
[2024-10-10T16:22:36.248+0000] {processor.py:208} INFO - Processing /home/airflow/.local/lib/python3.12/site-packages/airflow/example_dags/example_trigger_controller_dag.py took 0.046 seconds
[2024-10-10T16:23:06.458+0000] {processor.py:186} INFO - Started process (PID=403) to work on /home/airflow/.local/lib/python3.12/site-packages/airflow/example_dags/example_trigger_controller_dag.py
[2024-10-10T16:23:06.458+0000] {processor.py:914} INFO - Processing file /home/airflow/.local/lib/python3.12/site-packages/airflow/example_dags/example_trigger_controller_dag.py for tasks to queue
[2024-10-10T16:23:06.460+0000] {logging_mixin.py:190} INFO - [2024-10-10T16:23:06.459+0000] {dagbag.py:588} INFO - Filling up the DagBag from /home/airflow/.local/lib/python3.12/site-packages/airflow/example_dags/example_trigger_controller_dag.py
[2024-10-10T16:23:06.463+0000] {processor.py:925} INFO - DAG(s) 'example_trigger_controller_dag' retrieved from /home/airflow/.local/lib/python3.12/site-packages/airflow/example_dags/example_trigger_controller_dag.py
[2024-10-10T16:23:06.473+0000] {logging_mixin.py:190} INFO - [2024-10-10T16:23:06.473+0000] {dag.py:3239} INFO - Sync 1 DAGs
[2024-10-10T16:23:06.487+0000] {logging_mixin.py:190} INFO - [2024-10-10T16:23:06.487+0000] {dag.py:4180} INFO - Setting next_dagrun for example_trigger_controller_dag to 2021-01-01 00:00:00+00:00, run_after=2021-01-01 00:00:00+00:00
[2024-10-10T16:23:06.502+0000] {processor.py:208} INFO - Processing /home/airflow/.local/lib/python3.12/site-packages/airflow/example_dags/example_trigger_controller_dag.py took 0.048 seconds
