[2024-10-10T16:20:31.925+0000] {processor.py:186} INFO - Started process (PID=55) to work on /home/airflow/.local/lib/python3.12/site-packages/airflow/example_dags/example_branch_labels.py
[2024-10-10T16:20:31.926+0000] {processor.py:914} INFO - Processing file /home/airflow/.local/lib/python3.12/site-packages/airflow/example_dags/example_branch_labels.py for tasks to queue
[2024-10-10T16:20:31.928+0000] {logging_mixin.py:190} INFO - [2024-10-10T16:20:31.928+0000] {dagbag.py:588} INFO - Filling up the DagBag from /home/airflow/.local/lib/python3.12/site-packages/airflow/example_dags/example_branch_labels.py
[2024-10-10T16:20:31.940+0000] {processor.py:925} INFO - DAG(s) 'example_branch_labels' retrieved from /home/airflow/.local/lib/python3.12/site-packages/airflow/example_dags/example_branch_labels.py
[2024-10-10T16:20:32.001+0000] {logging_mixin.py:190} INFO - [2024-10-10T16:20:32.000+0000] {override.py:1900} INFO - Created Permission View: can edit on DAG:example_branch_labels
[2024-10-10T16:20:32.009+0000] {logging_mixin.py:190} INFO - [2024-10-10T16:20:32.009+0000] {override.py:1900} INFO - Created Permission View: can read on DAG:example_branch_labels
[2024-10-10T16:20:32.011+0000] {logging_mixin.py:190} INFO - [2024-10-10T16:20:32.011+0000] {override.py:1900} INFO - Created Permission View: can delete on DAG:example_branch_labels
[2024-10-10T16:20:32.014+0000] {logging_mixin.py:190} INFO - [2024-10-10T16:20:32.013+0000] {override.py:1900} INFO - Created Permission View: menu access on DAG Run:example_branch_labels
[2024-10-10T16:20:32.016+0000] {logging_mixin.py:190} INFO - [2024-10-10T16:20:32.016+0000] {override.py:1900} INFO - Created Permission View: can create on DAG Run:example_branch_labels
[2024-10-10T16:20:32.018+0000] {logging_mixin.py:190} INFO - [2024-10-10T16:20:32.018+0000] {override.py:1900} INFO - Created Permission View: can read on DAG Run:example_branch_labels
[2024-10-10T16:20:32.020+0000] {logging_mixin.py:190} INFO - [2024-10-10T16:20:32.020+0000] {override.py:1900} INFO - Created Permission View: can delete on DAG Run:example_branch_labels
[2024-10-10T16:20:32.020+0000] {logging_mixin.py:190} INFO - [2024-10-10T16:20:32.020+0000] {dag.py:3239} INFO - Sync 1 DAGs
[2024-10-10T16:20:32.026+0000] {logging_mixin.py:190} INFO - [2024-10-10T16:20:32.026+0000] {dag.py:3262} INFO - Creating ORM DAG for example_branch_labels
[2024-10-10T16:20:32.031+0000] {logging_mixin.py:190} INFO - [2024-10-10T16:20:32.031+0000] {dag.py:4180} INFO - Setting next_dagrun for example_branch_labels to 2024-10-09 00:00:00+00:00, run_after=2024-10-10 00:00:00+00:00
[2024-10-10T16:20:32.037+0000] {processor.py:208} INFO - Processing /home/airflow/.local/lib/python3.12/site-packages/airflow/example_dags/example_branch_labels.py took 0.115 seconds
[2024-10-10T16:21:02.192+0000] {processor.py:186} INFO - Started process (PID=119) to work on /home/airflow/.local/lib/python3.12/site-packages/airflow/example_dags/example_branch_labels.py
[2024-10-10T16:21:02.192+0000] {processor.py:914} INFO - Processing file /home/airflow/.local/lib/python3.12/site-packages/airflow/example_dags/example_branch_labels.py for tasks to queue
[2024-10-10T16:21:02.197+0000] {logging_mixin.py:190} INFO - [2024-10-10T16:21:02.197+0000] {dagbag.py:588} INFO - Filling up the DagBag from /home/airflow/.local/lib/python3.12/site-packages/airflow/example_dags/example_branch_labels.py
[2024-10-10T16:21:02.203+0000] {processor.py:925} INFO - DAG(s) 'example_branch_labels' retrieved from /home/airflow/.local/lib/python3.12/site-packages/airflow/example_dags/example_branch_labels.py
[2024-10-10T16:21:02.216+0000] {logging_mixin.py:190} INFO - [2024-10-10T16:21:02.216+0000] {dag.py:3239} INFO - Sync 1 DAGs
[2024-10-10T16:21:02.230+0000] {logging_mixin.py:190} INFO - [2024-10-10T16:21:02.230+0000] {dag.py:4180} INFO - Setting next_dagrun for example_branch_labels to 2024-10-09 00:00:00+00:00, run_after=2024-10-10 00:00:00+00:00
[2024-10-10T16:21:02.239+0000] {processor.py:208} INFO - Processing /home/airflow/.local/lib/python3.12/site-packages/airflow/example_dags/example_branch_labels.py took 0.050 seconds
[2024-10-10T16:21:32.409+0000] {processor.py:186} INFO - Started process (PID=182) to work on /home/airflow/.local/lib/python3.12/site-packages/airflow/example_dags/example_branch_labels.py
[2024-10-10T16:21:32.410+0000] {processor.py:914} INFO - Processing file /home/airflow/.local/lib/python3.12/site-packages/airflow/example_dags/example_branch_labels.py for tasks to queue
[2024-10-10T16:21:32.411+0000] {logging_mixin.py:190} INFO - [2024-10-10T16:21:32.411+0000] {dagbag.py:588} INFO - Filling up the DagBag from /home/airflow/.local/lib/python3.12/site-packages/airflow/example_dags/example_branch_labels.py
[2024-10-10T16:21:32.419+0000] {processor.py:925} INFO - DAG(s) 'example_branch_labels' retrieved from /home/airflow/.local/lib/python3.12/site-packages/airflow/example_dags/example_branch_labels.py
[2024-10-10T16:21:32.433+0000] {logging_mixin.py:190} INFO - [2024-10-10T16:21:32.433+0000] {dag.py:3239} INFO - Sync 1 DAGs
[2024-10-10T16:21:32.445+0000] {logging_mixin.py:190} INFO - [2024-10-10T16:21:32.444+0000] {dag.py:4180} INFO - Setting next_dagrun for example_branch_labels to 2024-10-09 00:00:00+00:00, run_after=2024-10-10 00:00:00+00:00
[2024-10-10T16:21:32.453+0000] {processor.py:208} INFO - Processing /home/airflow/.local/lib/python3.12/site-packages/airflow/example_dags/example_branch_labels.py took 0.047 seconds
[2024-10-10T16:22:02.645+0000] {processor.py:186} INFO - Started process (PID=245) to work on /home/airflow/.local/lib/python3.12/site-packages/airflow/example_dags/example_branch_labels.py
[2024-10-10T16:22:02.646+0000] {processor.py:914} INFO - Processing file /home/airflow/.local/lib/python3.12/site-packages/airflow/example_dags/example_branch_labels.py for tasks to queue
[2024-10-10T16:22:02.648+0000] {logging_mixin.py:190} INFO - [2024-10-10T16:22:02.648+0000] {dagbag.py:588} INFO - Filling up the DagBag from /home/airflow/.local/lib/python3.12/site-packages/airflow/example_dags/example_branch_labels.py
[2024-10-10T16:22:02.653+0000] {processor.py:925} INFO - DAG(s) 'example_branch_labels' retrieved from /home/airflow/.local/lib/python3.12/site-packages/airflow/example_dags/example_branch_labels.py
[2024-10-10T16:22:02.668+0000] {logging_mixin.py:190} INFO - [2024-10-10T16:22:02.668+0000] {dag.py:3239} INFO - Sync 1 DAGs
[2024-10-10T16:22:02.681+0000] {logging_mixin.py:190} INFO - [2024-10-10T16:22:02.681+0000] {dag.py:4180} INFO - Setting next_dagrun for example_branch_labels to 2024-10-09 00:00:00+00:00, run_after=2024-10-10 00:00:00+00:00
[2024-10-10T16:22:02.689+0000] {processor.py:208} INFO - Processing /home/airflow/.local/lib/python3.12/site-packages/airflow/example_dags/example_branch_labels.py took 0.048 seconds
[2024-10-10T16:22:33.304+0000] {processor.py:186} INFO - Started process (PID=314) to work on /home/airflow/.local/lib/python3.12/site-packages/airflow/example_dags/example_branch_labels.py
[2024-10-10T16:22:33.307+0000] {processor.py:914} INFO - Processing file /home/airflow/.local/lib/python3.12/site-packages/airflow/example_dags/example_branch_labels.py for tasks to queue
[2024-10-10T16:22:33.310+0000] {logging_mixin.py:190} INFO - [2024-10-10T16:22:33.309+0000] {dagbag.py:588} INFO - Filling up the DagBag from /home/airflow/.local/lib/python3.12/site-packages/airflow/example_dags/example_branch_labels.py
[2024-10-10T16:22:33.316+0000] {processor.py:925} INFO - DAG(s) 'example_branch_labels' retrieved from /home/airflow/.local/lib/python3.12/site-packages/airflow/example_dags/example_branch_labels.py
[2024-10-10T16:22:33.331+0000] {logging_mixin.py:190} INFO - [2024-10-10T16:22:33.330+0000] {dag.py:3239} INFO - Sync 1 DAGs
[2024-10-10T16:22:33.342+0000] {logging_mixin.py:190} INFO - [2024-10-10T16:22:33.342+0000] {dag.py:4180} INFO - Setting next_dagrun for example_branch_labels to 2024-10-09 00:00:00+00:00, run_after=2024-10-10 00:00:00+00:00
[2024-10-10T16:22:33.350+0000] {processor.py:208} INFO - Processing /home/airflow/.local/lib/python3.12/site-packages/airflow/example_dags/example_branch_labels.py took 0.050 seconds
[2024-10-10T16:23:03.538+0000] {processor.py:186} INFO - Started process (PID=377) to work on /home/airflow/.local/lib/python3.12/site-packages/airflow/example_dags/example_branch_labels.py
[2024-10-10T16:23:03.539+0000] {processor.py:914} INFO - Processing file /home/airflow/.local/lib/python3.12/site-packages/airflow/example_dags/example_branch_labels.py for tasks to queue
[2024-10-10T16:23:03.541+0000] {logging_mixin.py:190} INFO - [2024-10-10T16:23:03.540+0000] {dagbag.py:588} INFO - Filling up the DagBag from /home/airflow/.local/lib/python3.12/site-packages/airflow/example_dags/example_branch_labels.py
[2024-10-10T16:23:03.545+0000] {processor.py:925} INFO - DAG(s) 'example_branch_labels' retrieved from /home/airflow/.local/lib/python3.12/site-packages/airflow/example_dags/example_branch_labels.py
[2024-10-10T16:23:03.556+0000] {logging_mixin.py:190} INFO - [2024-10-10T16:23:03.556+0000] {dag.py:3239} INFO - Sync 1 DAGs
[2024-10-10T16:23:03.571+0000] {logging_mixin.py:190} INFO - [2024-10-10T16:23:03.571+0000] {dag.py:4180} INFO - Setting next_dagrun for example_branch_labels to 2024-10-09 00:00:00+00:00, run_after=2024-10-10 00:00:00+00:00
[2024-10-10T16:23:03.583+0000] {processor.py:208} INFO - Processing /home/airflow/.local/lib/python3.12/site-packages/airflow/example_dags/example_branch_labels.py took 0.048 seconds
[2024-10-10T16:23:33.907+0000] {processor.py:186} INFO - Started process (PID=440) to work on /home/airflow/.local/lib/python3.12/site-packages/airflow/example_dags/example_branch_labels.py
[2024-10-10T16:23:33.908+0000] {processor.py:914} INFO - Processing file /home/airflow/.local/lib/python3.12/site-packages/airflow/example_dags/example_branch_labels.py for tasks to queue
[2024-10-10T16:23:33.910+0000] {logging_mixin.py:190} INFO - [2024-10-10T16:23:33.910+0000] {dagbag.py:588} INFO - Filling up the DagBag from /home/airflow/.local/lib/python3.12/site-packages/airflow/example_dags/example_branch_labels.py
[2024-10-10T16:23:33.920+0000] {processor.py:925} INFO - DAG(s) 'example_branch_labels' retrieved from /home/airflow/.local/lib/python3.12/site-packages/airflow/example_dags/example_branch_labels.py
[2024-10-10T16:23:33.937+0000] {logging_mixin.py:190} INFO - [2024-10-10T16:23:33.937+0000] {dag.py:3239} INFO - Sync 1 DAGs
[2024-10-10T16:23:33.950+0000] {logging_mixin.py:190} INFO - [2024-10-10T16:23:33.950+0000] {dag.py:4180} INFO - Setting next_dagrun for example_branch_labels to 2024-10-09 00:00:00+00:00, run_after=2024-10-10 00:00:00+00:00
[2024-10-10T16:23:33.958+0000] {processor.py:208} INFO - Processing /home/airflow/.local/lib/python3.12/site-packages/airflow/example_dags/example_branch_labels.py took 0.056 seconds
