[2024-10-10T16:20:35.140+0000] {processor.py:186} INFO - Started process (PID=100) to work on /home/airflow/.local/lib/python3.12/site-packages/airflow/example_dags/tutorial_taskflow_api.py
[2024-10-10T16:20:35.141+0000] {processor.py:914} INFO - Processing file /home/airflow/.local/lib/python3.12/site-packages/airflow/example_dags/tutorial_taskflow_api.py for tasks to queue
[2024-10-10T16:20:35.142+0000] {logging_mixin.py:190} INFO - [2024-10-10T16:20:35.142+0000] {dagbag.py:588} INFO - Filling up the DagBag from /home/airflow/.local/lib/python3.12/site-packages/airflow/example_dags/tutorial_taskflow_api.py
[2024-10-10T16:20:35.147+0000] {processor.py:925} INFO - DAG(s) 'tutorial_taskflow_api' retrieved from /home/airflow/.local/lib/python3.12/site-packages/airflow/example_dags/tutorial_taskflow_api.py
[2024-10-10T16:20:35.218+0000] {logging_mixin.py:190} INFO - [2024-10-10T16:20:35.218+0000] {override.py:1900} INFO - Created Permission View: can edit on DAG:tutorial_taskflow_api
[2024-10-10T16:20:35.224+0000] {logging_mixin.py:190} INFO - [2024-10-10T16:20:35.224+0000] {override.py:1900} INFO - Created Permission View: can read on DAG:tutorial_taskflow_api
[2024-10-10T16:20:35.228+0000] {logging_mixin.py:190} INFO - [2024-10-10T16:20:35.227+0000] {override.py:1900} INFO - Created Permission View: can delete on DAG:tutorial_taskflow_api
[2024-10-10T16:20:35.232+0000] {logging_mixin.py:190} INFO - [2024-10-10T16:20:35.231+0000] {override.py:1900} INFO - Created Permission View: menu access on DAG Run:tutorial_taskflow_api
[2024-10-10T16:20:35.236+0000] {logging_mixin.py:190} INFO - [2024-10-10T16:20:35.236+0000] {override.py:1900} INFO - Created Permission View: can create on DAG Run:tutorial_taskflow_api
[2024-10-10T16:20:35.241+0000] {logging_mixin.py:190} INFO - [2024-10-10T16:20:35.240+0000] {override.py:1900} INFO - Created Permission View: can read on DAG Run:tutorial_taskflow_api
[2024-10-10T16:20:35.245+0000] {logging_mixin.py:190} INFO - [2024-10-10T16:20:35.245+0000] {override.py:1900} INFO - Created Permission View: can delete on DAG Run:tutorial_taskflow_api
[2024-10-10T16:20:35.246+0000] {logging_mixin.py:190} INFO - [2024-10-10T16:20:35.246+0000] {dag.py:3239} INFO - Sync 1 DAGs
[2024-10-10T16:20:35.259+0000] {logging_mixin.py:190} INFO - [2024-10-10T16:20:35.259+0000] {dag.py:3262} INFO - Creating ORM DAG for tutorial_taskflow_api
[2024-10-10T16:20:35.261+0000] {logging_mixin.py:190} INFO - [2024-10-10T16:20:35.261+0000] {dag.py:4180} INFO - Setting next_dagrun for tutorial_taskflow_api to None, run_after=None
[2024-10-10T16:20:35.280+0000] {processor.py:208} INFO - Processing /home/airflow/.local/lib/python3.12/site-packages/airflow/example_dags/tutorial_taskflow_api.py took 0.143 seconds
[2024-10-10T16:21:05.517+0000] {processor.py:186} INFO - Started process (PID=163) to work on /home/airflow/.local/lib/python3.12/site-packages/airflow/example_dags/tutorial_taskflow_api.py
[2024-10-10T16:21:05.517+0000] {processor.py:914} INFO - Processing file /home/airflow/.local/lib/python3.12/site-packages/airflow/example_dags/tutorial_taskflow_api.py for tasks to queue
[2024-10-10T16:21:05.519+0000] {logging_mixin.py:190} INFO - [2024-10-10T16:21:05.519+0000] {dagbag.py:588} INFO - Filling up the DagBag from /home/airflow/.local/lib/python3.12/site-packages/airflow/example_dags/tutorial_taskflow_api.py
[2024-10-10T16:21:05.523+0000] {processor.py:925} INFO - DAG(s) 'tutorial_taskflow_api' retrieved from /home/airflow/.local/lib/python3.12/site-packages/airflow/example_dags/tutorial_taskflow_api.py
[2024-10-10T16:21:05.532+0000] {logging_mixin.py:190} INFO - [2024-10-10T16:21:05.532+0000] {dag.py:3239} INFO - Sync 1 DAGs
[2024-10-10T16:21:05.539+0000] {logging_mixin.py:190} INFO - [2024-10-10T16:21:05.539+0000] {dag.py:4180} INFO - Setting next_dagrun for tutorial_taskflow_api to None, run_after=None
[2024-10-10T16:21:05.547+0000] {processor.py:208} INFO - Processing /home/airflow/.local/lib/python3.12/site-packages/airflow/example_dags/tutorial_taskflow_api.py took 0.033 seconds
[2024-10-10T16:21:35.765+0000] {processor.py:186} INFO - Started process (PID=226) to work on /home/airflow/.local/lib/python3.12/site-packages/airflow/example_dags/tutorial_taskflow_api.py
[2024-10-10T16:21:35.765+0000] {processor.py:914} INFO - Processing file /home/airflow/.local/lib/python3.12/site-packages/airflow/example_dags/tutorial_taskflow_api.py for tasks to queue
[2024-10-10T16:21:35.766+0000] {logging_mixin.py:190} INFO - [2024-10-10T16:21:35.766+0000] {dagbag.py:588} INFO - Filling up the DagBag from /home/airflow/.local/lib/python3.12/site-packages/airflow/example_dags/tutorial_taskflow_api.py
[2024-10-10T16:21:35.770+0000] {processor.py:925} INFO - DAG(s) 'tutorial_taskflow_api' retrieved from /home/airflow/.local/lib/python3.12/site-packages/airflow/example_dags/tutorial_taskflow_api.py
[2024-10-10T16:21:35.780+0000] {logging_mixin.py:190} INFO - [2024-10-10T16:21:35.779+0000] {dag.py:3239} INFO - Sync 1 DAGs
[2024-10-10T16:21:35.786+0000] {logging_mixin.py:190} INFO - [2024-10-10T16:21:35.786+0000] {dag.py:4180} INFO - Setting next_dagrun for tutorial_taskflow_api to None, run_after=None
[2024-10-10T16:21:35.795+0000] {processor.py:208} INFO - Processing /home/airflow/.local/lib/python3.12/site-packages/airflow/example_dags/tutorial_taskflow_api.py took 0.033 seconds
[2024-10-10T16:22:06.250+0000] {processor.py:186} INFO - Started process (PID=289) to work on /home/airflow/.local/lib/python3.12/site-packages/airflow/example_dags/tutorial_taskflow_api.py
[2024-10-10T16:22:06.250+0000] {processor.py:914} INFO - Processing file /home/airflow/.local/lib/python3.12/site-packages/airflow/example_dags/tutorial_taskflow_api.py for tasks to queue
[2024-10-10T16:22:06.252+0000] {logging_mixin.py:190} INFO - [2024-10-10T16:22:06.251+0000] {dagbag.py:588} INFO - Filling up the DagBag from /home/airflow/.local/lib/python3.12/site-packages/airflow/example_dags/tutorial_taskflow_api.py
[2024-10-10T16:22:06.256+0000] {processor.py:925} INFO - DAG(s) 'tutorial_taskflow_api' retrieved from /home/airflow/.local/lib/python3.12/site-packages/airflow/example_dags/tutorial_taskflow_api.py
[2024-10-10T16:22:06.272+0000] {logging_mixin.py:190} INFO - [2024-10-10T16:22:06.272+0000] {dag.py:3239} INFO - Sync 1 DAGs
[2024-10-10T16:22:06.282+0000] {logging_mixin.py:190} INFO - [2024-10-10T16:22:06.282+0000] {dag.py:4180} INFO - Setting next_dagrun for tutorial_taskflow_api to None, run_after=None
[2024-10-10T16:22:06.298+0000] {processor.py:208} INFO - Processing /home/airflow/.local/lib/python3.12/site-packages/airflow/example_dags/tutorial_taskflow_api.py took 0.052 seconds
[2024-10-10T16:22:36.629+0000] {processor.py:186} INFO - Started process (PID=352) to work on /home/airflow/.local/lib/python3.12/site-packages/airflow/example_dags/tutorial_taskflow_api.py
[2024-10-10T16:22:36.629+0000] {processor.py:914} INFO - Processing file /home/airflow/.local/lib/python3.12/site-packages/airflow/example_dags/tutorial_taskflow_api.py for tasks to queue
[2024-10-10T16:22:36.630+0000] {logging_mixin.py:190} INFO - [2024-10-10T16:22:36.630+0000] {dagbag.py:588} INFO - Filling up the DagBag from /home/airflow/.local/lib/python3.12/site-packages/airflow/example_dags/tutorial_taskflow_api.py
[2024-10-10T16:22:36.635+0000] {processor.py:925} INFO - DAG(s) 'tutorial_taskflow_api' retrieved from /home/airflow/.local/lib/python3.12/site-packages/airflow/example_dags/tutorial_taskflow_api.py
[2024-10-10T16:22:36.649+0000] {logging_mixin.py:190} INFO - [2024-10-10T16:22:36.649+0000] {dag.py:3239} INFO - Sync 1 DAGs
[2024-10-10T16:22:36.657+0000] {logging_mixin.py:190} INFO - [2024-10-10T16:22:36.657+0000] {dag.py:4180} INFO - Setting next_dagrun for tutorial_taskflow_api to None, run_after=None
[2024-10-10T16:22:36.665+0000] {processor.py:208} INFO - Processing /home/airflow/.local/lib/python3.12/site-packages/airflow/example_dags/tutorial_taskflow_api.py took 0.039 seconds
[2024-10-10T16:23:06.823+0000] {processor.py:186} INFO - Started process (PID=414) to work on /home/airflow/.local/lib/python3.12/site-packages/airflow/example_dags/tutorial_taskflow_api.py
[2024-10-10T16:23:06.823+0000] {processor.py:914} INFO - Processing file /home/airflow/.local/lib/python3.12/site-packages/airflow/example_dags/tutorial_taskflow_api.py for tasks to queue
[2024-10-10T16:23:06.826+0000] {logging_mixin.py:190} INFO - [2024-10-10T16:23:06.826+0000] {dagbag.py:588} INFO - Filling up the DagBag from /home/airflow/.local/lib/python3.12/site-packages/airflow/example_dags/tutorial_taskflow_api.py
[2024-10-10T16:23:06.834+0000] {processor.py:925} INFO - DAG(s) 'tutorial_taskflow_api' retrieved from /home/airflow/.local/lib/python3.12/site-packages/airflow/example_dags/tutorial_taskflow_api.py
[2024-10-10T16:23:06.848+0000] {logging_mixin.py:190} INFO - [2024-10-10T16:23:06.846+0000] {dag.py:3239} INFO - Sync 1 DAGs
[2024-10-10T16:23:06.856+0000] {logging_mixin.py:190} INFO - [2024-10-10T16:23:06.856+0000] {dag.py:4180} INFO - Setting next_dagrun for tutorial_taskflow_api to None, run_after=None
[2024-10-10T16:23:06.866+0000] {processor.py:208} INFO - Processing /home/airflow/.local/lib/python3.12/site-packages/airflow/example_dags/tutorial_taskflow_api.py took 0.046 seconds
