[2024-10-10T16:20:31.241+0000] {processor.py:186} INFO - Started process (PID=47) to work on /home/airflow/.local/lib/python3.12/site-packages/airflow/example_dags/tutorial_dag.py
[2024-10-10T16:20:31.242+0000] {processor.py:914} INFO - Processing file /home/airflow/.local/lib/python3.12/site-packages/airflow/example_dags/tutorial_dag.py for tasks to queue
[2024-10-10T16:20:31.244+0000] {logging_mixin.py:190} INFO - [2024-10-10T16:20:31.244+0000] {dagbag.py:588} INFO - Filling up the DagBag from /home/airflow/.local/lib/python3.12/site-packages/airflow/example_dags/tutorial_dag.py
[2024-10-10T16:20:31.251+0000] {processor.py:925} INFO - DAG(s) 'tutorial_dag' retrieved from /home/airflow/.local/lib/python3.12/site-packages/airflow/example_dags/tutorial_dag.py
[2024-10-10T16:20:31.316+0000] {logging_mixin.py:190} INFO - [2024-10-10T16:20:31.315+0000] {override.py:1900} INFO - Created Permission View: can edit on DAG:tutorial_dag
[2024-10-10T16:20:31.329+0000] {logging_mixin.py:190} INFO - [2024-10-10T16:20:31.328+0000] {override.py:1900} INFO - Created Permission View: can read on DAG:tutorial_dag
[2024-10-10T16:20:31.334+0000] {logging_mixin.py:190} INFO - [2024-10-10T16:20:31.334+0000] {override.py:1900} INFO - Created Permission View: can delete on DAG:tutorial_dag
[2024-10-10T16:20:31.342+0000] {logging_mixin.py:190} INFO - [2024-10-10T16:20:31.342+0000] {override.py:1900} INFO - Created Permission View: menu access on DAG Run:tutorial_dag
[2024-10-10T16:20:31.350+0000] {logging_mixin.py:190} INFO - [2024-10-10T16:20:31.349+0000] {override.py:1900} INFO - Created Permission View: can create on DAG Run:tutorial_dag
[2024-10-10T16:20:31.353+0000] {logging_mixin.py:190} INFO - [2024-10-10T16:20:31.353+0000] {override.py:1900} INFO - Created Permission View: can read on DAG Run:tutorial_dag
[2024-10-10T16:20:31.356+0000] {logging_mixin.py:190} INFO - [2024-10-10T16:20:31.356+0000] {override.py:1900} INFO - Created Permission View: can delete on DAG Run:tutorial_dag
[2024-10-10T16:20:31.356+0000] {logging_mixin.py:190} INFO - [2024-10-10T16:20:31.356+0000] {dag.py:3239} INFO - Sync 1 DAGs
[2024-10-10T16:20:31.364+0000] {logging_mixin.py:190} INFO - [2024-10-10T16:20:31.364+0000] {dag.py:3262} INFO - Creating ORM DAG for tutorial_dag
[2024-10-10T16:20:31.366+0000] {logging_mixin.py:190} INFO - [2024-10-10T16:20:31.365+0000] {dag.py:4180} INFO - Setting next_dagrun for tutorial_dag to None, run_after=None
[2024-10-10T16:20:31.383+0000] {processor.py:208} INFO - Processing /home/airflow/.local/lib/python3.12/site-packages/airflow/example_dags/tutorial_dag.py took 0.147 seconds
[2024-10-10T16:21:01.931+0000] {processor.py:186} INFO - Started process (PID=111) to work on /home/airflow/.local/lib/python3.12/site-packages/airflow/example_dags/tutorial_dag.py
[2024-10-10T16:21:01.935+0000] {processor.py:914} INFO - Processing file /home/airflow/.local/lib/python3.12/site-packages/airflow/example_dags/tutorial_dag.py for tasks to queue
[2024-10-10T16:21:01.937+0000] {logging_mixin.py:190} INFO - [2024-10-10T16:21:01.937+0000] {dagbag.py:588} INFO - Filling up the DagBag from /home/airflow/.local/lib/python3.12/site-packages/airflow/example_dags/tutorial_dag.py
[2024-10-10T16:21:01.943+0000] {processor.py:925} INFO - DAG(s) 'tutorial_dag' retrieved from /home/airflow/.local/lib/python3.12/site-packages/airflow/example_dags/tutorial_dag.py
[2024-10-10T16:21:01.958+0000] {logging_mixin.py:190} INFO - [2024-10-10T16:21:01.958+0000] {dag.py:3239} INFO - Sync 1 DAGs
[2024-10-10T16:21:01.965+0000] {logging_mixin.py:190} INFO - [2024-10-10T16:21:01.965+0000] {dag.py:4180} INFO - Setting next_dagrun for tutorial_dag to None, run_after=None
[2024-10-10T16:21:01.974+0000] {processor.py:208} INFO - Processing /home/airflow/.local/lib/python3.12/site-packages/airflow/example_dags/tutorial_dag.py took 0.046 seconds
[2024-10-10T16:21:32.178+0000] {processor.py:186} INFO - Started process (PID=174) to work on /home/airflow/.local/lib/python3.12/site-packages/airflow/example_dags/tutorial_dag.py
[2024-10-10T16:21:32.179+0000] {processor.py:914} INFO - Processing file /home/airflow/.local/lib/python3.12/site-packages/airflow/example_dags/tutorial_dag.py for tasks to queue
[2024-10-10T16:21:32.180+0000] {logging_mixin.py:190} INFO - [2024-10-10T16:21:32.180+0000] {dagbag.py:588} INFO - Filling up the DagBag from /home/airflow/.local/lib/python3.12/site-packages/airflow/example_dags/tutorial_dag.py
[2024-10-10T16:21:32.184+0000] {processor.py:925} INFO - DAG(s) 'tutorial_dag' retrieved from /home/airflow/.local/lib/python3.12/site-packages/airflow/example_dags/tutorial_dag.py
[2024-10-10T16:21:32.196+0000] {logging_mixin.py:190} INFO - [2024-10-10T16:21:32.196+0000] {dag.py:3239} INFO - Sync 1 DAGs
[2024-10-10T16:21:32.203+0000] {logging_mixin.py:190} INFO - [2024-10-10T16:21:32.203+0000] {dag.py:4180} INFO - Setting next_dagrun for tutorial_dag to None, run_after=None
[2024-10-10T16:21:32.211+0000] {processor.py:208} INFO - Processing /home/airflow/.local/lib/python3.12/site-packages/airflow/example_dags/tutorial_dag.py took 0.037 seconds
[2024-10-10T16:22:02.407+0000] {processor.py:186} INFO - Started process (PID=237) to work on /home/airflow/.local/lib/python3.12/site-packages/airflow/example_dags/tutorial_dag.py
[2024-10-10T16:22:02.407+0000] {processor.py:914} INFO - Processing file /home/airflow/.local/lib/python3.12/site-packages/airflow/example_dags/tutorial_dag.py for tasks to queue
[2024-10-10T16:22:02.408+0000] {logging_mixin.py:190} INFO - [2024-10-10T16:22:02.408+0000] {dagbag.py:588} INFO - Filling up the DagBag from /home/airflow/.local/lib/python3.12/site-packages/airflow/example_dags/tutorial_dag.py
[2024-10-10T16:22:02.412+0000] {processor.py:925} INFO - DAG(s) 'tutorial_dag' retrieved from /home/airflow/.local/lib/python3.12/site-packages/airflow/example_dags/tutorial_dag.py
[2024-10-10T16:22:02.422+0000] {logging_mixin.py:190} INFO - [2024-10-10T16:22:02.422+0000] {dag.py:3239} INFO - Sync 1 DAGs
[2024-10-10T16:22:02.429+0000] {logging_mixin.py:190} INFO - [2024-10-10T16:22:02.429+0000] {dag.py:4180} INFO - Setting next_dagrun for tutorial_dag to None, run_after=None
[2024-10-10T16:22:02.438+0000] {processor.py:208} INFO - Processing /home/airflow/.local/lib/python3.12/site-packages/airflow/example_dags/tutorial_dag.py took 0.035 seconds
[2024-10-10T16:22:33.062+0000] {processor.py:186} INFO - Started process (PID=306) to work on /home/airflow/.local/lib/python3.12/site-packages/airflow/example_dags/tutorial_dag.py
[2024-10-10T16:22:33.062+0000] {processor.py:914} INFO - Processing file /home/airflow/.local/lib/python3.12/site-packages/airflow/example_dags/tutorial_dag.py for tasks to queue
[2024-10-10T16:22:33.064+0000] {logging_mixin.py:190} INFO - [2024-10-10T16:22:33.064+0000] {dagbag.py:588} INFO - Filling up the DagBag from /home/airflow/.local/lib/python3.12/site-packages/airflow/example_dags/tutorial_dag.py
[2024-10-10T16:22:33.070+0000] {processor.py:925} INFO - DAG(s) 'tutorial_dag' retrieved from /home/airflow/.local/lib/python3.12/site-packages/airflow/example_dags/tutorial_dag.py
[2024-10-10T16:22:33.084+0000] {logging_mixin.py:190} INFO - [2024-10-10T16:22:33.084+0000] {dag.py:3239} INFO - Sync 1 DAGs
[2024-10-10T16:22:33.091+0000] {logging_mixin.py:190} INFO - [2024-10-10T16:22:33.091+0000] {dag.py:4180} INFO - Setting next_dagrun for tutorial_dag to None, run_after=None
[2024-10-10T16:22:33.103+0000] {processor.py:208} INFO - Processing /home/airflow/.local/lib/python3.12/site-packages/airflow/example_dags/tutorial_dag.py took 0.044 seconds
[2024-10-10T16:23:03.302+0000] {processor.py:186} INFO - Started process (PID=369) to work on /home/airflow/.local/lib/python3.12/site-packages/airflow/example_dags/tutorial_dag.py
[2024-10-10T16:23:03.302+0000] {processor.py:914} INFO - Processing file /home/airflow/.local/lib/python3.12/site-packages/airflow/example_dags/tutorial_dag.py for tasks to queue
[2024-10-10T16:23:03.304+0000] {logging_mixin.py:190} INFO - [2024-10-10T16:23:03.304+0000] {dagbag.py:588} INFO - Filling up the DagBag from /home/airflow/.local/lib/python3.12/site-packages/airflow/example_dags/tutorial_dag.py
[2024-10-10T16:23:03.309+0000] {processor.py:925} INFO - DAG(s) 'tutorial_dag' retrieved from /home/airflow/.local/lib/python3.12/site-packages/airflow/example_dags/tutorial_dag.py
[2024-10-10T16:23:03.322+0000] {logging_mixin.py:190} INFO - [2024-10-10T16:23:03.322+0000] {dag.py:3239} INFO - Sync 1 DAGs
[2024-10-10T16:23:03.330+0000] {logging_mixin.py:190} INFO - [2024-10-10T16:23:03.330+0000] {dag.py:4180} INFO - Setting next_dagrun for tutorial_dag to None, run_after=None
[2024-10-10T16:23:03.338+0000] {processor.py:208} INFO - Processing /home/airflow/.local/lib/python3.12/site-packages/airflow/example_dags/tutorial_dag.py took 0.040 seconds
[2024-10-10T16:23:33.647+0000] {processor.py:186} INFO - Started process (PID=432) to work on /home/airflow/.local/lib/python3.12/site-packages/airflow/example_dags/tutorial_dag.py
[2024-10-10T16:23:33.648+0000] {processor.py:914} INFO - Processing file /home/airflow/.local/lib/python3.12/site-packages/airflow/example_dags/tutorial_dag.py for tasks to queue
[2024-10-10T16:23:33.651+0000] {logging_mixin.py:190} INFO - [2024-10-10T16:23:33.651+0000] {dagbag.py:588} INFO - Filling up the DagBag from /home/airflow/.local/lib/python3.12/site-packages/airflow/example_dags/tutorial_dag.py
[2024-10-10T16:23:33.656+0000] {processor.py:925} INFO - DAG(s) 'tutorial_dag' retrieved from /home/airflow/.local/lib/python3.12/site-packages/airflow/example_dags/tutorial_dag.py
[2024-10-10T16:23:33.673+0000] {logging_mixin.py:190} INFO - [2024-10-10T16:23:33.672+0000] {dag.py:3239} INFO - Sync 1 DAGs
[2024-10-10T16:23:33.683+0000] {logging_mixin.py:190} INFO - [2024-10-10T16:23:33.683+0000] {dag.py:4180} INFO - Setting next_dagrun for tutorial_dag to None, run_after=None
[2024-10-10T16:23:33.692+0000] {processor.py:208} INFO - Processing /home/airflow/.local/lib/python3.12/site-packages/airflow/example_dags/tutorial_dag.py took 0.051 seconds
