[2024-10-10T16:20:34.712+0000] {processor.py:186} INFO - Started process (PID=94) to work on /home/airflow/.local/lib/python3.12/site-packages/airflow/example_dags/tutorial.py
[2024-10-10T16:20:34.713+0000] {processor.py:914} INFO - Processing file /home/airflow/.local/lib/python3.12/site-packages/airflow/example_dags/tutorial.py for tasks to queue
[2024-10-10T16:20:34.715+0000] {logging_mixin.py:190} INFO - [2024-10-10T16:20:34.715+0000] {dagbag.py:588} INFO - Filling up the DagBag from /home/airflow/.local/lib/python3.12/site-packages/airflow/example_dags/tutorial.py
[2024-10-10T16:20:34.721+0000] {processor.py:925} INFO - DAG(s) 'tutorial' retrieved from /home/airflow/.local/lib/python3.12/site-packages/airflow/example_dags/tutorial.py
[2024-10-10T16:20:34.780+0000] {logging_mixin.py:190} INFO - [2024-10-10T16:20:34.780+0000] {override.py:1900} INFO - Created Permission View: can edit on DAG:tutorial
[2024-10-10T16:20:34.786+0000] {logging_mixin.py:190} INFO - [2024-10-10T16:20:34.786+0000] {override.py:1900} INFO - Created Permission View: can read on DAG:tutorial
[2024-10-10T16:20:34.790+0000] {logging_mixin.py:190} INFO - [2024-10-10T16:20:34.789+0000] {override.py:1900} INFO - Created Permission View: can delete on DAG:tutorial
[2024-10-10T16:20:34.793+0000] {logging_mixin.py:190} INFO - [2024-10-10T16:20:34.793+0000] {override.py:1900} INFO - Created Permission View: menu access on DAG Run:tutorial
[2024-10-10T16:20:34.796+0000] {logging_mixin.py:190} INFO - [2024-10-10T16:20:34.796+0000] {override.py:1900} INFO - Created Permission View: can create on DAG Run:tutorial
[2024-10-10T16:20:34.801+0000] {logging_mixin.py:190} INFO - [2024-10-10T16:20:34.801+0000] {override.py:1900} INFO - Created Permission View: can read on DAG Run:tutorial
[2024-10-10T16:20:34.808+0000] {logging_mixin.py:190} INFO - [2024-10-10T16:20:34.807+0000] {override.py:1900} INFO - Created Permission View: can delete on DAG Run:tutorial
[2024-10-10T16:20:34.808+0000] {logging_mixin.py:190} INFO - [2024-10-10T16:20:34.808+0000] {dag.py:3239} INFO - Sync 1 DAGs
[2024-10-10T16:20:34.818+0000] {logging_mixin.py:190} INFO - [2024-10-10T16:20:34.817+0000] {dag.py:3262} INFO - Creating ORM DAG for tutorial
[2024-10-10T16:20:34.823+0000] {logging_mixin.py:190} INFO - [2024-10-10T16:20:34.823+0000] {dag.py:4180} INFO - Setting next_dagrun for tutorial to 2024-10-09 00:00:00+00:00, run_after=2024-10-10 00:00:00+00:00
[2024-10-10T16:20:34.833+0000] {processor.py:208} INFO - Processing /home/airflow/.local/lib/python3.12/site-packages/airflow/example_dags/tutorial.py took 0.124 seconds
[2024-10-10T16:21:05.344+0000] {processor.py:186} INFO - Started process (PID=157) to work on /home/airflow/.local/lib/python3.12/site-packages/airflow/example_dags/tutorial.py
[2024-10-10T16:21:05.345+0000] {processor.py:914} INFO - Processing file /home/airflow/.local/lib/python3.12/site-packages/airflow/example_dags/tutorial.py for tasks to queue
[2024-10-10T16:21:05.346+0000] {logging_mixin.py:190} INFO - [2024-10-10T16:21:05.345+0000] {dagbag.py:588} INFO - Filling up the DagBag from /home/airflow/.local/lib/python3.12/site-packages/airflow/example_dags/tutorial.py
[2024-10-10T16:21:05.352+0000] {processor.py:925} INFO - DAG(s) 'tutorial' retrieved from /home/airflow/.local/lib/python3.12/site-packages/airflow/example_dags/tutorial.py
[2024-10-10T16:21:05.365+0000] {logging_mixin.py:190} INFO - [2024-10-10T16:21:05.365+0000] {dag.py:3239} INFO - Sync 1 DAGs
[2024-10-10T16:21:05.377+0000] {logging_mixin.py:190} INFO - [2024-10-10T16:21:05.377+0000] {dag.py:4180} INFO - Setting next_dagrun for tutorial to 2024-10-09 00:00:00+00:00, run_after=2024-10-10 00:00:00+00:00
[2024-10-10T16:21:05.387+0000] {processor.py:208} INFO - Processing /home/airflow/.local/lib/python3.12/site-packages/airflow/example_dags/tutorial.py took 0.047 seconds
[2024-10-10T16:21:35.553+0000] {processor.py:186} INFO - Started process (PID=220) to work on /home/airflow/.local/lib/python3.12/site-packages/airflow/example_dags/tutorial.py
[2024-10-10T16:21:35.554+0000] {processor.py:914} INFO - Processing file /home/airflow/.local/lib/python3.12/site-packages/airflow/example_dags/tutorial.py for tasks to queue
[2024-10-10T16:21:35.555+0000] {logging_mixin.py:190} INFO - [2024-10-10T16:21:35.555+0000] {dagbag.py:588} INFO - Filling up the DagBag from /home/airflow/.local/lib/python3.12/site-packages/airflow/example_dags/tutorial.py
[2024-10-10T16:21:35.558+0000] {processor.py:925} INFO - DAG(s) 'tutorial' retrieved from /home/airflow/.local/lib/python3.12/site-packages/airflow/example_dags/tutorial.py
[2024-10-10T16:21:35.568+0000] {logging_mixin.py:190} INFO - [2024-10-10T16:21:35.568+0000] {dag.py:3239} INFO - Sync 1 DAGs
[2024-10-10T16:21:35.578+0000] {logging_mixin.py:190} INFO - [2024-10-10T16:21:35.578+0000] {dag.py:4180} INFO - Setting next_dagrun for tutorial to 2024-10-09 00:00:00+00:00, run_after=2024-10-10 00:00:00+00:00
[2024-10-10T16:21:35.587+0000] {processor.py:208} INFO - Processing /home/airflow/.local/lib/python3.12/site-packages/airflow/example_dags/tutorial.py took 0.037 seconds
[2024-10-10T16:22:05.927+0000] {processor.py:186} INFO - Started process (PID=283) to work on /home/airflow/.local/lib/python3.12/site-packages/airflow/example_dags/tutorial.py
[2024-10-10T16:22:05.928+0000] {processor.py:914} INFO - Processing file /home/airflow/.local/lib/python3.12/site-packages/airflow/example_dags/tutorial.py for tasks to queue
[2024-10-10T16:22:05.930+0000] {logging_mixin.py:190} INFO - [2024-10-10T16:22:05.929+0000] {dagbag.py:588} INFO - Filling up the DagBag from /home/airflow/.local/lib/python3.12/site-packages/airflow/example_dags/tutorial.py
[2024-10-10T16:22:05.935+0000] {processor.py:925} INFO - DAG(s) 'tutorial' retrieved from /home/airflow/.local/lib/python3.12/site-packages/airflow/example_dags/tutorial.py
[2024-10-10T16:22:05.946+0000] {logging_mixin.py:190} INFO - [2024-10-10T16:22:05.946+0000] {dag.py:3239} INFO - Sync 1 DAGs
[2024-10-10T16:22:05.984+0000] {logging_mixin.py:190} INFO - [2024-10-10T16:22:05.983+0000] {dag.py:4180} INFO - Setting next_dagrun for tutorial to 2024-10-09 00:00:00+00:00, run_after=2024-10-10 00:00:00+00:00
[2024-10-10T16:22:06.003+0000] {processor.py:208} INFO - Processing /home/airflow/.local/lib/python3.12/site-packages/airflow/example_dags/tutorial.py took 0.080 seconds
[2024-10-10T16:22:36.453+0000] {processor.py:186} INFO - Started process (PID=346) to work on /home/airflow/.local/lib/python3.12/site-packages/airflow/example_dags/tutorial.py
[2024-10-10T16:22:36.453+0000] {processor.py:914} INFO - Processing file /home/airflow/.local/lib/python3.12/site-packages/airflow/example_dags/tutorial.py for tasks to queue
[2024-10-10T16:22:36.455+0000] {logging_mixin.py:190} INFO - [2024-10-10T16:22:36.455+0000] {dagbag.py:588} INFO - Filling up the DagBag from /home/airflow/.local/lib/python3.12/site-packages/airflow/example_dags/tutorial.py
[2024-10-10T16:22:36.459+0000] {processor.py:925} INFO - DAG(s) 'tutorial' retrieved from /home/airflow/.local/lib/python3.12/site-packages/airflow/example_dags/tutorial.py
[2024-10-10T16:22:36.469+0000] {logging_mixin.py:190} INFO - [2024-10-10T16:22:36.469+0000] {dag.py:3239} INFO - Sync 1 DAGs
[2024-10-10T16:22:36.480+0000] {logging_mixin.py:190} INFO - [2024-10-10T16:22:36.479+0000] {dag.py:4180} INFO - Setting next_dagrun for tutorial to 2024-10-09 00:00:00+00:00, run_after=2024-10-10 00:00:00+00:00
[2024-10-10T16:22:36.493+0000] {processor.py:208} INFO - Processing /home/airflow/.local/lib/python3.12/site-packages/airflow/example_dags/tutorial.py took 0.044 seconds
[2024-10-10T16:23:06.673+0000] {processor.py:186} INFO - Started process (PID=409) to work on /home/airflow/.local/lib/python3.12/site-packages/airflow/example_dags/tutorial.py
[2024-10-10T16:23:06.674+0000] {processor.py:914} INFO - Processing file /home/airflow/.local/lib/python3.12/site-packages/airflow/example_dags/tutorial.py for tasks to queue
[2024-10-10T16:23:06.675+0000] {logging_mixin.py:190} INFO - [2024-10-10T16:23:06.675+0000] {dagbag.py:588} INFO - Filling up the DagBag from /home/airflow/.local/lib/python3.12/site-packages/airflow/example_dags/tutorial.py
[2024-10-10T16:23:06.679+0000] {processor.py:925} INFO - DAG(s) 'tutorial' retrieved from /home/airflow/.local/lib/python3.12/site-packages/airflow/example_dags/tutorial.py
[2024-10-10T16:23:06.689+0000] {logging_mixin.py:190} INFO - [2024-10-10T16:23:06.689+0000] {dag.py:3239} INFO - Sync 1 DAGs
[2024-10-10T16:23:06.701+0000] {logging_mixin.py:190} INFO - [2024-10-10T16:23:06.701+0000] {dag.py:4180} INFO - Setting next_dagrun for tutorial to 2024-10-09 00:00:00+00:00, run_after=2024-10-10 00:00:00+00:00
[2024-10-10T16:23:06.712+0000] {processor.py:208} INFO - Processing /home/airflow/.local/lib/python3.12/site-packages/airflow/example_dags/tutorial.py took 0.041 seconds
