[2024-10-10T16:20:32.887+0000] {processor.py:186} INFO - Started process (PID=72) to work on /home/airflow/.local/lib/python3.12/site-packages/airflow/example_dags/tutorial_objectstorage.py
[2024-10-10T16:20:32.888+0000] {processor.py:914} INFO - Processing file /home/airflow/.local/lib/python3.12/site-packages/airflow/example_dags/tutorial_objectstorage.py for tasks to queue
[2024-10-10T16:20:32.889+0000] {logging_mixin.py:190} INFO - [2024-10-10T16:20:32.889+0000] {dagbag.py:588} INFO - Filling up the DagBag from /home/airflow/.local/lib/python3.12/site-packages/airflow/example_dags/tutorial_objectstorage.py
[2024-10-10T16:20:32.897+0000] {processor.py:925} INFO - DAG(s) 'tutorial_objectstorage' retrieved from /home/airflow/.local/lib/python3.12/site-packages/airflow/example_dags/tutorial_objectstorage.py
[2024-10-10T16:20:32.958+0000] {logging_mixin.py:190} INFO - [2024-10-10T16:20:32.958+0000] {override.py:1900} INFO - Created Permission View: can edit on DAG:tutorial_objectstorage
[2024-10-10T16:20:32.963+0000] {logging_mixin.py:190} INFO - [2024-10-10T16:20:32.963+0000] {override.py:1900} INFO - Created Permission View: can read on DAG:tutorial_objectstorage
[2024-10-10T16:20:32.966+0000] {logging_mixin.py:190} INFO - [2024-10-10T16:20:32.966+0000] {override.py:1900} INFO - Created Permission View: can delete on DAG:tutorial_objectstorage
[2024-10-10T16:20:32.969+0000] {logging_mixin.py:190} INFO - [2024-10-10T16:20:32.969+0000] {override.py:1900} INFO - Created Permission View: menu access on DAG Run:tutorial_objectstorage
[2024-10-10T16:20:32.973+0000] {logging_mixin.py:190} INFO - [2024-10-10T16:20:32.972+0000] {override.py:1900} INFO - Created Permission View: can create on DAG Run:tutorial_objectstorage
[2024-10-10T16:20:33.000+0000] {logging_mixin.py:190} INFO - [2024-10-10T16:20:32.999+0000] {override.py:1900} INFO - Created Permission View: can read on DAG Run:tutorial_objectstorage
[2024-10-10T16:20:33.042+0000] {logging_mixin.py:190} INFO - [2024-10-10T16:20:33.041+0000] {override.py:1900} INFO - Created Permission View: can delete on DAG Run:tutorial_objectstorage
[2024-10-10T16:20:33.046+0000] {logging_mixin.py:190} INFO - [2024-10-10T16:20:33.045+0000] {dag.py:3239} INFO - Sync 1 DAGs
[2024-10-10T16:20:33.056+0000] {logging_mixin.py:190} INFO - [2024-10-10T16:20:33.056+0000] {dag.py:3262} INFO - Creating ORM DAG for tutorial_objectstorage
[2024-10-10T16:20:33.056+0000] {logging_mixin.py:190} INFO - [2024-10-10T16:20:33.056+0000] {dag.py:4180} INFO - Setting next_dagrun for tutorial_objectstorage to None, run_after=None
[2024-10-10T16:20:33.098+0000] {processor.py:208} INFO - Processing /home/airflow/.local/lib/python3.12/site-packages/airflow/example_dags/tutorial_objectstorage.py took 0.214 seconds
[2024-10-10T16:21:03.593+0000] {processor.py:186} INFO - Started process (PID=135) to work on /home/airflow/.local/lib/python3.12/site-packages/airflow/example_dags/tutorial_objectstorage.py
[2024-10-10T16:21:03.593+0000] {processor.py:914} INFO - Processing file /home/airflow/.local/lib/python3.12/site-packages/airflow/example_dags/tutorial_objectstorage.py for tasks to queue
[2024-10-10T16:21:03.594+0000] {logging_mixin.py:190} INFO - [2024-10-10T16:21:03.594+0000] {dagbag.py:588} INFO - Filling up the DagBag from /home/airflow/.local/lib/python3.12/site-packages/airflow/example_dags/tutorial_objectstorage.py
[2024-10-10T16:21:03.599+0000] {processor.py:925} INFO - DAG(s) 'tutorial_objectstorage' retrieved from /home/airflow/.local/lib/python3.12/site-packages/airflow/example_dags/tutorial_objectstorage.py
[2024-10-10T16:21:03.609+0000] {logging_mixin.py:190} INFO - [2024-10-10T16:21:03.608+0000] {dag.py:3239} INFO - Sync 1 DAGs
[2024-10-10T16:21:03.615+0000] {logging_mixin.py:190} INFO - [2024-10-10T16:21:03.615+0000] {dag.py:4180} INFO - Setting next_dagrun for tutorial_objectstorage to None, run_after=None
[2024-10-10T16:21:03.624+0000] {processor.py:208} INFO - Processing /home/airflow/.local/lib/python3.12/site-packages/airflow/example_dags/tutorial_objectstorage.py took 0.034 seconds
[2024-10-10T16:21:33.791+0000] {processor.py:186} INFO - Started process (PID=198) to work on /home/airflow/.local/lib/python3.12/site-packages/airflow/example_dags/tutorial_objectstorage.py
[2024-10-10T16:21:33.792+0000] {processor.py:914} INFO - Processing file /home/airflow/.local/lib/python3.12/site-packages/airflow/example_dags/tutorial_objectstorage.py for tasks to queue
[2024-10-10T16:21:33.793+0000] {logging_mixin.py:190} INFO - [2024-10-10T16:21:33.793+0000] {dagbag.py:588} INFO - Filling up the DagBag from /home/airflow/.local/lib/python3.12/site-packages/airflow/example_dags/tutorial_objectstorage.py
[2024-10-10T16:21:33.798+0000] {processor.py:925} INFO - DAG(s) 'tutorial_objectstorage' retrieved from /home/airflow/.local/lib/python3.12/site-packages/airflow/example_dags/tutorial_objectstorage.py
[2024-10-10T16:21:33.809+0000] {logging_mixin.py:190} INFO - [2024-10-10T16:21:33.809+0000] {dag.py:3239} INFO - Sync 1 DAGs
[2024-10-10T16:21:33.816+0000] {logging_mixin.py:190} INFO - [2024-10-10T16:21:33.816+0000] {dag.py:4180} INFO - Setting next_dagrun for tutorial_objectstorage to None, run_after=None
[2024-10-10T16:21:33.826+0000] {processor.py:208} INFO - Processing /home/airflow/.local/lib/python3.12/site-packages/airflow/example_dags/tutorial_objectstorage.py took 0.038 seconds
[2024-10-10T16:22:04.013+0000] {processor.py:186} INFO - Started process (PID=260) to work on /home/airflow/.local/lib/python3.12/site-packages/airflow/example_dags/tutorial_objectstorage.py
[2024-10-10T16:22:04.014+0000] {processor.py:914} INFO - Processing file /home/airflow/.local/lib/python3.12/site-packages/airflow/example_dags/tutorial_objectstorage.py for tasks to queue
[2024-10-10T16:22:04.015+0000] {logging_mixin.py:190} INFO - [2024-10-10T16:22:04.015+0000] {dagbag.py:588} INFO - Filling up the DagBag from /home/airflow/.local/lib/python3.12/site-packages/airflow/example_dags/tutorial_objectstorage.py
[2024-10-10T16:22:04.020+0000] {processor.py:925} INFO - DAG(s) 'tutorial_objectstorage' retrieved from /home/airflow/.local/lib/python3.12/site-packages/airflow/example_dags/tutorial_objectstorage.py
[2024-10-10T16:22:04.031+0000] {logging_mixin.py:190} INFO - [2024-10-10T16:22:04.031+0000] {dag.py:3239} INFO - Sync 1 DAGs
[2024-10-10T16:22:04.038+0000] {logging_mixin.py:190} INFO - [2024-10-10T16:22:04.038+0000] {dag.py:4180} INFO - Setting next_dagrun for tutorial_objectstorage to None, run_after=None
[2024-10-10T16:22:04.046+0000] {processor.py:208} INFO - Processing /home/airflow/.local/lib/python3.12/site-packages/airflow/example_dags/tutorial_objectstorage.py took 0.037 seconds
[2024-10-10T16:22:34.700+0000] {processor.py:186} INFO - Started process (PID=324) to work on /home/airflow/.local/lib/python3.12/site-packages/airflow/example_dags/tutorial_objectstorage.py
[2024-10-10T16:22:34.700+0000] {processor.py:914} INFO - Processing file /home/airflow/.local/lib/python3.12/site-packages/airflow/example_dags/tutorial_objectstorage.py for tasks to queue
[2024-10-10T16:22:34.701+0000] {logging_mixin.py:190} INFO - [2024-10-10T16:22:34.701+0000] {dagbag.py:588} INFO - Filling up the DagBag from /home/airflow/.local/lib/python3.12/site-packages/airflow/example_dags/tutorial_objectstorage.py
[2024-10-10T16:22:34.706+0000] {processor.py:925} INFO - DAG(s) 'tutorial_objectstorage' retrieved from /home/airflow/.local/lib/python3.12/site-packages/airflow/example_dags/tutorial_objectstorage.py
[2024-10-10T16:22:34.716+0000] {logging_mixin.py:190} INFO - [2024-10-10T16:22:34.716+0000] {dag.py:3239} INFO - Sync 1 DAGs
[2024-10-10T16:22:34.722+0000] {logging_mixin.py:190} INFO - [2024-10-10T16:22:34.722+0000] {dag.py:4180} INFO - Setting next_dagrun for tutorial_objectstorage to None, run_after=None
[2024-10-10T16:22:34.731+0000] {processor.py:208} INFO - Processing /home/airflow/.local/lib/python3.12/site-packages/airflow/example_dags/tutorial_objectstorage.py took 0.034 seconds
[2024-10-10T16:23:04.931+0000] {processor.py:186} INFO - Started process (PID=387) to work on /home/airflow/.local/lib/python3.12/site-packages/airflow/example_dags/tutorial_objectstorage.py
[2024-10-10T16:23:04.932+0000] {processor.py:914} INFO - Processing file /home/airflow/.local/lib/python3.12/site-packages/airflow/example_dags/tutorial_objectstorage.py for tasks to queue
[2024-10-10T16:23:04.933+0000] {logging_mixin.py:190} INFO - [2024-10-10T16:23:04.933+0000] {dagbag.py:588} INFO - Filling up the DagBag from /home/airflow/.local/lib/python3.12/site-packages/airflow/example_dags/tutorial_objectstorage.py
[2024-10-10T16:23:04.938+0000] {processor.py:925} INFO - DAG(s) 'tutorial_objectstorage' retrieved from /home/airflow/.local/lib/python3.12/site-packages/airflow/example_dags/tutorial_objectstorage.py
[2024-10-10T16:23:04.947+0000] {logging_mixin.py:190} INFO - [2024-10-10T16:23:04.947+0000] {dag.py:3239} INFO - Sync 1 DAGs
[2024-10-10T16:23:04.954+0000] {logging_mixin.py:190} INFO - [2024-10-10T16:23:04.954+0000] {dag.py:4180} INFO - Setting next_dagrun for tutorial_objectstorage to None, run_after=None
[2024-10-10T16:23:04.962+0000] {processor.py:208} INFO - Processing /home/airflow/.local/lib/python3.12/site-packages/airflow/example_dags/tutorial_objectstorage.py took 0.034 seconds
[2024-10-10T16:23:35.325+0000] {processor.py:186} INFO - Started process (PID=450) to work on /home/airflow/.local/lib/python3.12/site-packages/airflow/example_dags/tutorial_objectstorage.py
[2024-10-10T16:23:35.326+0000] {processor.py:914} INFO - Processing file /home/airflow/.local/lib/python3.12/site-packages/airflow/example_dags/tutorial_objectstorage.py for tasks to queue
[2024-10-10T16:23:35.327+0000] {logging_mixin.py:190} INFO - [2024-10-10T16:23:35.327+0000] {dagbag.py:588} INFO - Filling up the DagBag from /home/airflow/.local/lib/python3.12/site-packages/airflow/example_dags/tutorial_objectstorage.py
[2024-10-10T16:23:35.332+0000] {processor.py:925} INFO - DAG(s) 'tutorial_objectstorage' retrieved from /home/airflow/.local/lib/python3.12/site-packages/airflow/example_dags/tutorial_objectstorage.py
[2024-10-10T16:23:35.343+0000] {logging_mixin.py:190} INFO - [2024-10-10T16:23:35.342+0000] {dag.py:3239} INFO - Sync 1 DAGs
[2024-10-10T16:23:35.349+0000] {logging_mixin.py:190} INFO - [2024-10-10T16:23:35.349+0000] {dag.py:4180} INFO - Setting next_dagrun for tutorial_objectstorage to None, run_after=None
[2024-10-10T16:23:35.359+0000] {processor.py:208} INFO - Processing /home/airflow/.local/lib/python3.12/site-packages/airflow/example_dags/tutorial_objectstorage.py took 0.036 seconds
